[0.048s] Invoking command in '/home/carpe-bleue/ydlidar_ros2_ws/build/ydlidar_ros2_driver': CMAKE_PREFIX_PATH=${CMAKE_PREFIX_PATH}:/home/carpe-bleue/ros2_ws/install/lidar_vl53l1x_processing:/opt/ros/humble /usr/bin/cmake /home/carpe-bleue/ydlidar_ros2_ws/src/ydlidar_ros2_driver -DCMAKE_INSTALL_PREFIX=/home/carpe-bleue/ydlidar_ros2_ws/install/ydlidar_ros2_driver
[0.124s] -- Found ament_cmake: 1.3.10 (/opt/ros/humble/share/ament_cmake/cmake)
[0.685s] -- Override CMake install command with custom implementation using symlinks instead of copying resources
[0.755s] -- Found rclcpp: 16.0.10 (/opt/ros/humble/share/rclcpp/cmake)
[0.959s] -- Found rosidl_generator_c: 3.1.5 (/opt/ros/humble/share/rosidl_generator_c/cmake)
[0.974s] -- Found rosidl_adapter: 3.1.5 (/opt/ros/humble/share/rosidl_adapter/cmake)
[1.010s] -- Found rosidl_generator_cpp: 3.1.5 (/opt/ros/humble/share/rosidl_generator_cpp/cmake)
[1.064s] -- Using all available rosidl_typesupport_c: rosidl_typesupport_fastrtps_c;rosidl_typesupport_introspection_c
[1.130s] -- Using all available rosidl_typesupport_cpp: rosidl_typesupport_fastrtps_cpp;rosidl_typesupport_introspection_cpp
[1.304s] -- Found rmw_implementation_cmake: 6.1.2 (/opt/ros/humble/share/rmw_implementation_cmake/cmake)
[1.314s] -- Found rmw_fastrtps_cpp: 6.2.7 (/opt/ros/humble/share/rmw_fastrtps_cpp/cmake)
[2.165s] -- Using RMW implementation 'rmw_fastrtps_cpp' as default
[2.414s] -- Found sensor_msgs: 4.2.4 (/opt/ros/humble/share/sensor_msgs/cmake)
[2.553s] -- Found visualization_msgs: 4.2.4 (/opt/ros/humble/share/visualization_msgs/cmake)
[2.640s] -- Found std_srvs: 4.2.4 (/opt/ros/humble/share/std_srvs/cmake)
[2.710s] -- Found ament_lint_auto: 0.12.11 (/opt/ros/humble/share/ament_lint_auto/cmake)
[3.050s] -- Added test 'copyright' to check source files copyright and LICENSE
[3.107s] -- Added test 'cppcheck' to perform static code analysis on C / C++ code
[3.109s] -- Configured cppcheck include dirs: /home/carpe-bleue/ydlidar_ros2_ws/src/ydlidar_ros2_driver/src
[3.109s] -- Configured cppcheck exclude dirs and/or files: 
[3.153s] -- Added test 'cpplint' to check C / C++ code against the Google style
[3.154s] -- Configured cpplint exclude dirs and/or files: 
[3.160s] -- Added test 'flake8' to check Python code syntax and style conventions
[3.173s] -- Added test 'lint_cmake' to check CMake code style
[3.180s] -- Added test 'pep257' to check Python code against some of the docstring style conventions in PEP 257
[3.225s] -- Added test 'uncrustify' to check C / C++ code style
[3.225s] -- Configured uncrustify additional arguments: 
[3.232s] -- Added test 'xmllint' to check XML markup files
[3.239s] -- Configuring done
[3.336s] -- Generating done
[3.346s] -- Build files have been written to: /home/carpe-bleue/ydlidar_ros2_ws/build/ydlidar_ros2_driver
[3.377s] Invoked command in '/home/carpe-bleue/ydlidar_ros2_ws/build/ydlidar_ros2_driver' returned '0': CMAKE_PREFIX_PATH=${CMAKE_PREFIX_PATH}:/home/carpe-bleue/ros2_ws/install/lidar_vl53l1x_processing:/opt/ros/humble /usr/bin/cmake /home/carpe-bleue/ydlidar_ros2_ws/src/ydlidar_ros2_driver -DCMAKE_INSTALL_PREFIX=/home/carpe-bleue/ydlidar_ros2_ws/install/ydlidar_ros2_driver
[3.389s] Invoking command in '/home/carpe-bleue/ydlidar_ros2_ws/build/ydlidar_ros2_driver': CMAKE_PREFIX_PATH=${CMAKE_PREFIX_PATH}:/home/carpe-bleue/ros2_ws/install/lidar_vl53l1x_processing:/opt/ros/humble /usr/bin/cmake --build /home/carpe-bleue/ydlidar_ros2_ws/build/ydlidar_ros2_driver -- -j4 -l4
[3.559s] [35m[1mConsolidate compiler generated dependencies of target ydlidar_ros2_driver_node[0m
[3.560s] [35m[1mConsolidate compiler generated dependencies of target ydlidar_ros2_driver_client[0m
[3.650s] [ 50%] Built target ydlidar_ros2_driver_node
[3.652s] [100%] Built target ydlidar_ros2_driver_client
[3.691s] Invoked command in '/home/carpe-bleue/ydlidar_ros2_ws/build/ydlidar_ros2_driver' returned '0': CMAKE_PREFIX_PATH=${CMAKE_PREFIX_PATH}:/home/carpe-bleue/ros2_ws/install/lidar_vl53l1x_processing:/opt/ros/humble /usr/bin/cmake --build /home/carpe-bleue/ydlidar_ros2_ws/build/ydlidar_ros2_driver -- -j4 -l4
[3.901s] Invoking command in '/home/carpe-bleue/ydlidar_ros2_ws/build/ydlidar_ros2_driver': CMAKE_PREFIX_PATH=${CMAKE_PREFIX_PATH}:/home/carpe-bleue/ros2_ws/install/lidar_vl53l1x_processing:/opt/ros/humble /usr/bin/cmake --install /home/carpe-bleue/ydlidar_ros2_ws/build/ydlidar_ros2_driver
[3.930s] -- Install configuration: ""
[3.931s] -- Execute custom install script
[3.933s] -- Up-to-date symlink: /home/carpe-bleue/ydlidar_ros2_ws/install/ydlidar_ros2_driver/lib/ydlidar_ros2_driver/ydlidar_ros2_driver_node
[3.934s] -- Up-to-date symlink: /home/carpe-bleue/ydlidar_ros2_ws/install/ydlidar_ros2_driver/lib/ydlidar_ros2_driver/ydlidar_ros2_driver_client
[3.936s] -- Up-to-date symlink: /home/carpe-bleue/ydlidar_ros2_ws/install/ydlidar_ros2_driver/share/ydlidar_ros2_driver/launch/ydlidar.py
[3.937s] -- Up-to-date symlink: /home/carpe-bleue/ydlidar_ros2_ws/install/ydlidar_ros2_driver/share/ydlidar_ros2_driver/launch/ydlidar_launch.py
[3.937s] -- Up-to-date symlink: /home/carpe-bleue/ydlidar_ros2_ws/install/ydlidar_ros2_driver/share/ydlidar_ros2_driver/launch/ydlidar_launch_view.py
[3.939s] -- Up-to-date symlink: /home/carpe-bleue/ydlidar_ros2_ws/install/ydlidar_ros2_driver/share/ydlidar_ros2_driver/params/G1.yaml
[3.940s] -- Up-to-date symlink: /home/carpe-bleue/ydlidar_ros2_ws/install/ydlidar_ros2_driver/share/ydlidar_ros2_driver/params/G2.yaml
[3.941s] -- Up-to-date symlink: /home/carpe-bleue/ydlidar_ros2_ws/install/ydlidar_ros2_driver/share/ydlidar_ros2_driver/params/G6.yaml
[3.941s] -- Up-to-date symlink: /home/carpe-bleue/ydlidar_ros2_ws/install/ydlidar_ros2_driver/share/ydlidar_ros2_driver/params/GS2.yaml
[3.942s] -- Up-to-date symlink: /home/carpe-bleue/ydlidar_ros2_ws/install/ydlidar_ros2_driver/share/ydlidar_ros2_driver/params/TEA.yaml
[3.943s] -- Up-to-date symlink: /home/carpe-bleue/ydlidar_ros2_ws/install/ydlidar_ros2_driver/share/ydlidar_ros2_driver/params/TG.yaml
[3.943s] -- Up-to-date symlink: /home/carpe-bleue/ydlidar_ros2_ws/install/ydlidar_ros2_driver/share/ydlidar_ros2_driver/params/TminiPro.yaml
[3.944s] -- Up-to-date symlink: /home/carpe-bleue/ydlidar_ros2_ws/install/ydlidar_ros2_driver/share/ydlidar_ros2_driver/params/X2.yaml
[3.945s] -- Up-to-date symlink: /home/carpe-bleue/ydlidar_ros2_ws/install/ydlidar_ros2_driver/share/ydlidar_ros2_driver/params/X4-Pro.yaml
[3.946s] -- Up-to-date symlink: /home/carpe-bleue/ydlidar_ros2_ws/install/ydlidar_ros2_driver/share/ydlidar_ros2_driver/params/X4.yaml
[3.947s] -- Up-to-date symlink: /home/carpe-bleue/ydlidar_ros2_ws/install/ydlidar_ros2_driver/share/ydlidar_ros2_driver/params/ydlidar.yaml
[3.948s] -- Up-to-date symlink: /home/carpe-bleue/ydlidar_ros2_ws/install/ydlidar_ros2_driver/share/ydlidar_ros2_driver/startup/initenv.sh
[3.949s] -- Up-to-date symlink: /home/carpe-bleue/ydlidar_ros2_ws/install/ydlidar_ros2_driver/share/ydlidar_ros2_driver/config/ydlidar.rviz
[3.950s] -- Up-to-date symlink: /home/carpe-bleue/ydlidar_ros2_ws/install/ydlidar_ros2_driver/share/ament_index/resource_index/package_run_dependencies/ydlidar_ros2_driver
[3.951s] -- Up-to-date symlink: /home/carpe-bleue/ydlidar_ros2_ws/install/ydlidar_ros2_driver/share/ament_index/resource_index/parent_prefix_path/ydlidar_ros2_driver
[3.952s] -- Up-to-date symlink: /home/carpe-bleue/ydlidar_ros2_ws/install/ydlidar_ros2_driver/share/ydlidar_ros2_driver/environment/ament_prefix_path.sh
[3.953s] -- Up-to-date symlink: /home/carpe-bleue/ydlidar_ros2_ws/install/ydlidar_ros2_driver/share/ydlidar_ros2_driver/environment/ament_prefix_path.dsv
[3.954s] -- Up-to-date symlink: /home/carpe-bleue/ydlidar_ros2_ws/install/ydlidar_ros2_driver/share/ydlidar_ros2_driver/environment/path.sh
[3.955s] -- Up-to-date symlink: /home/carpe-bleue/ydlidar_ros2_ws/install/ydlidar_ros2_driver/share/ydlidar_ros2_driver/environment/path.dsv
[3.956s] -- Up-to-date symlink: /home/carpe-bleue/ydlidar_ros2_ws/install/ydlidar_ros2_driver/share/ydlidar_ros2_driver/local_setup.bash
[3.957s] -- Up-to-date symlink: /home/carpe-bleue/ydlidar_ros2_ws/install/ydlidar_ros2_driver/share/ydlidar_ros2_driver/local_setup.sh
[3.958s] -- Up-to-date symlink: /home/carpe-bleue/ydlidar_ros2_ws/install/ydlidar_ros2_driver/share/ydlidar_ros2_driver/local_setup.zsh
[3.959s] -- Up-to-date symlink: /home/carpe-bleue/ydlidar_ros2_ws/install/ydlidar_ros2_driver/share/ydlidar_ros2_driver/local_setup.dsv
[3.959s] -- Symlinking: /home/carpe-bleue/ydlidar_ros2_ws/install/ydlidar_ros2_driver/share/ydlidar_ros2_driver/package.dsv
[3.991s] -- Up-to-date symlink: /home/carpe-bleue/ydlidar_ros2_ws/install/ydlidar_ros2_driver/share/ament_index/resource_index/packages/ydlidar_ros2_driver
[3.992s] -- Up-to-date symlink: /home/carpe-bleue/ydlidar_ros2_ws/install/ydlidar_ros2_driver/share/ydlidar_ros2_driver/cmake/ydlidar_ros2_driverConfig.cmake
[3.993s] -- Up-to-date symlink: /home/carpe-bleue/ydlidar_ros2_ws/install/ydlidar_ros2_driver/share/ydlidar_ros2_driver/cmake/ydlidar_ros2_driverConfig-version.cmake
[3.994s] -- Up-to-date symlink: /home/carpe-bleue/ydlidar_ros2_ws/install/ydlidar_ros2_driver/share/ydlidar_ros2_driver/package.xml
[4.001s] Invoked command in '/home/carpe-bleue/ydlidar_ros2_ws/build/ydlidar_ros2_driver' returned '0': CMAKE_PREFIX_PATH=${CMAKE_PREFIX_PATH}:/home/carpe-bleue/ros2_ws/install/lidar_vl53l1x_processing:/opt/ros/humble /usr/bin/cmake --install /home/carpe-bleue/ydlidar_ros2_ws/build/ydlidar_ros2_driver
