[0.131s] Invoking command in '/home/carpe-bleue/ros2_ws/build/ydlidar_sdk': /usr/bin/cmake --build /home/carpe-bleue/ros2_ws/build/ydlidar_sdk -- -j4 -l4
[0.649s] [ 41%] Built target ydlidar_sdk
[0.856s] [ 45%] Built target et_test
[1.058s] [ 49%] Built target gs_test2
[1.353s] [ 52%] Built target scl_test
[1.530s] [ 56%] Built target sdm18_test
[1.726s] [ 60%] Built target sdm_test
[1.880s] [ 64%] Built target tea_test
[1.986s] [ 68%] Built target tia_test
[2.118s] [ 72%] Built target tmini_test
[2.251s] [ 76%] Built target tof_test
[2.380s] [ 80%] Built target tri_and_gs_test
[2.504s] [ 84%] Built target tri_restart
[2.634s] [ 88%] Built target tri_test
[2.750s] [ 92%] Built target lidar_c_api_test
[2.891s] [ 96%] Built target gs_test
[3.030s] [100%] Built target gs_ota
[3.106s] Invoked command in '/home/carpe-bleue/ros2_ws/build/ydlidar_sdk' returned '0': /usr/bin/cmake --build /home/carpe-bleue/ros2_ws/build/ydlidar_sdk -- -j4 -l4
[3.108s] Invoking command in '/home/carpe-bleue/ros2_ws/build/ydlidar_sdk': /usr/bin/cmake --install /home/carpe-bleue/ros2_ws/build/ydlidar_sdk
[3.148s] -- Install configuration: ""
[3.149s] -- Up-to-date: /home/carpe-bleue/ros2_ws/install/ydlidar_sdk/include/core/base/datatype.h
[3.152s] -- Up-to-date: /home/carpe-bleue/ros2_ws/install/ydlidar_sdk/include/core/base/locker.h
[3.153s] -- Up-to-date: /home/carpe-bleue/ros2_ws/install/ydlidar_sdk/include/core/base/thread.h
[3.155s] -- Up-to-date: /home/carpe-bleue/ros2_ws/install/ydlidar_sdk/include/core/base/timer.h
[3.156s] -- Up-to-date: /home/carpe-bleue/ros2_ws/install/ydlidar_sdk/include/core/base/typedef.h
[3.158s] -- Up-to-date: /home/carpe-bleue/ros2_ws/install/ydlidar_sdk/include/core/base/utils.h
[3.159s] -- Up-to-date: /home/carpe-bleue/ros2_ws/install/ydlidar_sdk/include/core/base/v8stdint.h
[3.160s] -- Up-to-date: /home/carpe-bleue/ros2_ws/install/ydlidar_sdk/include/core/base/ydlidar.h
[3.162s] -- Up-to-date: /home/carpe-bleue/ros2_ws/install/ydlidar_sdk/include/core/common/ChannelDevice.h
[3.163s] -- Up-to-date: /home/carpe-bleue/ros2_ws/install/ydlidar_sdk/include/core/common/DriverInterface.h
[3.189s] -- Up-to-date: /home/carpe-bleue/ros2_ws/install/ydlidar_sdk/include/core/common/ydlidar_datatype.h
[3.198s] -- Up-to-date: /home/carpe-bleue/ros2_ws/install/ydlidar_sdk/include/core/common/ydlidar_def.h
[3.202s] -- Up-to-date: /home/carpe-bleue/ros2_ws/install/ydlidar_sdk/include/core/common/ydlidar_help.h
[3.203s] -- Up-to-date: /home/carpe-bleue/ros2_ws/install/ydlidar_sdk/include/core/common/ydlidar_protocol.h
[3.203s] -- Up-to-date: /home/carpe-bleue/ros2_ws/install/ydlidar_sdk/include/core/json/cJSON.h
[3.206s] -- Up-to-date: /home/carpe-bleue/ros2_ws/install/ydlidar_sdk/include/core/math/angles.h
[3.207s] -- Up-to-date: /home/carpe-bleue/ros2_ws/install/ydlidar_sdk/include/core/network/ActiveSocket.h
[3.208s] -- Up-to-date: /home/carpe-bleue/ros2_ws/install/ydlidar_sdk/include/core/network/PassiveSocket.h
[3.208s] -- Up-to-date: /home/carpe-bleue/ros2_ws/install/ydlidar_sdk/include/core/network/SimpleSocket.h
[3.209s] -- Up-to-date: /home/carpe-bleue/ros2_ws/install/ydlidar_sdk/include/core/network/StatTimer.h
[3.209s] -- Up-to-date: /home/carpe-bleue/ros2_ws/install/ydlidar_sdk/include/core/serial/common.h
[3.210s] -- Up-to-date: /home/carpe-bleue/ros2_ws/install/ydlidar_sdk/include/core/serial/serial.h
[3.210s] -- Up-to-date: /home/carpe-bleue/ros2_ws/install/ydlidar_sdk/include/core/serial/impl/unix/lock.h
[3.210s] -- Up-to-date: /home/carpe-bleue/ros2_ws/install/ydlidar_sdk/include/core/serial/impl/unix/unix.h
[3.211s] -- Up-to-date: /home/carpe-bleue/ros2_ws/install/ydlidar_sdk/include/core/serial/impl/unix/unix_serial.h
[3.211s] -- Up-to-date: /home/carpe-bleue/ros2_ws/install/ydlidar_sdk/include/src/CYdLidar.h
[3.211s] -- Up-to-date: /home/carpe-bleue/ros2_ws/install/ydlidar_sdk/include/src/DTSLidarDriver.h
[3.211s] -- Up-to-date: /home/carpe-bleue/ros2_ws/install/ydlidar_sdk/include/src/ETLidarDriver.h
[3.212s] -- Up-to-date: /home/carpe-bleue/ros2_ws/install/ydlidar_sdk/include/src/GSLidarDriver.h
[3.212s] -- Up-to-date: /home/carpe-bleue/ros2_ws/install/ydlidar_sdk/include/src/SDMLidarDriver.h
[3.212s] -- Up-to-date: /home/carpe-bleue/ros2_ws/install/ydlidar_sdk/include/src/TiaLidarDriver.h
[3.213s] -- Up-to-date: /home/carpe-bleue/ros2_ws/install/ydlidar_sdk/include/src/YDlidarDriver.h
[3.213s] -- Up-to-date: /home/carpe-bleue/ros2_ws/install/ydlidar_sdk/include/src/ydlidar_sdk.h
[3.214s] -- Up-to-date: /home/carpe-bleue/ros2_ws/install/ydlidar_sdk/include/src/filters/FilterInterface.h
[3.214s] -- Up-to-date: /home/carpe-bleue/ros2_ws/install/ydlidar_sdk/include/src/filters/NoiseFilter.h
[3.215s] -- Up-to-date: /home/carpe-bleue/ros2_ws/install/ydlidar_sdk/include/src/filters/StrongLightFilter.h
[3.215s] -- Up-to-date: /home/carpe-bleue/ros2_ws/install/ydlidar_sdk/include/ydlidar_config.h
[3.216s] -- Up-to-date: /home/carpe-bleue/ros2_ws/install/ydlidar_sdk/lib/libydlidar_sdk.a
[3.216s] -- Up-to-date: /home/carpe-bleue/ros2_ws/install/ydlidar_sdk/lib/pkgconfig/YDLIDAR_SDK.pc
[3.216s] -- Up-to-date: /home/carpe-bleue/ros2_ws/install/ydlidar_sdk/lib/cmake/ydlidar_sdk/ydlidar_sdkConfig.cmake
[3.218s] -- Up-to-date: /home/carpe-bleue/ros2_ws/install/ydlidar_sdk/lib/cmake/ydlidar_sdk/ydlidar_sdkTargets.cmake
[3.218s] -- Up-to-date: /home/carpe-bleue/ros2_ws/install/ydlidar_sdk/lib/cmake/ydlidar_sdk/ydlidar_sdkConfigVersion.cmake
[3.219s] -- Up-to-date: /home/carpe-bleue/ros2_ws/install/ydlidar_sdk/share/YDLIDAR_SDK/FindYDLIDAR_SDK.cmake
[3.219s] -- Up-to-date: /home/carpe-bleue/ros2_ws/install/ydlidar_sdk/share/YDLIDAR_SDK
[3.219s] -- Up-to-date: /home/carpe-bleue/ros2_ws/install/ydlidar_sdk/share/YDLIDAR_SDK/PkgConfig.pc.in
[3.220s] -- Up-to-date: /home/carpe-bleue/ros2_ws/install/ydlidar_sdk/share/YDLIDAR_SDK/PackageConfigVersion.cmake.in
[3.220s] -- Up-to-date: /home/carpe-bleue/ros2_ws/install/ydlidar_sdk/share/YDLIDAR_SDK/install_package.cmake
[3.221s] -- Up-to-date: /home/carpe-bleue/ros2_ws/install/ydlidar_sdk/share/YDLIDAR_SDK/script_show_final_summary.cmake
[3.222s] -- Up-to-date: /home/carpe-bleue/ros2_ws/install/ydlidar_sdk/share/YDLIDAR_SDK/PackageConfig.cmake.in
[3.222s] -- Up-to-date: /home/carpe-bleue/ros2_ws/install/ydlidar_sdk/share/YDLIDAR_SDK/FindPackage.cmake.in
[3.222s] -- Up-to-date: /home/carpe-bleue/ros2_ws/install/ydlidar_sdk/share/YDLIDAR_SDK/cmake_uninstall.cmake.in
[3.223s] -- Up-to-date: /home/carpe-bleue/ros2_ws/install/ydlidar_sdk/share/YDLIDAR_SDK/common
[3.225s] -- Up-to-date: /home/carpe-bleue/ros2_ws/install/ydlidar_sdk/share/YDLIDAR_SDK/common/ydlidar_parse.cmake
[3.225s] -- Up-to-date: /home/carpe-bleue/ros2_ws/install/ydlidar_sdk/share/YDLIDAR_SDK/common/ydlidar_base.cmake
[3.226s] -- Up-to-date: /home/carpe-bleue/ros2_ws/install/ydlidar_sdk/share/YDLIDAR_SDK/LICENSE.txt
[3.226s] -- Up-to-date: /home/carpe-bleue/ros2_ws/install/ydlidar_sdk/share/YDLIDAR_SDK/README.md
[3.227s] -- Up-to-date: /home/carpe-bleue/ros2_ws/install/ydlidar_sdk/share/YDLIDAR_SDK/doc
[3.227s] -- Up-to-date: /home/carpe-bleue/ros2_ws/install/ydlidar_sdk/share/YDLIDAR_SDK/doc/YDLidar-SDK-Communication-Protocol.md
[3.228s] -- Up-to-date: /home/carpe-bleue/ros2_ws/install/ydlidar_sdk/share/YDLIDAR_SDK/doc/Diagram.md
[3.228s] -- Up-to-date: /home/carpe-bleue/ros2_ws/install/ydlidar_sdk/share/YDLIDAR_SDK/doc/YDLidar_SDK_Communication_Protocol.pdf
[3.229s] -- Up-to-date: /home/carpe-bleue/ros2_ws/install/ydlidar_sdk/share/YDLIDAR_SDK/doc/Tutorials.md
[3.229s] -- Up-to-date: /home/carpe-bleue/ros2_ws/install/ydlidar_sdk/share/YDLIDAR_SDK/doc/YDLidar-SDK-Communication-Protocol.html
[3.230s] -- Up-to-date: /home/carpe-bleue/ros2_ws/install/ydlidar_sdk/share/YDLIDAR_SDK/doc/FAQs
[3.240s] -- Up-to-date: /home/carpe-bleue/ros2_ws/install/ydlidar_sdk/share/YDLIDAR_SDK/doc/FAQs/Software_FAQs_cn.md
[3.241s] -- Up-to-date: /home/carpe-bleue/ros2_ws/install/ydlidar_sdk/share/YDLIDAR_SDK/doc/FAQs/Hardware_FAQs.md
[3.242s] -- Up-to-date: /home/carpe-bleue/ros2_ws/install/ydlidar_sdk/share/YDLIDAR_SDK/doc/FAQs/General_FAQs.md
[3.242s] -- Up-to-date: /home/carpe-bleue/ros2_ws/install/ydlidar_sdk/share/YDLIDAR_SDK/doc/FAQs/README.md
[3.243s] -- Up-to-date: /home/carpe-bleue/ros2_ws/install/ydlidar_sdk/share/YDLIDAR_SDK/doc/FAQs/General_FAQs_cn.md
[3.244s] -- Up-to-date: /home/carpe-bleue/ros2_ws/install/ydlidar_sdk/share/YDLIDAR_SDK/doc/FAQs/Hardware_FAQs_cn.md
[3.244s] -- Up-to-date: /home/carpe-bleue/ros2_ws/install/ydlidar_sdk/share/YDLIDAR_SDK/doc/FAQs/Software_FAQs.md
[3.245s] -- Up-to-date: /home/carpe-bleue/ros2_ws/install/ydlidar_sdk/share/YDLIDAR_SDK/doc/howto
[3.245s] -- Up-to-date: /home/carpe-bleue/ros2_ws/install/ydlidar_sdk/share/YDLIDAR_SDK/doc/howto/how_to_build_and_debug_using_vscode.md
[3.246s] -- Up-to-date: /home/carpe-bleue/ros2_ws/install/ydlidar_sdk/share/YDLIDAR_SDK/doc/howto/how_to_create_a_csharp_project.md
[3.247s] -- Up-to-date: /home/carpe-bleue/ros2_ws/install/ydlidar_sdk/share/YDLIDAR_SDK/doc/howto/how_to_gerenrate_vs_project_by_cmake.md
[3.247s] -- Up-to-date: /home/carpe-bleue/ros2_ws/install/ydlidar_sdk/share/YDLIDAR_SDK/doc/howto/README.md
[3.248s] -- Up-to-date: /home/carpe-bleue/ros2_ws/install/ydlidar_sdk/share/YDLIDAR_SDK/doc/howto/how_to_build_and_install.md
[3.252s] -- Up-to-date: /home/carpe-bleue/ros2_ws/install/ydlidar_sdk/share/YDLIDAR_SDK/doc/howto/how_to_solve_slow_pull_from_cn.md
[3.253s] -- Up-to-date: /home/carpe-bleue/ros2_ws/install/ydlidar_sdk/share/YDLIDAR_SDK/doc/howto/how_to_create_a_udev_rules.md
[3.254s] -- Up-to-date: /home/carpe-bleue/ros2_ws/install/ydlidar_sdk/share/YDLIDAR_SDK/doc/howto/images
[3.255s] -- Up-to-date: /home/carpe-bleue/ros2_ws/install/ydlidar_sdk/share/YDLIDAR_SDK/doc/howto/images/ydlidar_lidar_monitor.png
[3.255s] -- Up-to-date: /home/carpe-bleue/ros2_ws/install/ydlidar_sdk/share/YDLIDAR_SDK/doc/howto/images/sequence.png
[3.256s] -- Up-to-date: /home/carpe-bleue/ros2_ws/install/ydlidar_sdk/share/YDLIDAR_SDK/doc/howto/images/csharp_exception.png
[3.256s] -- Up-to-date: /home/carpe-bleue/ros2_ws/install/ydlidar_sdk/share/YDLIDAR_SDK/doc/howto/images/cpack.png
[3.257s] -- Up-to-date: /home/carpe-bleue/ros2_ws/install/ydlidar_sdk/share/YDLIDAR_SDK/doc/howto/images/vscode
[3.257s] -- Up-to-date: /home/carpe-bleue/ros2_ws/install/ydlidar_sdk/share/YDLIDAR_SDK/doc/howto/images/vscode/run_tasks.jpg
[3.258s] -- Up-to-date: /home/carpe-bleue/ros2_ws/install/ydlidar_sdk/share/YDLIDAR_SDK/doc/howto/images/vscode/tasks.png
[3.259s] -- Up-to-date: /home/carpe-bleue/ros2_ws/install/ydlidar_sdk/share/YDLIDAR_SDK/doc/howto/images/csharp_project.png
[3.259s] -- Up-to-date: /home/carpe-bleue/ros2_ws/install/ydlidar_sdk/share/YDLIDAR_SDK/doc/howto/images/ttyUSB0.png
[3.260s] -- Up-to-date: /home/carpe-bleue/ros2_ws/install/ydlidar_sdk/share/YDLIDAR_SDK/doc/howto/images/ttyUSB1.png
[3.260s] -- Up-to-date: /home/carpe-bleue/ros2_ws/install/ydlidar_sdk/share/YDLIDAR_SDK/doc/howto/images/csharp_running.png
[3.261s] -- Up-to-date: /home/carpe-bleue/ros2_ws/install/ydlidar_sdk/share/YDLIDAR_SDK/doc/howto/images/sdk_init.png
[3.262s] -- Up-to-date: /home/carpe-bleue/ros2_ws/install/ydlidar_sdk/share/YDLIDAR_SDK/doc/howto/images/csharp_library.png
[3.272s] -- Up-to-date: /home/carpe-bleue/ros2_ws/install/ydlidar_sdk/share/YDLIDAR_SDK/doc/howto/images/sdk_scanning.png
[3.285s] -- Up-to-date: /home/carpe-bleue/ros2_ws/install/ydlidar_sdk/share/YDLIDAR_SDK/doc/howto/images/csharp_build.png
[3.286s] -- Up-to-date: /home/carpe-bleue/ros2_ws/install/ydlidar_sdk/share/YDLIDAR_SDK/doc/howto/how_to_create_a_pull.md
[3.288s] -- Up-to-date: /home/carpe-bleue/ros2_ws/install/ydlidar_sdk/share/YDLIDAR_SDK/doc/YDLIDAR_SDK_API_for_Developers.md
[3.289s] -- Up-to-date: /home/carpe-bleue/ros2_ws/install/ydlidar_sdk/share/YDLIDAR_SDK/doc/tutorials
[3.294s] -- Up-to-date: /home/carpe-bleue/ros2_ws/install/ydlidar_sdk/share/YDLIDAR_SDK/doc/tutorials/writing_lidar_tutorial_c.md
[3.295s] -- Up-to-date: /home/carpe-bleue/ros2_ws/install/ydlidar_sdk/share/YDLIDAR_SDK/doc/tutorials/writing_lidar_tutorial_python.md
[3.295s] -- Up-to-date: /home/carpe-bleue/ros2_ws/install/ydlidar_sdk/share/YDLIDAR_SDK/doc/tutorials/writing_lidar_tutorial_c++.md
[3.296s] -- Up-to-date: /home/carpe-bleue/ros2_ws/install/ydlidar_sdk/share/YDLIDAR_SDK/doc/tutorials/examine_the_simple_lidar_tutorial.md
[3.296s] -- Up-to-date: /home/carpe-bleue/ros2_ws/install/ydlidar_sdk/share/YDLIDAR_SDK/doc/tutorials/writing_lidar_network_adapter_tutorial_c++.md
[3.297s] -- Up-to-date: /home/carpe-bleue/ros2_ws/install/ydlidar_sdk/share/YDLIDAR_SDK/doc/README.md
[3.299s] -- Up-to-date: /home/carpe-bleue/ros2_ws/install/ydlidar_sdk/share/YDLIDAR_SDK/doc/YDLidar-SDK-Communication-Protocol.pdf
[3.299s] -- Up-to-date: /home/carpe-bleue/ros2_ws/install/ydlidar_sdk/share/YDLIDAR_SDK/doc/quickstart
[3.300s] -- Up-to-date: /home/carpe-bleue/ros2_ws/install/ydlidar_sdk/share/YDLIDAR_SDK/doc/quickstart/ydlidar_sdk_software_installation_guide.md
[3.301s] -- Up-to-date: /home/carpe-bleue/ros2_ws/install/ydlidar_sdk/share/YDLIDAR_SDK/doc/quickstart/README.md
[3.302s] -- Up-to-date: /home/carpe-bleue/ros2_ws/install/ydlidar_sdk/share/YDLIDAR_SDK/doc/images
[3.304s] -- Up-to-date: /home/carpe-bleue/ros2_ws/install/ydlidar_sdk/share/YDLIDAR_SDK/doc/images/EAI.png
[3.305s] -- Up-to-date: /home/carpe-bleue/ros2_ws/install/ydlidar_sdk/share/YDLIDAR_SDK/doc/images/sequence.png
[3.306s] -- Up-to-date: /home/carpe-bleue/ros2_ws/install/ydlidar_sdk/share/YDLIDAR_SDK/doc/images/angle_q2.png
[3.306s] -- Up-to-date: /home/carpe-bleue/ros2_ws/install/ydlidar_sdk/share/YDLIDAR_SDK/doc/images/YDLidar.jpg
[3.307s] -- Up-to-date: /home/carpe-bleue/ros2_ws/install/ydlidar_sdk/share/YDLIDAR_SDK/doc/images/sdk_architecture.png
[3.308s] -- Up-to-date: /home/carpe-bleue/ros2_ws/install/ydlidar_sdk/share/YDLIDAR_SDK/doc/images/frame_intensity.png
[3.308s] -- Up-to-date: /home/carpe-bleue/ros2_ws/install/ydlidar_sdk/share/YDLIDAR_SDK/doc/images/FlowChart.png
[3.309s] -- Up-to-date: /home/carpe-bleue/ros2_ws/install/ydlidar_sdk/share/YDLIDAR_SDK/doc/images/communication_mechanism.png
[3.310s] -- Up-to-date: /home/carpe-bleue/ros2_ws/install/ydlidar_sdk/share/YDLIDAR_SDK/doc/images/system_workflow.png
[3.310s] -- Up-to-date: /home/carpe-bleue/ros2_ws/install/ydlidar_sdk/share/YDLIDAR_SDK/doc/images/frame.png
[3.310s] -- Up-to-date: /home/carpe-bleue/ros2_ws/install/ydlidar_sdk/share/YDLIDAR_SDK/doc/images/sdk_init.png
[3.311s] -- Up-to-date: /home/carpe-bleue/ros2_ws/install/ydlidar_sdk/share/YDLIDAR_SDK/doc/images/sdk_scanning.png
[3.313s] -- Up-to-date: /home/carpe-bleue/ros2_ws/install/ydlidar_sdk/share/YDLIDAR_SDK/doc/images/YDLidar.png
[3.313s] -- Up-to-date: /home/carpe-bleue/ros2_ws/install/ydlidar_sdk/share/YDLIDAR_SDK/doc/SDK.pdf
[3.315s] -- Up-to-date: /home/carpe-bleue/ros2_ws/install/ydlidar_sdk/share/YDLIDAR_SDK/doc/Dataset.md
[3.315s] -- Up-to-date: /home/carpe-bleue/ros2_ws/install/ydlidar_sdk/startup/initenv.sh
[3.316s] -- Up-to-date: /home/carpe-bleue/ros2_ws/install/ydlidar_sdk/bin/et_test
[3.317s] -- Up-to-date: /home/carpe-bleue/ros2_ws/install/ydlidar_sdk/bin/gs_ota
[3.318s] -- Up-to-date: /home/carpe-bleue/ros2_ws/install/ydlidar_sdk/bin/gs_test
[3.320s] -- Up-to-date: /home/carpe-bleue/ros2_ws/install/ydlidar_sdk/bin/gs_test2
[3.321s] -- Up-to-date: /home/carpe-bleue/ros2_ws/install/ydlidar_sdk/bin/scl_test
[3.322s] -- Up-to-date: /home/carpe-bleue/ros2_ws/install/ydlidar_sdk/bin/sdm18_test
[3.323s] -- Up-to-date: /home/carpe-bleue/ros2_ws/install/ydlidar_sdk/bin/sdm_test
[3.323s] -- Up-to-date: /home/carpe-bleue/ros2_ws/install/ydlidar_sdk/bin/tea_test
[3.324s] -- Up-to-date: /home/carpe-bleue/ros2_ws/install/ydlidar_sdk/bin/tia_test
[3.324s] -- Up-to-date: /home/carpe-bleue/ros2_ws/install/ydlidar_sdk/bin/tmini_test
[3.326s] -- Up-to-date: /home/carpe-bleue/ros2_ws/install/ydlidar_sdk/bin/tof_test
[3.328s] -- Up-to-date: /home/carpe-bleue/ros2_ws/install/ydlidar_sdk/bin/tri_and_gs_test
[3.328s] -- Up-to-date: /home/carpe-bleue/ros2_ws/install/ydlidar_sdk/bin/tri_restart
[3.337s] -- Up-to-date: /home/carpe-bleue/ros2_ws/install/ydlidar_sdk/bin/tri_test
[3.338s] -- Up-to-date: /home/carpe-bleue/ros2_ws/install/ydlidar_sdk/bin/lidar_c_api_test
[3.339s] Invoked command in '/home/carpe-bleue/ros2_ws/build/ydlidar_sdk' returned '0': /usr/bin/cmake --install /home/carpe-bleue/ros2_ws/build/ydlidar_sdk
