[0.426s] DEBUG:colcon:Command line arguments: ['/usr/bin/colcon', 'build']
[0.426s] DEBUG:colcon:Parsed command line arguments: Namespace(log_base=None, log_level=None, verb_name='build', build_base='build', install_base='install', merge_install=False, symlink_install=False, test_result_base=None, continue_on_error=False, executor='parallel', parallel_workers=4, event_handlers=None, ignore_user_meta=False, metas=['./colcon.meta'], base_paths=['.'], packages_ignore=None, packages_ignore_regex=None, paths=None, packages_up_to=None, packages_up_to_regex=None, packages_above=None, packages_above_and_dependencies=None, packages_above_depth=None, packages_select_by_dep=None, packages_skip_by_dep=None, packages_skip_up_to=None, packages_select_build_failed=False, packages_skip_build_finished=False, packages_select_test_failures=False, packages_skip_test_passed=False, packages_select=None, packages_skip=None, packages_select_regex=None, packages_skip_regex=None, packages_start=None, packages_end=None, allow_overriding=[], cmake_args=None, cmake_target=None, cmake_target_skip_unavailable=False, cmake_clean_cache=False, cmake_clean_first=False, cmake_force_configure=False, ament_cmake_args=None, catkin_cmake_args=None, catkin_skip_building_tests=False, verb_parser=<colcon_defaults.argument_parser.defaults.DefaultArgumentsDecorator object at 0xffffaab8b4c0>, verb_extension=<colcon_core.verb.build.BuildVerb object at 0xffffaab8b070>, main=<bound method BuildVerb.main of <colcon_core.verb.build.BuildVerb object at 0xffffaab8b070>>)
[1.197s] Level 1:colcon.colcon_core.package_discovery:discover_packages(colcon_meta) check parameters
[1.197s] Level 1:colcon.colcon_core.package_discovery:discover_packages(recursive) check parameters
[1.198s] Level 1:colcon.colcon_core.package_discovery:discover_packages(ignore) check parameters
[1.198s] Level 1:colcon.colcon_core.package_discovery:discover_packages(path) check parameters
[1.198s] Level 1:colcon.colcon_core.package_discovery:discover_packages(colcon_meta) discover
[1.198s] Level 1:colcon.colcon_core.package_discovery:discover_packages(recursive) discover
[1.198s] INFO:colcon.colcon_core.package_discovery:Crawling recursively for packages in '/home/carpe-bleue/ros2_ws'
[1.199s] Level 1:colcon.colcon_core.package_identification:_identify(.) by extensions ['ignore', 'ignore_ament_install']
[1.199s] Level 1:colcon.colcon_core.package_identification:_identify(.) by extension 'ignore'
[1.199s] Level 1:colcon.colcon_core.package_identification:_identify(.) by extension 'ignore_ament_install'
[1.199s] Level 1:colcon.colcon_core.package_identification:_identify(.) by extensions ['colcon_pkg']
[1.199s] Level 1:colcon.colcon_core.package_identification:_identify(.) by extension 'colcon_pkg'
[1.200s] Level 1:colcon.colcon_core.package_identification:_identify(.) by extensions ['colcon_meta']
[1.200s] Level 1:colcon.colcon_core.package_identification:_identify(.) by extension 'colcon_meta'
[1.200s] Level 1:colcon.colcon_core.package_identification:_identify(.) by extensions ['ros']
[1.200s] Level 1:colcon.colcon_core.package_identification:_identify(.) by extension 'ros'
[1.246s] Level 1:colcon.colcon_core.package_identification:_identify(.) by extensions ['cmake', 'python']
[1.246s] Level 1:colcon.colcon_core.package_identification:_identify(.) by extension 'cmake'
[1.246s] Level 1:colcon.colcon_core.package_identification:_identify(.) by extension 'python'
[1.246s] Level 1:colcon.colcon_core.package_identification:_identify(.) by extensions ['python_setup_py']
[1.246s] Level 1:colcon.colcon_core.package_identification:_identify(.) by extension 'python_setup_py'
[1.247s] Level 1:colcon.colcon_core.package_identification:_identify(build) by extensions ['ignore', 'ignore_ament_install']
[1.247s] Level 1:colcon.colcon_core.package_identification:_identify(build) by extension 'ignore'
[1.248s] Level 1:colcon.colcon_core.package_identification:_identify(build) ignored
[1.248s] Level 1:colcon.colcon_core.package_identification:_identify(install) by extensions ['ignore', 'ignore_ament_install']
[1.249s] Level 1:colcon.colcon_core.package_identification:_identify(install) by extension 'ignore'
[1.249s] Level 1:colcon.colcon_core.package_identification:_identify(install) ignored
[1.252s] Level 1:colcon.colcon_core.package_identification:_identify(log) by extensions ['ignore', 'ignore_ament_install']
[1.252s] Level 1:colcon.colcon_core.package_identification:_identify(log) by extension 'ignore'
[1.252s] Level 1:colcon.colcon_core.package_identification:_identify(log) ignored
[1.253s] Level 1:colcon.colcon_core.package_identification:_identify(src) by extensions ['ignore', 'ignore_ament_install']
[1.253s] Level 1:colcon.colcon_core.package_identification:_identify(src) by extension 'ignore'
[1.253s] Level 1:colcon.colcon_core.package_identification:_identify(src) by extension 'ignore_ament_install'
[1.254s] Level 1:colcon.colcon_core.package_identification:_identify(src) by extensions ['colcon_pkg']
[1.254s] Level 1:colcon.colcon_core.package_identification:_identify(src) by extension 'colcon_pkg'
[1.254s] Level 1:colcon.colcon_core.package_identification:_identify(src) by extensions ['colcon_meta']
[1.254s] Level 1:colcon.colcon_core.package_identification:_identify(src) by extension 'colcon_meta'
[1.254s] Level 1:colcon.colcon_core.package_identification:_identify(src) by extensions ['ros']
[1.254s] Level 1:colcon.colcon_core.package_identification:_identify(src) by extension 'ros'
[1.255s] Level 1:colcon.colcon_core.package_identification:_identify(src) by extensions ['cmake', 'python']
[1.255s] Level 1:colcon.colcon_core.package_identification:_identify(src) by extension 'cmake'
[1.255s] Level 1:colcon.colcon_core.package_identification:_identify(src) by extension 'python'
[1.255s] Level 1:colcon.colcon_core.package_identification:_identify(src) by extensions ['python_setup_py']
[1.255s] Level 1:colcon.colcon_core.package_identification:_identify(src) by extension 'python_setup_py'
[1.256s] Level 1:colcon.colcon_core.package_identification:_identify(src/serial_package) by extensions ['ignore', 'ignore_ament_install']
[1.256s] Level 1:colcon.colcon_core.package_identification:_identify(src/serial_package) by extension 'ignore'
[1.256s] Level 1:colcon.colcon_core.package_identification:_identify(src/serial_package) by extension 'ignore_ament_install'
[1.256s] Level 1:colcon.colcon_core.package_identification:_identify(src/serial_package) by extensions ['colcon_pkg']
[1.256s] Level 1:colcon.colcon_core.package_identification:_identify(src/serial_package) by extension 'colcon_pkg'
[1.256s] Level 1:colcon.colcon_core.package_identification:_identify(src/serial_package) by extensions ['colcon_meta']
[1.257s] Level 1:colcon.colcon_core.package_identification:_identify(src/serial_package) by extension 'colcon_meta'
[1.257s] Level 1:colcon.colcon_core.package_identification:_identify(src/serial_package) by extensions ['ros']
[1.257s] Level 1:colcon.colcon_core.package_identification:_identify(src/serial_package) by extension 'ros'
[1.265s] DEBUG:colcon.colcon_core.package_identification:Package 'src/serial_package' with type 'ros.ament_cmake' and name 'serial_package'
[1.266s] Level 1:colcon.colcon_core.package_identification:_identify(src/ydlidar_ros2_driver) by extensions ['ignore', 'ignore_ament_install']
[1.266s] Level 1:colcon.colcon_core.package_identification:_identify(src/ydlidar_ros2_driver) by extension 'ignore'
[1.267s] Level 1:colcon.colcon_core.package_identification:_identify(src/ydlidar_ros2_driver) by extension 'ignore_ament_install'
[1.267s] Level 1:colcon.colcon_core.package_identification:_identify(src/ydlidar_ros2_driver) by extensions ['colcon_pkg']
[1.267s] Level 1:colcon.colcon_core.package_identification:_identify(src/ydlidar_ros2_driver) by extension 'colcon_pkg'
[1.267s] Level 1:colcon.colcon_core.package_identification:_identify(src/ydlidar_ros2_driver) by extensions ['colcon_meta']
[1.267s] Level 1:colcon.colcon_core.package_identification:_identify(src/ydlidar_ros2_driver) by extension 'colcon_meta'
[1.267s] Level 1:colcon.colcon_core.package_identification:_identify(src/ydlidar_ros2_driver) by extensions ['ros']
[1.268s] Level 1:colcon.colcon_core.package_identification:_identify(src/ydlidar_ros2_driver) by extension 'ros'
[1.270s] DEBUG:colcon.colcon_core.package_identification:Package 'src/ydlidar_ros2_driver' with type 'ros.ament_cmake' and name 'ydlidar_ros2_driver'
[1.270s] Level 1:colcon.colcon_core.package_discovery:discover_packages(recursive) using defaults
[1.271s] Level 1:colcon.colcon_core.package_discovery:discover_packages(ignore) discover
[1.271s] Level 1:colcon.colcon_core.package_discovery:discover_packages(ignore) using defaults
[1.271s] Level 1:colcon.colcon_core.package_discovery:discover_packages(path) discover
[1.271s] Level 1:colcon.colcon_core.package_discovery:discover_packages(path) using defaults
[1.345s] Level 1:colcon.colcon_core.package_discovery:discover_packages(prefix_path) check parameters
[1.346s] Level 1:colcon.colcon_core.package_discovery:discover_packages(prefix_path) discover
[1.356s] DEBUG:colcon.colcon_installed_package_information.package_discovery:Found 9 installed packages in /home/carpe-bleue/ros2_ws/install
[1.359s] DEBUG:colcon.colcon_installed_package_information.package_discovery:Found 3 installed packages in /home/carpe-bleue/ydlidar_ros2_ws/install
[1.368s] DEBUG:colcon.colcon_installed_package_information.package_discovery:Found 271 installed packages in /opt/ros/humble
[1.416s] Level 1:colcon.colcon_core.package_discovery:discover_packages(prefix_path) using defaults
[1.579s] Level 5:colcon.colcon_core.verb:set package 'serial_package' build argument 'cmake_args' from command line to 'None'
[1.579s] Level 5:colcon.colcon_core.verb:set package 'serial_package' build argument 'cmake_target' from command line to 'None'
[1.579s] Level 5:colcon.colcon_core.verb:set package 'serial_package' build argument 'cmake_target_skip_unavailable' from command line to 'False'
[1.579s] Level 5:colcon.colcon_core.verb:set package 'serial_package' build argument 'cmake_clean_cache' from command line to 'False'
[1.579s] Level 5:colcon.colcon_core.verb:set package 'serial_package' build argument 'cmake_clean_first' from command line to 'False'
[1.580s] Level 5:colcon.colcon_core.verb:set package 'serial_package' build argument 'cmake_force_configure' from command line to 'False'
[1.580s] Level 5:colcon.colcon_core.verb:set package 'serial_package' build argument 'ament_cmake_args' from command line to 'None'
[1.580s] Level 5:colcon.colcon_core.verb:set package 'serial_package' build argument 'catkin_cmake_args' from command line to 'None'
[1.580s] Level 5:colcon.colcon_core.verb:set package 'serial_package' build argument 'catkin_skip_building_tests' from command line to 'False'
[1.580s] DEBUG:colcon.colcon_core.verb:Building package 'serial_package' with the following arguments: {'ament_cmake_args': None, 'build_base': '/home/carpe-bleue/ros2_ws/build/serial_package', 'catkin_cmake_args': None, 'catkin_skip_building_tests': False, 'cmake_args': None, 'cmake_clean_cache': False, 'cmake_clean_first': False, 'cmake_force_configure': False, 'cmake_target': None, 'cmake_target_skip_unavailable': False, 'install_base': '/home/carpe-bleue/ros2_ws/install/serial_package', 'merge_install': False, 'path': '/home/carpe-bleue/ros2_ws/src/serial_package', 'symlink_install': False, 'test_result_base': None}
[1.582s] Level 5:colcon.colcon_core.verb:set package 'ydlidar_ros2_driver' build argument 'cmake_args' from command line to 'None'
[1.582s] Level 5:colcon.colcon_core.verb:set package 'ydlidar_ros2_driver' build argument 'cmake_target' from command line to 'None'
[1.582s] Level 5:colcon.colcon_core.verb:set package 'ydlidar_ros2_driver' build argument 'cmake_target_skip_unavailable' from command line to 'False'
[1.582s] Level 5:colcon.colcon_core.verb:set package 'ydlidar_ros2_driver' build argument 'cmake_clean_cache' from command line to 'False'
[1.582s] Level 5:colcon.colcon_core.verb:set package 'ydlidar_ros2_driver' build argument 'cmake_clean_first' from command line to 'False'
[1.582s] Level 5:colcon.colcon_core.verb:set package 'ydlidar_ros2_driver' build argument 'cmake_force_configure' from command line to 'False'
[1.582s] Level 5:colcon.colcon_core.verb:set package 'ydlidar_ros2_driver' build argument 'ament_cmake_args' from command line to 'None'
[1.582s] Level 5:colcon.colcon_core.verb:set package 'ydlidar_ros2_driver' build argument 'catkin_cmake_args' from command line to 'None'
[1.582s] Level 5:colcon.colcon_core.verb:set package 'ydlidar_ros2_driver' build argument 'catkin_skip_building_tests' from command line to 'False'
[1.583s] DEBUG:colcon.colcon_core.verb:Building package 'ydlidar_ros2_driver' with the following arguments: {'ament_cmake_args': None, 'build_base': '/home/carpe-bleue/ros2_ws/build/ydlidar_ros2_driver', 'catkin_cmake_args': None, 'catkin_skip_building_tests': False, 'cmake_args': None, 'cmake_clean_cache': False, 'cmake_clean_first': False, 'cmake_force_configure': False, 'cmake_target': None, 'cmake_target_skip_unavailable': False, 'install_base': '/home/carpe-bleue/ros2_ws/install/ydlidar_ros2_driver', 'merge_install': False, 'path': '/home/carpe-bleue/ros2_ws/src/ydlidar_ros2_driver', 'symlink_install': False, 'test_result_base': None}
[1.583s] INFO:colcon.colcon_core.executor:Executing jobs using 'parallel' executor
[1.586s] DEBUG:colcon.colcon_parallel_executor.executor.parallel:run_until_complete
[1.587s] INFO:colcon.colcon_ros.task.ament_cmake.build:Building ROS package in '/home/carpe-bleue/ros2_ws/src/serial_package' with build type 'ament_cmake'
[1.588s] INFO:colcon.colcon_cmake.task.cmake.build:Building CMake package in '/home/carpe-bleue/ros2_ws/src/serial_package'
[1.597s] INFO:colcon.colcon_core.plugin_system:Skipping extension 'colcon_core.shell.bat': Not used on non-Windows systems
[1.597s] INFO:colcon.colcon_core.shell:Skip shell extension 'powershell' for command environment: Not usable outside of PowerShell
[1.597s] DEBUG:colcon.colcon_core.shell:Skip shell extension 'dsv' for command environment
[1.620s] INFO:colcon.colcon_ros.task.ament_cmake.build:Building ROS package in '/home/carpe-bleue/ros2_ws/src/ydlidar_ros2_driver' with build type 'ament_cmake'
[1.621s] INFO:colcon.colcon_cmake.task.cmake.build:Building CMake package in '/home/carpe-bleue/ros2_ws/src/ydlidar_ros2_driver'
[1.622s] INFO:colcon.colcon_core.shell:Skip shell extension 'powershell' for command environment: Not usable outside of PowerShell
[1.623s] DEBUG:colcon.colcon_core.shell:Skip shell extension 'dsv' for command environment
[1.660s] DEBUG:colcon.colcon_core.event_handler.log_command:Invoking command in '/home/carpe-bleue/ros2_ws/build/serial_package': CMAKE_PREFIX_PATH=${CMAKE_PREFIX_PATH}:/home/carpe-bleue/ros2_ws/install/lidar_vl53l1x_processing:/opt/ros/humble /usr/bin/cmake --build /home/carpe-bleue/ros2_ws/build/serial_package -- -j4 -l4
[1.690s] DEBUG:colcon.colcon_core.event_handler.log_command:Invoking command in '/home/carpe-bleue/ros2_ws/build/ydlidar_ros2_driver': CMAKE_PREFIX_PATH=${CMAKE_PREFIX_PATH}:/home/carpe-bleue/ros2_ws/install/lidar_vl53l1x_processing:/opt/ros/humble /usr/bin/cmake --build /home/carpe-bleue/ros2_ws/build/ydlidar_ros2_driver -- -j4 -l4
[1.824s] DEBUG:colcon.colcon_core.event_handler.log_command:Invoked command in '/home/carpe-bleue/ros2_ws/build/serial_package' returned '0': CMAKE_PREFIX_PATH=${CMAKE_PREFIX_PATH}:/home/carpe-bleue/ros2_ws/install/lidar_vl53l1x_processing:/opt/ros/humble /usr/bin/cmake --build /home/carpe-bleue/ros2_ws/build/serial_package -- -j4 -l4
[1.870s] DEBUG:colcon.colcon_core.event_handler.log_command:Invoking command in '/home/carpe-bleue/ros2_ws/build/serial_package': CMAKE_PREFIX_PATH=${CMAKE_PREFIX_PATH}:/home/carpe-bleue/ros2_ws/install/lidar_vl53l1x_processing:/opt/ros/humble /usr/bin/cmake --install /home/carpe-bleue/ros2_ws/build/serial_package
[1.969s] Level 1:colcon.colcon_core.environment:create_environment_scripts_only(serial_package)
[1.971s] DEBUG:colcon.colcon_core.event_handler.log_command:Invoked command in '/home/carpe-bleue/ros2_ws/build/serial_package' returned '0': CMAKE_PREFIX_PATH=${CMAKE_PREFIX_PATH}:/home/carpe-bleue/ros2_ws/install/lidar_vl53l1x_processing:/opt/ros/humble /usr/bin/cmake --install /home/carpe-bleue/ros2_ws/build/serial_package
[1.981s] Level 1:colcon.colcon_core.environment:checking '/home/carpe-bleue/ros2_ws/install/serial_package' for CMake module files
[1.985s] Level 1:colcon.colcon_core.environment:checking '/home/carpe-bleue/ros2_ws/install/serial_package' for CMake config files
[1.987s] Level 1:colcon.colcon_core.shell:create_environment_hook('serial_package', 'cmake_prefix_path')
[1.988s] INFO:colcon.colcon_core.shell:Creating environment hook '/home/carpe-bleue/ros2_ws/install/serial_package/share/serial_package/hook/cmake_prefix_path.ps1'
[1.991s] INFO:colcon.colcon_core.shell:Creating environment descriptor '/home/carpe-bleue/ros2_ws/install/serial_package/share/serial_package/hook/cmake_prefix_path.dsv'
[1.994s] INFO:colcon.colcon_core.shell:Creating environment hook '/home/carpe-bleue/ros2_ws/install/serial_package/share/serial_package/hook/cmake_prefix_path.sh'
[1.998s] Level 1:colcon.colcon_core.environment:checking '/home/carpe-bleue/ros2_ws/install/serial_package/lib'
[1.999s] Level 1:colcon.colcon_core.environment:checking '/home/carpe-bleue/ros2_ws/install/serial_package/bin'
[1.999s] Level 1:colcon.colcon_core.environment:checking '/home/carpe-bleue/ros2_ws/install/serial_package/lib/pkgconfig/serial_package.pc'
[2.000s] Level 1:colcon.colcon_core.environment:checking '/home/carpe-bleue/ros2_ws/install/serial_package/lib/python3.10/site-packages'
[2.001s] Level 1:colcon.colcon_core.environment:checking '/home/carpe-bleue/ros2_ws/install/serial_package/bin'
[2.002s] INFO:colcon.colcon_core.shell:Creating package script '/home/carpe-bleue/ros2_ws/install/serial_package/share/serial_package/package.ps1'
[2.005s] INFO:colcon.colcon_core.shell:Creating package descriptor '/home/carpe-bleue/ros2_ws/install/serial_package/share/serial_package/package.dsv'
[2.008s] INFO:colcon.colcon_core.shell:Creating package script '/home/carpe-bleue/ros2_ws/install/serial_package/share/serial_package/package.sh'
[2.011s] INFO:colcon.colcon_core.shell:Creating package script '/home/carpe-bleue/ros2_ws/install/serial_package/share/serial_package/package.bash'
[2.015s] INFO:colcon.colcon_core.shell:Creating package script '/home/carpe-bleue/ros2_ws/install/serial_package/share/serial_package/package.zsh'
[2.017s] Level 1:colcon.colcon_core.environment:create_file_with_runtime_dependencies(/home/carpe-bleue/ros2_ws/install/serial_package/share/colcon-core/packages/serial_package)
[2.020s] Level 1:colcon.colcon_core.environment:create_environment_scripts_only(serial_package)
[2.021s] Level 1:colcon.colcon_core.environment:checking '/home/carpe-bleue/ros2_ws/install/serial_package' for CMake module files
[2.024s] Level 1:colcon.colcon_core.environment:checking '/home/carpe-bleue/ros2_ws/install/serial_package' for CMake config files
[2.026s] Level 1:colcon.colcon_core.shell:create_environment_hook('serial_package', 'cmake_prefix_path')
[2.027s] INFO:colcon.colcon_core.shell:Creating environment hook '/home/carpe-bleue/ros2_ws/install/serial_package/share/serial_package/hook/cmake_prefix_path.ps1'
[2.029s] INFO:colcon.colcon_core.shell:Creating environment descriptor '/home/carpe-bleue/ros2_ws/install/serial_package/share/serial_package/hook/cmake_prefix_path.dsv'
[2.031s] INFO:colcon.colcon_core.shell:Creating environment hook '/home/carpe-bleue/ros2_ws/install/serial_package/share/serial_package/hook/cmake_prefix_path.sh'
[2.033s] Level 1:colcon.colcon_core.environment:checking '/home/carpe-bleue/ros2_ws/install/serial_package/lib'
[2.034s] Level 1:colcon.colcon_core.environment:checking '/home/carpe-bleue/ros2_ws/install/serial_package/bin'
[2.034s] Level 1:colcon.colcon_core.environment:checking '/home/carpe-bleue/ros2_ws/install/serial_package/lib/pkgconfig/serial_package.pc'
[2.035s] Level 1:colcon.colcon_core.environment:checking '/home/carpe-bleue/ros2_ws/install/serial_package/lib/python3.10/site-packages'
[2.036s] Level 1:colcon.colcon_core.environment:checking '/home/carpe-bleue/ros2_ws/install/serial_package/bin'
[2.037s] INFO:colcon.colcon_core.shell:Creating package script '/home/carpe-bleue/ros2_ws/install/serial_package/share/serial_package/package.ps1'
[2.039s] INFO:colcon.colcon_core.shell:Creating package descriptor '/home/carpe-bleue/ros2_ws/install/serial_package/share/serial_package/package.dsv'
[2.041s] INFO:colcon.colcon_core.shell:Creating package script '/home/carpe-bleue/ros2_ws/install/serial_package/share/serial_package/package.sh'
[2.044s] INFO:colcon.colcon_core.shell:Creating package script '/home/carpe-bleue/ros2_ws/install/serial_package/share/serial_package/package.bash'
[2.046s] INFO:colcon.colcon_core.shell:Creating package script '/home/carpe-bleue/ros2_ws/install/serial_package/share/serial_package/package.zsh'
[2.048s] Level 1:colcon.colcon_core.environment:create_file_with_runtime_dependencies(/home/carpe-bleue/ros2_ws/install/serial_package/share/colcon-core/packages/serial_package)
[2.053s] DEBUG:colcon.colcon_core.event_handler.log_command:Invoked command in '/home/carpe-bleue/ros2_ws/build/ydlidar_ros2_driver' returned '0': CMAKE_PREFIX_PATH=${CMAKE_PREFIX_PATH}:/home/carpe-bleue/ros2_ws/install/lidar_vl53l1x_processing:/opt/ros/humble /usr/bin/cmake --build /home/carpe-bleue/ros2_ws/build/ydlidar_ros2_driver -- -j4 -l4
[2.061s] DEBUG:colcon.colcon_core.event_handler.log_command:Invoking command in '/home/carpe-bleue/ros2_ws/build/ydlidar_ros2_driver': CMAKE_PREFIX_PATH=${CMAKE_PREFIX_PATH}:/home/carpe-bleue/ros2_ws/install/lidar_vl53l1x_processing:/opt/ros/humble /usr/bin/cmake --install /home/carpe-bleue/ros2_ws/build/ydlidar_ros2_driver
[2.110s] Level 1:colcon.colcon_core.environment:create_environment_scripts_only(ydlidar_ros2_driver)
[2.111s] Level 1:colcon.colcon_core.environment:checking '/home/carpe-bleue/ros2_ws/install/ydlidar_ros2_driver' for CMake module files
[2.113s] DEBUG:colcon.colcon_core.event_handler.log_command:Invoked command in '/home/carpe-bleue/ros2_ws/build/ydlidar_ros2_driver' returned '0': CMAKE_PREFIX_PATH=${CMAKE_PREFIX_PATH}:/home/carpe-bleue/ros2_ws/install/lidar_vl53l1x_processing:/opt/ros/humble /usr/bin/cmake --install /home/carpe-bleue/ros2_ws/build/ydlidar_ros2_driver
[2.115s] Level 1:colcon.colcon_core.environment:checking '/home/carpe-bleue/ros2_ws/install/ydlidar_ros2_driver' for CMake config files
[2.117s] Level 1:colcon.colcon_core.shell:create_environment_hook('ydlidar_ros2_driver', 'cmake_prefix_path')
[2.118s] INFO:colcon.colcon_core.shell:Creating environment hook '/home/carpe-bleue/ros2_ws/install/ydlidar_ros2_driver/share/ydlidar_ros2_driver/hook/cmake_prefix_path.ps1'
[2.120s] INFO:colcon.colcon_core.shell:Creating environment descriptor '/home/carpe-bleue/ros2_ws/install/ydlidar_ros2_driver/share/ydlidar_ros2_driver/hook/cmake_prefix_path.dsv'
[2.122s] INFO:colcon.colcon_core.shell:Creating environment hook '/home/carpe-bleue/ros2_ws/install/ydlidar_ros2_driver/share/ydlidar_ros2_driver/hook/cmake_prefix_path.sh'
[2.125s] Level 1:colcon.colcon_core.environment:checking '/home/carpe-bleue/ros2_ws/install/ydlidar_ros2_driver/lib'
[2.126s] Level 1:colcon.colcon_core.environment:checking '/home/carpe-bleue/ros2_ws/install/ydlidar_ros2_driver/bin'
[2.126s] Level 1:colcon.colcon_core.environment:checking '/home/carpe-bleue/ros2_ws/install/ydlidar_ros2_driver/lib/pkgconfig/ydlidar_ros2_driver.pc'
[2.127s] Level 1:colcon.colcon_core.environment:checking '/home/carpe-bleue/ros2_ws/install/ydlidar_ros2_driver/lib/python3.10/site-packages'
[2.128s] Level 1:colcon.colcon_core.environment:checking '/home/carpe-bleue/ros2_ws/install/ydlidar_ros2_driver/bin'
[2.130s] INFO:colcon.colcon_core.shell:Creating package script '/home/carpe-bleue/ros2_ws/install/ydlidar_ros2_driver/share/ydlidar_ros2_driver/package.ps1'
[2.132s] INFO:colcon.colcon_core.shell:Creating package descriptor '/home/carpe-bleue/ros2_ws/install/ydlidar_ros2_driver/share/ydlidar_ros2_driver/package.dsv'
[2.134s] INFO:colcon.colcon_core.shell:Creating package script '/home/carpe-bleue/ros2_ws/install/ydlidar_ros2_driver/share/ydlidar_ros2_driver/package.sh'
[2.136s] INFO:colcon.colcon_core.shell:Creating package script '/home/carpe-bleue/ros2_ws/install/ydlidar_ros2_driver/share/ydlidar_ros2_driver/package.bash'
[2.138s] INFO:colcon.colcon_core.shell:Creating package script '/home/carpe-bleue/ros2_ws/install/ydlidar_ros2_driver/share/ydlidar_ros2_driver/package.zsh'
[2.140s] Level 1:colcon.colcon_core.environment:create_file_with_runtime_dependencies(/home/carpe-bleue/ros2_ws/install/ydlidar_ros2_driver/share/colcon-core/packages/ydlidar_ros2_driver)
[2.142s] Level 1:colcon.colcon_core.environment:create_environment_scripts_only(ydlidar_ros2_driver)
[2.143s] Level 1:colcon.colcon_core.environment:checking '/home/carpe-bleue/ros2_ws/install/ydlidar_ros2_driver' for CMake module files
[2.146s] Level 1:colcon.colcon_core.environment:checking '/home/carpe-bleue/ros2_ws/install/ydlidar_ros2_driver' for CMake config files
[2.148s] Level 1:colcon.colcon_core.shell:create_environment_hook('ydlidar_ros2_driver', 'cmake_prefix_path')
[2.149s] INFO:colcon.colcon_core.shell:Creating environment hook '/home/carpe-bleue/ros2_ws/install/ydlidar_ros2_driver/share/ydlidar_ros2_driver/hook/cmake_prefix_path.ps1'
[2.151s] INFO:colcon.colcon_core.shell:Creating environment descriptor '/home/carpe-bleue/ros2_ws/install/ydlidar_ros2_driver/share/ydlidar_ros2_driver/hook/cmake_prefix_path.dsv'
[2.152s] INFO:colcon.colcon_core.shell:Creating environment hook '/home/carpe-bleue/ros2_ws/install/ydlidar_ros2_driver/share/ydlidar_ros2_driver/hook/cmake_prefix_path.sh'
[2.155s] Level 1:colcon.colcon_core.environment:checking '/home/carpe-bleue/ros2_ws/install/ydlidar_ros2_driver/lib'
[2.155s] Level 1:colcon.colcon_core.environment:checking '/home/carpe-bleue/ros2_ws/install/ydlidar_ros2_driver/bin'
[2.156s] Level 1:colcon.colcon_core.environment:checking '/home/carpe-bleue/ros2_ws/install/ydlidar_ros2_driver/lib/pkgconfig/ydlidar_ros2_driver.pc'
[2.156s] Level 1:colcon.colcon_core.environment:checking '/home/carpe-bleue/ros2_ws/install/ydlidar_ros2_driver/lib/python3.10/site-packages'
[2.157s] Level 1:colcon.colcon_core.environment:checking '/home/carpe-bleue/ros2_ws/install/ydlidar_ros2_driver/bin'
[2.158s] INFO:colcon.colcon_core.shell:Creating package script '/home/carpe-bleue/ros2_ws/install/ydlidar_ros2_driver/share/ydlidar_ros2_driver/package.ps1'
[2.161s] INFO:colcon.colcon_core.shell:Creating package descriptor '/home/carpe-bleue/ros2_ws/install/ydlidar_ros2_driver/share/ydlidar_ros2_driver/package.dsv'
[2.163s] INFO:colcon.colcon_core.shell:Creating package script '/home/carpe-bleue/ros2_ws/install/ydlidar_ros2_driver/share/ydlidar_ros2_driver/package.sh'
[2.165s] INFO:colcon.colcon_core.shell:Creating package script '/home/carpe-bleue/ros2_ws/install/ydlidar_ros2_driver/share/ydlidar_ros2_driver/package.bash'
[2.167s] INFO:colcon.colcon_core.shell:Creating package script '/home/carpe-bleue/ros2_ws/install/ydlidar_ros2_driver/share/ydlidar_ros2_driver/package.zsh'
[2.169s] Level 1:colcon.colcon_core.environment:create_file_with_runtime_dependencies(/home/carpe-bleue/ros2_ws/install/ydlidar_ros2_driver/share/colcon-core/packages/ydlidar_ros2_driver)
[2.170s] DEBUG:colcon.colcon_parallel_executor.executor.parallel:closing loop
[2.171s] DEBUG:colcon.colcon_parallel_executor.executor.parallel:loop closed
[2.172s] DEBUG:colcon.colcon_parallel_executor.executor.parallel:run_until_complete finished with '0'
[2.172s] DEBUG:colcon.colcon_core.event_reactor:joining thread
[2.193s] INFO:colcon.colcon_core.plugin_system:Skipping extension 'colcon_notification.desktop_notification.terminal_notifier': Not used on non-Darwin systems
[2.193s] INFO:colcon.colcon_core.plugin_system:Skipping extension 'colcon_notification.desktop_notification.win32': Not used on non-Windows systems
[2.193s] INFO:colcon.colcon_notification.desktop_notification:Sending desktop notification using 'notify2'
[27.221s] DEBUG:colcon.colcon_notification.desktop_notification.notify2:Failed to initialize notify2: org.freedesktop.DBus.Error.NoReply: Did not receive a reply. Possible causes include: the remote application did not send a reply, the message bus security policy blocked the reply, the reply timeout expired, or the network connection was broken.
[27.222s] DEBUG:colcon.colcon_core.event_reactor:joined thread
[27.224s] INFO:colcon.colcon_core.shell:Creating prefix script '/home/carpe-bleue/ros2_ws/install/local_setup.ps1'
[27.233s] INFO:colcon.colcon_core.shell:Creating prefix util module '/home/carpe-bleue/ros2_ws/install/_local_setup_util_ps1.py'
[27.240s] INFO:colcon.colcon_core.shell:Creating prefix chain script '/home/carpe-bleue/ros2_ws/install/setup.ps1'
[27.246s] INFO:colcon.colcon_core.shell:Creating prefix script '/home/carpe-bleue/ros2_ws/install/local_setup.sh'
[27.249s] INFO:colcon.colcon_core.shell:Creating prefix util module '/home/carpe-bleue/ros2_ws/install/_local_setup_util_sh.py'
[27.251s] INFO:colcon.colcon_core.shell:Creating prefix chain script '/home/carpe-bleue/ros2_ws/install/setup.sh'
[27.258s] INFO:colcon.colcon_core.shell:Creating prefix script '/home/carpe-bleue/ros2_ws/install/local_setup.bash'
[27.260s] INFO:colcon.colcon_core.shell:Creating prefix chain script '/home/carpe-bleue/ros2_ws/install/setup.bash'
[27.266s] INFO:colcon.colcon_core.shell:Creating prefix script '/home/carpe-bleue/ros2_ws/install/local_setup.zsh'
[27.268s] INFO:colcon.colcon_core.shell:Creating prefix chain script '/home/carpe-bleue/ros2_ws/install/setup.zsh'
