[0.092s] Invoking command in '/home/carpe-bleue/ros2_ws/build/serial_package': CMAKE_PREFIX_PATH=/opt/ros/humble /usr/bin/cmake --build /home/carpe-bleue/ros2_ws/build/serial_package -- -j4 -l4
[0.220s] -- Found ament_cmake: 1.3.11 (/opt/ros/humble/share/ament_cmake/cmake)
[1.224s] -- Override CMake install command with custom implementation using symlinks instead of copying resources
[1.309s] -- Found rclpy: 3.3.16 (/opt/ros/humble/share/rclpy/cmake)
[1.312s] -- Found sensor_msgs: 4.8.0 (/opt/ros/humble/share/sensor_msgs/cmake)
[1.506s] -- Found rosidl_generator_c: 3.1.6 (/opt/ros/humble/share/rosidl_generator_c/cmake)
[1.524s] -- Found rosidl_adapter: 3.1.6 (/opt/ros/humble/share/rosidl_adapter/cmake)
[1.542s] -- Found rosidl_generator_cpp: 3.1.6 (/opt/ros/humble/share/rosidl_generator_cpp/cmake)
[1.600s] -- Using all available rosidl_typesupport_c: rosidl_typesupport_fastrtps_c;rosidl_typesupport_introspection_c
[1.658s] -- Using all available rosidl_typesupport_cpp: rosidl_typesupport_fastrtps_cpp;rosidl_typesupport_introspection_cpp
[1.905s] -- Found rclcpp: 16.0.12 (/opt/ros/humble/share/rclcpp/cmake)
[2.023s] -- Found rmw_implementation_cmake: 6.1.2 (/opt/ros/humble/share/rmw_implementation_cmake/cmake)
[2.030s] -- Found rmw_fastrtps_cpp: 6.2.7 (/opt/ros/humble/share/rmw_fastrtps_cpp/cmake)
[2.834s] -- Using RMW implementation 'rmw_fastrtps_cpp' as default
[3.011s] -- Found ament_lint_auto: 0.12.12 (/opt/ros/humble/share/ament_lint_auto/cmake)
[3.384s] -- Added test 'cppcheck' to perform static code analysis on C / C++ code
[3.384s] -- Configured cppcheck include dirs: 
[3.385s] -- Configured cppcheck exclude dirs and/or files: 
[3.391s] -- Added test 'flake8' to check Python code syntax and style conventions
[3.403s] -- Added test 'lint_cmake' to check CMake code style
[3.409s] -- Added test 'pep257' to check Python code against some of the docstring style conventions in PEP 257
[3.452s] -- Added test 'uncrustify' to check C / C++ code style
[3.452s] -- Configured uncrustify additional arguments: 
[3.459s] -- Added test 'xmllint' to check XML markup files
[3.464s] -- Configuring done
[3.545s] -- Generating done
[3.569s] -- Build files have been written to: /home/carpe-bleue/ros2_ws/build/serial_package
[3.681s] [35m[1mConsolidate compiler generated dependencies of target UART_Node[0m
[3.685s] [35m[1mConsolidate compiler generated dependencies of target OdometryNode[0m
[3.772s] [ 50%] Built target UART_Node
[3.775s] [100%] Built target OdometryNode
[3.814s] Invoked command in '/home/carpe-bleue/ros2_ws/build/serial_package' returned '0': CMAKE_PREFIX_PATH=/opt/ros/humble /usr/bin/cmake --build /home/carpe-bleue/ros2_ws/build/serial_package -- -j4 -l4
[3.823s] Invoking command in '/home/carpe-bleue/ros2_ws/build/serial_package': CMAKE_PREFIX_PATH=/opt/ros/humble /usr/bin/cmake --install /home/carpe-bleue/ros2_ws/build/serial_package
[3.856s] -- Install configuration: ""
[3.858s] -- Execute custom install script
[3.860s] -- Up-to-date symlink: /home/carpe-bleue/ros2_ws/install/serial_package/lib/serial_package/UART_Node
[3.861s] -- Up-to-date symlink: /home/carpe-bleue/ros2_ws/install/serial_package/lib/serial_package/OdometryNode
[3.862s] [31mCMake Error at ament_cmake_symlink_install/ament_cmake_symlink_install.cmake:204 (message):
[3.862s]   ament_cmake_symlink_install_programs() can't find
[3.863s]   '/home/carpe-bleue/ros2_ws/src/serial_package/scr/tirette.py'
[3.863s] Call Stack (most recent call first):
[3.864s]   ament_cmake_symlink_install/ament_cmake_symlink_install.cmake:317 (ament_cmake_symlink_install_programs)
[3.866s]   cmake_install.cmake:46 (include)
[3.867s] 
[3.868s] [0m
[3.869s] Invoked command in '/home/carpe-bleue/ros2_ws/build/serial_package' returned '1': CMAKE_PREFIX_PATH=/opt/ros/humble /usr/bin/cmake --install /home/carpe-bleue/ros2_ws/build/serial_package
