[0.052s] Invoking command in '/home/carpe-bleue/ros2_ws/build/ros2_serial_msgs': CMAKE_PREFIX_PATH=/opt/ros/humble /usr/bin/cmake --build /home/carpe-bleue/ros2_ws/build/ros2_serial_msgs -- -j4 -l4
[0.211s] [35m[1mConsolidate compiler generated dependencies of target ros2_serial_msgs__rosidl_generator_c[0m
[0.246s] [  3%] Built target ros2_serial_msgs__cpp
[0.260s] [ 12%] Built target ros2_serial_msgs__rosidl_generator_c
[0.290s] [35m[1mConsolidate compiler generated dependencies of target ros2_serial_msgs__rosidl_typesupport_cpp[0m
[0.295s] [35m[1mConsolidate compiler generated dependencies of target ros2_serial_msgs__rosidl_typesupport_fastrtps_cpp[0m
[0.296s] [ 12%] Built target ament_cmake_python_copy_ros2_serial_msgs
[0.322s] [35m[1mConsolidate compiler generated dependencies of target ros2_serial_msgs__rosidl_typesupport_introspection_cpp[0m
[0.345s] [35m[1mConsolidate compiler generated dependencies of target ros2_serial_msgs__rosidl_typesupport_fastrtps_c[0m
[0.349s] [ 22%] Built target ros2_serial_msgs__rosidl_typesupport_cpp
[0.366s] [ 32%] Built target ros2_serial_msgs__rosidl_typesupport_fastrtps_cpp
[0.384s] [ 41%] Built target ros2_serial_msgs__rosidl_typesupport_introspection_cpp
[0.395s] [35m[1mConsolidate compiler generated dependencies of target ros2_serial_msgs__rosidl_typesupport_introspection_c[0m
[0.411s] [ 51%] Built target ros2_serial_msgs__rosidl_typesupport_fastrtps_c
[0.417s] [35m[1mConsolidate compiler generated dependencies of target ros2_serial_msgs__rosidl_typesupport_c[0m
[0.446s] [ 61%] Built target ros2_serial_msgs__rosidl_typesupport_introspection_c
[0.466s] [ 70%] Built target ros2_serial_msgs__rosidl_typesupport_c
[0.545s] [ 70%] Built target ros2_serial_msgs
[0.627s] [ 74%] Built target ros2_serial_msgs__py
[0.668s] [35m[1mConsolidate compiler generated dependencies of target ros2_serial_msgs__rosidl_generator_py[0m
[0.726s] [ 80%] Built target ros2_serial_msgs__rosidl_generator_py
[0.772s] [35m[1mConsolidate compiler generated dependencies of target ros2_serial_msgs__rosidl_typesupport_fastrtps_c__pyext[0m
[0.774s] [35m[1mConsolidate compiler generated dependencies of target ros2_serial_msgs__rosidl_typesupport_introspection_c__pyext[0m
[0.778s] [35m[1mConsolidate compiler generated dependencies of target ros2_serial_msgs__rosidl_typesupport_c__pyext[0m
[0.837s] [ 87%] Built target ros2_serial_msgs__rosidl_typesupport_fastrtps_c__pyext
[0.843s] [ 93%] Built target ros2_serial_msgs__rosidl_typesupport_introspection_c__pyext
[0.845s] [100%] Built target ros2_serial_msgs__rosidl_typesupport_c__pyext
[1.492s] running egg_info
[1.495s] writing ros2_serial_msgs.egg-info/PKG-INFO
[1.496s] writing dependency_links to ros2_serial_msgs.egg-info/dependency_links.txt
[1.497s] writing top-level names to ros2_serial_msgs.egg-info/top_level.txt
[1.507s] reading manifest file 'ros2_serial_msgs.egg-info/SOURCES.txt'
[1.509s] writing manifest file 'ros2_serial_msgs.egg-info/SOURCES.txt'
[1.633s] [100%] Built target ament_cmake_python_build_ros2_serial_msgs_egg
[1.672s] Invoked command in '/home/carpe-bleue/ros2_ws/build/ros2_serial_msgs' returned '0': CMAKE_PREFIX_PATH=/opt/ros/humble /usr/bin/cmake --build /home/carpe-bleue/ros2_ws/build/ros2_serial_msgs -- -j4 -l4
[2.085s] Invoking command in '/home/carpe-bleue/ros2_ws/build/ros2_serial_msgs': CMAKE_PREFIX_PATH=/opt/ros/humble /usr/bin/cmake --install /home/carpe-bleue/ros2_ws/build/ros2_serial_msgs
[2.113s] -- Install configuration: ""
[2.114s] -- Installing: /home/carpe-bleue/ros2_ws/install/ros2_serial_msgs/share/ament_index/resource_index/rosidl_interfaces/ros2_serial_msgs
[2.115s] -- Installing: /home/carpe-bleue/ros2_ws/install/ros2_serial_msgs/include/ros2_serial_msgs/ros2_serial_msgs
[2.116s] -- Installing: /home/carpe-bleue/ros2_ws/install/ros2_serial_msgs/include/ros2_serial_msgs/ros2_serial_msgs/msg
[2.116s] -- Installing: /home/carpe-bleue/ros2_ws/install/ros2_serial_msgs/include/ros2_serial_msgs/ros2_serial_msgs/msg/serial_mapping.h
[2.118s] -- Installing: /home/carpe-bleue/ros2_ws/install/ros2_serial_msgs/include/ros2_serial_msgs/ros2_serial_msgs/msg/rosidl_generator_c__visibility_control.h
[2.119s] -- Installing: /home/carpe-bleue/ros2_ws/install/ros2_serial_msgs/include/ros2_serial_msgs/ros2_serial_msgs/msg/detail
[2.119s] -- Installing: /home/carpe-bleue/ros2_ws/install/ros2_serial_msgs/include/ros2_serial_msgs/ros2_serial_msgs/msg/detail/serial_mapping__functions.h
[2.121s] -- Installing: /home/carpe-bleue/ros2_ws/install/ros2_serial_msgs/include/ros2_serial_msgs/ros2_serial_msgs/msg/detail/serial_mapping__struct.h
[2.122s] -- Installing: /home/carpe-bleue/ros2_ws/install/ros2_serial_msgs/include/ros2_serial_msgs/ros2_serial_msgs/msg/detail/serial_mapping__functions.c
[2.123s] -- Installing: /home/carpe-bleue/ros2_ws/install/ros2_serial_msgs/include/ros2_serial_msgs/ros2_serial_msgs/msg/detail/serial_mapping__type_support.h
[2.124s] -- Installing: /home/carpe-bleue/ros2_ws/install/ros2_serial_msgs/share/ros2_serial_msgs/environment/library_path.sh
[2.126s] -- Installing: /home/carpe-bleue/ros2_ws/install/ros2_serial_msgs/share/ros2_serial_msgs/environment/library_path.dsv
[2.127s] -- Installing: /home/carpe-bleue/ros2_ws/install/ros2_serial_msgs/lib/libros2_serial_msgs__rosidl_generator_c.so
[2.129s] -- Set runtime path of "/home/carpe-bleue/ros2_ws/install/ros2_serial_msgs/lib/libros2_serial_msgs__rosidl_generator_c.so" to ""
[2.130s] -- Up-to-date: /home/carpe-bleue/ros2_ws/install/ros2_serial_msgs/include/ros2_serial_msgs/ros2_serial_msgs
[2.130s] -- Up-to-date: /home/carpe-bleue/ros2_ws/install/ros2_serial_msgs/include/ros2_serial_msgs/ros2_serial_msgs/msg
[2.131s] -- Installing: /home/carpe-bleue/ros2_ws/install/ros2_serial_msgs/include/ros2_serial_msgs/ros2_serial_msgs/msg/rosidl_typesupport_fastrtps_c__visibility_control.h
[2.132s] -- Up-to-date: /home/carpe-bleue/ros2_ws/install/ros2_serial_msgs/include/ros2_serial_msgs/ros2_serial_msgs/msg/detail
[2.132s] -- Installing: /home/carpe-bleue/ros2_ws/install/ros2_serial_msgs/include/ros2_serial_msgs/ros2_serial_msgs/msg/detail/serial_mapping__rosidl_typesupport_fastrtps_c.h
[2.134s] -- Installing: /home/carpe-bleue/ros2_ws/install/ros2_serial_msgs/lib/libros2_serial_msgs__rosidl_typesupport_fastrtps_c.so
[2.137s] -- Set runtime path of "/home/carpe-bleue/ros2_ws/install/ros2_serial_msgs/lib/libros2_serial_msgs__rosidl_typesupport_fastrtps_c.so" to ""
[2.137s] -- Up-to-date: /home/carpe-bleue/ros2_ws/install/ros2_serial_msgs/include/ros2_serial_msgs/ros2_serial_msgs
[2.137s] -- Up-to-date: /home/carpe-bleue/ros2_ws/install/ros2_serial_msgs/include/ros2_serial_msgs/ros2_serial_msgs/msg
[2.138s] -- Up-to-date: /home/carpe-bleue/ros2_ws/install/ros2_serial_msgs/include/ros2_serial_msgs/ros2_serial_msgs/msg/detail
[2.138s] -- Installing: /home/carpe-bleue/ros2_ws/install/ros2_serial_msgs/include/ros2_serial_msgs/ros2_serial_msgs/msg/detail/serial_mapping__type_support.c
[2.139s] -- Installing: /home/carpe-bleue/ros2_ws/install/ros2_serial_msgs/include/ros2_serial_msgs/ros2_serial_msgs/msg/detail/serial_mapping__rosidl_typesupport_introspection_c.h
[2.141s] -- Installing: /home/carpe-bleue/ros2_ws/install/ros2_serial_msgs/include/ros2_serial_msgs/ros2_serial_msgs/msg/rosidl_typesupport_introspection_c__visibility_control.h
[2.142s] -- Installing: /home/carpe-bleue/ros2_ws/install/ros2_serial_msgs/lib/libros2_serial_msgs__rosidl_typesupport_introspection_c.so
[2.144s] -- Set runtime path of "/home/carpe-bleue/ros2_ws/install/ros2_serial_msgs/lib/libros2_serial_msgs__rosidl_typesupport_introspection_c.so" to ""
[2.145s] -- Installing: /home/carpe-bleue/ros2_ws/install/ros2_serial_msgs/lib/libros2_serial_msgs__rosidl_typesupport_c.so
[2.147s] -- Set runtime path of "/home/carpe-bleue/ros2_ws/install/ros2_serial_msgs/lib/libros2_serial_msgs__rosidl_typesupport_c.so" to ""
[2.148s] -- Up-to-date: /home/carpe-bleue/ros2_ws/install/ros2_serial_msgs/include/ros2_serial_msgs/ros2_serial_msgs
[2.148s] -- Up-to-date: /home/carpe-bleue/ros2_ws/install/ros2_serial_msgs/include/ros2_serial_msgs/ros2_serial_msgs/msg
[2.148s] -- Installing: /home/carpe-bleue/ros2_ws/install/ros2_serial_msgs/include/ros2_serial_msgs/ros2_serial_msgs/msg/serial_mapping.hpp
[2.149s] -- Up-to-date: /home/carpe-bleue/ros2_ws/install/ros2_serial_msgs/include/ros2_serial_msgs/ros2_serial_msgs/msg/detail
[2.150s] -- Installing: /home/carpe-bleue/ros2_ws/install/ros2_serial_msgs/include/ros2_serial_msgs/ros2_serial_msgs/msg/detail/serial_mapping__traits.hpp
[2.151s] -- Installing: /home/carpe-bleue/ros2_ws/install/ros2_serial_msgs/include/ros2_serial_msgs/ros2_serial_msgs/msg/detail/serial_mapping__builder.hpp
[2.152s] -- Installing: /home/carpe-bleue/ros2_ws/install/ros2_serial_msgs/include/ros2_serial_msgs/ros2_serial_msgs/msg/detail/serial_mapping__struct.hpp
[2.153s] -- Up-to-date: /home/carpe-bleue/ros2_ws/install/ros2_serial_msgs/include/ros2_serial_msgs/ros2_serial_msgs
[2.154s] -- Up-to-date: /home/carpe-bleue/ros2_ws/install/ros2_serial_msgs/include/ros2_serial_msgs/ros2_serial_msgs/msg
[2.154s] -- Installing: /home/carpe-bleue/ros2_ws/install/ros2_serial_msgs/include/ros2_serial_msgs/ros2_serial_msgs/msg/rosidl_typesupport_fastrtps_cpp__visibility_control.h
[2.155s] -- Up-to-date: /home/carpe-bleue/ros2_ws/install/ros2_serial_msgs/include/ros2_serial_msgs/ros2_serial_msgs/msg/detail
[2.156s] -- Installing: /home/carpe-bleue/ros2_ws/install/ros2_serial_msgs/include/ros2_serial_msgs/ros2_serial_msgs/msg/detail/serial_mapping__rosidl_typesupport_fastrtps_cpp.hpp
[2.157s] -- Installing: /home/carpe-bleue/ros2_ws/install/ros2_serial_msgs/include/ros2_serial_msgs/ros2_serial_msgs/msg/detail/dds_fastrtps
[2.158s] -- Installing: /home/carpe-bleue/ros2_ws/install/ros2_serial_msgs/lib/libros2_serial_msgs__rosidl_typesupport_fastrtps_cpp.so
[2.161s] -- Set runtime path of "/home/carpe-bleue/ros2_ws/install/ros2_serial_msgs/lib/libros2_serial_msgs__rosidl_typesupport_fastrtps_cpp.so" to ""
[2.162s] -- Up-to-date: /home/carpe-bleue/ros2_ws/install/ros2_serial_msgs/include/ros2_serial_msgs/ros2_serial_msgs
[2.162s] -- Up-to-date: /home/carpe-bleue/ros2_ws/install/ros2_serial_msgs/include/ros2_serial_msgs/ros2_serial_msgs/msg
[2.162s] -- Up-to-date: /home/carpe-bleue/ros2_ws/install/ros2_serial_msgs/include/ros2_serial_msgs/ros2_serial_msgs/msg/detail
[2.163s] -- Installing: /home/carpe-bleue/ros2_ws/install/ros2_serial_msgs/include/ros2_serial_msgs/ros2_serial_msgs/msg/detail/serial_mapping__type_support.cpp
[2.164s] -- Installing: /home/carpe-bleue/ros2_ws/install/ros2_serial_msgs/include/ros2_serial_msgs/ros2_serial_msgs/msg/detail/serial_mapping__rosidl_typesupport_introspection_cpp.hpp
[2.166s] -- Installing: /home/carpe-bleue/ros2_ws/install/ros2_serial_msgs/lib/libros2_serial_msgs__rosidl_typesupport_introspection_cpp.so
[2.169s] -- Set runtime path of "/home/carpe-bleue/ros2_ws/install/ros2_serial_msgs/lib/libros2_serial_msgs__rosidl_typesupport_introspection_cpp.so" to ""
[2.169s] -- Installing: /home/carpe-bleue/ros2_ws/install/ros2_serial_msgs/lib/libros2_serial_msgs__rosidl_typesupport_cpp.so
[2.172s] -- Set runtime path of "/home/carpe-bleue/ros2_ws/install/ros2_serial_msgs/lib/libros2_serial_msgs__rosidl_typesupport_cpp.so" to ""
[2.172s] -- Installing: /home/carpe-bleue/ros2_ws/install/ros2_serial_msgs/share/ros2_serial_msgs/environment/pythonpath.sh
[2.173s] -- Installing: /home/carpe-bleue/ros2_ws/install/ros2_serial_msgs/share/ros2_serial_msgs/environment/pythonpath.dsv
[2.174s] -- Installing: /home/carpe-bleue/ros2_ws/install/ros2_serial_msgs/local/lib/python3.10/dist-packages/ros2_serial_msgs-0.0.0-py3.10.egg-info
[2.175s] -- Installing: /home/carpe-bleue/ros2_ws/install/ros2_serial_msgs/local/lib/python3.10/dist-packages/ros2_serial_msgs-0.0.0-py3.10.egg-info/PKG-INFO
[2.176s] -- Installing: /home/carpe-bleue/ros2_ws/install/ros2_serial_msgs/local/lib/python3.10/dist-packages/ros2_serial_msgs-0.0.0-py3.10.egg-info/top_level.txt
[2.177s] -- Installing: /home/carpe-bleue/ros2_ws/install/ros2_serial_msgs/local/lib/python3.10/dist-packages/ros2_serial_msgs-0.0.0-py3.10.egg-info/SOURCES.txt
[2.179s] -- Installing: /home/carpe-bleue/ros2_ws/install/ros2_serial_msgs/local/lib/python3.10/dist-packages/ros2_serial_msgs-0.0.0-py3.10.egg-info/dependency_links.txt
[2.180s] -- Installing: /home/carpe-bleue/ros2_ws/install/ros2_serial_msgs/local/lib/python3.10/dist-packages/ros2_serial_msgs
[2.181s] -- Installing: /home/carpe-bleue/ros2_ws/install/ros2_serial_msgs/local/lib/python3.10/dist-packages/ros2_serial_msgs/__init__.py
[2.182s] -- Installing: /home/carpe-bleue/ros2_ws/install/ros2_serial_msgs/local/lib/python3.10/dist-packages/ros2_serial_msgs/libros2_serial_msgs__rosidl_generator_py.so
[2.183s] -- Installing: /home/carpe-bleue/ros2_ws/install/ros2_serial_msgs/local/lib/python3.10/dist-packages/ros2_serial_msgs/ros2_serial_msgs_s__rosidl_typesupport_fastrtps_c.cpython-310-aarch64-linux-gnu.so
[2.184s] -- Installing: /home/carpe-bleue/ros2_ws/install/ros2_serial_msgs/local/lib/python3.10/dist-packages/ros2_serial_msgs/_ros2_serial_msgs_s.ep.rosidl_typesupport_introspection_c.c
[2.186s] -- Installing: /home/carpe-bleue/ros2_ws/install/ros2_serial_msgs/local/lib/python3.10/dist-packages/ros2_serial_msgs/ros2_serial_msgs_s__rosidl_typesupport_introspection_c.cpython-310-aarch64-linux-gnu.so
[2.187s] -- Installing: /home/carpe-bleue/ros2_ws/install/ros2_serial_msgs/local/lib/python3.10/dist-packages/ros2_serial_msgs/msg
[2.188s] -- Installing: /home/carpe-bleue/ros2_ws/install/ros2_serial_msgs/local/lib/python3.10/dist-packages/ros2_serial_msgs/msg/__init__.py
[2.189s] -- Installing: /home/carpe-bleue/ros2_ws/install/ros2_serial_msgs/local/lib/python3.10/dist-packages/ros2_serial_msgs/msg/_serial_mapping.py
[2.190s] -- Installing: /home/carpe-bleue/ros2_ws/install/ros2_serial_msgs/local/lib/python3.10/dist-packages/ros2_serial_msgs/msg/_serial_mapping_s.c
[2.191s] -- Installing: /home/carpe-bleue/ros2_ws/install/ros2_serial_msgs/local/lib/python3.10/dist-packages/ros2_serial_msgs/_ros2_serial_msgs_s.ep.rosidl_typesupport_c.c
[2.193s] -- Installing: /home/carpe-bleue/ros2_ws/install/ros2_serial_msgs/local/lib/python3.10/dist-packages/ros2_serial_msgs/ros2_serial_msgs_s__rosidl_typesupport_c.cpython-310-aarch64-linux-gnu.so
[2.194s] -- Installing: /home/carpe-bleue/ros2_ws/install/ros2_serial_msgs/local/lib/python3.10/dist-packages/ros2_serial_msgs/_ros2_serial_msgs_s.ep.rosidl_typesupport_fastrtps_c.c
[2.336s] Listing '/home/carpe-bleue/ros2_ws/install/ros2_serial_msgs/local/lib/python3.10/dist-packages/ros2_serial_msgs'...
[2.337s] Compiling '/home/carpe-bleue/ros2_ws/install/ros2_serial_msgs/local/lib/python3.10/dist-packages/ros2_serial_msgs/__init__.py'...
[2.338s] Listing '/home/carpe-bleue/ros2_ws/install/ros2_serial_msgs/local/lib/python3.10/dist-packages/ros2_serial_msgs/msg'...
[2.339s] Compiling '/home/carpe-bleue/ros2_ws/install/ros2_serial_msgs/local/lib/python3.10/dist-packages/ros2_serial_msgs/msg/__init__.py'...
[2.340s] Compiling '/home/carpe-bleue/ros2_ws/install/ros2_serial_msgs/local/lib/python3.10/dist-packages/ros2_serial_msgs/msg/_serial_mapping.py'...
[2.361s] -- Installing: /home/carpe-bleue/ros2_ws/install/ros2_serial_msgs/local/lib/python3.10/dist-packages/ros2_serial_msgs/ros2_serial_msgs_s__rosidl_typesupport_fastrtps_c.cpython-310-aarch64-linux-gnu.so
[2.364s] -- Set runtime path of "/home/carpe-bleue/ros2_ws/install/ros2_serial_msgs/local/lib/python3.10/dist-packages/ros2_serial_msgs/ros2_serial_msgs_s__rosidl_typesupport_fastrtps_c.cpython-310-aarch64-linux-gnu.so" to ""
[2.365s] -- Installing: /home/carpe-bleue/ros2_ws/install/ros2_serial_msgs/local/lib/python3.10/dist-packages/ros2_serial_msgs/ros2_serial_msgs_s__rosidl_typesupport_introspection_c.cpython-310-aarch64-linux-gnu.so
[2.368s] -- Set runtime path of "/home/carpe-bleue/ros2_ws/install/ros2_serial_msgs/local/lib/python3.10/dist-packages/ros2_serial_msgs/ros2_serial_msgs_s__rosidl_typesupport_introspection_c.cpython-310-aarch64-linux-gnu.so" to ""
[2.369s] -- Installing: /home/carpe-bleue/ros2_ws/install/ros2_serial_msgs/local/lib/python3.10/dist-packages/ros2_serial_msgs/ros2_serial_msgs_s__rosidl_typesupport_c.cpython-310-aarch64-linux-gnu.so
[2.373s] -- Set runtime path of "/home/carpe-bleue/ros2_ws/install/ros2_serial_msgs/local/lib/python3.10/dist-packages/ros2_serial_msgs/ros2_serial_msgs_s__rosidl_typesupport_c.cpython-310-aarch64-linux-gnu.so" to ""
[2.373s] -- Installing: /home/carpe-bleue/ros2_ws/install/ros2_serial_msgs/lib/libros2_serial_msgs__rosidl_generator_py.so
[2.376s] -- Set runtime path of "/home/carpe-bleue/ros2_ws/install/ros2_serial_msgs/lib/libros2_serial_msgs__rosidl_generator_py.so" to ""
[2.377s] -- Installing: /home/carpe-bleue/ros2_ws/install/ros2_serial_msgs/share/ros2_serial_msgs/msg/SerialMapping.idl
[2.378s] -- Installing: /home/carpe-bleue/ros2_ws/install/ros2_serial_msgs/share/ros2_serial_msgs/msg/SerialMapping.msg
[2.380s] -- Installing: /home/carpe-bleue/ros2_ws/install/ros2_serial_msgs/share/ament_index/resource_index/package_run_dependencies/ros2_serial_msgs
[2.382s] -- Installing: /home/carpe-bleue/ros2_ws/install/ros2_serial_msgs/share/ament_index/resource_index/parent_prefix_path/ros2_serial_msgs
[2.383s] -- Installing: /home/carpe-bleue/ros2_ws/install/ros2_serial_msgs/share/ros2_serial_msgs/environment/ament_prefix_path.sh
[2.384s] -- Installing: /home/carpe-bleue/ros2_ws/install/ros2_serial_msgs/share/ros2_serial_msgs/environment/ament_prefix_path.dsv
[2.385s] -- Installing: /home/carpe-bleue/ros2_ws/install/ros2_serial_msgs/share/ros2_serial_msgs/environment/path.sh
[2.386s] -- Installing: /home/carpe-bleue/ros2_ws/install/ros2_serial_msgs/share/ros2_serial_msgs/environment/path.dsv
[2.387s] -- Installing: /home/carpe-bleue/ros2_ws/install/ros2_serial_msgs/share/ros2_serial_msgs/local_setup.bash
[2.389s] -- Installing: /home/carpe-bleue/ros2_ws/install/ros2_serial_msgs/share/ros2_serial_msgs/local_setup.sh
[2.390s] -- Installing: /home/carpe-bleue/ros2_ws/install/ros2_serial_msgs/share/ros2_serial_msgs/local_setup.zsh
[2.391s] -- Installing: /home/carpe-bleue/ros2_ws/install/ros2_serial_msgs/share/ros2_serial_msgs/local_setup.dsv
[2.392s] -- Installing: /home/carpe-bleue/ros2_ws/install/ros2_serial_msgs/share/ros2_serial_msgs/package.dsv
[2.393s] -- Installing: /home/carpe-bleue/ros2_ws/install/ros2_serial_msgs/share/ament_index/resource_index/packages/ros2_serial_msgs
[2.395s] -- Installing: /home/carpe-bleue/ros2_ws/install/ros2_serial_msgs/share/ros2_serial_msgs/cmake/export_ros2_serial_msgs__rosidl_generator_cExport.cmake
[2.396s] -- Installing: /home/carpe-bleue/ros2_ws/install/ros2_serial_msgs/share/ros2_serial_msgs/cmake/export_ros2_serial_msgs__rosidl_generator_cExport-noconfig.cmake
[2.398s] -- Installing: /home/carpe-bleue/ros2_ws/install/ros2_serial_msgs/share/ros2_serial_msgs/cmake/export_ros2_serial_msgs__rosidl_typesupport_fastrtps_cExport.cmake
[2.399s] -- Installing: /home/carpe-bleue/ros2_ws/install/ros2_serial_msgs/share/ros2_serial_msgs/cmake/export_ros2_serial_msgs__rosidl_typesupport_fastrtps_cExport-noconfig.cmake
[2.401s] -- Installing: /home/carpe-bleue/ros2_ws/install/ros2_serial_msgs/share/ros2_serial_msgs/cmake/ros2_serial_msgs__rosidl_typesupport_introspection_cExport.cmake
[2.402s] -- Installing: /home/carpe-bleue/ros2_ws/install/ros2_serial_msgs/share/ros2_serial_msgs/cmake/ros2_serial_msgs__rosidl_typesupport_introspection_cExport-noconfig.cmake
[2.404s] -- Installing: /home/carpe-bleue/ros2_ws/install/ros2_serial_msgs/share/ros2_serial_msgs/cmake/ros2_serial_msgs__rosidl_typesupport_cExport.cmake
[2.405s] -- Installing: /home/carpe-bleue/ros2_ws/install/ros2_serial_msgs/share/ros2_serial_msgs/cmake/ros2_serial_msgs__rosidl_typesupport_cExport-noconfig.cmake
[2.407s] -- Installing: /home/carpe-bleue/ros2_ws/install/ros2_serial_msgs/share/ros2_serial_msgs/cmake/export_ros2_serial_msgs__rosidl_generator_cppExport.cmake
[2.408s] -- Installing: /home/carpe-bleue/ros2_ws/install/ros2_serial_msgs/share/ros2_serial_msgs/cmake/export_ros2_serial_msgs__rosidl_typesupport_fastrtps_cppExport.cmake
[2.410s] -- Installing: /home/carpe-bleue/ros2_ws/install/ros2_serial_msgs/share/ros2_serial_msgs/cmake/export_ros2_serial_msgs__rosidl_typesupport_fastrtps_cppExport-noconfig.cmake
[2.411s] -- Installing: /home/carpe-bleue/ros2_ws/install/ros2_serial_msgs/share/ros2_serial_msgs/cmake/ros2_serial_msgs__rosidl_typesupport_introspection_cppExport.cmake
[2.413s] -- Installing: /home/carpe-bleue/ros2_ws/install/ros2_serial_msgs/share/ros2_serial_msgs/cmake/ros2_serial_msgs__rosidl_typesupport_introspection_cppExport-noconfig.cmake
[2.414s] -- Installing: /home/carpe-bleue/ros2_ws/install/ros2_serial_msgs/share/ros2_serial_msgs/cmake/ros2_serial_msgs__rosidl_typesupport_cppExport.cmake
[2.416s] -- Installing: /home/carpe-bleue/ros2_ws/install/ros2_serial_msgs/share/ros2_serial_msgs/cmake/ros2_serial_msgs__rosidl_typesupport_cppExport-noconfig.cmake
[2.417s] -- Installing: /home/carpe-bleue/ros2_ws/install/ros2_serial_msgs/share/ros2_serial_msgs/cmake/export_ros2_serial_msgs__rosidl_generator_pyExport.cmake
[2.418s] -- Installing: /home/carpe-bleue/ros2_ws/install/ros2_serial_msgs/share/ros2_serial_msgs/cmake/export_ros2_serial_msgs__rosidl_generator_pyExport-noconfig.cmake
[2.420s] -- Installing: /home/carpe-bleue/ros2_ws/install/ros2_serial_msgs/share/ros2_serial_msgs/cmake/rosidl_cmake-extras.cmake
[2.421s] -- Installing: /home/carpe-bleue/ros2_ws/install/ros2_serial_msgs/share/ros2_serial_msgs/cmake/ament_cmake_export_include_directories-extras.cmake
[2.422s] -- Installing: /home/carpe-bleue/ros2_ws/install/ros2_serial_msgs/share/ros2_serial_msgs/cmake/ament_cmake_export_libraries-extras.cmake
[2.424s] -- Installing: /home/carpe-bleue/ros2_ws/install/ros2_serial_msgs/share/ros2_serial_msgs/cmake/ament_cmake_export_targets-extras.cmake
[2.425s] -- Installing: /home/carpe-bleue/ros2_ws/install/ros2_serial_msgs/share/ros2_serial_msgs/cmake/rosidl_cmake_export_typesupport_targets-extras.cmake
[2.426s] -- Installing: /home/carpe-bleue/ros2_ws/install/ros2_serial_msgs/share/ros2_serial_msgs/cmake/ament_cmake_export_dependencies-extras.cmake
[2.428s] -- Installing: /home/carpe-bleue/ros2_ws/install/ros2_serial_msgs/share/ros2_serial_msgs/cmake/rosidl_cmake_export_typesupport_libraries-extras.cmake
[2.429s] -- Installing: /home/carpe-bleue/ros2_ws/install/ros2_serial_msgs/share/ros2_serial_msgs/cmake/ros2_serial_msgsConfig.cmake
[2.430s] -- Installing: /home/carpe-bleue/ros2_ws/install/ros2_serial_msgs/share/ros2_serial_msgs/cmake/ros2_serial_msgsConfig-version.cmake
[2.431s] -- Installing: /home/carpe-bleue/ros2_ws/install/ros2_serial_msgs/share/ros2_serial_msgs/package.xml
[2.438s] Invoked command in '/home/carpe-bleue/ros2_ws/build/ros2_serial_msgs' returned '0': CMAKE_PREFIX_PATH=/opt/ros/humble /usr/bin/cmake --install /home/carpe-bleue/ros2_ws/build/ros2_serial_msgs
