[0.051s] Invoking command in '/home/carpe-bleue/ros2_ws/build/serial_package': CMAKE_PREFIX_PATH=${CMAKE_PREFIX_PATH}:/home/carpe-bleue/ros2_ws/install/lidar_vl53l1x_processing:/opt/ros/humble /usr/bin/cmake --build /home/carpe-bleue/ros2_ws/build/serial_package -- -j4 -l4
[0.214s] Invoked command in '/home/carpe-bleue/ros2_ws/build/serial_package' returned '0': CMAKE_PREFIX_PATH=${CMAKE_PREFIX_PATH}:/home/carpe-bleue/ros2_ws/install/lidar_vl53l1x_processing:/opt/ros/humble /usr/bin/cmake --build /home/carpe-bleue/ros2_ws/build/serial_package -- -j4 -l4
[0.377s] Invoking command in '/home/carpe-bleue/ros2_ws/build/serial_package': CMAKE_PREFIX_PATH=${CMAKE_PREFIX_PATH}:/home/carpe-bleue/ros2_ws/install/lidar_vl53l1x_processing:/opt/ros/humble /usr/bin/cmake --install /home/carpe-bleue/ros2_ws/build/serial_package
[0.407s] -- Install configuration: ""
[0.407s] -- Up-to-date: /home/carpe-bleue/ros2_ws/install/serial_package/lib/serial_package/serial_node.py
[0.408s] -- Up-to-date: /home/carpe-bleue/ros2_ws/install/serial_package/lib/serial_package/serial_node_2.py
[0.408s] -- Up-to-date: /home/carpe-bleue/ros2_ws/install/serial_package/lib/serial_package/serial_node_3.py
[0.409s] -- Up-to-date: /home/carpe-bleue/ros2_ws/install/serial_package/lib/serial_package/serial_node_4.py
[0.409s] -- Up-to-date: /home/carpe-bleue/ros2_ws/install/serial_package/lib/serial_package/test_uart_lidar.py
[0.409s] -- Up-to-date: /home/carpe-bleue/ros2_ws/install/serial_package/lib/serial_package/test_uart_lidar2.py
[0.410s] -- Up-to-date: /home/carpe-bleue/ros2_ws/install/serial_package/share/ament_index/resource_index/package_run_dependencies/serial_package
[0.410s] -- Up-to-date: /home/carpe-bleue/ros2_ws/install/serial_package/share/ament_index/resource_index/parent_prefix_path/serial_package
[0.411s] -- Up-to-date: /home/carpe-bleue/ros2_ws/install/serial_package/share/serial_package/environment/ament_prefix_path.sh
[0.411s] -- Up-to-date: /home/carpe-bleue/ros2_ws/install/serial_package/share/serial_package/environment/ament_prefix_path.dsv
[0.412s] -- Up-to-date: /home/carpe-bleue/ros2_ws/install/serial_package/share/serial_package/environment/path.sh
[0.412s] -- Up-to-date: /home/carpe-bleue/ros2_ws/install/serial_package/share/serial_package/environment/path.dsv
[0.413s] -- Up-to-date: /home/carpe-bleue/ros2_ws/install/serial_package/share/serial_package/local_setup.bash
[0.413s] -- Up-to-date: /home/carpe-bleue/ros2_ws/install/serial_package/share/serial_package/local_setup.sh
[0.413s] -- Up-to-date: /home/carpe-bleue/ros2_ws/install/serial_package/share/serial_package/local_setup.zsh
[0.414s] -- Up-to-date: /home/carpe-bleue/ros2_ws/install/serial_package/share/serial_package/local_setup.dsv
[0.414s] -- Installing: /home/carpe-bleue/ros2_ws/install/serial_package/share/serial_package/package.dsv
[0.414s] -- Up-to-date: /home/carpe-bleue/ros2_ws/install/serial_package/share/ament_index/resource_index/packages/serial_package
[0.415s] -- Up-to-date: /home/carpe-bleue/ros2_ws/install/serial_package/share/serial_package/cmake/serial_packageConfig.cmake
[0.415s] -- Up-to-date: /home/carpe-bleue/ros2_ws/install/serial_package/share/serial_package/cmake/serial_packageConfig-version.cmake
[0.415s] -- Up-to-date: /home/carpe-bleue/ros2_ws/install/serial_package/share/serial_package/package.xml
[0.421s] Invoked command in '/home/carpe-bleue/ros2_ws/build/serial_package' returned '0': CMAKE_PREFIX_PATH=${CMAKE_PREFIX_PATH}:/home/carpe-bleue/ros2_ws/install/lidar_vl53l1x_processing:/opt/ros/humble /usr/bin/cmake --install /home/carpe-bleue/ros2_ws/build/serial_package
