[0.071s] Invoking command in '/home/carpe-bleue/ros2_ws/build/serial_package': CMAKE_PREFIX_PATH=${CMAKE_PREFIX_PATH}:/home/carpe-bleue/ros2_ws/install/lidar_vl53l1x_processing:/opt/ros/humble /usr/bin/cmake --build /home/carpe-bleue/ros2_ws/build/serial_package -- -j4 -l4
[0.193s] -- Found ament_cmake: 1.3.11 (/opt/ros/humble/share/ament_cmake/cmake)
[0.844s] -- Override CMake install command with custom implementation using symlinks instead of copying resources
[0.915s] -- Found rclpy: 3.3.15 (/opt/ros/humble/share/rclpy/cmake)
[0.917s] -- Found sensor_msgs: 4.2.4 (/opt/ros/humble/share/sensor_msgs/cmake)
[1.111s] -- Found rosidl_generator_c: 3.1.6 (/opt/ros/humble/share/rosidl_generator_c/cmake)
[1.127s] -- Found rosidl_adapter: 3.1.6 (/opt/ros/humble/share/rosidl_adapter/cmake)
[1.162s] -- Found rosidl_generator_cpp: 3.1.6 (/opt/ros/humble/share/rosidl_generator_cpp/cmake)
[1.217s] -- Using all available rosidl_typesupport_c: rosidl_typesupport_fastrtps_c;rosidl_typesupport_introspection_c
[1.284s] -- Using all available rosidl_typesupport_cpp: rosidl_typesupport_fastrtps_cpp;rosidl_typesupport_introspection_cpp
[1.553s] -- Found ament_lint_auto: 0.12.11 (/opt/ros/humble/share/ament_lint_auto/cmake)
[1.906s] -- Added test 'flake8' to check Python code syntax and style conventions
[1.911s] -- Added test 'lint_cmake' to check CMake code style
[1.915s] -- Added test 'pep257' to check Python code against some of the docstring style conventions in PEP 257
[1.935s] -- Added test 'xmllint' to check XML markup files
[1.942s] -- Configuring done
[1.984s] -- Generating done
[1.996s] -- Build files have been written to: /home/carpe-bleue/ros2_ws/build/serial_package
[2.085s] Invoked command in '/home/carpe-bleue/ros2_ws/build/serial_package' returned '0': CMAKE_PREFIX_PATH=${CMAKE_PREFIX_PATH}:/home/carpe-bleue/ros2_ws/install/lidar_vl53l1x_processing:/opt/ros/humble /usr/bin/cmake --build /home/carpe-bleue/ros2_ws/build/serial_package -- -j4 -l4
[2.093s] Invoking command in '/home/carpe-bleue/ros2_ws/build/serial_package': CMAKE_PREFIX_PATH=${CMAKE_PREFIX_PATH}:/home/carpe-bleue/ros2_ws/install/lidar_vl53l1x_processing:/opt/ros/humble /usr/bin/cmake --install /home/carpe-bleue/ros2_ws/build/serial_package
[2.118s] -- Install configuration: ""
[2.120s] -- Execute custom install script
[2.121s] -- Up-to-date symlink: /home/carpe-bleue/ros2_ws/install/serial_package/lib/serial_package/serial_node.py
[2.122s] -- Up-to-date symlink: /home/carpe-bleue/ros2_ws/install/serial_package/lib/serial_package/serial_node_2.py
[2.123s] -- Up-to-date symlink: /home/carpe-bleue/ros2_ws/install/serial_package/lib/serial_package/serial_node_3.py
[2.124s] -- Up-to-date symlink: /home/carpe-bleue/ros2_ws/install/serial_package/lib/serial_package/serial_node_4.py
[2.124s] -- Up-to-date symlink: /home/carpe-bleue/ros2_ws/install/serial_package/lib/serial_package/serial_node_5.py
[2.125s] -- Up-to-date symlink: /home/carpe-bleue/ros2_ws/install/serial_package/lib/serial_package/serial_node_6.py
[2.125s] -- Up-to-date symlink: /home/carpe-bleue/ros2_ws/install/serial_package/lib/serial_package/test_uart_lidar.py
[2.126s] -- Up-to-date symlink: /home/carpe-bleue/ros2_ws/install/serial_package/lib/serial_package/test_uart_lidar2.py
[2.127s] -- Symlinking: /home/carpe-bleue/ros2_ws/install/serial_package/lib/serial_package/launch_serial_lidar.py
[2.160s] -- Up-to-date symlink: /home/carpe-bleue/ros2_ws/install/serial_package/share/ament_index/resource_index/package_run_dependencies/serial_package
[2.161s] -- Up-to-date symlink: /home/carpe-bleue/ros2_ws/install/serial_package/share/ament_index/resource_index/parent_prefix_path/serial_package
[2.162s] -- Up-to-date symlink: /home/carpe-bleue/ros2_ws/install/serial_package/share/serial_package/environment/ament_prefix_path.sh
[2.163s] -- Up-to-date symlink: /home/carpe-bleue/ros2_ws/install/serial_package/share/serial_package/environment/ament_prefix_path.dsv
[2.164s] -- Up-to-date symlink: /home/carpe-bleue/ros2_ws/install/serial_package/share/serial_package/environment/path.sh
[2.165s] -- Up-to-date symlink: /home/carpe-bleue/ros2_ws/install/serial_package/share/serial_package/environment/path.dsv
[2.166s] -- Up-to-date symlink: /home/carpe-bleue/ros2_ws/install/serial_package/share/serial_package/local_setup.bash
[2.167s] -- Up-to-date symlink: /home/carpe-bleue/ros2_ws/install/serial_package/share/serial_package/local_setup.sh
[2.168s] -- Up-to-date symlink: /home/carpe-bleue/ros2_ws/install/serial_package/share/serial_package/local_setup.zsh
[2.169s] -- Up-to-date symlink: /home/carpe-bleue/ros2_ws/install/serial_package/share/serial_package/local_setup.dsv
[2.169s] -- Symlinking: /home/carpe-bleue/ros2_ws/install/serial_package/share/serial_package/package.dsv
[2.204s] -- Up-to-date symlink: /home/carpe-bleue/ros2_ws/install/serial_package/share/ament_index/resource_index/packages/serial_package
[2.205s] -- Up-to-date symlink: /home/carpe-bleue/ros2_ws/install/serial_package/share/serial_package/cmake/serial_packageConfig.cmake
[2.206s] -- Up-to-date symlink: /home/carpe-bleue/ros2_ws/install/serial_package/share/serial_package/cmake/serial_packageConfig-version.cmake
[2.207s] -- Up-to-date symlink: /home/carpe-bleue/ros2_ws/install/serial_package/share/serial_package/package.xml
[2.214s] Invoked command in '/home/carpe-bleue/ros2_ws/build/serial_package' returned '0': CMAKE_PREFIX_PATH=${CMAKE_PREFIX_PATH}:/home/carpe-bleue/ros2_ws/install/lidar_vl53l1x_processing:/opt/ros/humble /usr/bin/cmake --install /home/carpe-bleue/ros2_ws/build/serial_package
