[0.052s] Invoking command in '/home/carpe-bleue/ydlidar_ros2_ws/build/ydlidar_ros2_driver': CMAKE_PREFIX_PATH=${CMAKE_PREFIX_PATH}:/home/carpe-bleue/ros2_ws/install/lidar_vl53l1x_processing:/opt/ros/humble /usr/bin/cmake --build /home/carpe-bleue/ydlidar_ros2_ws/build/ydlidar_ros2_driver -- -j4 -l4
[0.455s] [ 50%] Built target ydlidar_ros2_driver_client
[0.457s] [100%] Built target ydlidar_ros2_driver_node
[0.496s] Invoked command in '/home/carpe-bleue/ydlidar_ros2_ws/build/ydlidar_ros2_driver' returned '0': CMAKE_PREFIX_PATH=${CMAKE_PREFIX_PATH}:/home/carpe-bleue/ros2_ws/install/lidar_vl53l1x_processing:/opt/ros/humble /usr/bin/cmake --build /home/carpe-bleue/ydlidar_ros2_ws/build/ydlidar_ros2_driver -- -j4 -l4
[0.702s] Invoking command in '/home/carpe-bleue/ydlidar_ros2_ws/build/ydlidar_ros2_driver': CMAKE_PREFIX_PATH=${CMAKE_PREFIX_PATH}:/home/carpe-bleue/ros2_ws/install/lidar_vl53l1x_processing:/opt/ros/humble /usr/bin/cmake --install /home/carpe-bleue/ydlidar_ros2_ws/build/ydlidar_ros2_driver
[0.730s] -- Install configuration: ""
[0.734s] -- Execute custom install script
[0.738s] -- Up-to-date symlink: /home/carpe-bleue/ydlidar_ros2_ws/install/ydlidar_ros2_driver/lib/ydlidar_ros2_driver/ydlidar_ros2_driver_node
[0.740s] -- Up-to-date symlink: /home/carpe-bleue/ydlidar_ros2_ws/install/ydlidar_ros2_driver/lib/ydlidar_ros2_driver/ydlidar_ros2_driver_client
[0.743s] -- Up-to-date symlink: /home/carpe-bleue/ydlidar_ros2_ws/install/ydlidar_ros2_driver/share/ydlidar_ros2_driver/launch/ydlidar.py
[0.745s] -- Up-to-date symlink: /home/carpe-bleue/ydlidar_ros2_ws/install/ydlidar_ros2_driver/share/ydlidar_ros2_driver/launch/ydlidar_launch.py
[0.746s] -- Up-to-date symlink: /home/carpe-bleue/ydlidar_ros2_ws/install/ydlidar_ros2_driver/share/ydlidar_ros2_driver/launch/ydlidar_launch_view.py
[0.750s] -- Up-to-date symlink: /home/carpe-bleue/ydlidar_ros2_ws/install/ydlidar_ros2_driver/share/ydlidar_ros2_driver/params/G1.yaml
[0.751s] -- Up-to-date symlink: /home/carpe-bleue/ydlidar_ros2_ws/install/ydlidar_ros2_driver/share/ydlidar_ros2_driver/params/G2.yaml
[0.752s] -- Up-to-date symlink: /home/carpe-bleue/ydlidar_ros2_ws/install/ydlidar_ros2_driver/share/ydlidar_ros2_driver/params/G6.yaml
[0.754s] -- Up-to-date symlink: /home/carpe-bleue/ydlidar_ros2_ws/install/ydlidar_ros2_driver/share/ydlidar_ros2_driver/params/GS2.yaml
[0.755s] -- Up-to-date symlink: /home/carpe-bleue/ydlidar_ros2_ws/install/ydlidar_ros2_driver/share/ydlidar_ros2_driver/params/TEA.yaml
[0.756s] -- Up-to-date symlink: /home/carpe-bleue/ydlidar_ros2_ws/install/ydlidar_ros2_driver/share/ydlidar_ros2_driver/params/TG.yaml
[0.758s] -- Up-to-date symlink: /home/carpe-bleue/ydlidar_ros2_ws/install/ydlidar_ros2_driver/share/ydlidar_ros2_driver/params/TminiPro.yaml
[0.759s] -- Up-to-date symlink: /home/carpe-bleue/ydlidar_ros2_ws/install/ydlidar_ros2_driver/share/ydlidar_ros2_driver/params/X2.yaml
[0.761s] -- Up-to-date symlink: /home/carpe-bleue/ydlidar_ros2_ws/install/ydlidar_ros2_driver/share/ydlidar_ros2_driver/params/X4-Pro.yaml
[0.762s] -- Up-to-date symlink: /home/carpe-bleue/ydlidar_ros2_ws/install/ydlidar_ros2_driver/share/ydlidar_ros2_driver/params/X4.yaml
[0.763s] -- Up-to-date symlink: /home/carpe-bleue/ydlidar_ros2_ws/install/ydlidar_ros2_driver/share/ydlidar_ros2_driver/params/ydlidar.yaml
[0.766s] -- Up-to-date symlink: /home/carpe-bleue/ydlidar_ros2_ws/install/ydlidar_ros2_driver/share/ydlidar_ros2_driver/startup/initenv.sh
[0.769s] -- Up-to-date symlink: /home/carpe-bleue/ydlidar_ros2_ws/install/ydlidar_ros2_driver/share/ydlidar_ros2_driver/config/ydlidar.rviz
[0.771s] -- Up-to-date symlink: /home/carpe-bleue/ydlidar_ros2_ws/install/ydlidar_ros2_driver/share/ament_index/resource_index/package_run_dependencies/ydlidar_ros2_driver
[0.773s] -- Up-to-date symlink: /home/carpe-bleue/ydlidar_ros2_ws/install/ydlidar_ros2_driver/share/ament_index/resource_index/parent_prefix_path/ydlidar_ros2_driver
[0.775s] -- Up-to-date symlink: /home/carpe-bleue/ydlidar_ros2_ws/install/ydlidar_ros2_driver/share/ydlidar_ros2_driver/environment/ament_prefix_path.sh
[0.776s] -- Up-to-date symlink: /home/carpe-bleue/ydlidar_ros2_ws/install/ydlidar_ros2_driver/share/ydlidar_ros2_driver/environment/ament_prefix_path.dsv
[0.778s] -- Up-to-date symlink: /home/carpe-bleue/ydlidar_ros2_ws/install/ydlidar_ros2_driver/share/ydlidar_ros2_driver/environment/path.sh
[0.779s] -- Up-to-date symlink: /home/carpe-bleue/ydlidar_ros2_ws/install/ydlidar_ros2_driver/share/ydlidar_ros2_driver/environment/path.dsv
[0.780s] -- Up-to-date symlink: /home/carpe-bleue/ydlidar_ros2_ws/install/ydlidar_ros2_driver/share/ydlidar_ros2_driver/local_setup.bash
[0.782s] -- Up-to-date symlink: /home/carpe-bleue/ydlidar_ros2_ws/install/ydlidar_ros2_driver/share/ydlidar_ros2_driver/local_setup.sh
[0.784s] -- Up-to-date symlink: /home/carpe-bleue/ydlidar_ros2_ws/install/ydlidar_ros2_driver/share/ydlidar_ros2_driver/local_setup.zsh
[0.785s] -- Up-to-date symlink: /home/carpe-bleue/ydlidar_ros2_ws/install/ydlidar_ros2_driver/share/ydlidar_ros2_driver/local_setup.dsv
[0.785s] -- Symlinking: /home/carpe-bleue/ydlidar_ros2_ws/install/ydlidar_ros2_driver/share/ydlidar_ros2_driver/package.dsv
[0.820s] -- Up-to-date symlink: /home/carpe-bleue/ydlidar_ros2_ws/install/ydlidar_ros2_driver/share/ament_index/resource_index/packages/ydlidar_ros2_driver
[0.822s] -- Up-to-date symlink: /home/carpe-bleue/ydlidar_ros2_ws/install/ydlidar_ros2_driver/share/ydlidar_ros2_driver/cmake/ydlidar_ros2_driverConfig.cmake
[0.823s] -- Up-to-date symlink: /home/carpe-bleue/ydlidar_ros2_ws/install/ydlidar_ros2_driver/share/ydlidar_ros2_driver/cmake/ydlidar_ros2_driverConfig-version.cmake
[0.825s] -- Up-to-date symlink: /home/carpe-bleue/ydlidar_ros2_ws/install/ydlidar_ros2_driver/share/ydlidar_ros2_driver/package.xml
[0.833s] Invoked command in '/home/carpe-bleue/ydlidar_ros2_ws/build/ydlidar_ros2_driver' returned '0': CMAKE_PREFIX_PATH=${CMAKE_PREFIX_PATH}:/home/carpe-bleue/ros2_ws/install/lidar_vl53l1x_processing:/opt/ros/humble /usr/bin/cmake --install /home/carpe-bleue/ydlidar_ros2_ws/build/ydlidar_ros2_driver
