[0.045s] Invoking command in '/home/carpe-bleue/ros2_ws/build/ros2_serial_msgs': CMAKE_PREFIX_PATH=/opt/ros/humble /usr/bin/cmake --build /home/carpe-bleue/ros2_ws/build/ros2_serial_msgs -- -j4 -l4
[0.251s] [  3%] Built target ros2_serial_msgs__cpp
[0.259s] [ 12%] Built target ros2_serial_msgs__rosidl_generator_c
[0.303s] [ 12%] Built target ament_cmake_python_copy_ros2_serial_msgs
[0.346s] [ 22%] Built target ros2_serial_msgs__rosidl_typesupport_cpp
[0.358s] [ 32%] Built target ros2_serial_msgs__rosidl_typesupport_fastrtps_cpp
[0.367s] [ 41%] Built target ros2_serial_msgs__rosidl_typesupport_introspection_cpp
[0.410s] [ 51%] Built target ros2_serial_msgs__rosidl_typesupport_fastrtps_c
[0.439s] [ 61%] Built target ros2_serial_msgs__rosidl_typesupport_introspection_c
[0.452s] [ 70%] Built target ros2_serial_msgs__rosidl_typesupport_c
[0.531s] [ 70%] Built target ros2_serial_msgs
[0.613s] [ 74%] Built target ros2_serial_msgs__py
[0.701s] [ 80%] Built target ros2_serial_msgs__rosidl_generator_py
[0.803s] [ 87%] Built target ros2_serial_msgs__rosidl_typesupport_fastrtps_c__pyext
[0.808s] [ 93%] Built target ros2_serial_msgs__rosidl_typesupport_introspection_c__pyext
[0.812s] [100%] Built target ros2_serial_msgs__rosidl_typesupport_c__pyext
[1.489s] running egg_info
[1.492s] writing ros2_serial_msgs.egg-info/PKG-INFO
[1.493s] writing dependency_links to ros2_serial_msgs.egg-info/dependency_links.txt
[1.494s] writing top-level names to ros2_serial_msgs.egg-info/top_level.txt
[1.503s] reading manifest file 'ros2_serial_msgs.egg-info/SOURCES.txt'
[1.506s] writing manifest file 'ros2_serial_msgs.egg-info/SOURCES.txt'
[1.629s] [100%] Built target ament_cmake_python_build_ros2_serial_msgs_egg
[1.667s] Invoked command in '/home/carpe-bleue/ros2_ws/build/ros2_serial_msgs' returned '0': CMAKE_PREFIX_PATH=/opt/ros/humble /usr/bin/cmake --build /home/carpe-bleue/ros2_ws/build/ros2_serial_msgs -- -j4 -l4
[2.083s] Invoking command in '/home/carpe-bleue/ros2_ws/build/ros2_serial_msgs': CMAKE_PREFIX_PATH=/opt/ros/humble /usr/bin/cmake --install /home/carpe-bleue/ros2_ws/build/ros2_serial_msgs
[2.111s] -- Install configuration: ""
[2.111s] -- Up-to-date: /home/carpe-bleue/ros2_ws/install/ros2_serial_msgs/share/ament_index/resource_index/rosidl_interfaces/ros2_serial_msgs
[2.111s] -- Up-to-date: /home/carpe-bleue/ros2_ws/install/ros2_serial_msgs/include/ros2_serial_msgs/ros2_serial_msgs
[2.112s] -- Up-to-date: /home/carpe-bleue/ros2_ws/install/ros2_serial_msgs/include/ros2_serial_msgs/ros2_serial_msgs/msg
[2.112s] -- Up-to-date: /home/carpe-bleue/ros2_ws/install/ros2_serial_msgs/include/ros2_serial_msgs/ros2_serial_msgs/msg/serial_mapping.h
[2.113s] -- Up-to-date: /home/carpe-bleue/ros2_ws/install/ros2_serial_msgs/include/ros2_serial_msgs/ros2_serial_msgs/msg/rosidl_generator_c__visibility_control.h
[2.113s] -- Up-to-date: /home/carpe-bleue/ros2_ws/install/ros2_serial_msgs/include/ros2_serial_msgs/ros2_serial_msgs/msg/detail
[2.113s] -- Up-to-date: /home/carpe-bleue/ros2_ws/install/ros2_serial_msgs/include/ros2_serial_msgs/ros2_serial_msgs/msg/detail/serial_mapping__functions.h
[2.114s] -- Up-to-date: /home/carpe-bleue/ros2_ws/install/ros2_serial_msgs/include/ros2_serial_msgs/ros2_serial_msgs/msg/detail/serial_mapping__struct.h
[2.114s] -- Up-to-date: /home/carpe-bleue/ros2_ws/install/ros2_serial_msgs/include/ros2_serial_msgs/ros2_serial_msgs/msg/detail/serial_mapping__functions.c
[2.114s] -- Up-to-date: /home/carpe-bleue/ros2_ws/install/ros2_serial_msgs/include/ros2_serial_msgs/ros2_serial_msgs/msg/detail/serial_mapping__type_support.h
[2.115s] -- Up-to-date: /home/carpe-bleue/ros2_ws/install/ros2_serial_msgs/share/ros2_serial_msgs/environment/library_path.sh
[2.115s] -- Up-to-date: /home/carpe-bleue/ros2_ws/install/ros2_serial_msgs/share/ros2_serial_msgs/environment/library_path.dsv
[2.116s] -- Up-to-date: /home/carpe-bleue/ros2_ws/install/ros2_serial_msgs/lib/libros2_serial_msgs__rosidl_generator_c.so
[2.117s] -- Up-to-date: /home/carpe-bleue/ros2_ws/install/ros2_serial_msgs/include/ros2_serial_msgs/ros2_serial_msgs
[2.117s] -- Up-to-date: /home/carpe-bleue/ros2_ws/install/ros2_serial_msgs/include/ros2_serial_msgs/ros2_serial_msgs/msg
[2.118s] -- Up-to-date: /home/carpe-bleue/ros2_ws/install/ros2_serial_msgs/include/ros2_serial_msgs/ros2_serial_msgs/msg/rosidl_typesupport_fastrtps_c__visibility_control.h
[2.118s] -- Up-to-date: /home/carpe-bleue/ros2_ws/install/ros2_serial_msgs/include/ros2_serial_msgs/ros2_serial_msgs/msg/detail
[2.118s] -- Up-to-date: /home/carpe-bleue/ros2_ws/install/ros2_serial_msgs/include/ros2_serial_msgs/ros2_serial_msgs/msg/detail/serial_mapping__rosidl_typesupport_fastrtps_c.h
[2.120s] -- Up-to-date: /home/carpe-bleue/ros2_ws/install/ros2_serial_msgs/lib/libros2_serial_msgs__rosidl_typesupport_fastrtps_c.so
[2.121s] -- Up-to-date: /home/carpe-bleue/ros2_ws/install/ros2_serial_msgs/include/ros2_serial_msgs/ros2_serial_msgs
[2.121s] -- Up-to-date: /home/carpe-bleue/ros2_ws/install/ros2_serial_msgs/include/ros2_serial_msgs/ros2_serial_msgs/msg
[2.122s] -- Up-to-date: /home/carpe-bleue/ros2_ws/install/ros2_serial_msgs/include/ros2_serial_msgs/ros2_serial_msgs/msg/detail
[2.122s] -- Up-to-date: /home/carpe-bleue/ros2_ws/install/ros2_serial_msgs/include/ros2_serial_msgs/ros2_serial_msgs/msg/detail/serial_mapping__type_support.c
[2.122s] -- Up-to-date: /home/carpe-bleue/ros2_ws/install/ros2_serial_msgs/include/ros2_serial_msgs/ros2_serial_msgs/msg/detail/serial_mapping__rosidl_typesupport_introspection_c.h
[2.123s] -- Up-to-date: /home/carpe-bleue/ros2_ws/install/ros2_serial_msgs/include/ros2_serial_msgs/ros2_serial_msgs/msg/rosidl_typesupport_introspection_c__visibility_control.h
[2.124s] -- Up-to-date: /home/carpe-bleue/ros2_ws/install/ros2_serial_msgs/lib/libros2_serial_msgs__rosidl_typesupport_introspection_c.so
[2.126s] -- Up-to-date: /home/carpe-bleue/ros2_ws/install/ros2_serial_msgs/lib/libros2_serial_msgs__rosidl_typesupport_c.so
[2.127s] -- Up-to-date: /home/carpe-bleue/ros2_ws/install/ros2_serial_msgs/include/ros2_serial_msgs/ros2_serial_msgs
[2.127s] -- Up-to-date: /home/carpe-bleue/ros2_ws/install/ros2_serial_msgs/include/ros2_serial_msgs/ros2_serial_msgs/msg
[2.128s] -- Up-to-date: /home/carpe-bleue/ros2_ws/install/ros2_serial_msgs/include/ros2_serial_msgs/ros2_serial_msgs/msg/serial_mapping.hpp
[2.128s] -- Up-to-date: /home/carpe-bleue/ros2_ws/install/ros2_serial_msgs/include/ros2_serial_msgs/ros2_serial_msgs/msg/detail
[2.128s] -- Up-to-date: /home/carpe-bleue/ros2_ws/install/ros2_serial_msgs/include/ros2_serial_msgs/ros2_serial_msgs/msg/detail/serial_mapping__traits.hpp
[2.129s] -- Up-to-date: /home/carpe-bleue/ros2_ws/install/ros2_serial_msgs/include/ros2_serial_msgs/ros2_serial_msgs/msg/detail/serial_mapping__builder.hpp
[2.129s] -- Up-to-date: /home/carpe-bleue/ros2_ws/install/ros2_serial_msgs/include/ros2_serial_msgs/ros2_serial_msgs/msg/detail/serial_mapping__struct.hpp
[2.129s] -- Up-to-date: /home/carpe-bleue/ros2_ws/install/ros2_serial_msgs/include/ros2_serial_msgs/ros2_serial_msgs
[2.130s] -- Up-to-date: /home/carpe-bleue/ros2_ws/install/ros2_serial_msgs/include/ros2_serial_msgs/ros2_serial_msgs/msg
[2.130s] -- Up-to-date: /home/carpe-bleue/ros2_ws/install/ros2_serial_msgs/include/ros2_serial_msgs/ros2_serial_msgs/msg/rosidl_typesupport_fastrtps_cpp__visibility_control.h
[2.131s] -- Up-to-date: /home/carpe-bleue/ros2_ws/install/ros2_serial_msgs/include/ros2_serial_msgs/ros2_serial_msgs/msg/detail
[2.131s] -- Up-to-date: /home/carpe-bleue/ros2_ws/install/ros2_serial_msgs/include/ros2_serial_msgs/ros2_serial_msgs/msg/detail/serial_mapping__rosidl_typesupport_fastrtps_cpp.hpp
[2.131s] -- Up-to-date: /home/carpe-bleue/ros2_ws/install/ros2_serial_msgs/include/ros2_serial_msgs/ros2_serial_msgs/msg/detail/dds_fastrtps
[2.132s] -- Up-to-date: /home/carpe-bleue/ros2_ws/install/ros2_serial_msgs/lib/libros2_serial_msgs__rosidl_typesupport_fastrtps_cpp.so
[2.133s] -- Up-to-date: /home/carpe-bleue/ros2_ws/install/ros2_serial_msgs/include/ros2_serial_msgs/ros2_serial_msgs
[2.134s] -- Up-to-date: /home/carpe-bleue/ros2_ws/install/ros2_serial_msgs/include/ros2_serial_msgs/ros2_serial_msgs/msg
[2.134s] -- Up-to-date: /home/carpe-bleue/ros2_ws/install/ros2_serial_msgs/include/ros2_serial_msgs/ros2_serial_msgs/msg/detail
[2.135s] -- Up-to-date: /home/carpe-bleue/ros2_ws/install/ros2_serial_msgs/include/ros2_serial_msgs/ros2_serial_msgs/msg/detail/serial_mapping__type_support.cpp
[2.135s] -- Up-to-date: /home/carpe-bleue/ros2_ws/install/ros2_serial_msgs/include/ros2_serial_msgs/ros2_serial_msgs/msg/detail/serial_mapping__rosidl_typesupport_introspection_cpp.hpp
[2.136s] -- Up-to-date: /home/carpe-bleue/ros2_ws/install/ros2_serial_msgs/lib/libros2_serial_msgs__rosidl_typesupport_introspection_cpp.so
[2.138s] -- Up-to-date: /home/carpe-bleue/ros2_ws/install/ros2_serial_msgs/lib/libros2_serial_msgs__rosidl_typesupport_cpp.so
[2.139s] -- Up-to-date: /home/carpe-bleue/ros2_ws/install/ros2_serial_msgs/share/ros2_serial_msgs/environment/pythonpath.sh
[2.140s] -- Up-to-date: /home/carpe-bleue/ros2_ws/install/ros2_serial_msgs/share/ros2_serial_msgs/environment/pythonpath.dsv
[2.140s] -- Up-to-date: /home/carpe-bleue/ros2_ws/install/ros2_serial_msgs/local/lib/python3.10/dist-packages/ros2_serial_msgs-0.0.0-py3.10.egg-info
[2.140s] -- Installing: /home/carpe-bleue/ros2_ws/install/ros2_serial_msgs/local/lib/python3.10/dist-packages/ros2_serial_msgs-0.0.0-py3.10.egg-info/PKG-INFO
[2.142s] -- Installing: /home/carpe-bleue/ros2_ws/install/ros2_serial_msgs/local/lib/python3.10/dist-packages/ros2_serial_msgs-0.0.0-py3.10.egg-info/top_level.txt
[2.143s] -- Installing: /home/carpe-bleue/ros2_ws/install/ros2_serial_msgs/local/lib/python3.10/dist-packages/ros2_serial_msgs-0.0.0-py3.10.egg-info/SOURCES.txt
[2.144s] -- Installing: /home/carpe-bleue/ros2_ws/install/ros2_serial_msgs/local/lib/python3.10/dist-packages/ros2_serial_msgs-0.0.0-py3.10.egg-info/dependency_links.txt
[2.146s] -- Up-to-date: /home/carpe-bleue/ros2_ws/install/ros2_serial_msgs/local/lib/python3.10/dist-packages/ros2_serial_msgs
[2.146s] -- Up-to-date: /home/carpe-bleue/ros2_ws/install/ros2_serial_msgs/local/lib/python3.10/dist-packages/ros2_serial_msgs/__init__.py
[2.146s] -- Up-to-date: /home/carpe-bleue/ros2_ws/install/ros2_serial_msgs/local/lib/python3.10/dist-packages/ros2_serial_msgs/libros2_serial_msgs__rosidl_generator_py.so
[2.147s] -- Up-to-date: /home/carpe-bleue/ros2_ws/install/ros2_serial_msgs/local/lib/python3.10/dist-packages/ros2_serial_msgs/ros2_serial_msgs_s__rosidl_typesupport_fastrtps_c.cpython-310-aarch64-linux-gnu.so
[2.147s] -- Up-to-date: /home/carpe-bleue/ros2_ws/install/ros2_serial_msgs/local/lib/python3.10/dist-packages/ros2_serial_msgs/_ros2_serial_msgs_s.ep.rosidl_typesupport_introspection_c.c
[2.147s] -- Up-to-date: /home/carpe-bleue/ros2_ws/install/ros2_serial_msgs/local/lib/python3.10/dist-packages/ros2_serial_msgs/ros2_serial_msgs_s__rosidl_typesupport_introspection_c.cpython-310-aarch64-linux-gnu.so
[2.148s] -- Up-to-date: /home/carpe-bleue/ros2_ws/install/ros2_serial_msgs/local/lib/python3.10/dist-packages/ros2_serial_msgs/msg
[2.148s] -- Up-to-date: /home/carpe-bleue/ros2_ws/install/ros2_serial_msgs/local/lib/python3.10/dist-packages/ros2_serial_msgs/msg/__init__.py
[2.148s] -- Up-to-date: /home/carpe-bleue/ros2_ws/install/ros2_serial_msgs/local/lib/python3.10/dist-packages/ros2_serial_msgs/msg/_serial_mapping.py
[2.149s] -- Up-to-date: /home/carpe-bleue/ros2_ws/install/ros2_serial_msgs/local/lib/python3.10/dist-packages/ros2_serial_msgs/msg/_serial_mapping_s.c
[2.149s] -- Up-to-date: /home/carpe-bleue/ros2_ws/install/ros2_serial_msgs/local/lib/python3.10/dist-packages/ros2_serial_msgs/_ros2_serial_msgs_s.ep.rosidl_typesupport_c.c
[2.149s] -- Up-to-date: /home/carpe-bleue/ros2_ws/install/ros2_serial_msgs/local/lib/python3.10/dist-packages/ros2_serial_msgs/ros2_serial_msgs_s__rosidl_typesupport_c.cpython-310-aarch64-linux-gnu.so
[2.150s] -- Up-to-date: /home/carpe-bleue/ros2_ws/install/ros2_serial_msgs/local/lib/python3.10/dist-packages/ros2_serial_msgs/_ros2_serial_msgs_s.ep.rosidl_typesupport_fastrtps_c.c
[2.281s] Listing '/home/carpe-bleue/ros2_ws/install/ros2_serial_msgs/local/lib/python3.10/dist-packages/ros2_serial_msgs'...
[2.282s] Listing '/home/carpe-bleue/ros2_ws/install/ros2_serial_msgs/local/lib/python3.10/dist-packages/ros2_serial_msgs/msg'...
[2.304s] -- Up-to-date: /home/carpe-bleue/ros2_ws/install/ros2_serial_msgs/local/lib/python3.10/dist-packages/ros2_serial_msgs/ros2_serial_msgs_s__rosidl_typesupport_fastrtps_c.cpython-310-aarch64-linux-gnu.so
[2.306s] -- Up-to-date: /home/carpe-bleue/ros2_ws/install/ros2_serial_msgs/local/lib/python3.10/dist-packages/ros2_serial_msgs/ros2_serial_msgs_s__rosidl_typesupport_introspection_c.cpython-310-aarch64-linux-gnu.so
[2.308s] -- Up-to-date: /home/carpe-bleue/ros2_ws/install/ros2_serial_msgs/local/lib/python3.10/dist-packages/ros2_serial_msgs/ros2_serial_msgs_s__rosidl_typesupport_c.cpython-310-aarch64-linux-gnu.so
[2.310s] -- Up-to-date: /home/carpe-bleue/ros2_ws/install/ros2_serial_msgs/lib/libros2_serial_msgs__rosidl_generator_py.so
[2.312s] -- Up-to-date: /home/carpe-bleue/ros2_ws/install/ros2_serial_msgs/share/ros2_serial_msgs/msg/SerialMapping.idl
[2.312s] -- Up-to-date: /home/carpe-bleue/ros2_ws/install/ros2_serial_msgs/share/ros2_serial_msgs/msg/SerialMapping.msg
[2.312s] -- Up-to-date: /home/carpe-bleue/ros2_ws/install/ros2_serial_msgs/share/ament_index/resource_index/package_run_dependencies/ros2_serial_msgs
[2.313s] -- Up-to-date: /home/carpe-bleue/ros2_ws/install/ros2_serial_msgs/share/ament_index/resource_index/parent_prefix_path/ros2_serial_msgs
[2.313s] -- Up-to-date: /home/carpe-bleue/ros2_ws/install/ros2_serial_msgs/share/ros2_serial_msgs/environment/ament_prefix_path.sh
[2.314s] -- Up-to-date: /home/carpe-bleue/ros2_ws/install/ros2_serial_msgs/share/ros2_serial_msgs/environment/ament_prefix_path.dsv
[2.314s] -- Up-to-date: /home/carpe-bleue/ros2_ws/install/ros2_serial_msgs/share/ros2_serial_msgs/environment/path.sh
[2.315s] -- Up-to-date: /home/carpe-bleue/ros2_ws/install/ros2_serial_msgs/share/ros2_serial_msgs/environment/path.dsv
[2.315s] -- Up-to-date: /home/carpe-bleue/ros2_ws/install/ros2_serial_msgs/share/ros2_serial_msgs/local_setup.bash
[2.316s] -- Up-to-date: /home/carpe-bleue/ros2_ws/install/ros2_serial_msgs/share/ros2_serial_msgs/local_setup.sh
[2.316s] -- Up-to-date: /home/carpe-bleue/ros2_ws/install/ros2_serial_msgs/share/ros2_serial_msgs/local_setup.zsh
[2.317s] -- Up-to-date: /home/carpe-bleue/ros2_ws/install/ros2_serial_msgs/share/ros2_serial_msgs/local_setup.dsv
[2.317s] -- Installing: /home/carpe-bleue/ros2_ws/install/ros2_serial_msgs/share/ros2_serial_msgs/package.dsv
[2.318s] -- Up-to-date: /home/carpe-bleue/ros2_ws/install/ros2_serial_msgs/share/ament_index/resource_index/packages/ros2_serial_msgs
[2.319s] -- Up-to-date: /home/carpe-bleue/ros2_ws/install/ros2_serial_msgs/share/ros2_serial_msgs/cmake/export_ros2_serial_msgs__rosidl_generator_cExport.cmake
[2.320s] -- Up-to-date: /home/carpe-bleue/ros2_ws/install/ros2_serial_msgs/share/ros2_serial_msgs/cmake/export_ros2_serial_msgs__rosidl_generator_cExport-noconfig.cmake
[2.321s] -- Up-to-date: /home/carpe-bleue/ros2_ws/install/ros2_serial_msgs/share/ros2_serial_msgs/cmake/export_ros2_serial_msgs__rosidl_typesupport_fastrtps_cExport.cmake
[2.321s] -- Up-to-date: /home/carpe-bleue/ros2_ws/install/ros2_serial_msgs/share/ros2_serial_msgs/cmake/export_ros2_serial_msgs__rosidl_typesupport_fastrtps_cExport-noconfig.cmake
[2.322s] -- Up-to-date: /home/carpe-bleue/ros2_ws/install/ros2_serial_msgs/share/ros2_serial_msgs/cmake/ros2_serial_msgs__rosidl_typesupport_introspection_cExport.cmake
[2.323s] -- Up-to-date: /home/carpe-bleue/ros2_ws/install/ros2_serial_msgs/share/ros2_serial_msgs/cmake/ros2_serial_msgs__rosidl_typesupport_introspection_cExport-noconfig.cmake
[2.324s] -- Up-to-date: /home/carpe-bleue/ros2_ws/install/ros2_serial_msgs/share/ros2_serial_msgs/cmake/ros2_serial_msgs__rosidl_typesupport_cExport.cmake
[2.324s] -- Up-to-date: /home/carpe-bleue/ros2_ws/install/ros2_serial_msgs/share/ros2_serial_msgs/cmake/ros2_serial_msgs__rosidl_typesupport_cExport-noconfig.cmake
[2.325s] -- Up-to-date: /home/carpe-bleue/ros2_ws/install/ros2_serial_msgs/share/ros2_serial_msgs/cmake/export_ros2_serial_msgs__rosidl_generator_cppExport.cmake
[2.326s] -- Up-to-date: /home/carpe-bleue/ros2_ws/install/ros2_serial_msgs/share/ros2_serial_msgs/cmake/export_ros2_serial_msgs__rosidl_typesupport_fastrtps_cppExport.cmake
[2.326s] -- Up-to-date: /home/carpe-bleue/ros2_ws/install/ros2_serial_msgs/share/ros2_serial_msgs/cmake/export_ros2_serial_msgs__rosidl_typesupport_fastrtps_cppExport-noconfig.cmake
[2.327s] -- Up-to-date: /home/carpe-bleue/ros2_ws/install/ros2_serial_msgs/share/ros2_serial_msgs/cmake/ros2_serial_msgs__rosidl_typesupport_introspection_cppExport.cmake
[2.327s] -- Up-to-date: /home/carpe-bleue/ros2_ws/install/ros2_serial_msgs/share/ros2_serial_msgs/cmake/ros2_serial_msgs__rosidl_typesupport_introspection_cppExport-noconfig.cmake
[2.328s] -- Up-to-date: /home/carpe-bleue/ros2_ws/install/ros2_serial_msgs/share/ros2_serial_msgs/cmake/ros2_serial_msgs__rosidl_typesupport_cppExport.cmake
[2.329s] -- Up-to-date: /home/carpe-bleue/ros2_ws/install/ros2_serial_msgs/share/ros2_serial_msgs/cmake/ros2_serial_msgs__rosidl_typesupport_cppExport-noconfig.cmake
[2.330s] -- Up-to-date: /home/carpe-bleue/ros2_ws/install/ros2_serial_msgs/share/ros2_serial_msgs/cmake/export_ros2_serial_msgs__rosidl_generator_pyExport.cmake
[2.330s] -- Up-to-date: /home/carpe-bleue/ros2_ws/install/ros2_serial_msgs/share/ros2_serial_msgs/cmake/export_ros2_serial_msgs__rosidl_generator_pyExport-noconfig.cmake
[2.330s] -- Up-to-date: /home/carpe-bleue/ros2_ws/install/ros2_serial_msgs/share/ros2_serial_msgs/cmake/rosidl_cmake-extras.cmake
[2.331s] -- Up-to-date: /home/carpe-bleue/ros2_ws/install/ros2_serial_msgs/share/ros2_serial_msgs/cmake/ament_cmake_export_include_directories-extras.cmake
[2.331s] -- Up-to-date: /home/carpe-bleue/ros2_ws/install/ros2_serial_msgs/share/ros2_serial_msgs/cmake/ament_cmake_export_libraries-extras.cmake
[2.332s] -- Up-to-date: /home/carpe-bleue/ros2_ws/install/ros2_serial_msgs/share/ros2_serial_msgs/cmake/ament_cmake_export_targets-extras.cmake
[2.332s] -- Up-to-date: /home/carpe-bleue/ros2_ws/install/ros2_serial_msgs/share/ros2_serial_msgs/cmake/rosidl_cmake_export_typesupport_targets-extras.cmake
[2.332s] -- Up-to-date: /home/carpe-bleue/ros2_ws/install/ros2_serial_msgs/share/ros2_serial_msgs/cmake/ament_cmake_export_dependencies-extras.cmake
[2.333s] -- Up-to-date: /home/carpe-bleue/ros2_ws/install/ros2_serial_msgs/share/ros2_serial_msgs/cmake/rosidl_cmake_export_typesupport_libraries-extras.cmake
[2.333s] -- Up-to-date: /home/carpe-bleue/ros2_ws/install/ros2_serial_msgs/share/ros2_serial_msgs/cmake/ros2_serial_msgsConfig.cmake
[2.334s] -- Up-to-date: /home/carpe-bleue/ros2_ws/install/ros2_serial_msgs/share/ros2_serial_msgs/cmake/ros2_serial_msgsConfig-version.cmake
[2.334s] -- Up-to-date: /home/carpe-bleue/ros2_ws/install/ros2_serial_msgs/share/ros2_serial_msgs/package.xml
[2.341s] Invoked command in '/home/carpe-bleue/ros2_ws/build/ros2_serial_msgs' returned '0': CMAKE_PREFIX_PATH=/opt/ros/humble /usr/bin/cmake --install /home/carpe-bleue/ros2_ws/build/ros2_serial_msgs
