[0.082s] Invoking command in '/home/carpe-bleue/ydlidar_ros2_ws/build/rviz_ogre_vendor': CMAKE_PREFIX_PATH=${CMAKE_PREFIX_PATH}:/home/carpe-bleue/ros2_ws/install/lidar_vl53l1x_processing:/opt/ros/humble /usr/bin/cmake /home/carpe-bleue/ydlidar_ros2_ws/src/rviz/rviz_ogre_vendor -DCMAKE_INSTALL_PREFIX=/home/carpe-bleue/ydlidar_ros2_ws/install/rviz_ogre_vendor
[1.165s] -- The C compiler identification is GNU 11.4.0
[1.896s] -- The CXX compiler identification is GNU 11.4.0
[1.939s] -- Detecting C compiler ABI info
[2.376s] -- Detecting C compiler ABI info - done
[2.402s] -- Check for working C compiler: /usr/bin/cc - skipped
[2.404s] -- Detecting C compile features
[2.406s] -- Detecting C compile features - done
[2.421s] -- Detecting CXX compiler ABI info
[2.799s] -- Detecting CXX compiler ABI info - done
[2.825s] -- Check for working CXX compiler: /usr/bin/c++ - skipped
[2.827s] -- Detecting CXX compile features
[2.828s] -- Detecting CXX compile features - done
[2.864s] -- Found ament_cmake: 1.3.11 (/opt/ros/humble/share/ament_cmake/cmake)
[3.757s] -- Found Python3: /usr/bin/python3 (found version "3.10.12") found components: Interpreter 
[4.628s] [31mCMake Error at CMakeLists.txt:5 (find_package):
[4.628s]   By not providing "Findament_cmake_vendor_package.cmake" in
[4.628s]   CMAKE_MODULE_PATH this project has asked CMake to find a package
[4.629s]   configuration file provided by "ament_cmake_vendor_package", but CMake did
[4.629s]   not find one.
[4.630s] 
[4.630s]   Could not find a package configuration file provided by
[4.633s]   "ament_cmake_vendor_package" with any of the following names:
[4.636s] 
[4.637s]     ament_cmake_vendor_packageConfig.cmake
[4.639s]     ament_cmake_vendor_package-config.cmake
[4.640s] 
[4.641s]   Add the installation prefix of "ament_cmake_vendor_package" to
[4.642s]   CMAKE_PREFIX_PATH or set "ament_cmake_vendor_package_DIR" to a directory
[4.642s]   containing one of the above files.  If "ament_cmake_vendor_package"
[4.642s]   provides a separate development package or SDK, be sure it has been
[4.644s]   installed.
[4.644s] 
[4.645s] [0m
[4.646s] -- Configuring incomplete, errors occurred!
[4.647s] See also "/home/carpe-bleue/ydlidar_ros2_ws/build/rviz_ogre_vendor/CMakeFiles/CMakeOutput.log".
[4.675s] Invoked command in '/home/carpe-bleue/ydlidar_ros2_ws/build/rviz_ogre_vendor' returned '1': CMAKE_PREFIX_PATH=${CMAKE_PREFIX_PATH}:/home/carpe-bleue/ros2_ws/install/lidar_vl53l1x_processing:/opt/ros/humble /usr/bin/cmake /home/carpe-bleue/ydlidar_ros2_ws/src/rviz/rviz_ogre_vendor -DCMAKE_INSTALL_PREFIX=/home/carpe-bleue/ydlidar_ros2_ws/install/rviz_ogre_vendor
