[0.419s] DEBUG:colcon:Command line arguments: ['/usr/bin/colcon', 'build', '--symlink-install']
[0.419s] DEBUG:colcon:Parsed command line arguments: Namespace(log_base=None, log_level=None, verb_name='build', build_base='build', install_base='install', merge_install=False, symlink_install=True, test_result_base=None, continue_on_error=False, executor='parallel', parallel_workers=4, event_handlers=None, ignore_user_meta=False, metas=['./colcon.meta'], base_paths=['.'], packages_ignore=None, packages_ignore_regex=None, paths=None, packages_up_to=None, packages_up_to_regex=None, packages_above=None, packages_above_and_dependencies=None, packages_above_depth=None, packages_select_by_dep=None, packages_skip_by_dep=None, packages_skip_up_to=None, packages_select_build_failed=False, packages_skip_build_finished=False, packages_select_test_failures=False, packages_skip_test_passed=False, packages_select=None, packages_skip=None, packages_select_regex=None, packages_skip_regex=None, packages_start=None, packages_end=None, allow_overriding=[], cmake_args=None, cmake_target=None, cmake_target_skip_unavailable=False, cmake_clean_cache=False, cmake_clean_first=False, cmake_force_configure=False, ament_cmake_args=None, catkin_cmake_args=None, catkin_skip_building_tests=False, verb_parser=<colcon_defaults.argument_parser.defaults.DefaultArgumentsDecorator object at 0xffff7ee3c670>, verb_extension=<colcon_core.verb.build.BuildVerb object at 0xffff7ee3c220>, main=<bound method BuildVerb.main of <colcon_core.verb.build.BuildVerb object at 0xffff7ee3c220>>)
[1.146s] Level 1:colcon.colcon_core.package_discovery:discover_packages(colcon_meta) check parameters
[1.146s] Level 1:colcon.colcon_core.package_discovery:discover_packages(recursive) check parameters
[1.146s] Level 1:colcon.colcon_core.package_discovery:discover_packages(ignore) check parameters
[1.146s] Level 1:colcon.colcon_core.package_discovery:discover_packages(path) check parameters
[1.146s] Level 1:colcon.colcon_core.package_discovery:discover_packages(colcon_meta) discover
[1.147s] Level 1:colcon.colcon_core.package_discovery:discover_packages(recursive) discover
[1.147s] INFO:colcon.colcon_core.package_discovery:Crawling recursively for packages in '/home/carpe-bleue/ydlidar_ros2_ws'
[1.148s] Level 1:colcon.colcon_core.package_identification:_identify(.) by extensions ['ignore', 'ignore_ament_install']
[1.148s] Level 1:colcon.colcon_core.package_identification:_identify(.) by extension 'ignore'
[1.148s] Level 1:colcon.colcon_core.package_identification:_identify(.) by extension 'ignore_ament_install'
[1.148s] Level 1:colcon.colcon_core.package_identification:_identify(.) by extensions ['colcon_pkg']
[1.149s] Level 1:colcon.colcon_core.package_identification:_identify(.) by extension 'colcon_pkg'
[1.149s] Level 1:colcon.colcon_core.package_identification:_identify(.) by extensions ['colcon_meta']
[1.149s] Level 1:colcon.colcon_core.package_identification:_identify(.) by extension 'colcon_meta'
[1.149s] Level 1:colcon.colcon_core.package_identification:_identify(.) by extensions ['ros']
[1.149s] Level 1:colcon.colcon_core.package_identification:_identify(.) by extension 'ros'
[1.196s] Level 1:colcon.colcon_core.package_identification:_identify(.) by extensions ['cmake', 'python']
[1.196s] Level 1:colcon.colcon_core.package_identification:_identify(.) by extension 'cmake'
[1.196s] Level 1:colcon.colcon_core.package_identification:_identify(.) by extension 'python'
[1.196s] Level 1:colcon.colcon_core.package_identification:_identify(.) by extensions ['python_setup_py']
[1.196s] Level 1:colcon.colcon_core.package_identification:_identify(.) by extension 'python_setup_py'
[1.197s] Level 1:colcon.colcon_core.package_identification:_identify(build) by extensions ['ignore', 'ignore_ament_install']
[1.197s] Level 1:colcon.colcon_core.package_identification:_identify(build) by extension 'ignore'
[1.197s] Level 1:colcon.colcon_core.package_identification:_identify(build) ignored
[1.198s] Level 1:colcon.colcon_core.package_identification:_identify(install) by extensions ['ignore', 'ignore_ament_install']
[1.198s] Level 1:colcon.colcon_core.package_identification:_identify(install) by extension 'ignore'
[1.199s] Level 1:colcon.colcon_core.package_identification:_identify(install) ignored
[1.199s] Level 1:colcon.colcon_core.package_identification:_identify(log) by extensions ['ignore', 'ignore_ament_install']
[1.199s] Level 1:colcon.colcon_core.package_identification:_identify(log) by extension 'ignore'
[1.200s] Level 1:colcon.colcon_core.package_identification:_identify(log) ignored
[1.200s] Level 1:colcon.colcon_core.package_identification:_identify(src) by extensions ['ignore', 'ignore_ament_install']
[1.200s] Level 1:colcon.colcon_core.package_identification:_identify(src) by extension 'ignore'
[1.200s] Level 1:colcon.colcon_core.package_identification:_identify(src) by extension 'ignore_ament_install'
[1.200s] Level 1:colcon.colcon_core.package_identification:_identify(src) by extensions ['colcon_pkg']
[1.201s] Level 1:colcon.colcon_core.package_identification:_identify(src) by extension 'colcon_pkg'
[1.201s] Level 1:colcon.colcon_core.package_identification:_identify(src) by extensions ['colcon_meta']
[1.201s] Level 1:colcon.colcon_core.package_identification:_identify(src) by extension 'colcon_meta'
[1.201s] Level 1:colcon.colcon_core.package_identification:_identify(src) by extensions ['ros']
[1.201s] Level 1:colcon.colcon_core.package_identification:_identify(src) by extension 'ros'
[1.201s] Level 1:colcon.colcon_core.package_identification:_identify(src) by extensions ['cmake', 'python']
[1.202s] Level 1:colcon.colcon_core.package_identification:_identify(src) by extension 'cmake'
[1.202s] Level 1:colcon.colcon_core.package_identification:_identify(src) by extension 'python'
[1.202s] Level 1:colcon.colcon_core.package_identification:_identify(src) by extensions ['python_setup_py']
[1.202s] Level 1:colcon.colcon_core.package_identification:_identify(src) by extension 'python_setup_py'
[1.203s] Level 1:colcon.colcon_core.package_identification:_identify(src/ydlidar_ros2_driver) by extensions ['ignore', 'ignore_ament_install']
[1.203s] Level 1:colcon.colcon_core.package_identification:_identify(src/ydlidar_ros2_driver) by extension 'ignore'
[1.203s] Level 1:colcon.colcon_core.package_identification:_identify(src/ydlidar_ros2_driver) by extension 'ignore_ament_install'
[1.203s] Level 1:colcon.colcon_core.package_identification:_identify(src/ydlidar_ros2_driver) by extensions ['colcon_pkg']
[1.203s] Level 1:colcon.colcon_core.package_identification:_identify(src/ydlidar_ros2_driver) by extension 'colcon_pkg'
[1.204s] Level 1:colcon.colcon_core.package_identification:_identify(src/ydlidar_ros2_driver) by extensions ['colcon_meta']
[1.204s] Level 1:colcon.colcon_core.package_identification:_identify(src/ydlidar_ros2_driver) by extension 'colcon_meta'
[1.204s] Level 1:colcon.colcon_core.package_identification:_identify(src/ydlidar_ros2_driver) by extensions ['ros']
[1.204s] Level 1:colcon.colcon_core.package_identification:_identify(src/ydlidar_ros2_driver) by extension 'ros'
[1.212s] DEBUG:colcon.colcon_core.package_identification:Package 'src/ydlidar_ros2_driver' with type 'ros.ament_cmake' and name 'ydlidar_ros2_driver'
[1.212s] Level 1:colcon.colcon_core.package_discovery:discover_packages(recursive) using defaults
[1.213s] Level 1:colcon.colcon_core.package_discovery:discover_packages(ignore) discover
[1.213s] Level 1:colcon.colcon_core.package_discovery:discover_packages(ignore) using defaults
[1.213s] Level 1:colcon.colcon_core.package_discovery:discover_packages(path) discover
[1.213s] Level 1:colcon.colcon_core.package_discovery:discover_packages(path) using defaults
[1.287s] Level 1:colcon.colcon_core.package_discovery:discover_packages(prefix_path) check parameters
[1.287s] Level 1:colcon.colcon_core.package_discovery:discover_packages(prefix_path) discover
[1.296s] DEBUG:colcon.colcon_installed_package_information.package_discovery:Found 1 installed packages in /home/carpe-bleue/ydlidar_ros2_ws/install
[1.299s] DEBUG:colcon.colcon_installed_package_information.package_discovery:Found 8 installed packages in /home/carpe-bleue/ros2_ws/install
[1.308s] DEBUG:colcon.colcon_installed_package_information.package_discovery:Found 270 installed packages in /opt/ros/humble
[1.314s] Level 1:colcon.colcon_core.package_discovery:discover_packages(prefix_path) using defaults
[1.513s] Level 5:colcon.colcon_core.verb:set package 'ydlidar_ros2_driver' build argument 'cmake_args' from command line to 'None'
[1.513s] Level 5:colcon.colcon_core.verb:set package 'ydlidar_ros2_driver' build argument 'cmake_target' from command line to 'None'
[1.514s] Level 5:colcon.colcon_core.verb:set package 'ydlidar_ros2_driver' build argument 'cmake_target_skip_unavailable' from command line to 'False'
[1.514s] Level 5:colcon.colcon_core.verb:set package 'ydlidar_ros2_driver' build argument 'cmake_clean_cache' from command line to 'False'
[1.514s] Level 5:colcon.colcon_core.verb:set package 'ydlidar_ros2_driver' build argument 'cmake_clean_first' from command line to 'False'
[1.514s] Level 5:colcon.colcon_core.verb:set package 'ydlidar_ros2_driver' build argument 'cmake_force_configure' from command line to 'False'
[1.514s] Level 5:colcon.colcon_core.verb:set package 'ydlidar_ros2_driver' build argument 'ament_cmake_args' from command line to 'None'
[1.514s] Level 5:colcon.colcon_core.verb:set package 'ydlidar_ros2_driver' build argument 'catkin_cmake_args' from command line to 'None'
[1.514s] Level 5:colcon.colcon_core.verb:set package 'ydlidar_ros2_driver' build argument 'catkin_skip_building_tests' from command line to 'False'
[1.514s] DEBUG:colcon.colcon_core.verb:Building package 'ydlidar_ros2_driver' with the following arguments: {'ament_cmake_args': None, 'build_base': '/home/carpe-bleue/ydlidar_ros2_ws/build/ydlidar_ros2_driver', 'catkin_cmake_args': None, 'catkin_skip_building_tests': False, 'cmake_args': None, 'cmake_clean_cache': False, 'cmake_clean_first': False, 'cmake_force_configure': False, 'cmake_target': None, 'cmake_target_skip_unavailable': False, 'install_base': '/home/carpe-bleue/ydlidar_ros2_ws/install/ydlidar_ros2_driver', 'merge_install': False, 'path': '/home/carpe-bleue/ydlidar_ros2_ws/src/ydlidar_ros2_driver', 'symlink_install': True, 'test_result_base': None}
[1.515s] INFO:colcon.colcon_core.executor:Executing jobs using 'parallel' executor
[1.518s] DEBUG:colcon.colcon_parallel_executor.executor.parallel:run_until_complete
[1.519s] INFO:colcon.colcon_ros.task.ament_cmake.build:Building ROS package in '/home/carpe-bleue/ydlidar_ros2_ws/src/ydlidar_ros2_driver' with build type 'ament_cmake'
[1.519s] INFO:colcon.colcon_cmake.task.cmake.build:Building CMake package in '/home/carpe-bleue/ydlidar_ros2_ws/src/ydlidar_ros2_driver'
[1.528s] INFO:colcon.colcon_core.plugin_system:Skipping extension 'colcon_core.shell.bat': Not used on non-Windows systems
[1.529s] INFO:colcon.colcon_core.shell:Skip shell extension 'powershell' for command environment: Not usable outside of PowerShell
[1.529s] DEBUG:colcon.colcon_core.shell:Skip shell extension 'dsv' for command environment
[1.575s] DEBUG:colcon.colcon_core.event_handler.log_command:Invoking command in '/home/carpe-bleue/ydlidar_ros2_ws/build/ydlidar_ros2_driver': CMAKE_PREFIX_PATH=${CMAKE_PREFIX_PATH}:/home/carpe-bleue/ros2_ws/install/lidar_vl53l1x_processing:/opt/ros/humble /usr/bin/cmake --build /home/carpe-bleue/ydlidar_ros2_ws/build/ydlidar_ros2_driver -- -j4 -l4
[1.862s] DEBUG:colcon.colcon_core.event_handler.log_command:Invoked command in '/home/carpe-bleue/ydlidar_ros2_ws/build/ydlidar_ros2_driver' returned '0': CMAKE_PREFIX_PATH=${CMAKE_PREFIX_PATH}:/home/carpe-bleue/ros2_ws/install/lidar_vl53l1x_processing:/opt/ros/humble /usr/bin/cmake --build /home/carpe-bleue/ydlidar_ros2_ws/build/ydlidar_ros2_driver -- -j4 -l4
[2.070s] DEBUG:colcon.colcon_core.event_handler.log_command:Invoking command in '/home/carpe-bleue/ydlidar_ros2_ws/build/ydlidar_ros2_driver': CMAKE_PREFIX_PATH=${CMAKE_PREFIX_PATH}:/home/carpe-bleue/ros2_ws/install/lidar_vl53l1x_processing:/opt/ros/humble /usr/bin/cmake --install /home/carpe-bleue/ydlidar_ros2_ws/build/ydlidar_ros2_driver
[2.167s] Level 1:colcon.colcon_core.environment:create_environment_scripts_only(ydlidar_ros2_driver)
[2.169s] DEBUG:colcon.colcon_core.event_handler.log_command:Invoked command in '/home/carpe-bleue/ydlidar_ros2_ws/build/ydlidar_ros2_driver' returned '0': CMAKE_PREFIX_PATH=${CMAKE_PREFIX_PATH}:/home/carpe-bleue/ros2_ws/install/lidar_vl53l1x_processing:/opt/ros/humble /usr/bin/cmake --install /home/carpe-bleue/ydlidar_ros2_ws/build/ydlidar_ros2_driver
[2.181s] Level 1:colcon.colcon_core.environment:checking '/home/carpe-bleue/ydlidar_ros2_ws/install/ydlidar_ros2_driver' for CMake module files
[2.186s] Level 1:colcon.colcon_core.environment:checking '/home/carpe-bleue/ydlidar_ros2_ws/install/ydlidar_ros2_driver' for CMake config files
[2.189s] Level 1:colcon.colcon_core.shell:create_environment_hook('ydlidar_ros2_driver', 'cmake_prefix_path')
[2.190s] INFO:colcon.colcon_core.shell:Creating environment hook '/home/carpe-bleue/ydlidar_ros2_ws/install/ydlidar_ros2_driver/share/ydlidar_ros2_driver/hook/cmake_prefix_path.ps1'
[2.192s] INFO:colcon.colcon_core.shell:Creating environment descriptor '/home/carpe-bleue/ydlidar_ros2_ws/install/ydlidar_ros2_driver/share/ydlidar_ros2_driver/hook/cmake_prefix_path.dsv'
[2.194s] INFO:colcon.colcon_core.shell:Creating environment hook '/home/carpe-bleue/ydlidar_ros2_ws/install/ydlidar_ros2_driver/share/ydlidar_ros2_driver/hook/cmake_prefix_path.sh'
[2.198s] Level 1:colcon.colcon_core.environment:checking '/home/carpe-bleue/ydlidar_ros2_ws/install/ydlidar_ros2_driver/lib'
[2.199s] Level 1:colcon.colcon_core.environment:checking '/home/carpe-bleue/ydlidar_ros2_ws/install/ydlidar_ros2_driver/bin'
[2.199s] Level 1:colcon.colcon_core.environment:checking '/home/carpe-bleue/ydlidar_ros2_ws/install/ydlidar_ros2_driver/lib/pkgconfig/ydlidar_ros2_driver.pc'
[2.200s] Level 1:colcon.colcon_core.environment:checking '/home/carpe-bleue/ydlidar_ros2_ws/install/ydlidar_ros2_driver/lib/python3.10/site-packages'
[2.201s] Level 1:colcon.colcon_core.environment:checking '/home/carpe-bleue/ydlidar_ros2_ws/install/ydlidar_ros2_driver/bin'
[2.202s] INFO:colcon.colcon_core.shell:Creating package script '/home/carpe-bleue/ydlidar_ros2_ws/install/ydlidar_ros2_driver/share/ydlidar_ros2_driver/package.ps1'
[2.205s] INFO:colcon.colcon_core.shell:Creating package descriptor '/home/carpe-bleue/ydlidar_ros2_ws/install/ydlidar_ros2_driver/share/ydlidar_ros2_driver/package.dsv'
[2.207s] INFO:colcon.colcon_core.shell:Creating package script '/home/carpe-bleue/ydlidar_ros2_ws/install/ydlidar_ros2_driver/share/ydlidar_ros2_driver/package.sh'
[2.211s] INFO:colcon.colcon_core.shell:Creating package script '/home/carpe-bleue/ydlidar_ros2_ws/install/ydlidar_ros2_driver/share/ydlidar_ros2_driver/package.bash'
[2.214s] INFO:colcon.colcon_core.shell:Creating package script '/home/carpe-bleue/ydlidar_ros2_ws/install/ydlidar_ros2_driver/share/ydlidar_ros2_driver/package.zsh'
[2.217s] Level 1:colcon.colcon_core.environment:create_file_with_runtime_dependencies(/home/carpe-bleue/ydlidar_ros2_ws/install/ydlidar_ros2_driver/share/colcon-core/packages/ydlidar_ros2_driver)
[2.375s] Level 1:colcon.colcon_core.environment:create_environment_scripts_only(ydlidar_ros2_driver)
[2.376s] Level 1:colcon.colcon_core.environment:checking '/home/carpe-bleue/ydlidar_ros2_ws/install/ydlidar_ros2_driver' for CMake module files
[2.381s] Level 1:colcon.colcon_core.environment:checking '/home/carpe-bleue/ydlidar_ros2_ws/install/ydlidar_ros2_driver' for CMake config files
[2.384s] Level 1:colcon.colcon_core.shell:create_environment_hook('ydlidar_ros2_driver', 'cmake_prefix_path')
[2.386s] INFO:colcon.colcon_core.shell:Creating environment hook '/home/carpe-bleue/ydlidar_ros2_ws/install/ydlidar_ros2_driver/share/ydlidar_ros2_driver/hook/cmake_prefix_path.ps1'
[2.388s] INFO:colcon.colcon_core.shell:Creating environment descriptor '/home/carpe-bleue/ydlidar_ros2_ws/install/ydlidar_ros2_driver/share/ydlidar_ros2_driver/hook/cmake_prefix_path.dsv'
[2.391s] INFO:colcon.colcon_core.shell:Creating environment hook '/home/carpe-bleue/ydlidar_ros2_ws/install/ydlidar_ros2_driver/share/ydlidar_ros2_driver/hook/cmake_prefix_path.sh'
[2.394s] Level 1:colcon.colcon_core.environment:checking '/home/carpe-bleue/ydlidar_ros2_ws/install/ydlidar_ros2_driver/lib'
[2.395s] Level 1:colcon.colcon_core.environment:checking '/home/carpe-bleue/ydlidar_ros2_ws/install/ydlidar_ros2_driver/bin'
[2.395s] Level 1:colcon.colcon_core.environment:checking '/home/carpe-bleue/ydlidar_ros2_ws/install/ydlidar_ros2_driver/lib/pkgconfig/ydlidar_ros2_driver.pc'
[2.396s] Level 1:colcon.colcon_core.environment:checking '/home/carpe-bleue/ydlidar_ros2_ws/install/ydlidar_ros2_driver/lib/python3.10/site-packages'
[2.397s] Level 1:colcon.colcon_core.environment:checking '/home/carpe-bleue/ydlidar_ros2_ws/install/ydlidar_ros2_driver/bin'
[2.398s] INFO:colcon.colcon_core.shell:Creating package script '/home/carpe-bleue/ydlidar_ros2_ws/install/ydlidar_ros2_driver/share/ydlidar_ros2_driver/package.ps1'
[2.400s] INFO:colcon.colcon_core.shell:Creating package descriptor '/home/carpe-bleue/ydlidar_ros2_ws/install/ydlidar_ros2_driver/share/ydlidar_ros2_driver/package.dsv'
[2.402s] INFO:colcon.colcon_core.shell:Creating package script '/home/carpe-bleue/ydlidar_ros2_ws/install/ydlidar_ros2_driver/share/ydlidar_ros2_driver/package.sh'
[2.404s] INFO:colcon.colcon_core.shell:Creating package script '/home/carpe-bleue/ydlidar_ros2_ws/install/ydlidar_ros2_driver/share/ydlidar_ros2_driver/package.bash'
[2.407s] INFO:colcon.colcon_core.shell:Creating package script '/home/carpe-bleue/ydlidar_ros2_ws/install/ydlidar_ros2_driver/share/ydlidar_ros2_driver/package.zsh'
[2.409s] Level 1:colcon.colcon_core.environment:create_file_with_runtime_dependencies(/home/carpe-bleue/ydlidar_ros2_ws/install/ydlidar_ros2_driver/share/colcon-core/packages/ydlidar_ros2_driver)
[2.410s] DEBUG:colcon.colcon_parallel_executor.executor.parallel:closing loop
[2.411s] DEBUG:colcon.colcon_parallel_executor.executor.parallel:loop closed
[2.411s] DEBUG:colcon.colcon_parallel_executor.executor.parallel:run_until_complete finished with '0'
[2.412s] DEBUG:colcon.colcon_core.event_reactor:joining thread
[2.431s] INFO:colcon.colcon_core.plugin_system:Skipping extension 'colcon_notification.desktop_notification.notify_send': Could not find 'notify-send'
[2.432s] INFO:colcon.colcon_core.plugin_system:Skipping extension 'colcon_notification.desktop_notification.terminal_notifier': Not used on non-Darwin systems
[2.432s] INFO:colcon.colcon_core.plugin_system:Skipping extension 'colcon_notification.desktop_notification.win32': Not used on non-Windows systems
[2.432s] INFO:colcon.colcon_notification.desktop_notification:Sending desktop notification using 'notify2'
[2.435s] DEBUG:colcon.colcon_notification.desktop_notification.notify2:Failed to initialize notify2: org.freedesktop.DBus.Error.ServiceUnknown: The name org.freedesktop.Notifications was not provided by any .service files
[2.435s] DEBUG:colcon.colcon_core.event_reactor:joined thread
[2.436s] INFO:colcon.colcon_core.shell:Creating prefix script '/home/carpe-bleue/ydlidar_ros2_ws/install/local_setup.ps1'
[2.440s] INFO:colcon.colcon_core.shell:Creating prefix util module '/home/carpe-bleue/ydlidar_ros2_ws/install/_local_setup_util_ps1.py'
[2.446s] INFO:colcon.colcon_core.shell:Creating prefix chain script '/home/carpe-bleue/ydlidar_ros2_ws/install/setup.ps1'
[2.452s] INFO:colcon.colcon_core.shell:Creating prefix script '/home/carpe-bleue/ydlidar_ros2_ws/install/local_setup.sh'
[2.456s] INFO:colcon.colcon_core.shell:Creating prefix util module '/home/carpe-bleue/ydlidar_ros2_ws/install/_local_setup_util_sh.py'
[2.459s] INFO:colcon.colcon_core.shell:Creating prefix chain script '/home/carpe-bleue/ydlidar_ros2_ws/install/setup.sh'
[2.465s] INFO:colcon.colcon_core.shell:Creating prefix script '/home/carpe-bleue/ydlidar_ros2_ws/install/local_setup.bash'
[2.468s] INFO:colcon.colcon_core.shell:Creating prefix chain script '/home/carpe-bleue/ydlidar_ros2_ws/install/setup.bash'
[2.473s] INFO:colcon.colcon_core.shell:Creating prefix script '/home/carpe-bleue/ydlidar_ros2_ws/install/local_setup.zsh'
[2.476s] INFO:colcon.colcon_core.shell:Creating prefix chain script '/home/carpe-bleue/ydlidar_ros2_ws/install/setup.zsh'
