[0.063s] Invoking command in '/home/carpe-bleue/ros2_ws/build/ros2_serial_msgs': CMAKE_PREFIX_PATH=${CMAKE_PREFIX_PATH}:/opt/ros/humble /usr/bin/cmake /home/carpe-bleue/ros2_ws/src/ros2_serial_example/ros2_serial_msgs -DROS2_SERIAL_PKGS=sensor_msgs;px4_msgs -DCMAKE_INSTALL_PREFIX=/home/carpe-bleue/ros2_ws/install/ros2_serial_msgs
[0.123s] -- Found ament_cmake: 1.3.10 (/opt/ros/humble/share/ament_cmake/cmake)
[0.764s] -- Found rosidl_default_generators: 1.2.0 (/opt/ros/humble/share/rosidl_default_generators/cmake)
[0.774s] -- Using all available rosidl_typesupport_c: rosidl_typesupport_fastrtps_c;rosidl_typesupport_introspection_c
[0.785s] -- Found rosidl_adapter: 3.1.5 (/opt/ros/humble/share/rosidl_adapter/cmake)
[0.944s] -- Using all available rosidl_typesupport_cpp: rosidl_typesupport_fastrtps_cpp;rosidl_typesupport_introspection_cpp
[2.160s] -- Found ament_cmake_ros: 0.10.0 (/opt/ros/humble/share/ament_cmake_ros/cmake)
[3.071s] -- Using all available rosidl_typesupport_c: rosidl_typesupport_fastrtps_c;rosidl_typesupport_introspection_c
[4.124s] -- Using all available rosidl_typesupport_cpp: rosidl_typesupport_fastrtps_cpp;rosidl_typesupport_introspection_cpp
[4.231s] -- Found python_cmake_module: 0.10.0 (/opt/ros/humble/share/python_cmake_module/cmake)
[4.343s] -- Using PYTHON_EXECUTABLE: /usr/bin/python3
[4.344s] -- Using PYTHON_INCLUDE_DIRS: /usr/include/python3.10
[4.344s] -- Using PYTHON_LIBRARIES: /usr/lib/aarch64-linux-gnu/libpython3.10.so
[4.752s] -- Configuring done
[5.049s] -- Generating done
[5.067s] -- Build files have been written to: /home/carpe-bleue/ros2_ws/build/ros2_serial_msgs
[5.081s] Invoked command in '/home/carpe-bleue/ros2_ws/build/ros2_serial_msgs' returned '0': CMAKE_PREFIX_PATH=${CMAKE_PREFIX_PATH}:/opt/ros/humble /usr/bin/cmake /home/carpe-bleue/ros2_ws/src/ros2_serial_example/ros2_serial_msgs -DROS2_SERIAL_PKGS=sensor_msgs;px4_msgs -DCMAKE_INSTALL_PREFIX=/home/carpe-bleue/ros2_ws/install/ros2_serial_msgs
[5.088s] Invoking command in '/home/carpe-bleue/ros2_ws/build/ros2_serial_msgs': CMAKE_PREFIX_PATH=${CMAKE_PREFIX_PATH}:/opt/ros/humble /usr/bin/cmake --build /home/carpe-bleue/ros2_ws/build/ros2_serial_msgs -- -j4 -l4
[5.253s] [35m[1mConsolidate compiler generated dependencies of target ros2_serial_msgs__rosidl_generator_c[0m
[5.289s] [  3%] Built target ros2_serial_msgs__cpp
[5.308s] [ 12%] Built target ros2_serial_msgs__rosidl_generator_c
[5.339s] [35m[1mConsolidate compiler generated dependencies of target ros2_serial_msgs__rosidl_typesupport_fastrtps_cpp[0m
[5.344s] [35m[1mConsolidate compiler generated dependencies of target ros2_serial_msgs__rosidl_typesupport_cpp[0m
[5.353s] [ 12%] Built target ament_cmake_python_copy_ros2_serial_msgs
[5.375s] [35m[1mConsolidate compiler generated dependencies of target ros2_serial_msgs__rosidl_typesupport_introspection_cpp[0m
[5.404s] [35m[1mConsolidate compiler generated dependencies of target ros2_serial_msgs__rosidl_typesupport_fastrtps_c[0m
[5.426s] [ 22%] Built target ros2_serial_msgs__rosidl_typesupport_cpp
[5.429s] [ 32%] Built target ros2_serial_msgs__rosidl_typesupport_fastrtps_cpp
[5.448s] [ 41%] Built target ros2_serial_msgs__rosidl_typesupport_introspection_cpp
[5.474s] [ 51%] Built target ros2_serial_msgs__rosidl_typesupport_fastrtps_c
[5.475s] [35m[1mConsolidate compiler generated dependencies of target ros2_serial_msgs__rosidl_typesupport_introspection_c[0m
[5.478s] [35m[1mConsolidate compiler generated dependencies of target ros2_serial_msgs__rosidl_typesupport_c[0m
[5.527s] [ 67%] Built target ros2_serial_msgs__rosidl_typesupport_introspection_c
[5.528s] [ 70%] Built target ros2_serial_msgs__rosidl_typesupport_c
[5.612s] [ 70%] Built target ros2_serial_msgs
[5.696s] [ 74%] Built target ros2_serial_msgs__py
[5.739s] [35m[1mConsolidate compiler generated dependencies of target ros2_serial_msgs__rosidl_generator_py[0m
[5.809s] [ 80%] Built target ros2_serial_msgs__rosidl_generator_py
[5.856s] [35m[1mConsolidate compiler generated dependencies of target ros2_serial_msgs__rosidl_typesupport_fastrtps_c__pyext[0m
[5.859s] [35m[1mConsolidate compiler generated dependencies of target ros2_serial_msgs__rosidl_typesupport_introspection_c__pyext[0m
[5.863s] [35m[1mConsolidate compiler generated dependencies of target ros2_serial_msgs__rosidl_typesupport_c__pyext[0m
[5.925s] [ 87%] Built target ros2_serial_msgs__rosidl_typesupport_fastrtps_c__pyext
[5.928s] [ 93%] Built target ros2_serial_msgs__rosidl_typesupport_introspection_c__pyext
[5.933s] [100%] Built target ros2_serial_msgs__rosidl_typesupport_c__pyext
[6.581s] running egg_info
[6.584s] writing ros2_serial_msgs.egg-info/PKG-INFO
[6.585s] writing dependency_links to ros2_serial_msgs.egg-info/dependency_links.txt
[6.586s] writing top-level names to ros2_serial_msgs.egg-info/top_level.txt
[6.599s] reading manifest file 'ros2_serial_msgs.egg-info/SOURCES.txt'
[6.602s] writing manifest file 'ros2_serial_msgs.egg-info/SOURCES.txt'
[6.726s] [100%] Built target ament_cmake_python_build_ros2_serial_msgs_egg
[6.766s] Invoked command in '/home/carpe-bleue/ros2_ws/build/ros2_serial_msgs' returned '0': CMAKE_PREFIX_PATH=${CMAKE_PREFIX_PATH}:/opt/ros/humble /usr/bin/cmake --build /home/carpe-bleue/ros2_ws/build/ros2_serial_msgs -- -j4 -l4
[7.151s] Invoking command in '/home/carpe-bleue/ros2_ws/build/ros2_serial_msgs': CMAKE_PREFIX_PATH=${CMAKE_PREFIX_PATH}:/opt/ros/humble /usr/bin/cmake --install /home/carpe-bleue/ros2_ws/build/ros2_serial_msgs
[7.180s] -- Install configuration: ""
[7.181s] -- Up-to-date: /home/carpe-bleue/ros2_ws/install/ros2_serial_msgs/share/ament_index/resource_index/rosidl_interfaces/ros2_serial_msgs
[7.182s] -- Up-to-date: /home/carpe-bleue/ros2_ws/install/ros2_serial_msgs/include/ros2_serial_msgs/ros2_serial_msgs
[7.183s] -- Up-to-date: /home/carpe-bleue/ros2_ws/install/ros2_serial_msgs/include/ros2_serial_msgs/ros2_serial_msgs/msg
[7.184s] -- Up-to-date: /home/carpe-bleue/ros2_ws/install/ros2_serial_msgs/include/ros2_serial_msgs/ros2_serial_msgs/msg/serial_mapping.h
[7.184s] -- Up-to-date: /home/carpe-bleue/ros2_ws/install/ros2_serial_msgs/include/ros2_serial_msgs/ros2_serial_msgs/msg/rosidl_generator_c__visibility_control.h
[7.185s] -- Up-to-date: /home/carpe-bleue/ros2_ws/install/ros2_serial_msgs/include/ros2_serial_msgs/ros2_serial_msgs/msg/detail
[7.185s] -- Up-to-date: /home/carpe-bleue/ros2_ws/install/ros2_serial_msgs/include/ros2_serial_msgs/ros2_serial_msgs/msg/detail/serial_mapping__functions.h
[7.186s] -- Up-to-date: /home/carpe-bleue/ros2_ws/install/ros2_serial_msgs/include/ros2_serial_msgs/ros2_serial_msgs/msg/detail/serial_mapping__struct.h
[7.186s] -- Up-to-date: /home/carpe-bleue/ros2_ws/install/ros2_serial_msgs/include/ros2_serial_msgs/ros2_serial_msgs/msg/detail/serial_mapping__functions.c
[7.187s] -- Up-to-date: /home/carpe-bleue/ros2_ws/install/ros2_serial_msgs/include/ros2_serial_msgs/ros2_serial_msgs/msg/detail/serial_mapping__type_support.h
[7.187s] -- Up-to-date: /home/carpe-bleue/ros2_ws/install/ros2_serial_msgs/share/ros2_serial_msgs/environment/library_path.sh
[7.188s] -- Installing: /home/carpe-bleue/ros2_ws/install/ros2_serial_msgs/share/ros2_serial_msgs/environment/library_path.dsv
[7.191s] -- Up-to-date: /home/carpe-bleue/ros2_ws/install/ros2_serial_msgs/lib/libros2_serial_msgs__rosidl_generator_c.so
[7.192s] -- Up-to-date: /home/carpe-bleue/ros2_ws/install/ros2_serial_msgs/include/ros2_serial_msgs/ros2_serial_msgs
[7.193s] -- Up-to-date: /home/carpe-bleue/ros2_ws/install/ros2_serial_msgs/include/ros2_serial_msgs/ros2_serial_msgs/msg
[7.193s] -- Up-to-date: /home/carpe-bleue/ros2_ws/install/ros2_serial_msgs/include/ros2_serial_msgs/ros2_serial_msgs/msg/rosidl_typesupport_fastrtps_c__visibility_control.h
[7.193s] -- Up-to-date: /home/carpe-bleue/ros2_ws/install/ros2_serial_msgs/include/ros2_serial_msgs/ros2_serial_msgs/msg/detail
[7.194s] -- Up-to-date: /home/carpe-bleue/ros2_ws/install/ros2_serial_msgs/include/ros2_serial_msgs/ros2_serial_msgs/msg/detail/serial_mapping__rosidl_typesupport_fastrtps_c.h
[7.197s] -- Up-to-date: /home/carpe-bleue/ros2_ws/install/ros2_serial_msgs/lib/libros2_serial_msgs__rosidl_typesupport_fastrtps_c.so
[7.198s] -- Up-to-date: /home/carpe-bleue/ros2_ws/install/ros2_serial_msgs/include/ros2_serial_msgs/ros2_serial_msgs
[7.199s] -- Up-to-date: /home/carpe-bleue/ros2_ws/install/ros2_serial_msgs/include/ros2_serial_msgs/ros2_serial_msgs/msg
[7.199s] -- Up-to-date: /home/carpe-bleue/ros2_ws/install/ros2_serial_msgs/include/ros2_serial_msgs/ros2_serial_msgs/msg/detail
[7.200s] -- Up-to-date: /home/carpe-bleue/ros2_ws/install/ros2_serial_msgs/include/ros2_serial_msgs/ros2_serial_msgs/msg/detail/serial_mapping__type_support.c
[7.200s] -- Up-to-date: /home/carpe-bleue/ros2_ws/install/ros2_serial_msgs/include/ros2_serial_msgs/ros2_serial_msgs/msg/detail/serial_mapping__rosidl_typesupport_introspection_c.h
[7.200s] -- Up-to-date: /home/carpe-bleue/ros2_ws/install/ros2_serial_msgs/include/ros2_serial_msgs/ros2_serial_msgs/msg/rosidl_typesupport_introspection_c__visibility_control.h
[7.203s] -- Up-to-date: /home/carpe-bleue/ros2_ws/install/ros2_serial_msgs/lib/libros2_serial_msgs__rosidl_typesupport_introspection_c.so
[7.206s] -- Up-to-date: /home/carpe-bleue/ros2_ws/install/ros2_serial_msgs/lib/libros2_serial_msgs__rosidl_typesupport_c.so
[7.207s] -- Up-to-date: /home/carpe-bleue/ros2_ws/install/ros2_serial_msgs/include/ros2_serial_msgs/ros2_serial_msgs
[7.207s] -- Up-to-date: /home/carpe-bleue/ros2_ws/install/ros2_serial_msgs/include/ros2_serial_msgs/ros2_serial_msgs/msg
[7.208s] -- Up-to-date: /home/carpe-bleue/ros2_ws/install/ros2_serial_msgs/include/ros2_serial_msgs/ros2_serial_msgs/msg/serial_mapping.hpp
[7.208s] -- Up-to-date: /home/carpe-bleue/ros2_ws/install/ros2_serial_msgs/include/ros2_serial_msgs/ros2_serial_msgs/msg/detail
[7.209s] -- Up-to-date: /home/carpe-bleue/ros2_ws/install/ros2_serial_msgs/include/ros2_serial_msgs/ros2_serial_msgs/msg/detail/serial_mapping__traits.hpp
[7.209s] -- Up-to-date: /home/carpe-bleue/ros2_ws/install/ros2_serial_msgs/include/ros2_serial_msgs/ros2_serial_msgs/msg/detail/serial_mapping__builder.hpp
[7.210s] -- Up-to-date: /home/carpe-bleue/ros2_ws/install/ros2_serial_msgs/include/ros2_serial_msgs/ros2_serial_msgs/msg/detail/serial_mapping__struct.hpp
[7.210s] -- Up-to-date: /home/carpe-bleue/ros2_ws/install/ros2_serial_msgs/include/ros2_serial_msgs/ros2_serial_msgs
[7.210s] -- Up-to-date: /home/carpe-bleue/ros2_ws/install/ros2_serial_msgs/include/ros2_serial_msgs/ros2_serial_msgs/msg
[7.211s] -- Up-to-date: /home/carpe-bleue/ros2_ws/install/ros2_serial_msgs/include/ros2_serial_msgs/ros2_serial_msgs/msg/rosidl_typesupport_fastrtps_cpp__visibility_control.h
[7.211s] -- Up-to-date: /home/carpe-bleue/ros2_ws/install/ros2_serial_msgs/include/ros2_serial_msgs/ros2_serial_msgs/msg/detail
[7.212s] -- Up-to-date: /home/carpe-bleue/ros2_ws/install/ros2_serial_msgs/include/ros2_serial_msgs/ros2_serial_msgs/msg/detail/serial_mapping__rosidl_typesupport_fastrtps_cpp.hpp
[7.212s] -- Up-to-date: /home/carpe-bleue/ros2_ws/install/ros2_serial_msgs/include/ros2_serial_msgs/ros2_serial_msgs/msg/detail/dds_fastrtps
[7.215s] -- Up-to-date: /home/carpe-bleue/ros2_ws/install/ros2_serial_msgs/lib/libros2_serial_msgs__rosidl_typesupport_fastrtps_cpp.so
[7.216s] -- Up-to-date: /home/carpe-bleue/ros2_ws/install/ros2_serial_msgs/include/ros2_serial_msgs/ros2_serial_msgs
[7.217s] -- Up-to-date: /home/carpe-bleue/ros2_ws/install/ros2_serial_msgs/include/ros2_serial_msgs/ros2_serial_msgs/msg
[7.217s] -- Up-to-date: /home/carpe-bleue/ros2_ws/install/ros2_serial_msgs/include/ros2_serial_msgs/ros2_serial_msgs/msg/detail
[7.218s] -- Up-to-date: /home/carpe-bleue/ros2_ws/install/ros2_serial_msgs/include/ros2_serial_msgs/ros2_serial_msgs/msg/detail/serial_mapping__type_support.cpp
[7.218s] -- Up-to-date: /home/carpe-bleue/ros2_ws/install/ros2_serial_msgs/include/ros2_serial_msgs/ros2_serial_msgs/msg/detail/serial_mapping__rosidl_typesupport_introspection_cpp.hpp
[7.221s] -- Up-to-date: /home/carpe-bleue/ros2_ws/install/ros2_serial_msgs/lib/libros2_serial_msgs__rosidl_typesupport_introspection_cpp.so
[7.224s] -- Up-to-date: /home/carpe-bleue/ros2_ws/install/ros2_serial_msgs/lib/libros2_serial_msgs__rosidl_typesupport_cpp.so
[7.225s] -- Up-to-date: /home/carpe-bleue/ros2_ws/install/ros2_serial_msgs/share/ros2_serial_msgs/environment/pythonpath.sh
[7.226s] -- Installing: /home/carpe-bleue/ros2_ws/install/ros2_serial_msgs/share/ros2_serial_msgs/environment/pythonpath.dsv
[7.227s] -- Up-to-date: /home/carpe-bleue/ros2_ws/install/ros2_serial_msgs/local/lib/python3.10/dist-packages/ros2_serial_msgs-0.0.0-py3.10.egg-info
[7.227s] -- Installing: /home/carpe-bleue/ros2_ws/install/ros2_serial_msgs/local/lib/python3.10/dist-packages/ros2_serial_msgs-0.0.0-py3.10.egg-info/PKG-INFO
[7.229s] -- Installing: /home/carpe-bleue/ros2_ws/install/ros2_serial_msgs/local/lib/python3.10/dist-packages/ros2_serial_msgs-0.0.0-py3.10.egg-info/top_level.txt
[7.230s] -- Installing: /home/carpe-bleue/ros2_ws/install/ros2_serial_msgs/local/lib/python3.10/dist-packages/ros2_serial_msgs-0.0.0-py3.10.egg-info/SOURCES.txt
[7.232s] -- Installing: /home/carpe-bleue/ros2_ws/install/ros2_serial_msgs/local/lib/python3.10/dist-packages/ros2_serial_msgs-0.0.0-py3.10.egg-info/dependency_links.txt
[7.234s] -- Up-to-date: /home/carpe-bleue/ros2_ws/install/ros2_serial_msgs/local/lib/python3.10/dist-packages/ros2_serial_msgs
[7.235s] -- Installing: /home/carpe-bleue/ros2_ws/install/ros2_serial_msgs/local/lib/python3.10/dist-packages/ros2_serial_msgs/__init__.py
[7.236s] -- Up-to-date: /home/carpe-bleue/ros2_ws/install/ros2_serial_msgs/local/lib/python3.10/dist-packages/ros2_serial_msgs/libros2_serial_msgs__rosidl_generator_py.so
[7.236s] -- Up-to-date: /home/carpe-bleue/ros2_ws/install/ros2_serial_msgs/local/lib/python3.10/dist-packages/ros2_serial_msgs/ros2_serial_msgs_s__rosidl_typesupport_fastrtps_c.cpython-310-aarch64-linux-gnu.so
[7.237s] -- Up-to-date: /home/carpe-bleue/ros2_ws/install/ros2_serial_msgs/local/lib/python3.10/dist-packages/ros2_serial_msgs/_ros2_serial_msgs_s.ep.rosidl_typesupport_introspection_c.c
[7.238s] -- Up-to-date: /home/carpe-bleue/ros2_ws/install/ros2_serial_msgs/local/lib/python3.10/dist-packages/ros2_serial_msgs/ros2_serial_msgs_s__rosidl_typesupport_introspection_c.cpython-310-aarch64-linux-gnu.so
[7.239s] -- Up-to-date: /home/carpe-bleue/ros2_ws/install/ros2_serial_msgs/local/lib/python3.10/dist-packages/ros2_serial_msgs/msg
[7.239s] -- Up-to-date: /home/carpe-bleue/ros2_ws/install/ros2_serial_msgs/local/lib/python3.10/dist-packages/ros2_serial_msgs/msg/__init__.py
[7.239s] -- Up-to-date: /home/carpe-bleue/ros2_ws/install/ros2_serial_msgs/local/lib/python3.10/dist-packages/ros2_serial_msgs/msg/_serial_mapping.py
[7.240s] -- Up-to-date: /home/carpe-bleue/ros2_ws/install/ros2_serial_msgs/local/lib/python3.10/dist-packages/ros2_serial_msgs/msg/_serial_mapping_s.c
[7.240s] -- Up-to-date: /home/carpe-bleue/ros2_ws/install/ros2_serial_msgs/local/lib/python3.10/dist-packages/ros2_serial_msgs/_ros2_serial_msgs_s.ep.rosidl_typesupport_c.c
[7.241s] -- Up-to-date: /home/carpe-bleue/ros2_ws/install/ros2_serial_msgs/local/lib/python3.10/dist-packages/ros2_serial_msgs/ros2_serial_msgs_s__rosidl_typesupport_c.cpython-310-aarch64-linux-gnu.so
[7.241s] -- Up-to-date: /home/carpe-bleue/ros2_ws/install/ros2_serial_msgs/local/lib/python3.10/dist-packages/ros2_serial_msgs/_ros2_serial_msgs_s.ep.rosidl_typesupport_fastrtps_c.c
[7.386s] Listing '/home/carpe-bleue/ros2_ws/install/ros2_serial_msgs/local/lib/python3.10/dist-packages/ros2_serial_msgs'...
[7.387s] Compiling '/home/carpe-bleue/ros2_ws/install/ros2_serial_msgs/local/lib/python3.10/dist-packages/ros2_serial_msgs/__init__.py'...
[7.388s] Listing '/home/carpe-bleue/ros2_ws/install/ros2_serial_msgs/local/lib/python3.10/dist-packages/ros2_serial_msgs/msg'...
[7.411s] -- Up-to-date: /home/carpe-bleue/ros2_ws/install/ros2_serial_msgs/local/lib/python3.10/dist-packages/ros2_serial_msgs/ros2_serial_msgs_s__rosidl_typesupport_fastrtps_c.cpython-310-aarch64-linux-gnu.so
[7.414s] -- Up-to-date: /home/carpe-bleue/ros2_ws/install/ros2_serial_msgs/local/lib/python3.10/dist-packages/ros2_serial_msgs/ros2_serial_msgs_s__rosidl_typesupport_introspection_c.cpython-310-aarch64-linux-gnu.so
[7.417s] -- Up-to-date: /home/carpe-bleue/ros2_ws/install/ros2_serial_msgs/local/lib/python3.10/dist-packages/ros2_serial_msgs/ros2_serial_msgs_s__rosidl_typesupport_c.cpython-310-aarch64-linux-gnu.so
[7.421s] -- Up-to-date: /home/carpe-bleue/ros2_ws/install/ros2_serial_msgs/lib/libros2_serial_msgs__rosidl_generator_py.so
[7.423s] -- Up-to-date: /home/carpe-bleue/ros2_ws/install/ros2_serial_msgs/share/ros2_serial_msgs/msg/SerialMapping.idl
[7.423s] -- Installing: /home/carpe-bleue/ros2_ws/install/ros2_serial_msgs/share/ros2_serial_msgs/msg/SerialMapping.msg
[7.425s] -- Up-to-date: /home/carpe-bleue/ros2_ws/install/ros2_serial_msgs/share/ament_index/resource_index/package_run_dependencies/ros2_serial_msgs
[7.426s] -- Installing: /home/carpe-bleue/ros2_ws/install/ros2_serial_msgs/share/ament_index/resource_index/parent_prefix_path/ros2_serial_msgs
[7.428s] -- Up-to-date: /home/carpe-bleue/ros2_ws/install/ros2_serial_msgs/share/ros2_serial_msgs/environment/ament_prefix_path.sh
[7.428s] -- Installing: /home/carpe-bleue/ros2_ws/install/ros2_serial_msgs/share/ros2_serial_msgs/environment/ament_prefix_path.dsv
[7.430s] -- Up-to-date: /home/carpe-bleue/ros2_ws/install/ros2_serial_msgs/share/ros2_serial_msgs/environment/path.sh
[7.430s] -- Installing: /home/carpe-bleue/ros2_ws/install/ros2_serial_msgs/share/ros2_serial_msgs/environment/path.dsv
[7.432s] -- Up-to-date: /home/carpe-bleue/ros2_ws/install/ros2_serial_msgs/share/ros2_serial_msgs/local_setup.bash
[7.432s] -- Up-to-date: /home/carpe-bleue/ros2_ws/install/ros2_serial_msgs/share/ros2_serial_msgs/local_setup.sh
[7.433s] -- Up-to-date: /home/carpe-bleue/ros2_ws/install/ros2_serial_msgs/share/ros2_serial_msgs/local_setup.zsh
[7.433s] -- Installing: /home/carpe-bleue/ros2_ws/install/ros2_serial_msgs/share/ros2_serial_msgs/local_setup.dsv
[7.434s] -- Installing: /home/carpe-bleue/ros2_ws/install/ros2_serial_msgs/share/ros2_serial_msgs/package.dsv
[7.436s] -- Up-to-date: /home/carpe-bleue/ros2_ws/install/ros2_serial_msgs/share/ament_index/resource_index/packages/ros2_serial_msgs
[7.438s] -- Up-to-date: /home/carpe-bleue/ros2_ws/install/ros2_serial_msgs/share/ros2_serial_msgs/cmake/export_ros2_serial_msgs__rosidl_generator_cExport.cmake
[7.439s] -- Up-to-date: /home/carpe-bleue/ros2_ws/install/ros2_serial_msgs/share/ros2_serial_msgs/cmake/export_ros2_serial_msgs__rosidl_generator_cExport-noconfig.cmake
[7.440s] -- Up-to-date: /home/carpe-bleue/ros2_ws/install/ros2_serial_msgs/share/ros2_serial_msgs/cmake/export_ros2_serial_msgs__rosidl_typesupport_fastrtps_cExport.cmake
[7.441s] -- Up-to-date: /home/carpe-bleue/ros2_ws/install/ros2_serial_msgs/share/ros2_serial_msgs/cmake/export_ros2_serial_msgs__rosidl_typesupport_fastrtps_cExport-noconfig.cmake
[7.442s] -- Up-to-date: /home/carpe-bleue/ros2_ws/install/ros2_serial_msgs/share/ros2_serial_msgs/cmake/ros2_serial_msgs__rosidl_typesupport_introspection_cExport.cmake
[7.442s] -- Up-to-date: /home/carpe-bleue/ros2_ws/install/ros2_serial_msgs/share/ros2_serial_msgs/cmake/ros2_serial_msgs__rosidl_typesupport_introspection_cExport-noconfig.cmake
[7.444s] -- Up-to-date: /home/carpe-bleue/ros2_ws/install/ros2_serial_msgs/share/ros2_serial_msgs/cmake/ros2_serial_msgs__rosidl_typesupport_cExport.cmake
[7.445s] -- Up-to-date: /home/carpe-bleue/ros2_ws/install/ros2_serial_msgs/share/ros2_serial_msgs/cmake/ros2_serial_msgs__rosidl_typesupport_cExport-noconfig.cmake
[7.446s] -- Up-to-date: /home/carpe-bleue/ros2_ws/install/ros2_serial_msgs/share/ros2_serial_msgs/cmake/export_ros2_serial_msgs__rosidl_generator_cppExport.cmake
[7.447s] -- Up-to-date: /home/carpe-bleue/ros2_ws/install/ros2_serial_msgs/share/ros2_serial_msgs/cmake/export_ros2_serial_msgs__rosidl_typesupport_fastrtps_cppExport.cmake
[7.448s] -- Up-to-date: /home/carpe-bleue/ros2_ws/install/ros2_serial_msgs/share/ros2_serial_msgs/cmake/export_ros2_serial_msgs__rosidl_typesupport_fastrtps_cppExport-noconfig.cmake
[7.449s] -- Up-to-date: /home/carpe-bleue/ros2_ws/install/ros2_serial_msgs/share/ros2_serial_msgs/cmake/ros2_serial_msgs__rosidl_typesupport_introspection_cppExport.cmake
[7.450s] -- Up-to-date: /home/carpe-bleue/ros2_ws/install/ros2_serial_msgs/share/ros2_serial_msgs/cmake/ros2_serial_msgs__rosidl_typesupport_introspection_cppExport-noconfig.cmake
[7.452s] -- Up-to-date: /home/carpe-bleue/ros2_ws/install/ros2_serial_msgs/share/ros2_serial_msgs/cmake/ros2_serial_msgs__rosidl_typesupport_cppExport.cmake
[7.452s] -- Up-to-date: /home/carpe-bleue/ros2_ws/install/ros2_serial_msgs/share/ros2_serial_msgs/cmake/ros2_serial_msgs__rosidl_typesupport_cppExport-noconfig.cmake
[7.454s] -- Up-to-date: /home/carpe-bleue/ros2_ws/install/ros2_serial_msgs/share/ros2_serial_msgs/cmake/export_ros2_serial_msgs__rosidl_generator_pyExport.cmake
[7.454s] -- Up-to-date: /home/carpe-bleue/ros2_ws/install/ros2_serial_msgs/share/ros2_serial_msgs/cmake/export_ros2_serial_msgs__rosidl_generator_pyExport-noconfig.cmake
[7.455s] -- Up-to-date: /home/carpe-bleue/ros2_ws/install/ros2_serial_msgs/share/ros2_serial_msgs/cmake/rosidl_cmake-extras.cmake
[7.455s] -- Up-to-date: /home/carpe-bleue/ros2_ws/install/ros2_serial_msgs/share/ros2_serial_msgs/cmake/ament_cmake_export_include_directories-extras.cmake
[7.456s] -- Up-to-date: /home/carpe-bleue/ros2_ws/install/ros2_serial_msgs/share/ros2_serial_msgs/cmake/ament_cmake_export_libraries-extras.cmake
[7.456s] -- Up-to-date: /home/carpe-bleue/ros2_ws/install/ros2_serial_msgs/share/ros2_serial_msgs/cmake/ament_cmake_export_targets-extras.cmake
[7.457s] -- Up-to-date: /home/carpe-bleue/ros2_ws/install/ros2_serial_msgs/share/ros2_serial_msgs/cmake/rosidl_cmake_export_typesupport_targets-extras.cmake
[7.457s] -- Up-to-date: /home/carpe-bleue/ros2_ws/install/ros2_serial_msgs/share/ros2_serial_msgs/cmake/ament_cmake_export_dependencies-extras.cmake
[7.458s] -- Up-to-date: /home/carpe-bleue/ros2_ws/install/ros2_serial_msgs/share/ros2_serial_msgs/cmake/rosidl_cmake_export_typesupport_libraries-extras.cmake
[7.458s] -- Up-to-date: /home/carpe-bleue/ros2_ws/install/ros2_serial_msgs/share/ros2_serial_msgs/cmake/ros2_serial_msgsConfig.cmake
[7.459s] -- Up-to-date: /home/carpe-bleue/ros2_ws/install/ros2_serial_msgs/share/ros2_serial_msgs/cmake/ros2_serial_msgsConfig-version.cmake
[7.459s] -- Installing: /home/carpe-bleue/ros2_ws/install/ros2_serial_msgs/share/ros2_serial_msgs/package.xml
[7.468s] Invoked command in '/home/carpe-bleue/ros2_ws/build/ros2_serial_msgs' returned '0': CMAKE_PREFIX_PATH=${CMAKE_PREFIX_PATH}:/opt/ros/humble /usr/bin/cmake --install /home/carpe-bleue/ros2_ws/build/ros2_serial_msgs
