[0.046s] Invoking command in '/home/carpe-bleue/ros2_ws/build/ros2_serial_example': AMENT_PREFIX_PATH=/home/carpe-bleue/ros2_ws/install/ros2_serial_msgs:${AMENT_PREFIX_PATH} CMAKE_PREFIX_PATH=/home/carpe-bleue/ros2_ws/install/ros2_serial_msgs:/opt/ros/humble LD_LIBRARY_PATH=/home/carpe-bleue/ros2_ws/install/ros2_serial_msgs/lib:${LD_LIBRARY_PATH} PYTHONPATH=/home/carpe-bleue/ros2_ws/install/ros2_serial_msgs/local/lib/python3.10/dist-packages:${PYTHONPATH} /usr/bin/cmake /home/carpe-bleue/ros2_ws/src/ros2_serial_example/ros2_serial_example -DROS2_SERIAL_PKGS=sensor_msgs;px4_msgs -DCMAKE_INSTALL_PREFIX=/home/carpe-bleue/ros2_ws/install/ros2_serial_example
[0.089s] -- Found ament_cmake_ros: 0.10.0 (/opt/ros/humble/share/ament_cmake_ros/cmake)
[0.649s] -- Found rclcpp: 16.0.10 (/opt/ros/humble/share/rclcpp/cmake)
[0.796s] -- Found rosidl_generator_c: 3.1.5 (/opt/ros/humble/share/rosidl_generator_c/cmake)
[0.806s] -- Found rosidl_adapter: 3.1.5 (/opt/ros/humble/share/rosidl_adapter/cmake)
[0.829s] -- Found rosidl_generator_cpp: 3.1.5 (/opt/ros/humble/share/rosidl_generator_cpp/cmake)
[0.866s] -- Using all available rosidl_typesupport_c: rosidl_typesupport_fastrtps_c;rosidl_typesupport_introspection_c
[0.914s] -- Using all available rosidl_typesupport_cpp: rosidl_typesupport_fastrtps_cpp;rosidl_typesupport_introspection_cpp
[1.036s] -- Found rmw_implementation_cmake: 6.1.2 (/opt/ros/humble/share/rmw_implementation_cmake/cmake)
[1.041s] -- Found rmw_fastrtps_cpp: 6.2.7 (/opt/ros/humble/share/rmw_fastrtps_cpp/cmake)
[1.805s] -- Using RMW implementation 'rmw_fastrtps_cpp' as default
[1.985s] -- Found ros2_serial_msgs: 0.0.0 (/home/carpe-bleue/ros2_ws/install/ros2_serial_msgs/share/ros2_serial_msgs/cmake)
[2.026s] -- Found rclcpp_components: 16.0.10 (/opt/ros/humble/share/rclcpp_components/cmake)
[2.343s] -- Found sensor_msgs: 4.2.4 (/opt/ros/humble/share/sensor_msgs/cmake)
[2.583s] [31mCMake Error at CMakeLists.txt:27 (find_package):
[2.583s]   By not providing "Findpx4_msgs.cmake" in CMAKE_MODULE_PATH this project has
[2.583s]   asked CMake to find a package configuration file provided by "px4_msgs",
[2.584s]   but CMake did not find one.
[2.584s] 
[2.584s]   Could not find a package configuration file provided by "px4_msgs" with any
[2.585s]   of the following names:
[2.585s] 
[2.585s]     px4_msgsConfig.cmake
[2.585s]     px4_msgs-config.cmake
[2.586s] 
[2.586s]   Add the installation prefix of "px4_msgs" to CMAKE_PREFIX_PATH or set
[2.586s]   "px4_msgs_DIR" to a directory containing one of the above files.  If
[2.587s]   "px4_msgs" provides a separate development package or SDK, be sure it has
[2.588s]   been installed.
[2.588s] 
[2.588s] [0m
[2.589s] -- Configuring incomplete, errors occurred!
[2.589s] See also "/home/carpe-bleue/ros2_ws/build/ros2_serial_example/CMakeFiles/CMakeOutput.log".
[2.612s] Invoked command in '/home/carpe-bleue/ros2_ws/build/ros2_serial_example' returned '1': AMENT_PREFIX_PATH=/home/carpe-bleue/ros2_ws/install/ros2_serial_msgs:${AMENT_PREFIX_PATH} CMAKE_PREFIX_PATH=/home/carpe-bleue/ros2_ws/install/ros2_serial_msgs:/opt/ros/humble LD_LIBRARY_PATH=/home/carpe-bleue/ros2_ws/install/ros2_serial_msgs/lib:${LD_LIBRARY_PATH} PYTHONPATH=/home/carpe-bleue/ros2_ws/install/ros2_serial_msgs/local/lib/python3.10/dist-packages:${PYTHONPATH} /usr/bin/cmake /home/carpe-bleue/ros2_ws/src/ros2_serial_example/ros2_serial_example -DROS2_SERIAL_PKGS=sensor_msgs;px4_msgs -DCMAKE_INSTALL_PREFIX=/home/carpe-bleue/ros2_ws/install/ros2_serial_example
