[0.613s] DEBUG:colcon:Command line arguments: ['/usr/bin/colcon', 'build']
[0.614s] DEBUG:colcon:Parsed command line arguments: Namespace(log_base=None, log_level=None, verb_name='build', build_base='build', install_base='install', merge_install=False, symlink_install=False, test_result_base=None, continue_on_error=False, executor='parallel', parallel_workers=4, event_handlers=None, ignore_user_meta=False, metas=['./colcon.meta'], base_paths=['.'], packages_ignore=None, packages_ignore_regex=None, paths=None, packages_up_to=None, packages_up_to_regex=None, packages_above=None, packages_above_and_dependencies=None, packages_above_depth=None, packages_select_by_dep=None, packages_skip_by_dep=None, packages_skip_up_to=None, packages_select_build_failed=False, packages_skip_build_finished=False, packages_select_test_failures=False, packages_skip_test_passed=False, packages_select=None, packages_skip=None, packages_select_regex=None, packages_skip_regex=None, packages_start=None, packages_end=None, allow_overriding=[], cmake_args=None, cmake_target=None, cmake_target_skip_unavailable=False, cmake_clean_cache=False, cmake_clean_first=False, cmake_force_configure=False, ament_cmake_args=None, catkin_cmake_args=None, catkin_skip_building_tests=False, verb_parser=<colcon_defaults.argument_parser.defaults.DefaultArgumentsDecorator object at 0xffff81d6fb20>, verb_extension=<colcon_core.verb.build.BuildVerb object at 0xffff81cb4790>, main=<bound method BuildVerb.main of <colcon_core.verb.build.BuildVerb object at 0xffff81cb4790>>)
[1.705s] Level 1:colcon.colcon_core.package_discovery:discover_packages(colcon_meta) check parameters
[1.706s] Level 1:colcon.colcon_core.package_discovery:discover_packages(recursive) check parameters
[1.706s] Level 1:colcon.colcon_core.package_discovery:discover_packages(ignore) check parameters
[1.706s] Level 1:colcon.colcon_core.package_discovery:discover_packages(path) check parameters
[1.706s] Level 1:colcon.colcon_core.package_discovery:discover_packages(colcon_meta) discover
[1.706s] Level 1:colcon.colcon_core.package_discovery:discover_packages(recursive) discover
[1.707s] INFO:colcon.colcon_core.package_discovery:Crawling recursively for packages in '/home/carpe-bleue/ros2_ws'
[1.707s] Level 1:colcon.colcon_core.package_identification:_identify(.) by extensions ['ignore', 'ignore_ament_install']
[1.707s] Level 1:colcon.colcon_core.package_identification:_identify(.) by extension 'ignore'
[1.708s] Level 1:colcon.colcon_core.package_identification:_identify(.) by extension 'ignore_ament_install'
[1.708s] Level 1:colcon.colcon_core.package_identification:_identify(.) by extensions ['colcon_pkg']
[1.708s] Level 1:colcon.colcon_core.package_identification:_identify(.) by extension 'colcon_pkg'
[1.708s] Level 1:colcon.colcon_core.package_identification:_identify(.) by extensions ['colcon_meta']
[1.708s] Level 1:colcon.colcon_core.package_identification:_identify(.) by extension 'colcon_meta'
[1.709s] Level 1:colcon.colcon_core.package_identification:_identify(.) by extensions ['ros']
[1.709s] Level 1:colcon.colcon_core.package_identification:_identify(.) by extension 'ros'
[1.756s] Level 1:colcon.colcon_core.package_identification:_identify(.) by extensions ['cmake', 'python']
[1.757s] Level 1:colcon.colcon_core.package_identification:_identify(.) by extension 'cmake'
[1.757s] Level 1:colcon.colcon_core.package_identification:_identify(.) by extension 'python'
[1.757s] Level 1:colcon.colcon_core.package_identification:_identify(.) by extensions ['python_setup_py']
[1.757s] Level 1:colcon.colcon_core.package_identification:_identify(.) by extension 'python_setup_py'
[1.758s] Level 1:colcon.colcon_core.package_identification:_identify(build) by extensions ['ignore', 'ignore_ament_install']
[1.758s] Level 1:colcon.colcon_core.package_identification:_identify(build) by extension 'ignore'
[1.758s] Level 1:colcon.colcon_core.package_identification:_identify(build) ignored
[1.759s] Level 1:colcon.colcon_core.package_identification:_identify(install) by extensions ['ignore', 'ignore_ament_install']
[1.759s] Level 1:colcon.colcon_core.package_identification:_identify(install) by extension 'ignore'
[1.759s] Level 1:colcon.colcon_core.package_identification:_identify(install) ignored
[1.760s] Level 1:colcon.colcon_core.package_identification:_identify(log) by extensions ['ignore', 'ignore_ament_install']
[1.760s] Level 1:colcon.colcon_core.package_identification:_identify(log) by extension 'ignore'
[1.760s] Level 1:colcon.colcon_core.package_identification:_identify(log) ignored
[1.761s] Level 1:colcon.colcon_core.package_identification:_identify(src) by extensions ['ignore', 'ignore_ament_install']
[1.761s] Level 1:colcon.colcon_core.package_identification:_identify(src) by extension 'ignore'
[1.761s] Level 1:colcon.colcon_core.package_identification:_identify(src) by extension 'ignore_ament_install'
[1.761s] Level 1:colcon.colcon_core.package_identification:_identify(src) by extensions ['colcon_pkg']
[1.761s] Level 1:colcon.colcon_core.package_identification:_identify(src) by extension 'colcon_pkg'
[1.762s] Level 1:colcon.colcon_core.package_identification:_identify(src) by extensions ['colcon_meta']
[1.762s] Level 1:colcon.colcon_core.package_identification:_identify(src) by extension 'colcon_meta'
[1.762s] Level 1:colcon.colcon_core.package_identification:_identify(src) by extensions ['ros']
[1.762s] Level 1:colcon.colcon_core.package_identification:_identify(src) by extension 'ros'
[1.762s] Level 1:colcon.colcon_core.package_identification:_identify(src) by extensions ['cmake', 'python']
[1.762s] Level 1:colcon.colcon_core.package_identification:_identify(src) by extension 'cmake'
[1.763s] Level 1:colcon.colcon_core.package_identification:_identify(src) by extension 'python'
[1.763s] Level 1:colcon.colcon_core.package_identification:_identify(src) by extensions ['python_setup_py']
[1.763s] Level 1:colcon.colcon_core.package_identification:_identify(src) by extension 'python_setup_py'
[1.764s] Level 1:colcon.colcon_core.package_identification:_identify(src/ros2_serial_example) by extensions ['ignore', 'ignore_ament_install']
[1.764s] Level 1:colcon.colcon_core.package_identification:_identify(src/ros2_serial_example) by extension 'ignore'
[1.765s] Level 1:colcon.colcon_core.package_identification:_identify(src/ros2_serial_example) by extension 'ignore_ament_install'
[1.765s] Level 1:colcon.colcon_core.package_identification:_identify(src/ros2_serial_example) by extensions ['colcon_pkg']
[1.765s] Level 1:colcon.colcon_core.package_identification:_identify(src/ros2_serial_example) by extension 'colcon_pkg'
[1.765s] Level 1:colcon.colcon_core.package_identification:_identify(src/ros2_serial_example) by extensions ['colcon_meta']
[1.765s] Level 1:colcon.colcon_core.package_identification:_identify(src/ros2_serial_example) by extension 'colcon_meta'
[1.765s] Level 1:colcon.colcon_core.package_identification:_identify(src/ros2_serial_example) by extensions ['ros']
[1.765s] Level 1:colcon.colcon_core.package_identification:_identify(src/ros2_serial_example) by extension 'ros'
[1.766s] Level 1:colcon.colcon_core.package_identification:_identify(src/ros2_serial_example) by extensions ['cmake', 'python']
[1.766s] Level 1:colcon.colcon_core.package_identification:_identify(src/ros2_serial_example) by extension 'cmake'
[1.766s] Level 1:colcon.colcon_core.package_identification:_identify(src/ros2_serial_example) by extension 'python'
[1.766s] Level 1:colcon.colcon_core.package_identification:_identify(src/ros2_serial_example) by extensions ['python_setup_py']
[1.766s] Level 1:colcon.colcon_core.package_identification:_identify(src/ros2_serial_example) by extension 'python_setup_py'
[1.768s] Level 1:colcon.colcon_core.package_identification:_identify(src/ros2_serial_example/microcontroller) by extensions ['ignore', 'ignore_ament_install']
[1.768s] Level 1:colcon.colcon_core.package_identification:_identify(src/ros2_serial_example/microcontroller) by extension 'ignore'
[1.768s] Level 1:colcon.colcon_core.package_identification:_identify(src/ros2_serial_example/microcontroller) ignored
[1.769s] Level 1:colcon.colcon_core.package_identification:_identify(src/ros2_serial_example/ros2_serial_example) by extensions ['ignore', 'ignore_ament_install']
[1.770s] Level 1:colcon.colcon_core.package_identification:_identify(src/ros2_serial_example/ros2_serial_example) by extension 'ignore'
[1.770s] Level 1:colcon.colcon_core.package_identification:_identify(src/ros2_serial_example/ros2_serial_example) by extension 'ignore_ament_install'
[1.770s] Level 1:colcon.colcon_core.package_identification:_identify(src/ros2_serial_example/ros2_serial_example) by extensions ['colcon_pkg']
[1.770s] Level 1:colcon.colcon_core.package_identification:_identify(src/ros2_serial_example/ros2_serial_example) by extension 'colcon_pkg'
[1.770s] Level 1:colcon.colcon_core.package_identification:_identify(src/ros2_serial_example/ros2_serial_example) by extensions ['colcon_meta']
[1.770s] Level 1:colcon.colcon_core.package_identification:_identify(src/ros2_serial_example/ros2_serial_example) by extension 'colcon_meta'
[1.771s] Level 1:colcon.colcon_core.package_identification:_identify(src/ros2_serial_example/ros2_serial_example) by extensions ['ros']
[1.771s] Level 1:colcon.colcon_core.package_identification:_identify(src/ros2_serial_example/ros2_serial_example) by extension 'ros'
[1.784s] DEBUG:colcon.colcon_core.package_identification:Package 'src/ros2_serial_example/ros2_serial_example' with type 'ros.ament_cmake' and name 'ros2_serial_example'
[1.786s] Level 1:colcon.colcon_core.package_identification:_identify(src/ros2_serial_example/ros2_serial_msgs) by extensions ['ignore', 'ignore_ament_install']
[1.786s] Level 1:colcon.colcon_core.package_identification:_identify(src/ros2_serial_example/ros2_serial_msgs) by extension 'ignore'
[1.786s] Level 1:colcon.colcon_core.package_identification:_identify(src/ros2_serial_example/ros2_serial_msgs) by extension 'ignore_ament_install'
[1.787s] Level 1:colcon.colcon_core.package_identification:_identify(src/ros2_serial_example/ros2_serial_msgs) by extensions ['colcon_pkg']
[1.787s] Level 1:colcon.colcon_core.package_identification:_identify(src/ros2_serial_example/ros2_serial_msgs) by extension 'colcon_pkg'
[1.787s] Level 1:colcon.colcon_core.package_identification:_identify(src/ros2_serial_example/ros2_serial_msgs) by extensions ['colcon_meta']
[1.787s] Level 1:colcon.colcon_core.package_identification:_identify(src/ros2_serial_example/ros2_serial_msgs) by extension 'colcon_meta'
[1.787s] Level 1:colcon.colcon_core.package_identification:_identify(src/ros2_serial_example/ros2_serial_msgs) by extensions ['ros']
[1.788s] Level 1:colcon.colcon_core.package_identification:_identify(src/ros2_serial_example/ros2_serial_msgs) by extension 'ros'
[1.790s] DEBUG:colcon.colcon_core.package_identification:Package 'src/ros2_serial_example/ros2_serial_msgs' with type 'ros.ament_cmake' and name 'ros2_serial_msgs'
[1.791s] Level 1:colcon.colcon_core.package_identification:_identify(src/serial_pkg) by extensions ['ignore', 'ignore_ament_install']
[1.791s] Level 1:colcon.colcon_core.package_identification:_identify(src/serial_pkg) by extension 'ignore'
[1.792s] Level 1:colcon.colcon_core.package_identification:_identify(src/serial_pkg) by extension 'ignore_ament_install'
[1.792s] Level 1:colcon.colcon_core.package_identification:_identify(src/serial_pkg) by extensions ['colcon_pkg']
[1.792s] Level 1:colcon.colcon_core.package_identification:_identify(src/serial_pkg) by extension 'colcon_pkg'
[1.792s] Level 1:colcon.colcon_core.package_identification:_identify(src/serial_pkg) by extensions ['colcon_meta']
[1.792s] Level 1:colcon.colcon_core.package_identification:_identify(src/serial_pkg) by extension 'colcon_meta'
[1.793s] Level 1:colcon.colcon_core.package_identification:_identify(src/serial_pkg) by extensions ['ros']
[1.793s] Level 1:colcon.colcon_core.package_identification:_identify(src/serial_pkg) by extension 'ros'
[1.795s] DEBUG:colcon.colcon_core.package_identification:Package 'src/serial_pkg' with type 'ros.ament_cmake' and name 'serial_pkg'
[1.796s] Level 1:colcon.colcon_core.package_identification:_identify(src/test) by extensions ['ignore', 'ignore_ament_install']
[1.797s] Level 1:colcon.colcon_core.package_identification:_identify(src/test) by extension 'ignore'
[1.797s] Level 1:colcon.colcon_core.package_identification:_identify(src/test) by extension 'ignore_ament_install'
[1.797s] Level 1:colcon.colcon_core.package_identification:_identify(src/test) by extensions ['colcon_pkg']
[1.797s] Level 1:colcon.colcon_core.package_identification:_identify(src/test) by extension 'colcon_pkg'
[1.797s] Level 1:colcon.colcon_core.package_identification:_identify(src/test) by extensions ['colcon_meta']
[1.798s] Level 1:colcon.colcon_core.package_identification:_identify(src/test) by extension 'colcon_meta'
[1.798s] Level 1:colcon.colcon_core.package_identification:_identify(src/test) by extensions ['ros']
[1.798s] Level 1:colcon.colcon_core.package_identification:_identify(src/test) by extension 'ros'
[1.801s] DEBUG:colcon.colcon_core.package_identification:Package 'src/test' with type 'ros.ament_cmake' and name 'test'
[1.801s] Level 1:colcon.colcon_core.package_discovery:discover_packages(recursive) using defaults
[1.802s] Level 1:colcon.colcon_core.package_discovery:discover_packages(ignore) discover
[1.802s] Level 1:colcon.colcon_core.package_discovery:discover_packages(ignore) using defaults
[1.802s] Level 1:colcon.colcon_core.package_discovery:discover_packages(path) discover
[1.802s] Level 1:colcon.colcon_core.package_discovery:discover_packages(path) using defaults
[1.919s] Level 1:colcon.colcon_core.package_discovery:discover_packages(prefix_path) check parameters
[1.919s] Level 1:colcon.colcon_core.package_discovery:discover_packages(prefix_path) discover
[1.939s] DEBUG:colcon.colcon_installed_package_information.package_discovery:Found 270 installed packages in /opt/ros/humble
[1.950s] Level 1:colcon.colcon_core.package_discovery:discover_packages(prefix_path) using defaults
[2.152s] Level 5:colcon.colcon_core.verb:set package 'ros2_serial_msgs' build argument 'cmake_args' from command line to 'None'
[2.152s] Level 5:colcon.colcon_core.verb:set package 'ros2_serial_msgs' build argument 'cmake_target' from command line to 'None'
[2.152s] Level 5:colcon.colcon_core.verb:set package 'ros2_serial_msgs' build argument 'cmake_target_skip_unavailable' from command line to 'False'
[2.152s] Level 5:colcon.colcon_core.verb:set package 'ros2_serial_msgs' build argument 'cmake_clean_cache' from command line to 'False'
[2.153s] Level 5:colcon.colcon_core.verb:set package 'ros2_serial_msgs' build argument 'cmake_clean_first' from command line to 'False'
[2.153s] Level 5:colcon.colcon_core.verb:set package 'ros2_serial_msgs' build argument 'cmake_force_configure' from command line to 'False'
[2.153s] Level 5:colcon.colcon_core.verb:set package 'ros2_serial_msgs' build argument 'ament_cmake_args' from command line to 'None'
[2.153s] Level 5:colcon.colcon_core.verb:set package 'ros2_serial_msgs' build argument 'catkin_cmake_args' from command line to 'None'
[2.153s] Level 5:colcon.colcon_core.verb:set package 'ros2_serial_msgs' build argument 'catkin_skip_building_tests' from command line to 'False'
[2.153s] DEBUG:colcon.colcon_core.verb:Building package 'ros2_serial_msgs' with the following arguments: {'ament_cmake_args': None, 'build_base': '/home/carpe-bleue/ros2_ws/build/ros2_serial_msgs', 'catkin_cmake_args': None, 'catkin_skip_building_tests': False, 'cmake_args': None, 'cmake_clean_cache': False, 'cmake_clean_first': False, 'cmake_force_configure': False, 'cmake_target': None, 'cmake_target_skip_unavailable': False, 'install_base': '/home/carpe-bleue/ros2_ws/install/ros2_serial_msgs', 'merge_install': False, 'path': '/home/carpe-bleue/ros2_ws/src/ros2_serial_example/ros2_serial_msgs', 'symlink_install': False, 'test_result_base': None}
[2.155s] Level 5:colcon.colcon_core.verb:set package 'serial_pkg' build argument 'cmake_args' from command line to 'None'
[2.155s] Level 5:colcon.colcon_core.verb:set package 'serial_pkg' build argument 'cmake_target' from command line to 'None'
[2.155s] Level 5:colcon.colcon_core.verb:set package 'serial_pkg' build argument 'cmake_target_skip_unavailable' from command line to 'False'
[2.155s] Level 5:colcon.colcon_core.verb:set package 'serial_pkg' build argument 'cmake_clean_cache' from command line to 'False'
[2.155s] Level 5:colcon.colcon_core.verb:set package 'serial_pkg' build argument 'cmake_clean_first' from command line to 'False'
[2.155s] Level 5:colcon.colcon_core.verb:set package 'serial_pkg' build argument 'cmake_force_configure' from command line to 'False'
[2.155s] Level 5:colcon.colcon_core.verb:set package 'serial_pkg' build argument 'ament_cmake_args' from command line to 'None'
[2.155s] Level 5:colcon.colcon_core.verb:set package 'serial_pkg' build argument 'catkin_cmake_args' from command line to 'None'
[2.155s] Level 5:colcon.colcon_core.verb:set package 'serial_pkg' build argument 'catkin_skip_building_tests' from command line to 'False'
[2.156s] DEBUG:colcon.colcon_core.verb:Building package 'serial_pkg' with the following arguments: {'ament_cmake_args': None, 'build_base': '/home/carpe-bleue/ros2_ws/build/serial_pkg', 'catkin_cmake_args': None, 'catkin_skip_building_tests': False, 'cmake_args': None, 'cmake_clean_cache': False, 'cmake_clean_first': False, 'cmake_force_configure': False, 'cmake_target': None, 'cmake_target_skip_unavailable': False, 'install_base': '/home/carpe-bleue/ros2_ws/install/serial_pkg', 'merge_install': False, 'path': '/home/carpe-bleue/ros2_ws/src/serial_pkg', 'symlink_install': False, 'test_result_base': None}
[2.157s] Level 5:colcon.colcon_core.verb:set package 'test' build argument 'cmake_args' from command line to 'None'
[2.157s] Level 5:colcon.colcon_core.verb:set package 'test' build argument 'cmake_target' from command line to 'None'
[2.157s] Level 5:colcon.colcon_core.verb:set package 'test' build argument 'cmake_target_skip_unavailable' from command line to 'False'
[2.157s] Level 5:colcon.colcon_core.verb:set package 'test' build argument 'cmake_clean_cache' from command line to 'False'
[2.157s] Level 5:colcon.colcon_core.verb:set package 'test' build argument 'cmake_clean_first' from command line to 'False'
[2.157s] Level 5:colcon.colcon_core.verb:set package 'test' build argument 'cmake_force_configure' from command line to 'False'
[2.158s] Level 5:colcon.colcon_core.verb:set package 'test' build argument 'ament_cmake_args' from command line to 'None'
[2.158s] Level 5:colcon.colcon_core.verb:set package 'test' build argument 'catkin_cmake_args' from command line to 'None'
[2.158s] Level 5:colcon.colcon_core.verb:set package 'test' build argument 'catkin_skip_building_tests' from command line to 'False'
[2.158s] DEBUG:colcon.colcon_core.verb:Building package 'test' with the following arguments: {'ament_cmake_args': None, 'build_base': '/home/carpe-bleue/ros2_ws/build/test', 'catkin_cmake_args': None, 'catkin_skip_building_tests': False, 'cmake_args': None, 'cmake_clean_cache': False, 'cmake_clean_first': False, 'cmake_force_configure': False, 'cmake_target': None, 'cmake_target_skip_unavailable': False, 'install_base': '/home/carpe-bleue/ros2_ws/install/test', 'merge_install': False, 'path': '/home/carpe-bleue/ros2_ws/src/test', 'symlink_install': False, 'test_result_base': None}
[2.159s] Level 5:colcon.colcon_core.verb:set package 'ros2_serial_example' build argument 'cmake_args' from command line to 'None'
[2.159s] Level 5:colcon.colcon_core.verb:set package 'ros2_serial_example' build argument 'cmake_target' from command line to 'None'
[2.160s] Level 5:colcon.colcon_core.verb:set package 'ros2_serial_example' build argument 'cmake_target_skip_unavailable' from command line to 'False'
[2.160s] Level 5:colcon.colcon_core.verb:set package 'ros2_serial_example' build argument 'cmake_clean_cache' from command line to 'False'
[2.160s] Level 5:colcon.colcon_core.verb:set package 'ros2_serial_example' build argument 'cmake_clean_first' from command line to 'False'
[2.160s] Level 5:colcon.colcon_core.verb:set package 'ros2_serial_example' build argument 'cmake_force_configure' from command line to 'False'
[2.160s] Level 5:colcon.colcon_core.verb:set package 'ros2_serial_example' build argument 'ament_cmake_args' from command line to 'None'
[2.160s] Level 5:colcon.colcon_core.verb:set package 'ros2_serial_example' build argument 'catkin_cmake_args' from command line to 'None'
[2.160s] Level 5:colcon.colcon_core.verb:set package 'ros2_serial_example' build argument 'catkin_skip_building_tests' from command line to 'False'
[2.160s] DEBUG:colcon.colcon_core.verb:Building package 'ros2_serial_example' with the following arguments: {'ament_cmake_args': None, 'build_base': '/home/carpe-bleue/ros2_ws/build/ros2_serial_example', 'catkin_cmake_args': None, 'catkin_skip_building_tests': False, 'cmake_args': None, 'cmake_clean_cache': False, 'cmake_clean_first': False, 'cmake_force_configure': False, 'cmake_target': None, 'cmake_target_skip_unavailable': False, 'install_base': '/home/carpe-bleue/ros2_ws/install/ros2_serial_example', 'merge_install': False, 'path': '/home/carpe-bleue/ros2_ws/src/ros2_serial_example/ros2_serial_example', 'symlink_install': False, 'test_result_base': None}
[2.161s] INFO:colcon.colcon_core.executor:Executing jobs using 'parallel' executor
[2.164s] DEBUG:colcon.colcon_parallel_executor.executor.parallel:run_until_complete
[2.165s] INFO:colcon.colcon_ros.task.ament_cmake.build:Building ROS package in '/home/carpe-bleue/ros2_ws/src/ros2_serial_example/ros2_serial_msgs' with build type 'ament_cmake'
[2.165s] INFO:colcon.colcon_cmake.task.cmake.build:Building CMake package in '/home/carpe-bleue/ros2_ws/src/ros2_serial_example/ros2_serial_msgs'
[2.184s] INFO:colcon.colcon_core.plugin_system:Skipping extension 'colcon_core.shell.bat': Not used on non-Windows systems
[2.185s] INFO:colcon.colcon_core.shell:Skip shell extension 'powershell' for command environment: Not usable outside of PowerShell
[2.185s] DEBUG:colcon.colcon_core.shell:Skip shell extension 'dsv' for command environment
[2.204s] INFO:colcon.colcon_ros.task.ament_cmake.build:Building ROS package in '/home/carpe-bleue/ros2_ws/src/serial_pkg' with build type 'ament_cmake'
[2.204s] INFO:colcon.colcon_cmake.task.cmake.build:Building CMake package in '/home/carpe-bleue/ros2_ws/src/serial_pkg'
[2.206s] INFO:colcon.colcon_core.shell:Skip shell extension 'powershell' for command environment: Not usable outside of PowerShell
[2.206s] DEBUG:colcon.colcon_core.shell:Skip shell extension 'dsv' for command environment
[2.222s] INFO:colcon.colcon_ros.task.ament_cmake.build:Building ROS package in '/home/carpe-bleue/ros2_ws/src/test' with build type 'ament_cmake'
[2.222s] INFO:colcon.colcon_cmake.task.cmake.build:Building CMake package in '/home/carpe-bleue/ros2_ws/src/test'
[2.223s] INFO:colcon.colcon_core.shell:Skip shell extension 'powershell' for command environment: Not usable outside of PowerShell
[2.224s] DEBUG:colcon.colcon_core.shell:Skip shell extension 'dsv' for command environment
[2.263s] DEBUG:colcon.colcon_core.event_handler.log_command:Invoking command in '/home/carpe-bleue/ros2_ws/build/ros2_serial_msgs': CMAKE_PREFIX_PATH=/opt/ros/humble /usr/bin/cmake /home/carpe-bleue/ros2_ws/src/ros2_serial_example/ros2_serial_msgs -DCMAKE_INSTALL_PREFIX=/home/carpe-bleue/ros2_ws/install/ros2_serial_msgs
[2.283s] DEBUG:colcon.colcon_core.event_handler.log_command:Invoking command in '/home/carpe-bleue/ros2_ws/build/serial_pkg': CMAKE_PREFIX_PATH=/opt/ros/humble /usr/bin/cmake /home/carpe-bleue/ros2_ws/src/serial_pkg -DCMAKE_INSTALL_PREFIX=/home/carpe-bleue/ros2_ws/install/serial_pkg
[2.310s] DEBUG:colcon.colcon_core.event_handler.log_command:Invoking command in '/home/carpe-bleue/ros2_ws/build/test': CMAKE_PREFIX_PATH=/opt/ros/humble /usr/bin/cmake /home/carpe-bleue/ros2_ws/src/test -DCMAKE_INSTALL_PREFIX=/home/carpe-bleue/ros2_ws/install/test
[6.168s] DEBUG:colcon.colcon_core.event_handler.log_command:Invoked command in '/home/carpe-bleue/ros2_ws/build/test' returned '0': CMAKE_PREFIX_PATH=/opt/ros/humble /usr/bin/cmake /home/carpe-bleue/ros2_ws/src/test -DCMAKE_INSTALL_PREFIX=/home/carpe-bleue/ros2_ws/install/test
[6.183s] DEBUG:colcon.colcon_core.event_handler.log_command:Invoking command in '/home/carpe-bleue/ros2_ws/build/test': CMAKE_PREFIX_PATH=/opt/ros/humble /usr/bin/cmake --build /home/carpe-bleue/ros2_ws/build/test -- -j4 -l4
[6.368s] DEBUG:colcon.colcon_core.event_handler.log_command:Invoked command in '/home/carpe-bleue/ros2_ws/build/test' returned '0': CMAKE_PREFIX_PATH=/opt/ros/humble /usr/bin/cmake --build /home/carpe-bleue/ros2_ws/build/test -- -j4 -l4
[6.506s] DEBUG:colcon.colcon_core.event_handler.log_command:Invoking command in '/home/carpe-bleue/ros2_ws/build/test': CMAKE_PREFIX_PATH=/opt/ros/humble /usr/bin/cmake --install /home/carpe-bleue/ros2_ws/build/test
[6.563s] Level 1:colcon.colcon_core.environment:create_environment_scripts_only(test)
[6.565s] DEBUG:colcon.colcon_core.event_handler.log_command:Invoked command in '/home/carpe-bleue/ros2_ws/build/test' returned '0': CMAKE_PREFIX_PATH=/opt/ros/humble /usr/bin/cmake --install /home/carpe-bleue/ros2_ws/build/test
[6.594s] Level 1:colcon.colcon_core.environment:checking '/home/carpe-bleue/ros2_ws/install/test' for CMake module files
[6.598s] Level 1:colcon.colcon_core.environment:checking '/home/carpe-bleue/ros2_ws/install/test' for CMake config files
[6.601s] Level 1:colcon.colcon_core.shell:create_environment_hook('test', 'cmake_prefix_path')
[6.602s] INFO:colcon.colcon_core.shell:Creating environment hook '/home/carpe-bleue/ros2_ws/install/test/share/test/hook/cmake_prefix_path.ps1'
[6.607s] INFO:colcon.colcon_core.shell:Creating environment descriptor '/home/carpe-bleue/ros2_ws/install/test/share/test/hook/cmake_prefix_path.dsv'
[6.613s] INFO:colcon.colcon_core.shell:Creating environment hook '/home/carpe-bleue/ros2_ws/install/test/share/test/hook/cmake_prefix_path.sh'
[6.622s] Level 1:colcon.colcon_core.environment:checking '/home/carpe-bleue/ros2_ws/install/test/bin'
[6.623s] Level 1:colcon.colcon_core.environment:checking '/home/carpe-bleue/ros2_ws/install/test/lib/pkgconfig/test.pc'
[6.625s] Level 1:colcon.colcon_core.environment:checking '/home/carpe-bleue/ros2_ws/install/test/lib/python3.10/site-packages'
[6.626s] Level 1:colcon.colcon_core.environment:checking '/home/carpe-bleue/ros2_ws/install/test/bin'
[6.628s] INFO:colcon.colcon_core.shell:Creating package script '/home/carpe-bleue/ros2_ws/install/test/share/test/package.ps1'
[6.633s] INFO:colcon.colcon_core.shell:Creating package descriptor '/home/carpe-bleue/ros2_ws/install/test/share/test/package.dsv'
[6.638s] INFO:colcon.colcon_core.shell:Creating package script '/home/carpe-bleue/ros2_ws/install/test/share/test/package.sh'
[6.644s] INFO:colcon.colcon_core.shell:Creating package script '/home/carpe-bleue/ros2_ws/install/test/share/test/package.bash'
[6.652s] INFO:colcon.colcon_core.shell:Creating package script '/home/carpe-bleue/ros2_ws/install/test/share/test/package.zsh'
[6.659s] Level 1:colcon.colcon_core.environment:create_file_with_runtime_dependencies(/home/carpe-bleue/ros2_ws/install/test/share/colcon-core/packages/test)
[6.782s] Level 1:colcon.colcon_core.environment:create_environment_scripts_only(test)
[6.783s] Level 1:colcon.colcon_core.environment:checking '/home/carpe-bleue/ros2_ws/install/test' for CMake module files
[6.786s] Level 1:colcon.colcon_core.environment:checking '/home/carpe-bleue/ros2_ws/install/test' for CMake config files
[6.787s] Level 1:colcon.colcon_core.shell:create_environment_hook('test', 'cmake_prefix_path')
[6.788s] INFO:colcon.colcon_core.shell:Creating environment hook '/home/carpe-bleue/ros2_ws/install/test/share/test/hook/cmake_prefix_path.ps1'
[6.791s] INFO:colcon.colcon_core.shell:Creating environment descriptor '/home/carpe-bleue/ros2_ws/install/test/share/test/hook/cmake_prefix_path.dsv'
[6.793s] INFO:colcon.colcon_core.shell:Creating environment hook '/home/carpe-bleue/ros2_ws/install/test/share/test/hook/cmake_prefix_path.sh'
[6.797s] Level 1:colcon.colcon_core.environment:checking '/home/carpe-bleue/ros2_ws/install/test/bin'
[6.797s] Level 1:colcon.colcon_core.environment:checking '/home/carpe-bleue/ros2_ws/install/test/lib/pkgconfig/test.pc'
[6.798s] Level 1:colcon.colcon_core.environment:checking '/home/carpe-bleue/ros2_ws/install/test/lib/python3.10/site-packages'
[6.800s] Level 1:colcon.colcon_core.environment:checking '/home/carpe-bleue/ros2_ws/install/test/bin'
[6.801s] INFO:colcon.colcon_core.shell:Creating package script '/home/carpe-bleue/ros2_ws/install/test/share/test/package.ps1'
[6.805s] INFO:colcon.colcon_core.shell:Creating package descriptor '/home/carpe-bleue/ros2_ws/install/test/share/test/package.dsv'
[6.808s] INFO:colcon.colcon_core.shell:Creating package script '/home/carpe-bleue/ros2_ws/install/test/share/test/package.sh'
[6.812s] INFO:colcon.colcon_core.shell:Creating package script '/home/carpe-bleue/ros2_ws/install/test/share/test/package.bash'
[6.817s] INFO:colcon.colcon_core.shell:Creating package script '/home/carpe-bleue/ros2_ws/install/test/share/test/package.zsh'
[6.822s] Level 1:colcon.colcon_core.environment:create_file_with_runtime_dependencies(/home/carpe-bleue/ros2_ws/install/test/share/colcon-core/packages/test)
[7.104s] DEBUG:colcon.colcon_core.event_handler.log_command:Invoked command in '/home/carpe-bleue/ros2_ws/build/serial_pkg' returned '1': CMAKE_PREFIX_PATH=/opt/ros/humble /usr/bin/cmake /home/carpe-bleue/ros2_ws/src/serial_pkg -DCMAKE_INSTALL_PREFIX=/home/carpe-bleue/ros2_ws/install/serial_pkg
[7.154s] Level 1:colcon.colcon_core.environment:create_environment_scripts_only(serial_pkg)
[7.155s] Level 1:colcon.colcon_core.environment:checking '/home/carpe-bleue/ros2_ws/install/serial_pkg' for CMake module files
[7.157s] Level 1:colcon.colcon_core.environment:checking '/home/carpe-bleue/ros2_ws/install/serial_pkg' for CMake config files
[7.157s] Level 1:colcon.colcon_core.environment:checking '/home/carpe-bleue/ros2_ws/install/serial_pkg/bin'
[7.158s] Level 1:colcon.colcon_core.environment:checking '/home/carpe-bleue/ros2_ws/install/serial_pkg/lib/pkgconfig/serial_pkg.pc'
[7.159s] Level 1:colcon.colcon_core.environment:checking '/home/carpe-bleue/ros2_ws/install/serial_pkg/lib/python3.10/site-packages'
[7.160s] Level 1:colcon.colcon_core.environment:checking '/home/carpe-bleue/ros2_ws/install/serial_pkg/bin'
[7.161s] INFO:colcon.colcon_core.shell:Creating package script '/home/carpe-bleue/ros2_ws/install/serial_pkg/share/serial_pkg/package.ps1'
[7.163s] INFO:colcon.colcon_core.shell:Creating package descriptor '/home/carpe-bleue/ros2_ws/install/serial_pkg/share/serial_pkg/package.dsv'
[7.165s] INFO:colcon.colcon_core.shell:Creating package script '/home/carpe-bleue/ros2_ws/install/serial_pkg/share/serial_pkg/package.sh'
[7.167s] INFO:colcon.colcon_core.shell:Creating package script '/home/carpe-bleue/ros2_ws/install/serial_pkg/share/serial_pkg/package.bash'
[7.168s] INFO:colcon.colcon_core.shell:Creating package script '/home/carpe-bleue/ros2_ws/install/serial_pkg/share/serial_pkg/package.zsh'
[7.171s] Level 1:colcon.colcon_core.environment:create_file_with_runtime_dependencies(/home/carpe-bleue/ros2_ws/install/serial_pkg/share/colcon-core/packages/serial_pkg)
[8.146s] DEBUG:colcon.colcon_parallel_executor.executor.parallel:closing loop
[8.147s] DEBUG:colcon.colcon_parallel_executor.executor.parallel:loop closed
[8.148s] DEBUG:colcon.colcon_parallel_executor.executor.parallel:run_until_complete finished with '1'
[8.148s] DEBUG:colcon.colcon_core.event_reactor:joining thread
[8.176s] INFO:colcon.colcon_core.plugin_system:Skipping extension 'colcon_notification.desktop_notification.notify_send': Could not find 'notify-send'
[8.176s] INFO:colcon.colcon_core.plugin_system:Skipping extension 'colcon_notification.desktop_notification.terminal_notifier': Not used on non-Darwin systems
[8.177s] INFO:colcon.colcon_core.plugin_system:Skipping extension 'colcon_notification.desktop_notification.win32': Not used on non-Windows systems
[8.177s] INFO:colcon.colcon_notification.desktop_notification:Sending desktop notification using 'notify2'
[8.313s] DEBUG:colcon.colcon_notification.desktop_notification.notify2:Failed to initialize notify2: org.freedesktop.DBus.Error.ServiceUnknown: The name org.freedesktop.Notifications was not provided by any .service files
[8.314s] DEBUG:colcon.colcon_core.event_reactor:joined thread
[8.315s] INFO:colcon.colcon_core.shell:Creating prefix script '/home/carpe-bleue/ros2_ws/install/local_setup.ps1'
[8.324s] INFO:colcon.colcon_core.shell:Creating prefix util module '/home/carpe-bleue/ros2_ws/install/_local_setup_util_ps1.py'
[8.338s] INFO:colcon.colcon_core.shell:Creating prefix chain script '/home/carpe-bleue/ros2_ws/install/setup.ps1'
[8.347s] INFO:colcon.colcon_core.shell:Creating prefix script '/home/carpe-bleue/ros2_ws/install/local_setup.sh'
[8.361s] INFO:colcon.colcon_core.shell:Creating prefix util module '/home/carpe-bleue/ros2_ws/install/_local_setup_util_sh.py'
[8.366s] INFO:colcon.colcon_core.shell:Creating prefix chain script '/home/carpe-bleue/ros2_ws/install/setup.sh'
[8.373s] INFO:colcon.colcon_core.shell:Creating prefix script '/home/carpe-bleue/ros2_ws/install/local_setup.bash'
[8.388s] INFO:colcon.colcon_core.shell:Creating prefix chain script '/home/carpe-bleue/ros2_ws/install/setup.bash'
[8.406s] INFO:colcon.colcon_core.shell:Creating prefix script '/home/carpe-bleue/ros2_ws/install/local_setup.zsh'
[8.422s] INFO:colcon.colcon_core.shell:Creating prefix chain script '/home/carpe-bleue/ros2_ws/install/setup.zsh'
