[0.066s] Invoking command in '/home/carpe-bleue/ros2_ws/build/ydlidar_ros2_driver': CMAKE_PREFIX_PATH=/opt/ros/humble /usr/bin/cmake --build /home/carpe-bleue/ros2_ws/build/ydlidar_ros2_driver -- -j4 -l4
[0.175s] -- Found ament_cmake: 1.3.11 (/opt/ros/humble/share/ament_cmake/cmake)
[0.803s] -- Found rclcpp: 16.0.12 (/opt/ros/humble/share/rclcpp/cmake)
[0.972s] -- Found rosidl_generator_c: 3.1.6 (/opt/ros/humble/share/rosidl_generator_c/cmake)
[0.985s] -- Found rosidl_adapter: 3.1.6 (/opt/ros/humble/share/rosidl_adapter/cmake)
[1.017s] -- Found rosidl_generator_cpp: 3.1.6 (/opt/ros/humble/share/rosidl_generator_cpp/cmake)
[1.060s] -- Using all available rosidl_typesupport_c: rosidl_typesupport_fastrtps_c;rosidl_typesupport_introspection_c
[1.116s] -- Using all available rosidl_typesupport_cpp: rosidl_typesupport_fastrtps_cpp;rosidl_typesupport_introspection_cpp
[1.259s] -- Found rmw_implementation_cmake: 6.1.2 (/opt/ros/humble/share/rmw_implementation_cmake/cmake)
[1.266s] -- Found rmw_fastrtps_cpp: 6.2.7 (/opt/ros/humble/share/rmw_fastrtps_cpp/cmake)
[2.074s] -- Using RMW implementation 'rmw_fastrtps_cpp' as default
[2.281s] -- Found sensor_msgs: 4.8.0 (/opt/ros/humble/share/sensor_msgs/cmake)
[2.410s] -- Found visualization_msgs: 4.8.0 (/opt/ros/humble/share/visualization_msgs/cmake)
[2.494s] -- Found std_srvs: 4.8.0 (/opt/ros/humble/share/std_srvs/cmake)
[2.668s] [31mCMake Error at CMakeLists.txt:22 (find_package):
[2.669s]   By not providing "Findydlidar_sdk.cmake" in CMAKE_MODULE_PATH this project
[2.669s]   has asked CMake to find a package configuration file provided by
[2.670s]   "ydlidar_sdk", but CMake did not find one.
[2.670s] 
[2.671s]   Could not find a package configuration file provided by "ydlidar_sdk" with
[2.672s]   any of the following names:
[2.672s] 
[2.672s]     ydlidar_sdkConfig.cmake
[2.673s]     ydlidar_sdk-config.cmake
[2.674s] 
[2.675s]   Add the installation prefix of "ydlidar_sdk" to CMAKE_PREFIX_PATH or set
[2.676s]   "ydlidar_sdk_DIR" to a directory containing one of the above files.  If
[2.677s]   "ydlidar_sdk" provides a separate development package or SDK, be sure it
[2.677s]   has been installed.
[2.678s] 
[2.678s] [0m
[2.678s] -- Configuring incomplete, errors occurred!
[2.679s] See also "/home/carpe-bleue/ros2_ws/build/ydlidar_ros2_driver/CMakeFiles/CMakeOutput.log".
[2.698s] gmake: *** [Makefile:308: cmake_check_build_system] Error 1
