[0.427s] DEBUG:colcon:Command line arguments: ['/usr/bin/colcon', 'build', '--cmake-args', '-DROS2_SERIAL_PKGS=sensor_msgs;px4_msgs']
[0.428s] DEBUG:colcon:Parsed command line arguments: Namespace(log_base=None, log_level=None, verb_name='build', build_base='build', install_base='install', merge_install=False, symlink_install=False, test_result_base=None, continue_on_error=False, executor='parallel', parallel_workers=4, event_handlers=None, ignore_user_meta=False, metas=['./colcon.meta'], base_paths=['.'], packages_ignore=None, packages_ignore_regex=None, paths=None, packages_up_to=None, packages_up_to_regex=None, packages_above=None, packages_above_and_dependencies=None, packages_above_depth=None, packages_select_by_dep=None, packages_skip_by_dep=None, packages_skip_up_to=None, packages_select_build_failed=False, packages_skip_build_finished=False, packages_select_test_failures=False, packages_skip_test_passed=False, packages_select=None, packages_skip=None, packages_select_regex=None, packages_skip_regex=None, packages_start=None, packages_end=None, allow_overriding=[], cmake_args=['-DROS2_SERIAL_PKGS=sensor_msgs;px4_msgs'], cmake_target=None, cmake_target_skip_unavailable=False, cmake_clean_cache=False, cmake_clean_first=False, cmake_force_configure=False, ament_cmake_args=None, catkin_cmake_args=None, catkin_skip_building_tests=False, verb_parser=<colcon_defaults.argument_parser.defaults.DefaultArgumentsDecorator object at 0xffffb30f8220>, verb_extension=<colcon_core.verb.build.BuildVerb object at 0xffffb3230e50>, main=<bound method BuildVerb.main of <colcon_core.verb.build.BuildVerb object at 0xffffb3230e50>>)
[1.171s] Level 1:colcon.colcon_core.package_discovery:discover_packages(colcon_meta) check parameters
[1.172s] Level 1:colcon.colcon_core.package_discovery:discover_packages(recursive) check parameters
[1.172s] Level 1:colcon.colcon_core.package_discovery:discover_packages(ignore) check parameters
[1.172s] Level 1:colcon.colcon_core.package_discovery:discover_packages(path) check parameters
[1.172s] Level 1:colcon.colcon_core.package_discovery:discover_packages(colcon_meta) discover
[1.172s] Level 1:colcon.colcon_core.package_discovery:discover_packages(recursive) discover
[1.173s] INFO:colcon.colcon_core.package_discovery:Crawling recursively for packages in '/home/carpe-bleue/ros2_ws'
[1.173s] Level 1:colcon.colcon_core.package_identification:_identify(.) by extensions ['ignore', 'ignore_ament_install']
[1.173s] Level 1:colcon.colcon_core.package_identification:_identify(.) by extension 'ignore'
[1.173s] Level 1:colcon.colcon_core.package_identification:_identify(.) by extension 'ignore_ament_install'
[1.174s] Level 1:colcon.colcon_core.package_identification:_identify(.) by extensions ['colcon_pkg']
[1.174s] Level 1:colcon.colcon_core.package_identification:_identify(.) by extension 'colcon_pkg'
[1.174s] Level 1:colcon.colcon_core.package_identification:_identify(.) by extensions ['colcon_meta']
[1.174s] Level 1:colcon.colcon_core.package_identification:_identify(.) by extension 'colcon_meta'
[1.174s] Level 1:colcon.colcon_core.package_identification:_identify(.) by extensions ['ros']
[1.174s] Level 1:colcon.colcon_core.package_identification:_identify(.) by extension 'ros'
[1.222s] Level 1:colcon.colcon_core.package_identification:_identify(.) by extensions ['cmake', 'python']
[1.222s] Level 1:colcon.colcon_core.package_identification:_identify(.) by extension 'cmake'
[1.223s] Level 1:colcon.colcon_core.package_identification:_identify(.) by extension 'python'
[1.223s] Level 1:colcon.colcon_core.package_identification:_identify(.) by extensions ['python_setup_py']
[1.223s] Level 1:colcon.colcon_core.package_identification:_identify(.) by extension 'python_setup_py'
[1.223s] Level 1:colcon.colcon_core.package_identification:_identify(build) by extensions ['ignore', 'ignore_ament_install']
[1.224s] Level 1:colcon.colcon_core.package_identification:_identify(build) by extension 'ignore'
[1.224s] Level 1:colcon.colcon_core.package_identification:_identify(build) ignored
[1.224s] Level 1:colcon.colcon_core.package_identification:_identify(install) by extensions ['ignore', 'ignore_ament_install']
[1.225s] Level 1:colcon.colcon_core.package_identification:_identify(install) by extension 'ignore'
[1.225s] Level 1:colcon.colcon_core.package_identification:_identify(install) ignored
[1.225s] Level 1:colcon.colcon_core.package_identification:_identify(log) by extensions ['ignore', 'ignore_ament_install']
[1.226s] Level 1:colcon.colcon_core.package_identification:_identify(log) by extension 'ignore'
[1.226s] Level 1:colcon.colcon_core.package_identification:_identify(log) ignored
[1.226s] Level 1:colcon.colcon_core.package_identification:_identify(src) by extensions ['ignore', 'ignore_ament_install']
[1.227s] Level 1:colcon.colcon_core.package_identification:_identify(src) by extension 'ignore'
[1.227s] Level 1:colcon.colcon_core.package_identification:_identify(src) by extension 'ignore_ament_install'
[1.227s] Level 1:colcon.colcon_core.package_identification:_identify(src) by extensions ['colcon_pkg']
[1.227s] Level 1:colcon.colcon_core.package_identification:_identify(src) by extension 'colcon_pkg'
[1.227s] Level 1:colcon.colcon_core.package_identification:_identify(src) by extensions ['colcon_meta']
[1.227s] Level 1:colcon.colcon_core.package_identification:_identify(src) by extension 'colcon_meta'
[1.227s] Level 1:colcon.colcon_core.package_identification:_identify(src) by extensions ['ros']
[1.228s] Level 1:colcon.colcon_core.package_identification:_identify(src) by extension 'ros'
[1.228s] Level 1:colcon.colcon_core.package_identification:_identify(src) by extensions ['cmake', 'python']
[1.228s] Level 1:colcon.colcon_core.package_identification:_identify(src) by extension 'cmake'
[1.228s] Level 1:colcon.colcon_core.package_identification:_identify(src) by extension 'python'
[1.228s] Level 1:colcon.colcon_core.package_identification:_identify(src) by extensions ['python_setup_py']
[1.228s] Level 1:colcon.colcon_core.package_identification:_identify(src) by extension 'python_setup_py'
[1.229s] Level 1:colcon.colcon_core.package_identification:_identify(src/ros2_serial_example) by extensions ['ignore', 'ignore_ament_install']
[1.229s] Level 1:colcon.colcon_core.package_identification:_identify(src/ros2_serial_example) by extension 'ignore'
[1.229s] Level 1:colcon.colcon_core.package_identification:_identify(src/ros2_serial_example) by extension 'ignore_ament_install'
[1.230s] Level 1:colcon.colcon_core.package_identification:_identify(src/ros2_serial_example) by extensions ['colcon_pkg']
[1.230s] Level 1:colcon.colcon_core.package_identification:_identify(src/ros2_serial_example) by extension 'colcon_pkg'
[1.230s] Level 1:colcon.colcon_core.package_identification:_identify(src/ros2_serial_example) by extensions ['colcon_meta']
[1.230s] Level 1:colcon.colcon_core.package_identification:_identify(src/ros2_serial_example) by extension 'colcon_meta'
[1.230s] Level 1:colcon.colcon_core.package_identification:_identify(src/ros2_serial_example) by extensions ['ros']
[1.230s] Level 1:colcon.colcon_core.package_identification:_identify(src/ros2_serial_example) by extension 'ros'
[1.231s] Level 1:colcon.colcon_core.package_identification:_identify(src/ros2_serial_example) by extensions ['cmake', 'python']
[1.231s] Level 1:colcon.colcon_core.package_identification:_identify(src/ros2_serial_example) by extension 'cmake'
[1.231s] Level 1:colcon.colcon_core.package_identification:_identify(src/ros2_serial_example) by extension 'python'
[1.231s] Level 1:colcon.colcon_core.package_identification:_identify(src/ros2_serial_example) by extensions ['python_setup_py']
[1.231s] Level 1:colcon.colcon_core.package_identification:_identify(src/ros2_serial_example) by extension 'python_setup_py'
[1.232s] Level 1:colcon.colcon_core.package_identification:_identify(src/ros2_serial_example/microcontroller) by extensions ['ignore', 'ignore_ament_install']
[1.232s] Level 1:colcon.colcon_core.package_identification:_identify(src/ros2_serial_example/microcontroller) by extension 'ignore'
[1.232s] Level 1:colcon.colcon_core.package_identification:_identify(src/ros2_serial_example/microcontroller) ignored
[1.233s] Level 1:colcon.colcon_core.package_identification:_identify(src/ros2_serial_example/ros2_serial_example) by extensions ['ignore', 'ignore_ament_install']
[1.233s] Level 1:colcon.colcon_core.package_identification:_identify(src/ros2_serial_example/ros2_serial_example) by extension 'ignore'
[1.233s] Level 1:colcon.colcon_core.package_identification:_identify(src/ros2_serial_example/ros2_serial_example) by extension 'ignore_ament_install'
[1.233s] Level 1:colcon.colcon_core.package_identification:_identify(src/ros2_serial_example/ros2_serial_example) by extensions ['colcon_pkg']
[1.233s] Level 1:colcon.colcon_core.package_identification:_identify(src/ros2_serial_example/ros2_serial_example) by extension 'colcon_pkg'
[1.234s] Level 1:colcon.colcon_core.package_identification:_identify(src/ros2_serial_example/ros2_serial_example) by extensions ['colcon_meta']
[1.234s] Level 1:colcon.colcon_core.package_identification:_identify(src/ros2_serial_example/ros2_serial_example) by extension 'colcon_meta'
[1.234s] Level 1:colcon.colcon_core.package_identification:_identify(src/ros2_serial_example/ros2_serial_example) by extensions ['ros']
[1.234s] Level 1:colcon.colcon_core.package_identification:_identify(src/ros2_serial_example/ros2_serial_example) by extension 'ros'
[1.243s] DEBUG:colcon.colcon_core.package_identification:Package 'src/ros2_serial_example/ros2_serial_example' with type 'ros.ament_cmake' and name 'ros2_serial_example'
[1.244s] Level 1:colcon.colcon_core.package_identification:_identify(src/ros2_serial_example/ros2_serial_msgs) by extensions ['ignore', 'ignore_ament_install']
[1.244s] Level 1:colcon.colcon_core.package_identification:_identify(src/ros2_serial_example/ros2_serial_msgs) by extension 'ignore'
[1.245s] Level 1:colcon.colcon_core.package_identification:_identify(src/ros2_serial_example/ros2_serial_msgs) by extension 'ignore_ament_install'
[1.245s] Level 1:colcon.colcon_core.package_identification:_identify(src/ros2_serial_example/ros2_serial_msgs) by extensions ['colcon_pkg']
[1.245s] Level 1:colcon.colcon_core.package_identification:_identify(src/ros2_serial_example/ros2_serial_msgs) by extension 'colcon_pkg'
[1.245s] Level 1:colcon.colcon_core.package_identification:_identify(src/ros2_serial_example/ros2_serial_msgs) by extensions ['colcon_meta']
[1.245s] Level 1:colcon.colcon_core.package_identification:_identify(src/ros2_serial_example/ros2_serial_msgs) by extension 'colcon_meta'
[1.245s] Level 1:colcon.colcon_core.package_identification:_identify(src/ros2_serial_example/ros2_serial_msgs) by extensions ['ros']
[1.246s] Level 1:colcon.colcon_core.package_identification:_identify(src/ros2_serial_example/ros2_serial_msgs) by extension 'ros'
[1.248s] DEBUG:colcon.colcon_core.package_identification:Package 'src/ros2_serial_example/ros2_serial_msgs' with type 'ros.ament_cmake' and name 'ros2_serial_msgs'
[1.248s] Level 1:colcon.colcon_core.package_discovery:discover_packages(recursive) using defaults
[1.249s] Level 1:colcon.colcon_core.package_discovery:discover_packages(ignore) discover
[1.249s] Level 1:colcon.colcon_core.package_discovery:discover_packages(ignore) using defaults
[1.249s] Level 1:colcon.colcon_core.package_discovery:discover_packages(path) discover
[1.249s] Level 1:colcon.colcon_core.package_discovery:discover_packages(path) using defaults
[1.323s] Level 1:colcon.colcon_core.package_discovery:discover_packages(prefix_path) check parameters
[1.323s] Level 1:colcon.colcon_core.package_discovery:discover_packages(prefix_path) discover
[1.327s] WARNING:colcon.colcon_core.prefix_path.colcon:The path '/home/carpe-bleue/ros2/install' in the environment variable COLCON_PREFIX_PATH doesn't exist
[1.327s] WARNING:colcon.colcon_core.prefix_path.colcon:The path '/home/carpe-bleue/ros2_ws/src/uart_comm/install' in the environment variable COLCON_PREFIX_PATH doesn't exist
[1.331s] DEBUG:colcon.colcon_installed_package_information.package_discovery:Found 3 installed packages in /home/carpe-bleue/ros2_ws/install
[1.340s] DEBUG:colcon.colcon_installed_package_information.package_discovery:Found 270 installed packages in /opt/ros/humble
[1.346s] Level 1:colcon.colcon_core.package_discovery:discover_packages(prefix_path) using defaults
[1.550s] Level 5:colcon.colcon_core.verb:set package 'ros2_serial_msgs' build argument 'cmake_args' from command line to '['-DROS2_SERIAL_PKGS=sensor_msgs;px4_msgs']'
[1.550s] Level 5:colcon.colcon_core.verb:set package 'ros2_serial_msgs' build argument 'cmake_target' from command line to 'None'
[1.550s] Level 5:colcon.colcon_core.verb:set package 'ros2_serial_msgs' build argument 'cmake_target_skip_unavailable' from command line to 'False'
[1.550s] Level 5:colcon.colcon_core.verb:set package 'ros2_serial_msgs' build argument 'cmake_clean_cache' from command line to 'False'
[1.550s] Level 5:colcon.colcon_core.verb:set package 'ros2_serial_msgs' build argument 'cmake_clean_first' from command line to 'False'
[1.551s] Level 5:colcon.colcon_core.verb:set package 'ros2_serial_msgs' build argument 'cmake_force_configure' from command line to 'False'
[1.551s] Level 5:colcon.colcon_core.verb:set package 'ros2_serial_msgs' build argument 'ament_cmake_args' from command line to 'None'
[1.551s] Level 5:colcon.colcon_core.verb:set package 'ros2_serial_msgs' build argument 'catkin_cmake_args' from command line to 'None'
[1.551s] Level 5:colcon.colcon_core.verb:set package 'ros2_serial_msgs' build argument 'catkin_skip_building_tests' from command line to 'False'
[1.551s] DEBUG:colcon.colcon_core.verb:Building package 'ros2_serial_msgs' with the following arguments: {'ament_cmake_args': None, 'build_base': '/home/carpe-bleue/ros2_ws/build/ros2_serial_msgs', 'catkin_cmake_args': None, 'catkin_skip_building_tests': False, 'cmake_args': ['-DROS2_SERIAL_PKGS=sensor_msgs;px4_msgs'], 'cmake_clean_cache': False, 'cmake_clean_first': False, 'cmake_force_configure': False, 'cmake_target': None, 'cmake_target_skip_unavailable': False, 'install_base': '/home/carpe-bleue/ros2_ws/install/ros2_serial_msgs', 'merge_install': False, 'path': '/home/carpe-bleue/ros2_ws/src/ros2_serial_example/ros2_serial_msgs', 'symlink_install': False, 'test_result_base': None}
[1.552s] Level 5:colcon.colcon_core.verb:set package 'ros2_serial_example' build argument 'cmake_args' from command line to '['-DROS2_SERIAL_PKGS=sensor_msgs;px4_msgs']'
[1.553s] Level 5:colcon.colcon_core.verb:set package 'ros2_serial_example' build argument 'cmake_target' from command line to 'None'
[1.553s] Level 5:colcon.colcon_core.verb:set package 'ros2_serial_example' build argument 'cmake_target_skip_unavailable' from command line to 'False'
[1.553s] Level 5:colcon.colcon_core.verb:set package 'ros2_serial_example' build argument 'cmake_clean_cache' from command line to 'False'
[1.553s] Level 5:colcon.colcon_core.verb:set package 'ros2_serial_example' build argument 'cmake_clean_first' from command line to 'False'
[1.553s] Level 5:colcon.colcon_core.verb:set package 'ros2_serial_example' build argument 'cmake_force_configure' from command line to 'False'
[1.553s] Level 5:colcon.colcon_core.verb:set package 'ros2_serial_example' build argument 'ament_cmake_args' from command line to 'None'
[1.553s] Level 5:colcon.colcon_core.verb:set package 'ros2_serial_example' build argument 'catkin_cmake_args' from command line to 'None'
[1.553s] Level 5:colcon.colcon_core.verb:set package 'ros2_serial_example' build argument 'catkin_skip_building_tests' from command line to 'False'
[1.553s] DEBUG:colcon.colcon_core.verb:Building package 'ros2_serial_example' with the following arguments: {'ament_cmake_args': None, 'build_base': '/home/carpe-bleue/ros2_ws/build/ros2_serial_example', 'catkin_cmake_args': None, 'catkin_skip_building_tests': False, 'cmake_args': ['-DROS2_SERIAL_PKGS=sensor_msgs;px4_msgs'], 'cmake_clean_cache': False, 'cmake_clean_first': False, 'cmake_force_configure': False, 'cmake_target': None, 'cmake_target_skip_unavailable': False, 'install_base': '/home/carpe-bleue/ros2_ws/install/ros2_serial_example', 'merge_install': False, 'path': '/home/carpe-bleue/ros2_ws/src/ros2_serial_example/ros2_serial_example', 'symlink_install': False, 'test_result_base': None}
[1.554s] INFO:colcon.colcon_core.executor:Executing jobs using 'parallel' executor
[1.557s] DEBUG:colcon.colcon_parallel_executor.executor.parallel:run_until_complete
[1.558s] INFO:colcon.colcon_ros.task.ament_cmake.build:Building ROS package in '/home/carpe-bleue/ros2_ws/src/ros2_serial_example/ros2_serial_msgs' with build type 'ament_cmake'
[1.559s] INFO:colcon.colcon_cmake.task.cmake.build:Building CMake package in '/home/carpe-bleue/ros2_ws/src/ros2_serial_example/ros2_serial_msgs'
[1.567s] INFO:colcon.colcon_core.plugin_system:Skipping extension 'colcon_core.shell.bat': Not used on non-Windows systems
[1.567s] INFO:colcon.colcon_core.shell:Skip shell extension 'powershell' for command environment: Not usable outside of PowerShell
[1.568s] DEBUG:colcon.colcon_core.shell:Skip shell extension 'dsv' for command environment
[1.605s] DEBUG:colcon.colcon_core.event_handler.log_command:Invoking command in '/home/carpe-bleue/ros2_ws/build/ros2_serial_msgs': CMAKE_PREFIX_PATH=/opt/ros/humble /usr/bin/cmake --build /home/carpe-bleue/ros2_ws/build/ros2_serial_msgs -- -j4 -l4
[3.227s] DEBUG:colcon.colcon_core.event_handler.log_command:Invoked command in '/home/carpe-bleue/ros2_ws/build/ros2_serial_msgs' returned '0': CMAKE_PREFIX_PATH=/opt/ros/humble /usr/bin/cmake --build /home/carpe-bleue/ros2_ws/build/ros2_serial_msgs -- -j4 -l4
[3.643s] DEBUG:colcon.colcon_core.event_handler.log_command:Invoking command in '/home/carpe-bleue/ros2_ws/build/ros2_serial_msgs': CMAKE_PREFIX_PATH=/opt/ros/humble /usr/bin/cmake --install /home/carpe-bleue/ros2_ws/build/ros2_serial_msgs
[3.899s] Level 1:colcon.colcon_core.environment:create_environment_scripts_only(ros2_serial_msgs)
[3.901s] DEBUG:colcon.colcon_core.event_handler.log_command:Invoked command in '/home/carpe-bleue/ros2_ws/build/ros2_serial_msgs' returned '0': CMAKE_PREFIX_PATH=/opt/ros/humble /usr/bin/cmake --install /home/carpe-bleue/ros2_ws/build/ros2_serial_msgs
[3.911s] Level 1:colcon.colcon_core.environment:checking '/home/carpe-bleue/ros2_ws/install/ros2_serial_msgs' for CMake module files
[3.916s] Level 1:colcon.colcon_core.environment:checking '/home/carpe-bleue/ros2_ws/install/ros2_serial_msgs' for CMake config files
[3.919s] Level 1:colcon.colcon_core.shell:create_environment_hook('ros2_serial_msgs', 'cmake_prefix_path')
[3.920s] INFO:colcon.colcon_core.shell:Creating environment hook '/home/carpe-bleue/ros2_ws/install/ros2_serial_msgs/share/ros2_serial_msgs/hook/cmake_prefix_path.ps1'
[3.922s] INFO:colcon.colcon_core.shell:Creating environment descriptor '/home/carpe-bleue/ros2_ws/install/ros2_serial_msgs/share/ros2_serial_msgs/hook/cmake_prefix_path.dsv'
[3.925s] INFO:colcon.colcon_core.shell:Creating environment hook '/home/carpe-bleue/ros2_ws/install/ros2_serial_msgs/share/ros2_serial_msgs/hook/cmake_prefix_path.sh'
[3.928s] Level 1:colcon.colcon_core.environment:checking '/home/carpe-bleue/ros2_ws/install/ros2_serial_msgs/lib'
[3.929s] Level 1:colcon.colcon_core.shell:create_environment_hook('ros2_serial_msgs', 'ld_library_path_lib')
[3.930s] INFO:colcon.colcon_core.shell:Creating environment hook '/home/carpe-bleue/ros2_ws/install/ros2_serial_msgs/share/ros2_serial_msgs/hook/ld_library_path_lib.ps1'
[3.932s] INFO:colcon.colcon_core.shell:Creating environment descriptor '/home/carpe-bleue/ros2_ws/install/ros2_serial_msgs/share/ros2_serial_msgs/hook/ld_library_path_lib.dsv'
[3.934s] INFO:colcon.colcon_core.shell:Creating environment hook '/home/carpe-bleue/ros2_ws/install/ros2_serial_msgs/share/ros2_serial_msgs/hook/ld_library_path_lib.sh'
[3.935s] Level 1:colcon.colcon_core.environment:checking '/home/carpe-bleue/ros2_ws/install/ros2_serial_msgs/bin'
[3.936s] Level 1:colcon.colcon_core.environment:checking '/home/carpe-bleue/ros2_ws/install/ros2_serial_msgs/lib/pkgconfig/ros2_serial_msgs.pc'
[3.937s] Level 1:colcon.colcon_core.environment:checking '/home/carpe-bleue/ros2_ws/install/ros2_serial_msgs/lib/python3.10/site-packages'
[3.937s] Level 1:colcon.colcon_core.environment:checking '/home/carpe-bleue/ros2_ws/install/ros2_serial_msgs/bin'
[3.939s] INFO:colcon.colcon_core.shell:Creating package script '/home/carpe-bleue/ros2_ws/install/ros2_serial_msgs/share/ros2_serial_msgs/package.ps1'
[3.942s] INFO:colcon.colcon_core.shell:Creating package descriptor '/home/carpe-bleue/ros2_ws/install/ros2_serial_msgs/share/ros2_serial_msgs/package.dsv'
[3.945s] INFO:colcon.colcon_core.shell:Creating package script '/home/carpe-bleue/ros2_ws/install/ros2_serial_msgs/share/ros2_serial_msgs/package.sh'
[3.948s] INFO:colcon.colcon_core.shell:Creating package script '/home/carpe-bleue/ros2_ws/install/ros2_serial_msgs/share/ros2_serial_msgs/package.bash'
[3.951s] INFO:colcon.colcon_core.shell:Creating package script '/home/carpe-bleue/ros2_ws/install/ros2_serial_msgs/share/ros2_serial_msgs/package.zsh'
[3.955s] Level 1:colcon.colcon_core.environment:create_file_with_runtime_dependencies(/home/carpe-bleue/ros2_ws/install/ros2_serial_msgs/share/colcon-core/packages/ros2_serial_msgs)
[4.331s] Level 1:colcon.colcon_core.environment:create_environment_scripts_only(ros2_serial_msgs)
[4.332s] Level 1:colcon.colcon_core.environment:checking '/home/carpe-bleue/ros2_ws/install/ros2_serial_msgs' for CMake module files
[4.338s] Level 1:colcon.colcon_core.environment:checking '/home/carpe-bleue/ros2_ws/install/ros2_serial_msgs' for CMake config files
[4.342s] Level 1:colcon.colcon_core.shell:create_environment_hook('ros2_serial_msgs', 'cmake_prefix_path')
[4.343s] INFO:colcon.colcon_core.shell:Creating environment hook '/home/carpe-bleue/ros2_ws/install/ros2_serial_msgs/share/ros2_serial_msgs/hook/cmake_prefix_path.ps1'
[4.345s] INFO:colcon.colcon_core.shell:Creating environment descriptor '/home/carpe-bleue/ros2_ws/install/ros2_serial_msgs/share/ros2_serial_msgs/hook/cmake_prefix_path.dsv'
[4.347s] INFO:colcon.colcon_core.shell:Creating environment hook '/home/carpe-bleue/ros2_ws/install/ros2_serial_msgs/share/ros2_serial_msgs/hook/cmake_prefix_path.sh'
[4.350s] Level 1:colcon.colcon_core.environment:checking '/home/carpe-bleue/ros2_ws/install/ros2_serial_msgs/lib'
[4.351s] Level 1:colcon.colcon_core.shell:create_environment_hook('ros2_serial_msgs', 'ld_library_path_lib')
[4.352s] INFO:colcon.colcon_core.shell:Creating environment hook '/home/carpe-bleue/ros2_ws/install/ros2_serial_msgs/share/ros2_serial_msgs/hook/ld_library_path_lib.ps1'
[4.354s] INFO:colcon.colcon_core.shell:Creating environment descriptor '/home/carpe-bleue/ros2_ws/install/ros2_serial_msgs/share/ros2_serial_msgs/hook/ld_library_path_lib.dsv'
[4.355s] INFO:colcon.colcon_core.shell:Creating environment hook '/home/carpe-bleue/ros2_ws/install/ros2_serial_msgs/share/ros2_serial_msgs/hook/ld_library_path_lib.sh'
[4.357s] Level 1:colcon.colcon_core.environment:checking '/home/carpe-bleue/ros2_ws/install/ros2_serial_msgs/bin'
[4.358s] Level 1:colcon.colcon_core.environment:checking '/home/carpe-bleue/ros2_ws/install/ros2_serial_msgs/lib/pkgconfig/ros2_serial_msgs.pc'
[4.359s] Level 1:colcon.colcon_core.environment:checking '/home/carpe-bleue/ros2_ws/install/ros2_serial_msgs/lib/python3.10/site-packages'
[4.360s] Level 1:colcon.colcon_core.environment:checking '/home/carpe-bleue/ros2_ws/install/ros2_serial_msgs/bin'
[4.361s] INFO:colcon.colcon_core.shell:Creating package script '/home/carpe-bleue/ros2_ws/install/ros2_serial_msgs/share/ros2_serial_msgs/package.ps1'
[4.363s] INFO:colcon.colcon_core.shell:Creating package descriptor '/home/carpe-bleue/ros2_ws/install/ros2_serial_msgs/share/ros2_serial_msgs/package.dsv'
[4.366s] INFO:colcon.colcon_core.shell:Creating package script '/home/carpe-bleue/ros2_ws/install/ros2_serial_msgs/share/ros2_serial_msgs/package.sh'
[4.368s] INFO:colcon.colcon_core.shell:Creating package script '/home/carpe-bleue/ros2_ws/install/ros2_serial_msgs/share/ros2_serial_msgs/package.bash'
[4.371s] INFO:colcon.colcon_core.shell:Creating package script '/home/carpe-bleue/ros2_ws/install/ros2_serial_msgs/share/ros2_serial_msgs/package.zsh'
[4.373s] Level 1:colcon.colcon_core.environment:create_file_with_runtime_dependencies(/home/carpe-bleue/ros2_ws/install/ros2_serial_msgs/share/colcon-core/packages/ros2_serial_msgs)
[4.375s] INFO:colcon.colcon_ros.task.ament_cmake.build:Building ROS package in '/home/carpe-bleue/ros2_ws/src/ros2_serial_example/ros2_serial_example' with build type 'ament_cmake'
[4.376s] INFO:colcon.colcon_cmake.task.cmake.build:Building CMake package in '/home/carpe-bleue/ros2_ws/src/ros2_serial_example/ros2_serial_example'
[4.377s] INFO:colcon.colcon_core.shell:Skip shell extension 'powershell' for command environment: Not usable outside of PowerShell
[4.377s] DEBUG:colcon.colcon_core.shell:Skip shell extension 'dsv' for command environment
[4.427s] DEBUG:colcon.colcon_core.event_handler.log_command:Invoking command in '/home/carpe-bleue/ros2_ws/build/ros2_serial_example': AMENT_PREFIX_PATH=/home/carpe-bleue/ros2_ws/install/ros2_serial_msgs:${AMENT_PREFIX_PATH} CMAKE_PREFIX_PATH=/home/carpe-bleue/ros2_ws/install/ros2_serial_msgs:/opt/ros/humble LD_LIBRARY_PATH=/home/carpe-bleue/ros2_ws/install/ros2_serial_msgs/lib:${LD_LIBRARY_PATH} PYTHONPATH=/home/carpe-bleue/ros2_ws/install/ros2_serial_msgs/local/lib/python3.10/dist-packages:${PYTHONPATH} /usr/bin/cmake /home/carpe-bleue/ros2_ws/src/ros2_serial_example/ros2_serial_example -DROS2_SERIAL_PKGS=sensor_msgs;px4_msgs -DCMAKE_INSTALL_PREFIX=/home/carpe-bleue/ros2_ws/install/ros2_serial_example
[6.993s] DEBUG:colcon.colcon_core.event_handler.log_command:Invoked command in '/home/carpe-bleue/ros2_ws/build/ros2_serial_example' returned '1': AMENT_PREFIX_PATH=/home/carpe-bleue/ros2_ws/install/ros2_serial_msgs:${AMENT_PREFIX_PATH} CMAKE_PREFIX_PATH=/home/carpe-bleue/ros2_ws/install/ros2_serial_msgs:/opt/ros/humble LD_LIBRARY_PATH=/home/carpe-bleue/ros2_ws/install/ros2_serial_msgs/lib:${LD_LIBRARY_PATH} PYTHONPATH=/home/carpe-bleue/ros2_ws/install/ros2_serial_msgs/local/lib/python3.10/dist-packages:${PYTHONPATH} /usr/bin/cmake /home/carpe-bleue/ros2_ws/src/ros2_serial_example/ros2_serial_example -DROS2_SERIAL_PKGS=sensor_msgs;px4_msgs -DCMAKE_INSTALL_PREFIX=/home/carpe-bleue/ros2_ws/install/ros2_serial_example
[7.037s] Level 1:colcon.colcon_core.environment:create_environment_scripts_only(ros2_serial_example)
[7.038s] Level 1:colcon.colcon_core.environment:checking '/home/carpe-bleue/ros2_ws/install/ros2_serial_example' for CMake module files
[7.041s] Level 1:colcon.colcon_core.environment:checking '/home/carpe-bleue/ros2_ws/install/ros2_serial_example' for CMake config files
[7.043s] Level 1:colcon.colcon_core.environment:checking '/home/carpe-bleue/ros2_ws/install/ros2_serial_example/bin'
[7.043s] Level 1:colcon.colcon_core.environment:checking '/home/carpe-bleue/ros2_ws/install/ros2_serial_example/lib/pkgconfig/ros2_serial_example.pc'
[7.044s] Level 1:colcon.colcon_core.environment:checking '/home/carpe-bleue/ros2_ws/install/ros2_serial_example/lib/python3.10/site-packages'
[7.045s] Level 1:colcon.colcon_core.environment:checking '/home/carpe-bleue/ros2_ws/install/ros2_serial_example/bin'
[7.046s] INFO:colcon.colcon_core.shell:Creating package script '/home/carpe-bleue/ros2_ws/install/ros2_serial_example/share/ros2_serial_example/package.ps1'
[7.048s] INFO:colcon.colcon_core.shell:Creating package descriptor '/home/carpe-bleue/ros2_ws/install/ros2_serial_example/share/ros2_serial_example/package.dsv'
[7.050s] INFO:colcon.colcon_core.shell:Creating package script '/home/carpe-bleue/ros2_ws/install/ros2_serial_example/share/ros2_serial_example/package.sh'
[7.052s] INFO:colcon.colcon_core.shell:Creating package script '/home/carpe-bleue/ros2_ws/install/ros2_serial_example/share/ros2_serial_example/package.bash'
[7.054s] INFO:colcon.colcon_core.shell:Creating package script '/home/carpe-bleue/ros2_ws/install/ros2_serial_example/share/ros2_serial_example/package.zsh'
[7.055s] Level 1:colcon.colcon_core.environment:create_file_with_runtime_dependencies(/home/carpe-bleue/ros2_ws/install/ros2_serial_example/share/colcon-core/packages/ros2_serial_example)
[7.067s] DEBUG:colcon.colcon_parallel_executor.executor.parallel:closing loop
[7.067s] DEBUG:colcon.colcon_parallel_executor.executor.parallel:loop closed
[7.068s] DEBUG:colcon.colcon_parallel_executor.executor.parallel:run_until_complete finished with '1'
[7.068s] DEBUG:colcon.colcon_core.event_reactor:joining thread
[7.090s] INFO:colcon.colcon_core.plugin_system:Skipping extension 'colcon_notification.desktop_notification.notify_send': Could not find 'notify-send'
[7.091s] INFO:colcon.colcon_core.plugin_system:Skipping extension 'colcon_notification.desktop_notification.terminal_notifier': Not used on non-Darwin systems
[7.091s] INFO:colcon.colcon_core.plugin_system:Skipping extension 'colcon_notification.desktop_notification.win32': Not used on non-Windows systems
[7.091s] INFO:colcon.colcon_notification.desktop_notification:Sending desktop notification using 'notify2'
[7.094s] DEBUG:colcon.colcon_notification.desktop_notification.notify2:Failed to initialize notify2: org.freedesktop.DBus.Error.ServiceUnknown: The name org.freedesktop.Notifications was not provided by any .service files
[7.094s] DEBUG:colcon.colcon_core.event_reactor:joined thread
[7.095s] INFO:colcon.colcon_core.shell:Creating prefix script '/home/carpe-bleue/ros2_ws/install/local_setup.ps1'
[7.099s] INFO:colcon.colcon_core.shell:Creating prefix util module '/home/carpe-bleue/ros2_ws/install/_local_setup_util_ps1.py'
[7.106s] INFO:colcon.colcon_core.shell:Creating prefix chain script '/home/carpe-bleue/ros2_ws/install/setup.ps1'
[7.111s] INFO:colcon.colcon_core.shell:Creating prefix script '/home/carpe-bleue/ros2_ws/install/local_setup.sh'
[7.114s] INFO:colcon.colcon_core.shell:Creating prefix util module '/home/carpe-bleue/ros2_ws/install/_local_setup_util_sh.py'
[7.117s] INFO:colcon.colcon_core.shell:Creating prefix chain script '/home/carpe-bleue/ros2_ws/install/setup.sh'
[7.121s] INFO:colcon.colcon_core.shell:Creating prefix script '/home/carpe-bleue/ros2_ws/install/local_setup.bash'
[7.123s] INFO:colcon.colcon_core.shell:Creating prefix chain script '/home/carpe-bleue/ros2_ws/install/setup.bash'
[7.127s] INFO:colcon.colcon_core.shell:Creating prefix script '/home/carpe-bleue/ros2_ws/install/local_setup.zsh'
[7.129s] INFO:colcon.colcon_core.shell:Creating prefix chain script '/home/carpe-bleue/ros2_ws/install/setup.zsh'
