[0.060s] Invoking command in '/home/carpe-bleue/ros2_ws/build/uart_comm_pkg': CMAKE_PREFIX_PATH=/opt/ros/humble /usr/bin/cmake /home/carpe-bleue/ros2_ws/src/uart_comm_pkg -DROS2_SERIAL_PKGS=sensor_msgs;px4_msgs -DCMAKE_INSTALL_PREFIX=/home/carpe-bleue/ros2_ws/install/uart_comm_pkg
[0.103s] -- Found ament_cmake: 1.3.10 (/opt/ros/humble/share/ament_cmake/cmake)
[0.890s] -- Found rclcpp: 16.0.10 (/opt/ros/humble/share/rclcpp/cmake)
[1.081s] -- Found rosidl_generator_c: 3.1.5 (/opt/ros/humble/share/rosidl_generator_c/cmake)
[1.095s] -- Found rosidl_adapter: 3.1.5 (/opt/ros/humble/share/rosidl_adapter/cmake)
[1.126s] -- Found rosidl_generator_cpp: 3.1.5 (/opt/ros/humble/share/rosidl_generator_cpp/cmake)
[1.176s] -- Using all available rosidl_typesupport_c: rosidl_typesupport_fastrtps_c;rosidl_typesupport_introspection_c
[1.243s] -- Using all available rosidl_typesupport_cpp: rosidl_typesupport_fastrtps_cpp;rosidl_typesupport_introspection_cpp
[1.411s] -- Found rmw_implementation_cmake: 6.1.2 (/opt/ros/humble/share/rmw_implementation_cmake/cmake)
[1.420s] -- Found rmw_fastrtps_cpp: 6.2.7 (/opt/ros/humble/share/rmw_fastrtps_cpp/cmake)
[2.305s] -- Using RMW implementation 'rmw_fastrtps_cpp' as default
[2.793s] [31mCMake Error at CMakeLists.txt:14 (find_package):
[2.794s]   By not providing "FindSerial.cmake" in CMAKE_MODULE_PATH this project has
[2.794s]   asked CMake to find a package configuration file provided by "Serial", but
[2.795s]   CMake did not find one.
[2.795s] 
[2.796s]   Could not find a package configuration file provided by "Serial" with any
[2.796s]   of the following names:
[2.797s] 
[2.797s]     SerialConfig.cmake
[2.798s]     serial-config.cmake
[2.798s] 
[2.799s]   Add the installation prefix of "Serial" to CMAKE_PREFIX_PATH or set
[2.800s]   "Serial_DIR" to a directory containing one of the above files.  If "Serial"
[2.801s]   provides a separate development package or SDK, be sure it has been
[2.803s]   installed.
[2.804s] 
[2.805s] [0m
[2.806s] -- Configuring incomplete, errors occurred!
[2.807s] See also "/home/carpe-bleue/ros2_ws/build/uart_comm_pkg/CMakeFiles/CMakeOutput.log".
[2.826s] Invoked command in '/home/carpe-bleue/ros2_ws/build/uart_comm_pkg' returned '1': CMAKE_PREFIX_PATH=/opt/ros/humble /usr/bin/cmake /home/carpe-bleue/ros2_ws/src/uart_comm_pkg -DROS2_SERIAL_PKGS=sensor_msgs;px4_msgs -DCMAKE_INSTALL_PREFIX=/home/carpe-bleue/ros2_ws/install/uart_comm_pkg
