[0.042s] Invoking command in '/home/carpe-bleue/ros2_ws/build/uart_comm_pkg': CMAKE_PREFIX_PATH=/opt/ros/humble /usr/bin/cmake /home/carpe-bleue/ros2_ws/src/uart_comm_pkg -DCMAKE_INSTALL_PREFIX=/home/carpe-bleue/ros2_ws/install/uart_comm_pkg
[0.093s] -- Found ament_cmake: 1.3.10 (/opt/ros/humble/share/ament_cmake/cmake)
[0.626s] -- Found rclcpp: 16.0.10 (/opt/ros/humble/share/rclcpp/cmake)
[0.769s] -- Found rosidl_generator_c: 3.1.5 (/opt/ros/humble/share/rosidl_generator_c/cmake)
[0.779s] -- Found rosidl_adapter: 3.1.5 (/opt/ros/humble/share/rosidl_adapter/cmake)
[0.801s] -- Found rosidl_generator_cpp: 3.1.5 (/opt/ros/humble/share/rosidl_generator_cpp/cmake)
[0.838s] -- Using all available rosidl_typesupport_c: rosidl_typesupport_fastrtps_c;rosidl_typesupport_introspection_c
[0.885s] -- Using all available rosidl_typesupport_cpp: rosidl_typesupport_fastrtps_cpp;rosidl_typesupport_introspection_cpp
[1.007s] -- Found rmw_implementation_cmake: 6.1.2 (/opt/ros/humble/share/rmw_implementation_cmake/cmake)
[1.012s] -- Found rmw_fastrtps_cpp: 6.2.7 (/opt/ros/humble/share/rmw_fastrtps_cpp/cmake)
[1.735s] -- Using RMW implementation 'rmw_fastrtps_cpp' as default
[2.036s] [31mCMake Error at CMakeLists.txt:12 (find_package):
[2.036s]   By not providing "FindSerial.cmake" in CMAKE_MODULE_PATH this project has
[2.036s]   asked CMake to find a package configuration file provided by "Serial", but
[2.037s]   CMake did not find one.
[2.037s] 
[2.037s]   Could not find a package configuration file provided by "Serial" with any
[2.038s]   of the following names:
[2.038s] 
[2.038s]     SerialConfig.cmake
[2.039s]     serial-config.cmake
[2.039s] 
[2.039s]   Add the installation prefix of "Serial" to CMAKE_PREFIX_PATH or set
[2.040s]   "Serial_DIR" to a directory containing one of the above files.  If "Serial"
[2.040s]   provides a separate development package or SDK, be sure it has been
[2.040s]   installed.
[2.041s] 
[2.043s] [0m
[2.043s] -- Configuring incomplete, errors occurred!
[2.044s] See also "/home/carpe-bleue/ros2_ws/build/uart_comm_pkg/CMakeFiles/CMakeOutput.log".
[2.061s] Invoked command in '/home/carpe-bleue/ros2_ws/build/uart_comm_pkg' returned '1': CMAKE_PREFIX_PATH=/opt/ros/humble /usr/bin/cmake /home/carpe-bleue/ros2_ws/src/uart_comm_pkg -DCMAKE_INSTALL_PREFIX=/home/carpe-bleue/ros2_ws/install/uart_comm_pkg
