[0.068s] Invoking command in '/home/carpe-bleue/ros2_ws/build/ydlidar_ros2_driver': CMAKE_PREFIX_PATH=/opt/ros/humble /usr/bin/cmake --build /home/carpe-bleue/ros2_ws/build/ydlidar_ros2_driver -- -j4 -l4
[0.256s] [35m[1mConsolidate compiler generated dependencies of target ydlidar_ros2_driver_node[0m
[0.257s] [35m[1mConsolidate compiler generated dependencies of target ydlidar_ros2_driver_client[0m
[0.367s] [ 50%] Built target ydlidar_ros2_driver_client
[0.376s] [100%] Built target ydlidar_ros2_driver_node
[0.452s] Invoked command in '/home/carpe-bleue/ros2_ws/build/ydlidar_ros2_driver' returned '0': CMAKE_PREFIX_PATH=/opt/ros/humble /usr/bin/cmake --build /home/carpe-bleue/ros2_ws/build/ydlidar_ros2_driver -- -j4 -l4
[0.489s] Invoking command in '/home/carpe-bleue/ros2_ws/build/ydlidar_ros2_driver': CMAKE_PREFIX_PATH=/opt/ros/humble /usr/bin/cmake --install /home/carpe-bleue/ros2_ws/build/ydlidar_ros2_driver
[0.542s] -- Install configuration: ""
[0.547s] -- Up-to-date: /home/carpe-bleue/ros2_ws/install/ydlidar_ros2_driver/lib/ydlidar_ros2_driver/safety_node.py
[0.549s] -- Installing: /home/carpe-bleue/ros2_ws/install/ydlidar_ros2_driver/lib/ydlidar_ros2_driver/ydlidar_ros2_driver_node
[0.564s] -- Set runtime path of "/home/carpe-bleue/ros2_ws/install/ydlidar_ros2_driver/lib/ydlidar_ros2_driver/ydlidar_ros2_driver_node" to ""
[0.567s] -- Installing: /home/carpe-bleue/ros2_ws/install/ydlidar_ros2_driver/lib/ydlidar_ros2_driver/ydlidar_ros2_driver_client
[0.598s] -- Set runtime path of "/home/carpe-bleue/ros2_ws/install/ydlidar_ros2_driver/lib/ydlidar_ros2_driver/ydlidar_ros2_driver_client" to ""
[0.600s] -- Up-to-date: /home/carpe-bleue/ros2_ws/install/ydlidar_ros2_driver/share/ydlidar_ros2_driver/launch
[0.601s] -- Up-to-date: /home/carpe-bleue/ros2_ws/install/ydlidar_ros2_driver/share/ydlidar_ros2_driver/launch/ydlidar.py
[0.603s] -- Up-to-date: /home/carpe-bleue/ros2_ws/install/ydlidar_ros2_driver/share/ydlidar_ros2_driver/launch/ydlidar_launch_view.py
[0.604s] -- Up-to-date: /home/carpe-bleue/ros2_ws/install/ydlidar_ros2_driver/share/ydlidar_ros2_driver/launch/ydlidar_launch.py
[0.605s] -- Up-to-date: /home/carpe-bleue/ros2_ws/install/ydlidar_ros2_driver/share/ydlidar_ros2_driver/params
[0.607s] -- Up-to-date: /home/carpe-bleue/ros2_ws/install/ydlidar_ros2_driver/share/ydlidar_ros2_driver/params/TminiPro.yaml
[0.608s] -- Up-to-date: /home/carpe-bleue/ros2_ws/install/ydlidar_ros2_driver/share/ydlidar_ros2_driver/params/X2.yaml
[0.609s] -- Up-to-date: /home/carpe-bleue/ros2_ws/install/ydlidar_ros2_driver/share/ydlidar_ros2_driver/params/GS2.yaml
[0.610s] -- Up-to-date: /home/carpe-bleue/ros2_ws/install/ydlidar_ros2_driver/share/ydlidar_ros2_driver/params/G2.yaml
[0.612s] -- Up-to-date: /home/carpe-bleue/ros2_ws/install/ydlidar_ros2_driver/share/ydlidar_ros2_driver/params/X4.yaml
[0.613s] -- Up-to-date: /home/carpe-bleue/ros2_ws/install/ydlidar_ros2_driver/share/ydlidar_ros2_driver/params/G1.yaml
[0.615s] -- Up-to-date: /home/carpe-bleue/ros2_ws/install/ydlidar_ros2_driver/share/ydlidar_ros2_driver/params/TG.yaml
[0.616s] -- Up-to-date: /home/carpe-bleue/ros2_ws/install/ydlidar_ros2_driver/share/ydlidar_ros2_driver/params/ydlidar.yaml
[0.618s] -- Up-to-date: /home/carpe-bleue/ros2_ws/install/ydlidar_ros2_driver/share/ydlidar_ros2_driver/params/TEA.yaml
[0.619s] -- Up-to-date: /home/carpe-bleue/ros2_ws/install/ydlidar_ros2_driver/share/ydlidar_ros2_driver/params/X4-Pro.yaml
[0.620s] -- Up-to-date: /home/carpe-bleue/ros2_ws/install/ydlidar_ros2_driver/share/ydlidar_ros2_driver/params/G6.yaml
[0.622s] -- Up-to-date: /home/carpe-bleue/ros2_ws/install/ydlidar_ros2_driver/share/ydlidar_ros2_driver/startup
[0.623s] -- Up-to-date: /home/carpe-bleue/ros2_ws/install/ydlidar_ros2_driver/share/ydlidar_ros2_driver/startup/initenv.sh
[0.625s] -- Up-to-date: /home/carpe-bleue/ros2_ws/install/ydlidar_ros2_driver/share/ydlidar_ros2_driver/config
[0.626s] -- Up-to-date: /home/carpe-bleue/ros2_ws/install/ydlidar_ros2_driver/share/ydlidar_ros2_driver/config/ydlidar.rviz
[0.628s] -- Up-to-date: /home/carpe-bleue/ros2_ws/install/ydlidar_ros2_driver/share/ament_index/resource_index/package_run_dependencies/ydlidar_ros2_driver
[0.637s] -- Installing: /home/carpe-bleue/ros2_ws/install/ydlidar_ros2_driver/share/ament_index/resource_index/parent_prefix_path/ydlidar_ros2_driver
[0.639s] -- Installing: /home/carpe-bleue/ros2_ws/install/ydlidar_ros2_driver/share/ydlidar_ros2_driver/environment/ament_prefix_path.sh
[0.640s] -- Installing: /home/carpe-bleue/ros2_ws/install/ydlidar_ros2_driver/share/ydlidar_ros2_driver/environment/ament_prefix_path.dsv
[0.643s] -- Installing: /home/carpe-bleue/ros2_ws/install/ydlidar_ros2_driver/share/ydlidar_ros2_driver/environment/path.sh
[0.646s] -- Installing: /home/carpe-bleue/ros2_ws/install/ydlidar_ros2_driver/share/ydlidar_ros2_driver/environment/path.dsv
[0.649s] -- Up-to-date: /home/carpe-bleue/ros2_ws/install/ydlidar_ros2_driver/share/ydlidar_ros2_driver/local_setup.bash
[0.650s] -- Up-to-date: /home/carpe-bleue/ros2_ws/install/ydlidar_ros2_driver/share/ydlidar_ros2_driver/local_setup.sh
[0.652s] -- Up-to-date: /home/carpe-bleue/ros2_ws/install/ydlidar_ros2_driver/share/ydlidar_ros2_driver/local_setup.zsh
[0.653s] -- Installing: /home/carpe-bleue/ros2_ws/install/ydlidar_ros2_driver/share/ydlidar_ros2_driver/local_setup.dsv
[0.655s] -- Installing: /home/carpe-bleue/ros2_ws/install/ydlidar_ros2_driver/share/ydlidar_ros2_driver/package.dsv
[0.658s] -- Up-to-date: /home/carpe-bleue/ros2_ws/install/ydlidar_ros2_driver/share/ament_index/resource_index/packages/ydlidar_ros2_driver
[0.659s] -- Up-to-date: /home/carpe-bleue/ros2_ws/install/ydlidar_ros2_driver/share/ydlidar_ros2_driver/cmake/ydlidar_ros2_driverConfig.cmake
[0.661s] -- Up-to-date: /home/carpe-bleue/ros2_ws/install/ydlidar_ros2_driver/share/ydlidar_ros2_driver/cmake/ydlidar_ros2_driverConfig-version.cmake
[0.662s] -- Up-to-date: /home/carpe-bleue/ros2_ws/install/ydlidar_ros2_driver/share/ydlidar_ros2_driver/package.xml
[0.676s] Invoked command in '/home/carpe-bleue/ros2_ws/build/ydlidar_ros2_driver' returned '0': CMAKE_PREFIX_PATH=/opt/ros/humble /usr/bin/cmake --install /home/carpe-bleue/ros2_ws/build/ydlidar_ros2_driver
