[0.076s] Invoking command in '/home/carpe-bleue/ros2_ws/build/serial_package': CMAKE_PREFIX_PATH=/opt/ros/humble /usr/bin/cmake --build /home/carpe-bleue/ros2_ws/build/serial_package -- -j4 -l4
[0.184s] -- Found ament_cmake: 1.3.11 (/opt/ros/humble/share/ament_cmake/cmake)
[1.022s] -- Override CMake install command with custom implementation using symlinks instead of copying resources
[1.105s] -- Found rclpy: 3.3.16 (/opt/ros/humble/share/rclpy/cmake)
[1.108s] -- Found sensor_msgs: 4.8.0 (/opt/ros/humble/share/sensor_msgs/cmake)
[1.288s] -- Found rosidl_generator_c: 3.1.6 (/opt/ros/humble/share/rosidl_generator_c/cmake)
[1.302s] -- Found rosidl_adapter: 3.1.6 (/opt/ros/humble/share/rosidl_adapter/cmake)
[1.337s] -- Found rosidl_generator_cpp: 3.1.6 (/opt/ros/humble/share/rosidl_generator_cpp/cmake)
[1.390s] -- Using all available rosidl_typesupport_c: rosidl_typesupport_fastrtps_c;rosidl_typesupport_introspection_c
[1.454s] -- Using all available rosidl_typesupport_cpp: rosidl_typesupport_fastrtps_cpp;rosidl_typesupport_introspection_cpp
[1.716s] -- Found rclcpp: 16.0.12 (/opt/ros/humble/share/rclcpp/cmake)
[1.863s] -- Found rmw_implementation_cmake: 6.1.2 (/opt/ros/humble/share/rmw_implementation_cmake/cmake)
[1.873s] -- Found rmw_fastrtps_cpp: 6.2.7 (/opt/ros/humble/share/rmw_fastrtps_cpp/cmake)
[2.697s] -- Using RMW implementation 'rmw_fastrtps_cpp' as default
[2.907s] -- Found ament_lint_auto: 0.12.12 (/opt/ros/humble/share/ament_lint_auto/cmake)
[3.274s] -- Added test 'cppcheck' to perform static code analysis on C / C++ code
[3.275s] -- Configured cppcheck include dirs: 
[3.275s] -- Configured cppcheck exclude dirs and/or files: 
[3.282s] -- Added test 'flake8' to check Python code syntax and style conventions
[3.293s] -- Added test 'lint_cmake' to check CMake code style
[3.300s] -- Added test 'pep257' to check Python code against some of the docstring style conventions in PEP 257
[3.339s] -- Added test 'uncrustify' to check C / C++ code style
[3.340s] -- Configured uncrustify additional arguments: 
[3.346s] -- Added test 'xmllint' to check XML markup files
[3.353s] -- Configuring done
[3.458s] -- Generating done
[3.482s] -- Build files have been written to: /home/carpe-bleue/ros2_ws/build/serial_package
[3.588s] [35m[1mConsolidate compiler generated dependencies of target UART_Node[0m
[3.589s] [35m[1mConsolidate compiler generated dependencies of target OdometryNode[0m
[3.676s] [ 50%] Built target UART_Node
[3.679s] [100%] Built target OdometryNode
[3.717s] Invoked command in '/home/carpe-bleue/ros2_ws/build/serial_package' returned '0': CMAKE_PREFIX_PATH=/opt/ros/humble /usr/bin/cmake --build /home/carpe-bleue/ros2_ws/build/serial_package -- -j4 -l4
[3.726s] Invoking command in '/home/carpe-bleue/ros2_ws/build/serial_package': CMAKE_PREFIX_PATH=/opt/ros/humble /usr/bin/cmake --install /home/carpe-bleue/ros2_ws/build/serial_package
[3.753s] -- Install configuration: ""
[3.755s] -- Execute custom install script
[3.756s] -- Up-to-date symlink: /home/carpe-bleue/ros2_ws/install/serial_package/lib/serial_package/UART_Node
[3.757s] -- Up-to-date symlink: /home/carpe-bleue/ros2_ws/install/serial_package/lib/serial_package/OdometryNode
[3.758s] -- Up-to-date symlink: /home/carpe-bleue/ros2_ws/install/serial_package/lib/serial_package/serial_node.py
[3.758s] -- Up-to-date symlink: /home/carpe-bleue/ros2_ws/install/serial_package/lib/serial_package/serial_node_2.py
[3.759s] -- Up-to-date symlink: /home/carpe-bleue/ros2_ws/install/serial_package/lib/serial_package/serial_node_3.py
[3.760s] -- Up-to-date symlink: /home/carpe-bleue/ros2_ws/install/serial_package/lib/serial_package/serial_node_4.py
[3.760s] -- Up-to-date symlink: /home/carpe-bleue/ros2_ws/install/serial_package/lib/serial_package/serial_node_5.py
[3.761s] -- Up-to-date symlink: /home/carpe-bleue/ros2_ws/install/serial_package/lib/serial_package/serial_node_6.py
[3.762s] -- Up-to-date symlink: /home/carpe-bleue/ros2_ws/install/serial_package/lib/serial_package/test_uart.py
[3.762s] -- Up-to-date symlink: /home/carpe-bleue/ros2_ws/install/serial_package/lib/serial_package/test_uart_lidar.py
[3.763s] -- Up-to-date symlink: /home/carpe-bleue/ros2_ws/install/serial_package/lib/serial_package/test_uart_lidar2.py
[3.764s] -- Up-to-date symlink: /home/carpe-bleue/ros2_ws/install/serial_package/lib/serial_package/robot_control_node.py
[3.765s] -- Up-to-date symlink: /home/carpe-bleue/ros2_ws/install/serial_package/lib/serial_package/robot_control_node_2.py
[3.765s] -- Up-to-date symlink: /home/carpe-bleue/ros2_ws/install/serial_package/lib/serial_package/robot_control_node_3.py
[3.766s] -- Up-to-date symlink: /home/carpe-bleue/ros2_ws/install/serial_package/lib/serial_package/robot_control_node_4.py
[3.767s] -- Up-to-date symlink: /home/carpe-bleue/ros2_ws/install/serial_package/lib/serial_package/robot_control_node_5.py
[3.767s] -- Up-to-date symlink: /home/carpe-bleue/ros2_ws/install/serial_package/lib/serial_package/robot_control_node_6.py
[3.768s] -- Up-to-date symlink: /home/carpe-bleue/ros2_ws/install/serial_package/lib/serial_package/robot_control_node_7.py
[3.769s] -- Up-to-date symlink: /home/carpe-bleue/ros2_ws/install/serial_package/lib/serial_package/screen_reader.py
[3.769s] -- Up-to-date symlink: /home/carpe-bleue/ros2_ws/install/serial_package/lib/serial_package/bagfile_stm32.py
[3.770s] -- Up-to-date symlink: /home/carpe-bleue/ros2_ws/install/serial_package/lib/serial_package/launch_serial_lidar.py
[3.770s] -- Symlinking: /home/carpe-bleue/ros2_ws/install/serial_package/lib/serial_package/launch_robot.py
[3.843s] -- Up-to-date symlink: /home/carpe-bleue/ros2_ws/install/serial_package/share/serial_package/launch/OdometryNode.launch.py
[3.873s] -- Up-to-date symlink: /home/carpe-bleue/ros2_ws/install/serial_package/share/serial_package/launch/UART_Node.launch.py
[3.879s] -- Up-to-date symlink: /home/carpe-bleue/ros2_ws/install/serial_package/share/serial_package/launch/combined_launch.py
[3.880s] -- Symlinking: /home/carpe-bleue/ros2_ws/install/serial_package/share/serial_package/launch/launch_robot.py
[3.922s] -- Up-to-date symlink: /home/carpe-bleue/ros2_ws/install/serial_package/share/serial_package/launch/launch_serial_lidar.py
[3.933s] -- Up-to-date symlink: /home/carpe-bleue/ros2_ws/install/serial_package/share/ament_index/resource_index/package_run_dependencies/serial_package
[3.943s] -- Up-to-date symlink: /home/carpe-bleue/ros2_ws/install/serial_package/share/ament_index/resource_index/parent_prefix_path/serial_package
[3.953s] -- Up-to-date symlink: /home/carpe-bleue/ros2_ws/install/serial_package/share/serial_package/environment/ament_prefix_path.sh
[3.957s] -- Up-to-date symlink: /home/carpe-bleue/ros2_ws/install/serial_package/share/serial_package/environment/ament_prefix_path.dsv
[3.960s] -- Up-to-date symlink: /home/carpe-bleue/ros2_ws/install/serial_package/share/serial_package/environment/path.sh
[3.966s] -- Up-to-date symlink: /home/carpe-bleue/ros2_ws/install/serial_package/share/serial_package/environment/path.dsv
[3.968s] -- Up-to-date symlink: /home/carpe-bleue/ros2_ws/install/serial_package/share/serial_package/local_setup.bash
[3.969s] -- Up-to-date symlink: /home/carpe-bleue/ros2_ws/install/serial_package/share/serial_package/local_setup.sh
[3.970s] -- Up-to-date symlink: /home/carpe-bleue/ros2_ws/install/serial_package/share/serial_package/local_setup.zsh
[3.971s] -- Up-to-date symlink: /home/carpe-bleue/ros2_ws/install/serial_package/share/serial_package/local_setup.dsv
[3.972s] -- Symlinking: /home/carpe-bleue/ros2_ws/install/serial_package/share/serial_package/package.dsv
[4.007s] -- Up-to-date symlink: /home/carpe-bleue/ros2_ws/install/serial_package/share/ament_index/resource_index/packages/serial_package
[4.007s] -- Up-to-date symlink: /home/carpe-bleue/ros2_ws/install/serial_package/share/serial_package/cmake/serial_packageConfig.cmake
[4.008s] -- Up-to-date symlink: /home/carpe-bleue/ros2_ws/install/serial_package/share/serial_package/cmake/serial_packageConfig-version.cmake
[4.009s] -- Up-to-date symlink: /home/carpe-bleue/ros2_ws/install/serial_package/share/serial_package/package.xml
[4.017s] Invoked command in '/home/carpe-bleue/ros2_ws/build/serial_package' returned '0': CMAKE_PREFIX_PATH=/opt/ros/humble /usr/bin/cmake --install /home/carpe-bleue/ros2_ws/build/serial_package
