[0.043s] Invoking command in '/home/carpe-bleue/ros2_ws/build/serial_package': CMAKE_PREFIX_PATH=/opt/ros/humble /usr/bin/cmake --build /home/carpe-bleue/ros2_ws/build/serial_package -- -j4 -l4
[0.141s] -- Found ament_cmake: 1.3.10 (/opt/ros/humble/share/ament_cmake/cmake)
[0.674s] -- Found rclpy: 3.3.14 (/opt/ros/humble/share/rclpy/cmake)
[0.675s] -- Found sensor_msgs: 4.2.4 (/opt/ros/humble/share/sensor_msgs/cmake)
[0.807s] -- Found rosidl_generator_c: 3.1.5 (/opt/ros/humble/share/rosidl_generator_c/cmake)
[0.818s] -- Found rosidl_adapter: 3.1.5 (/opt/ros/humble/share/rosidl_adapter/cmake)
[0.841s] -- Found rosidl_generator_cpp: 3.1.5 (/opt/ros/humble/share/rosidl_generator_cpp/cmake)
[0.878s] -- Using all available rosidl_typesupport_c: rosidl_typesupport_fastrtps_c;rosidl_typesupport_introspection_c
[0.927s] -- Using all available rosidl_typesupport_cpp: rosidl_typesupport_fastrtps_cpp;rosidl_typesupport_introspection_cpp
[1.132s] -- Found ament_lint_auto: 0.12.11 (/opt/ros/humble/share/ament_lint_auto/cmake)
[1.422s] -- Added test 'flake8' to check Python code syntax and style conventions
[1.424s] -- Added test 'lint_cmake' to check CMake code style
[1.426s] -- Added test 'pep257' to check Python code against some of the docstring style conventions in PEP 257
[1.431s] -- Added test 'xmllint' to check XML markup files
[1.435s] -- Configuring done
[1.460s] -- Generating done
[1.466s] -- Build files have been written to: /home/carpe-bleue/ros2_ws/build/serial_package
[1.552s] Invoked command in '/home/carpe-bleue/ros2_ws/build/serial_package' returned '0': CMAKE_PREFIX_PATH=/opt/ros/humble /usr/bin/cmake --build /home/carpe-bleue/ros2_ws/build/serial_package -- -j4 -l4
[1.695s] Invoking command in '/home/carpe-bleue/ros2_ws/build/serial_package': CMAKE_PREFIX_PATH=/opt/ros/humble /usr/bin/cmake --install /home/carpe-bleue/ros2_ws/build/serial_package
[1.722s] -- Install configuration: ""
[1.723s] -- Up-to-date: /home/carpe-bleue/ros2_ws/install/serial_package/lib/serial_package/serial_node.py
[1.723s] -- Up-to-date: /home/carpe-bleue/ros2_ws/install/serial_package/lib/serial_package/serial_node_2.py
[1.723s] -- Up-to-date: /home/carpe-bleue/ros2_ws/install/serial_package/share/ament_index/resource_index/package_run_dependencies/serial_package
[1.724s] -- Installing: /home/carpe-bleue/ros2_ws/install/serial_package/share/ament_index/resource_index/parent_prefix_path/serial_package
[1.725s] -- Installing: /home/carpe-bleue/ros2_ws/install/serial_package/share/serial_package/environment/ament_prefix_path.sh
[1.726s] -- Installing: /home/carpe-bleue/ros2_ws/install/serial_package/share/serial_package/environment/ament_prefix_path.dsv
[1.727s] -- Installing: /home/carpe-bleue/ros2_ws/install/serial_package/share/serial_package/environment/path.sh
[1.729s] -- Installing: /home/carpe-bleue/ros2_ws/install/serial_package/share/serial_package/environment/path.dsv
[1.730s] -- Up-to-date: /home/carpe-bleue/ros2_ws/install/serial_package/share/serial_package/local_setup.bash
[1.730s] -- Up-to-date: /home/carpe-bleue/ros2_ws/install/serial_package/share/serial_package/local_setup.sh
[1.731s] -- Up-to-date: /home/carpe-bleue/ros2_ws/install/serial_package/share/serial_package/local_setup.zsh
[1.731s] -- Installing: /home/carpe-bleue/ros2_ws/install/serial_package/share/serial_package/local_setup.dsv
[1.732s] -- Installing: /home/carpe-bleue/ros2_ws/install/serial_package/share/serial_package/package.dsv
[1.733s] -- Up-to-date: /home/carpe-bleue/ros2_ws/install/serial_package/share/ament_index/resource_index/packages/serial_package
[1.734s] -- Up-to-date: /home/carpe-bleue/ros2_ws/install/serial_package/share/serial_package/cmake/serial_packageConfig.cmake
[1.734s] -- Up-to-date: /home/carpe-bleue/ros2_ws/install/serial_package/share/serial_package/cmake/serial_packageConfig-version.cmake
[1.735s] -- Up-to-date: /home/carpe-bleue/ros2_ws/install/serial_package/share/serial_package/package.xml
[1.740s] Invoked command in '/home/carpe-bleue/ros2_ws/build/serial_package' returned '0': CMAKE_PREFIX_PATH=/opt/ros/humble /usr/bin/cmake --install /home/carpe-bleue/ros2_ws/build/serial_package
