[0.717s] DEBUG:colcon:Command line arguments: ['/usr/bin/colcon', 'build']
[0.718s] DEBUG:colcon:Parsed command line arguments: Namespace(log_base=None, log_level=None, verb_name='build', build_base='build', install_base='install', merge_install=False, symlink_install=False, test_result_base=None, continue_on_error=False, executor='parallel', parallel_workers=4, event_handlers=None, ignore_user_meta=False, metas=['./colcon.meta'], base_paths=['.'], packages_ignore=None, packages_ignore_regex=None, paths=None, packages_up_to=None, packages_up_to_regex=None, packages_above=None, packages_above_and_dependencies=None, packages_above_depth=None, packages_select_by_dep=None, packages_skip_by_dep=None, packages_skip_up_to=None, packages_select_build_failed=False, packages_skip_build_finished=False, packages_select_test_failures=False, packages_skip_test_passed=False, packages_select=None, packages_skip=None, packages_select_regex=None, packages_skip_regex=None, packages_start=None, packages_end=None, allow_overriding=[], cmake_args=None, cmake_target=None, cmake_target_skip_unavailable=False, cmake_clean_cache=False, cmake_clean_first=False, cmake_force_configure=False, ament_cmake_args=None, catkin_cmake_args=None, catkin_skip_building_tests=False, verb_parser=<colcon_defaults.argument_parser.defaults.DefaultArgumentsDecorator object at 0xffffa695f1f0>, verb_extension=<colcon_core.verb.build.BuildVerb object at 0xffffa695eda0>, main=<bound method BuildVerb.main of <colcon_core.verb.build.BuildVerb object at 0xffffa695eda0>>)
[2.085s] Level 1:colcon.colcon_core.package_discovery:discover_packages(colcon_meta) check parameters
[2.086s] Level 1:colcon.colcon_core.package_discovery:discover_packages(recursive) check parameters
[2.086s] Level 1:colcon.colcon_core.package_discovery:discover_packages(ignore) check parameters
[2.086s] Level 1:colcon.colcon_core.package_discovery:discover_packages(path) check parameters
[2.087s] Level 1:colcon.colcon_core.package_discovery:discover_packages(colcon_meta) discover
[2.087s] Level 1:colcon.colcon_core.package_discovery:discover_packages(recursive) discover
[2.087s] INFO:colcon.colcon_core.package_discovery:Crawling recursively for packages in '/home/carpe-bleue/ros2_ws'
[2.088s] Level 1:colcon.colcon_core.package_identification:_identify(.) by extensions ['ignore', 'ignore_ament_install']
[2.089s] Level 1:colcon.colcon_core.package_identification:_identify(.) by extension 'ignore'
[2.089s] Level 1:colcon.colcon_core.package_identification:_identify(.) by extension 'ignore_ament_install'
[2.090s] Level 1:colcon.colcon_core.package_identification:_identify(.) by extensions ['colcon_pkg']
[2.090s] Level 1:colcon.colcon_core.package_identification:_identify(.) by extension 'colcon_pkg'
[2.091s] Level 1:colcon.colcon_core.package_identification:_identify(.) by extensions ['colcon_meta']
[2.091s] Level 1:colcon.colcon_core.package_identification:_identify(.) by extension 'colcon_meta'
[2.092s] Level 1:colcon.colcon_core.package_identification:_identify(.) by extensions ['ros']
[2.092s] Level 1:colcon.colcon_core.package_identification:_identify(.) by extension 'ros'
[2.161s] Level 1:colcon.colcon_core.package_identification:_identify(.) by extensions ['cmake', 'python']
[2.162s] Level 1:colcon.colcon_core.package_identification:_identify(.) by extension 'cmake'
[2.162s] Level 1:colcon.colcon_core.package_identification:_identify(.) by extension 'python'
[2.163s] Level 1:colcon.colcon_core.package_identification:_identify(.) by extensions ['python_setup_py']
[2.163s] Level 1:colcon.colcon_core.package_identification:_identify(.) by extension 'python_setup_py'
[2.164s] Level 1:colcon.colcon_core.package_identification:_identify(build) by extensions ['ignore', 'ignore_ament_install']
[2.165s] Level 1:colcon.colcon_core.package_identification:_identify(build) by extension 'ignore'
[2.165s] Level 1:colcon.colcon_core.package_identification:_identify(build) ignored
[2.166s] Level 1:colcon.colcon_core.package_identification:_identify(install) by extensions ['ignore', 'ignore_ament_install']
[2.167s] Level 1:colcon.colcon_core.package_identification:_identify(install) by extension 'ignore'
[2.167s] Level 1:colcon.colcon_core.package_identification:_identify(install) ignored
[2.171s] Level 1:colcon.colcon_core.package_identification:_identify(log) by extensions ['ignore', 'ignore_ament_install']
[2.171s] Level 1:colcon.colcon_core.package_identification:_identify(log) by extension 'ignore'
[2.172s] Level 1:colcon.colcon_core.package_identification:_identify(log) ignored
[2.173s] Level 1:colcon.colcon_core.package_identification:_identify(src) by extensions ['ignore', 'ignore_ament_install']
[2.173s] Level 1:colcon.colcon_core.package_identification:_identify(src) by extension 'ignore'
[2.174s] Level 1:colcon.colcon_core.package_identification:_identify(src) by extension 'ignore_ament_install'
[2.174s] Level 1:colcon.colcon_core.package_identification:_identify(src) by extensions ['colcon_pkg']
[2.175s] Level 1:colcon.colcon_core.package_identification:_identify(src) by extension 'colcon_pkg'
[2.175s] Level 1:colcon.colcon_core.package_identification:_identify(src) by extensions ['colcon_meta']
[2.175s] Level 1:colcon.colcon_core.package_identification:_identify(src) by extension 'colcon_meta'
[2.176s] Level 1:colcon.colcon_core.package_identification:_identify(src) by extensions ['ros']
[2.176s] Level 1:colcon.colcon_core.package_identification:_identify(src) by extension 'ros'
[2.177s] Level 1:colcon.colcon_core.package_identification:_identify(src) by extensions ['cmake', 'python']
[2.177s] Level 1:colcon.colcon_core.package_identification:_identify(src) by extension 'cmake'
[2.178s] Level 1:colcon.colcon_core.package_identification:_identify(src) by extension 'python'
[2.178s] Level 1:colcon.colcon_core.package_identification:_identify(src) by extensions ['python_setup_py']
[2.178s] Level 1:colcon.colcon_core.package_identification:_identify(src) by extension 'python_setup_py'
[2.179s] Level 1:colcon.colcon_core.package_identification:_identify(src/serial_package) by extensions ['ignore', 'ignore_ament_install']
[2.180s] Level 1:colcon.colcon_core.package_identification:_identify(src/serial_package) by extension 'ignore'
[2.180s] Level 1:colcon.colcon_core.package_identification:_identify(src/serial_package) by extension 'ignore_ament_install'
[2.181s] Level 1:colcon.colcon_core.package_identification:_identify(src/serial_package) by extensions ['colcon_pkg']
[2.181s] Level 1:colcon.colcon_core.package_identification:_identify(src/serial_package) by extension 'colcon_pkg'
[2.182s] Level 1:colcon.colcon_core.package_identification:_identify(src/serial_package) by extensions ['colcon_meta']
[2.182s] Level 1:colcon.colcon_core.package_identification:_identify(src/serial_package) by extension 'colcon_meta'
[2.183s] Level 1:colcon.colcon_core.package_identification:_identify(src/serial_package) by extensions ['ros']
[2.183s] Level 1:colcon.colcon_core.package_identification:_identify(src/serial_package) by extension 'ros'
[2.196s] DEBUG:colcon.colcon_core.package_identification:Package 'src/serial_package' with type 'ros.ament_cmake' and name 'serial_package'
[2.197s] Level 1:colcon.colcon_core.package_identification:_identify(src/ydlidar_ros2_driver) by extensions ['ignore', 'ignore_ament_install']
[2.197s] Level 1:colcon.colcon_core.package_identification:_identify(src/ydlidar_ros2_driver) by extension 'ignore'
[2.198s] Level 1:colcon.colcon_core.package_identification:_identify(src/ydlidar_ros2_driver) by extension 'ignore_ament_install'
[2.198s] Level 1:colcon.colcon_core.package_identification:_identify(src/ydlidar_ros2_driver) by extensions ['colcon_pkg']
[2.199s] Level 1:colcon.colcon_core.package_identification:_identify(src/ydlidar_ros2_driver) by extension 'colcon_pkg'
[2.199s] Level 1:colcon.colcon_core.package_identification:_identify(src/ydlidar_ros2_driver) by extensions ['colcon_meta']
[2.199s] Level 1:colcon.colcon_core.package_identification:_identify(src/ydlidar_ros2_driver) by extension 'colcon_meta'
[2.200s] Level 1:colcon.colcon_core.package_identification:_identify(src/ydlidar_ros2_driver) by extensions ['ros']
[2.200s] Level 1:colcon.colcon_core.package_identification:_identify(src/ydlidar_ros2_driver) by extension 'ros'
[2.204s] DEBUG:colcon.colcon_core.package_identification:Package 'src/ydlidar_ros2_driver' with type 'ros.ament_cmake' and name 'ydlidar_ros2_driver'
[2.204s] Level 1:colcon.colcon_core.package_discovery:discover_packages(recursive) using defaults
[2.204s] Level 1:colcon.colcon_core.package_discovery:discover_packages(ignore) discover
[2.205s] Level 1:colcon.colcon_core.package_discovery:discover_packages(ignore) using defaults
[2.205s] Level 1:colcon.colcon_core.package_discovery:discover_packages(path) discover
[2.205s] Level 1:colcon.colcon_core.package_discovery:discover_packages(path) using defaults
[2.313s] Level 1:colcon.colcon_core.package_discovery:discover_packages(prefix_path) check parameters
[2.314s] Level 1:colcon.colcon_core.package_discovery:discover_packages(prefix_path) discover
