[0.091s] Invoking command in '/home/carpe-bleue/ros2_ws/build/ydlidar_sdk': /usr/bin/cmake --build /home/carpe-bleue/ros2_ws/build/ydlidar_sdk -- -j4 -l4
[0.495s] [ 41%] Built target ydlidar_sdk
[0.768s] [ 45%] Built target gs_test2
[0.769s] [ 52%] Built target gs_ota
[0.769s] [ 52%] Built target et_test
[0.771s] [ 56%] Built target gs_test
[0.911s] [ 60%] Built target sdm_test
[0.956s] [ 64%] Built target scl_test
[0.967s] [ 68%] Built target tea_test
[0.970s] [ 72%] Built target sdm18_test
[1.111s] [ 76%] Built target tia_test
[1.128s] [ 80%] Built target tmini_test
[1.135s] [ 84%] Built target tof_test
[1.150s] [ 88%] Built target tri_and_gs_test
[1.241s] [ 92%] Built target tri_restart
[1.254s] [100%] Built target lidar_c_api_test
[1.255s] [100%] Built target tri_test
[1.301s] Invoked command in '/home/carpe-bleue/ros2_ws/build/ydlidar_sdk' returned '0': /usr/bin/cmake --build /home/carpe-bleue/ros2_ws/build/ydlidar_sdk -- -j4 -l4
[1.310s] Invoking command in '/home/carpe-bleue/ros2_ws/build/ydlidar_sdk': /usr/bin/cmake --install /home/carpe-bleue/ros2_ws/build/ydlidar_sdk
[1.341s] -- Install configuration: ""
[1.341s] -- Up-to-date: /home/carpe-bleue/ros2_ws/install/ydlidar_sdk/include/core/base/datatype.h
[1.342s] -- Up-to-date: /home/carpe-bleue/ros2_ws/install/ydlidar_sdk/include/core/base/locker.h
[1.343s] -- Up-to-date: /home/carpe-bleue/ros2_ws/install/ydlidar_sdk/include/core/base/thread.h
[1.343s] -- Up-to-date: /home/carpe-bleue/ros2_ws/install/ydlidar_sdk/include/core/base/timer.h
[1.344s] -- Up-to-date: /home/carpe-bleue/ros2_ws/install/ydlidar_sdk/include/core/base/typedef.h
[1.344s] -- Up-to-date: /home/carpe-bleue/ros2_ws/install/ydlidar_sdk/include/core/base/utils.h
[1.345s] -- Up-to-date: /home/carpe-bleue/ros2_ws/install/ydlidar_sdk/include/core/base/v8stdint.h
[1.346s] -- Up-to-date: /home/carpe-bleue/ros2_ws/install/ydlidar_sdk/include/core/base/ydlidar.h
[1.346s] -- Up-to-date: /home/carpe-bleue/ros2_ws/install/ydlidar_sdk/include/core/common/ChannelDevice.h
[1.347s] -- Up-to-date: /home/carpe-bleue/ros2_ws/install/ydlidar_sdk/include/core/common/DriverInterface.h
[1.347s] -- Up-to-date: /home/carpe-bleue/ros2_ws/install/ydlidar_sdk/include/core/common/ydlidar_datatype.h
[1.348s] -- Up-to-date: /home/carpe-bleue/ros2_ws/install/ydlidar_sdk/include/core/common/ydlidar_def.h
[1.348s] -- Up-to-date: /home/carpe-bleue/ros2_ws/install/ydlidar_sdk/include/core/common/ydlidar_help.h
[1.349s] -- Up-to-date: /home/carpe-bleue/ros2_ws/install/ydlidar_sdk/include/core/common/ydlidar_protocol.h
[1.350s] -- Up-to-date: /home/carpe-bleue/ros2_ws/install/ydlidar_sdk/include/core/json/cJSON.h
[1.350s] -- Up-to-date: /home/carpe-bleue/ros2_ws/install/ydlidar_sdk/include/core/math/angles.h
[1.351s] -- Up-to-date: /home/carpe-bleue/ros2_ws/install/ydlidar_sdk/include/core/network/ActiveSocket.h
[1.352s] -- Up-to-date: /home/carpe-bleue/ros2_ws/install/ydlidar_sdk/include/core/network/PassiveSocket.h
[1.352s] -- Up-to-date: /home/carpe-bleue/ros2_ws/install/ydlidar_sdk/include/core/network/SimpleSocket.h
[1.353s] -- Up-to-date: /home/carpe-bleue/ros2_ws/install/ydlidar_sdk/include/core/network/StatTimer.h
[1.354s] -- Up-to-date: /home/carpe-bleue/ros2_ws/install/ydlidar_sdk/include/core/serial/common.h
[1.355s] -- Up-to-date: /home/carpe-bleue/ros2_ws/install/ydlidar_sdk/include/core/serial/serial.h
[1.355s] -- Up-to-date: /home/carpe-bleue/ros2_ws/install/ydlidar_sdk/include/core/serial/impl/unix/lock.h
[1.356s] -- Up-to-date: /home/carpe-bleue/ros2_ws/install/ydlidar_sdk/include/core/serial/impl/unix/unix.h
[1.357s] -- Up-to-date: /home/carpe-bleue/ros2_ws/install/ydlidar_sdk/include/core/serial/impl/unix/unix_serial.h
[1.358s] -- Up-to-date: /home/carpe-bleue/ros2_ws/install/ydlidar_sdk/include/src/CYdLidar.h
[1.358s] -- Up-to-date: /home/carpe-bleue/ros2_ws/install/ydlidar_sdk/include/src/DTSLidarDriver.h
[1.359s] -- Up-to-date: /home/carpe-bleue/ros2_ws/install/ydlidar_sdk/include/src/ETLidarDriver.h
[1.360s] -- Up-to-date: /home/carpe-bleue/ros2_ws/install/ydlidar_sdk/include/src/GSLidarDriver.h
[1.360s] -- Up-to-date: /home/carpe-bleue/ros2_ws/install/ydlidar_sdk/include/src/SDMLidarDriver.h
[1.361s] -- Up-to-date: /home/carpe-bleue/ros2_ws/install/ydlidar_sdk/include/src/TiaLidarDriver.h
[1.362s] -- Up-to-date: /home/carpe-bleue/ros2_ws/install/ydlidar_sdk/include/src/YDlidarDriver.h
[1.362s] -- Up-to-date: /home/carpe-bleue/ros2_ws/install/ydlidar_sdk/include/src/ydlidar_sdk.h
[1.363s] -- Up-to-date: /home/carpe-bleue/ros2_ws/install/ydlidar_sdk/include/src/filters/FilterInterface.h
[1.364s] -- Up-to-date: /home/carpe-bleue/ros2_ws/install/ydlidar_sdk/include/src/filters/NoiseFilter.h
[1.365s] -- Up-to-date: /home/carpe-bleue/ros2_ws/install/ydlidar_sdk/include/src/filters/StrongLightFilter.h
[1.366s] -- Up-to-date: /home/carpe-bleue/ros2_ws/install/ydlidar_sdk/include/ydlidar_config.h
[1.369s] -- Up-to-date: /home/carpe-bleue/ros2_ws/install/ydlidar_sdk/lib/libydlidar_sdk.a
[1.371s] -- Up-to-date: /home/carpe-bleue/ros2_ws/install/ydlidar_sdk/lib/pkgconfig/YDLIDAR_SDK.pc
[1.372s] -- Up-to-date: /home/carpe-bleue/ros2_ws/install/ydlidar_sdk/lib/cmake/ydlidar_sdk/ydlidar_sdkConfig.cmake
[1.374s] -- Up-to-date: /home/carpe-bleue/ros2_ws/install/ydlidar_sdk/lib/cmake/ydlidar_sdk/ydlidar_sdkTargets.cmake
[1.376s] -- Up-to-date: /home/carpe-bleue/ros2_ws/install/ydlidar_sdk/lib/cmake/ydlidar_sdk/ydlidar_sdkConfigVersion.cmake
[1.377s] -- Up-to-date: /home/carpe-bleue/ros2_ws/install/ydlidar_sdk/share/YDLIDAR_SDK/FindYDLIDAR_SDK.cmake
[1.378s] -- Up-to-date: /home/carpe-bleue/ros2_ws/install/ydlidar_sdk/share/YDLIDAR_SDK
[1.379s] -- Up-to-date: /home/carpe-bleue/ros2_ws/install/ydlidar_sdk/share/YDLIDAR_SDK/PkgConfig.pc.in
[1.379s] -- Up-to-date: /home/carpe-bleue/ros2_ws/install/ydlidar_sdk/share/YDLIDAR_SDK/PackageConfigVersion.cmake.in
[1.380s] -- Up-to-date: /home/carpe-bleue/ros2_ws/install/ydlidar_sdk/share/YDLIDAR_SDK/install_package.cmake
[1.380s] -- Up-to-date: /home/carpe-bleue/ros2_ws/install/ydlidar_sdk/share/YDLIDAR_SDK/script_show_final_summary.cmake
[1.381s] -- Up-to-date: /home/carpe-bleue/ros2_ws/install/ydlidar_sdk/share/YDLIDAR_SDK/PackageConfig.cmake.in
[1.381s] -- Up-to-date: /home/carpe-bleue/ros2_ws/install/ydlidar_sdk/share/YDLIDAR_SDK/FindPackage.cmake.in
[1.381s] -- Up-to-date: /home/carpe-bleue/ros2_ws/install/ydlidar_sdk/share/YDLIDAR_SDK/cmake_uninstall.cmake.in
[1.382s] -- Up-to-date: /home/carpe-bleue/ros2_ws/install/ydlidar_sdk/share/YDLIDAR_SDK/common
[1.382s] -- Up-to-date: /home/carpe-bleue/ros2_ws/install/ydlidar_sdk/share/YDLIDAR_SDK/common/ydlidar_parse.cmake
[1.382s] -- Up-to-date: /home/carpe-bleue/ros2_ws/install/ydlidar_sdk/share/YDLIDAR_SDK/common/ydlidar_base.cmake
[1.383s] -- Up-to-date: /home/carpe-bleue/ros2_ws/install/ydlidar_sdk/share/YDLIDAR_SDK/LICENSE.txt
[1.383s] -- Up-to-date: /home/carpe-bleue/ros2_ws/install/ydlidar_sdk/share/YDLIDAR_SDK/README.md
[1.384s] -- Up-to-date: /home/carpe-bleue/ros2_ws/install/ydlidar_sdk/share/YDLIDAR_SDK/doc
[1.384s] -- Up-to-date: /home/carpe-bleue/ros2_ws/install/ydlidar_sdk/share/YDLIDAR_SDK/doc/YDLidar-SDK-Communication-Protocol.md
[1.385s] -- Up-to-date: /home/carpe-bleue/ros2_ws/install/ydlidar_sdk/share/YDLIDAR_SDK/doc/Diagram.md
[1.385s] -- Up-to-date: /home/carpe-bleue/ros2_ws/install/ydlidar_sdk/share/YDLIDAR_SDK/doc/YDLidar_SDK_Communication_Protocol.pdf
[1.385s] -- Up-to-date: /home/carpe-bleue/ros2_ws/install/ydlidar_sdk/share/YDLIDAR_SDK/doc/Tutorials.md
[1.386s] -- Up-to-date: /home/carpe-bleue/ros2_ws/install/ydlidar_sdk/share/YDLIDAR_SDK/doc/YDLidar-SDK-Communication-Protocol.html
[1.386s] -- Up-to-date: /home/carpe-bleue/ros2_ws/install/ydlidar_sdk/share/YDLIDAR_SDK/doc/FAQs
[1.387s] -- Up-to-date: /home/carpe-bleue/ros2_ws/install/ydlidar_sdk/share/YDLIDAR_SDK/doc/FAQs/Software_FAQs_cn.md
[1.388s] -- Up-to-date: /home/carpe-bleue/ros2_ws/install/ydlidar_sdk/share/YDLIDAR_SDK/doc/FAQs/Hardware_FAQs.md
[1.388s] -- Up-to-date: /home/carpe-bleue/ros2_ws/install/ydlidar_sdk/share/YDLIDAR_SDK/doc/FAQs/General_FAQs.md
[1.389s] -- Up-to-date: /home/carpe-bleue/ros2_ws/install/ydlidar_sdk/share/YDLIDAR_SDK/doc/FAQs/README.md
[1.389s] -- Up-to-date: /home/carpe-bleue/ros2_ws/install/ydlidar_sdk/share/YDLIDAR_SDK/doc/FAQs/General_FAQs_cn.md
[1.390s] -- Up-to-date: /home/carpe-bleue/ros2_ws/install/ydlidar_sdk/share/YDLIDAR_SDK/doc/FAQs/Hardware_FAQs_cn.md
[1.390s] -- Up-to-date: /home/carpe-bleue/ros2_ws/install/ydlidar_sdk/share/YDLIDAR_SDK/doc/FAQs/Software_FAQs.md
[1.391s] -- Up-to-date: /home/carpe-bleue/ros2_ws/install/ydlidar_sdk/share/YDLIDAR_SDK/doc/howto
[1.391s] -- Up-to-date: /home/carpe-bleue/ros2_ws/install/ydlidar_sdk/share/YDLIDAR_SDK/doc/howto/how_to_build_and_debug_using_vscode.md
[1.392s] -- Up-to-date: /home/carpe-bleue/ros2_ws/install/ydlidar_sdk/share/YDLIDAR_SDK/doc/howto/how_to_create_a_csharp_project.md
[1.393s] -- Up-to-date: /home/carpe-bleue/ros2_ws/install/ydlidar_sdk/share/YDLIDAR_SDK/doc/howto/how_to_gerenrate_vs_project_by_cmake.md
[1.393s] -- Up-to-date: /home/carpe-bleue/ros2_ws/install/ydlidar_sdk/share/YDLIDAR_SDK/doc/howto/README.md
[1.394s] -- Up-to-date: /home/carpe-bleue/ros2_ws/install/ydlidar_sdk/share/YDLIDAR_SDK/doc/howto/how_to_build_and_install.md
[1.395s] -- Up-to-date: /home/carpe-bleue/ros2_ws/install/ydlidar_sdk/share/YDLIDAR_SDK/doc/howto/how_to_solve_slow_pull_from_cn.md
[1.395s] -- Up-to-date: /home/carpe-bleue/ros2_ws/install/ydlidar_sdk/share/YDLIDAR_SDK/doc/howto/how_to_create_a_udev_rules.md
[1.396s] -- Up-to-date: /home/carpe-bleue/ros2_ws/install/ydlidar_sdk/share/YDLIDAR_SDK/doc/howto/images
[1.397s] -- Up-to-date: /home/carpe-bleue/ros2_ws/install/ydlidar_sdk/share/YDLIDAR_SDK/doc/howto/images/ydlidar_lidar_monitor.png
[1.397s] -- Up-to-date: /home/carpe-bleue/ros2_ws/install/ydlidar_sdk/share/YDLIDAR_SDK/doc/howto/images/sequence.png
[1.398s] -- Up-to-date: /home/carpe-bleue/ros2_ws/install/ydlidar_sdk/share/YDLIDAR_SDK/doc/howto/images/csharp_exception.png
[1.398s] -- Up-to-date: /home/carpe-bleue/ros2_ws/install/ydlidar_sdk/share/YDLIDAR_SDK/doc/howto/images/cpack.png
[1.399s] -- Up-to-date: /home/carpe-bleue/ros2_ws/install/ydlidar_sdk/share/YDLIDAR_SDK/doc/howto/images/vscode
[1.399s] -- Up-to-date: /home/carpe-bleue/ros2_ws/install/ydlidar_sdk/share/YDLIDAR_SDK/doc/howto/images/vscode/run_tasks.jpg
[1.400s] -- Up-to-date: /home/carpe-bleue/ros2_ws/install/ydlidar_sdk/share/YDLIDAR_SDK/doc/howto/images/vscode/tasks.png
[1.400s] -- Up-to-date: /home/carpe-bleue/ros2_ws/install/ydlidar_sdk/share/YDLIDAR_SDK/doc/howto/images/csharp_project.png
[1.401s] -- Up-to-date: /home/carpe-bleue/ros2_ws/install/ydlidar_sdk/share/YDLIDAR_SDK/doc/howto/images/ttyUSB0.png
[1.401s] -- Up-to-date: /home/carpe-bleue/ros2_ws/install/ydlidar_sdk/share/YDLIDAR_SDK/doc/howto/images/ttyUSB1.png
[1.402s] -- Up-to-date: /home/carpe-bleue/ros2_ws/install/ydlidar_sdk/share/YDLIDAR_SDK/doc/howto/images/csharp_running.png
[1.402s] -- Up-to-date: /home/carpe-bleue/ros2_ws/install/ydlidar_sdk/share/YDLIDAR_SDK/doc/howto/images/sdk_init.png
[1.403s] -- Up-to-date: /home/carpe-bleue/ros2_ws/install/ydlidar_sdk/share/YDLIDAR_SDK/doc/howto/images/csharp_library.png
[1.404s] -- Up-to-date: /home/carpe-bleue/ros2_ws/install/ydlidar_sdk/share/YDLIDAR_SDK/doc/howto/images/sdk_scanning.png
[1.405s] -- Up-to-date: /home/carpe-bleue/ros2_ws/install/ydlidar_sdk/share/YDLIDAR_SDK/doc/howto/images/csharp_build.png
[1.407s] -- Up-to-date: /home/carpe-bleue/ros2_ws/install/ydlidar_sdk/share/YDLIDAR_SDK/doc/howto/how_to_create_a_pull.md
[1.408s] -- Up-to-date: /home/carpe-bleue/ros2_ws/install/ydlidar_sdk/share/YDLIDAR_SDK/doc/YDLIDAR_SDK_API_for_Developers.md
[1.410s] -- Up-to-date: /home/carpe-bleue/ros2_ws/install/ydlidar_sdk/share/YDLIDAR_SDK/doc/tutorials
[1.411s] -- Up-to-date: /home/carpe-bleue/ros2_ws/install/ydlidar_sdk/share/YDLIDAR_SDK/doc/tutorials/writing_lidar_tutorial_c.md
[1.413s] -- Up-to-date: /home/carpe-bleue/ros2_ws/install/ydlidar_sdk/share/YDLIDAR_SDK/doc/tutorials/writing_lidar_tutorial_python.md
[1.417s] -- Up-to-date: /home/carpe-bleue/ros2_ws/install/ydlidar_sdk/share/YDLIDAR_SDK/doc/tutorials/writing_lidar_tutorial_c++.md
[1.421s] -- Up-to-date: /home/carpe-bleue/ros2_ws/install/ydlidar_sdk/share/YDLIDAR_SDK/doc/tutorials/examine_the_simple_lidar_tutorial.md
[1.423s] -- Up-to-date: /home/carpe-bleue/ros2_ws/install/ydlidar_sdk/share/YDLIDAR_SDK/doc/tutorials/writing_lidar_network_adapter_tutorial_c++.md
[1.424s] -- Up-to-date: /home/carpe-bleue/ros2_ws/install/ydlidar_sdk/share/YDLIDAR_SDK/doc/README.md
[1.425s] -- Up-to-date: /home/carpe-bleue/ros2_ws/install/ydlidar_sdk/share/YDLIDAR_SDK/doc/YDLidar-SDK-Communication-Protocol.pdf
[1.426s] -- Up-to-date: /home/carpe-bleue/ros2_ws/install/ydlidar_sdk/share/YDLIDAR_SDK/doc/quickstart
[1.427s] -- Up-to-date: /home/carpe-bleue/ros2_ws/install/ydlidar_sdk/share/YDLIDAR_SDK/doc/quickstart/ydlidar_sdk_software_installation_guide.md
[1.431s] -- Up-to-date: /home/carpe-bleue/ros2_ws/install/ydlidar_sdk/share/YDLIDAR_SDK/doc/quickstart/README.md
[1.432s] -- Up-to-date: /home/carpe-bleue/ros2_ws/install/ydlidar_sdk/share/YDLIDAR_SDK/doc/images
[1.433s] -- Up-to-date: /home/carpe-bleue/ros2_ws/install/ydlidar_sdk/share/YDLIDAR_SDK/doc/images/EAI.png
[1.433s] -- Up-to-date: /home/carpe-bleue/ros2_ws/install/ydlidar_sdk/share/YDLIDAR_SDK/doc/images/sequence.png
[1.434s] -- Up-to-date: /home/carpe-bleue/ros2_ws/install/ydlidar_sdk/share/YDLIDAR_SDK/doc/images/angle_q2.png
[1.436s] -- Up-to-date: /home/carpe-bleue/ros2_ws/install/ydlidar_sdk/share/YDLIDAR_SDK/doc/images/YDLidar.jpg
[1.437s] -- Up-to-date: /home/carpe-bleue/ros2_ws/install/ydlidar_sdk/share/YDLIDAR_SDK/doc/images/sdk_architecture.png
[1.438s] -- Up-to-date: /home/carpe-bleue/ros2_ws/install/ydlidar_sdk/share/YDLIDAR_SDK/doc/images/frame_intensity.png
[1.439s] -- Up-to-date: /home/carpe-bleue/ros2_ws/install/ydlidar_sdk/share/YDLIDAR_SDK/doc/images/FlowChart.png
[1.439s] -- Up-to-date: /home/carpe-bleue/ros2_ws/install/ydlidar_sdk/share/YDLIDAR_SDK/doc/images/communication_mechanism.png
[1.441s] -- Up-to-date: /home/carpe-bleue/ros2_ws/install/ydlidar_sdk/share/YDLIDAR_SDK/doc/images/system_workflow.png
[1.441s] -- Up-to-date: /home/carpe-bleue/ros2_ws/install/ydlidar_sdk/share/YDLIDAR_SDK/doc/images/frame.png
[1.443s] -- Up-to-date: /home/carpe-bleue/ros2_ws/install/ydlidar_sdk/share/YDLIDAR_SDK/doc/images/sdk_init.png
[1.444s] -- Up-to-date: /home/carpe-bleue/ros2_ws/install/ydlidar_sdk/share/YDLIDAR_SDK/doc/images/sdk_scanning.png
[1.446s] -- Up-to-date: /home/carpe-bleue/ros2_ws/install/ydlidar_sdk/share/YDLIDAR_SDK/doc/images/YDLidar.png
[1.447s] -- Up-to-date: /home/carpe-bleue/ros2_ws/install/ydlidar_sdk/share/YDLIDAR_SDK/doc/SDK.pdf
[1.447s] -- Up-to-date: /home/carpe-bleue/ros2_ws/install/ydlidar_sdk/share/YDLIDAR_SDK/doc/Dataset.md
[1.448s] -- Up-to-date: /home/carpe-bleue/ros2_ws/install/ydlidar_sdk/startup/initenv.sh
[1.448s] -- Up-to-date: /home/carpe-bleue/ros2_ws/install/ydlidar_sdk/bin/et_test
[1.449s] -- Up-to-date: /home/carpe-bleue/ros2_ws/install/ydlidar_sdk/bin/gs_ota
[1.449s] -- Up-to-date: /home/carpe-bleue/ros2_ws/install/ydlidar_sdk/bin/gs_test
[1.451s] -- Up-to-date: /home/carpe-bleue/ros2_ws/install/ydlidar_sdk/bin/gs_test2
[1.452s] -- Up-to-date: /home/carpe-bleue/ros2_ws/install/ydlidar_sdk/bin/scl_test
[1.453s] -- Up-to-date: /home/carpe-bleue/ros2_ws/install/ydlidar_sdk/bin/sdm18_test
[1.453s] -- Up-to-date: /home/carpe-bleue/ros2_ws/install/ydlidar_sdk/bin/sdm_test
[1.454s] -- Up-to-date: /home/carpe-bleue/ros2_ws/install/ydlidar_sdk/bin/tea_test
[1.456s] -- Up-to-date: /home/carpe-bleue/ros2_ws/install/ydlidar_sdk/bin/tia_test
[1.456s] -- Up-to-date: /home/carpe-bleue/ros2_ws/install/ydlidar_sdk/bin/tmini_test
[1.457s] -- Up-to-date: /home/carpe-bleue/ros2_ws/install/ydlidar_sdk/bin/tof_test
[1.457s] -- Up-to-date: /home/carpe-bleue/ros2_ws/install/ydlidar_sdk/bin/tri_and_gs_test
[1.459s] -- Up-to-date: /home/carpe-bleue/ros2_ws/install/ydlidar_sdk/bin/tri_restart
[1.460s] -- Up-to-date: /home/carpe-bleue/ros2_ws/install/ydlidar_sdk/bin/tri_test
[1.461s] -- Up-to-date: /home/carpe-bleue/ros2_ws/install/ydlidar_sdk/bin/lidar_c_api_test
[1.461s] Invoked command in '/home/carpe-bleue/ros2_ws/build/ydlidar_sdk' returned '0': /usr/bin/cmake --install /home/carpe-bleue/ros2_ws/build/ydlidar_sdk
