[0.061s] Invoking command in '/home/carpe-bleue/ros2_ws/build/serial_package': CMAKE_PREFIX_PATH=/opt/ros/humble /usr/bin/cmake --build /home/carpe-bleue/ros2_ws/build/serial_package -- -j4 -l4
[0.154s] -- Found ament_cmake: 1.3.10 (/opt/ros/humble/share/ament_cmake/cmake)
[0.738s] -- Found rclpy: 3.3.14 (/opt/ros/humble/share/rclpy/cmake)
[0.739s] -- Found sensor_msgs: 4.2.4 (/opt/ros/humble/share/sensor_msgs/cmake)
[0.871s] -- Found rosidl_generator_c: 3.1.5 (/opt/ros/humble/share/rosidl_generator_c/cmake)
[0.881s] -- Found rosidl_adapter: 3.1.5 (/opt/ros/humble/share/rosidl_adapter/cmake)
[0.904s] -- Found rosidl_generator_cpp: 3.1.5 (/opt/ros/humble/share/rosidl_generator_cpp/cmake)
[0.940s] -- Using all available rosidl_typesupport_c: rosidl_typesupport_fastrtps_c;rosidl_typesupport_introspection_c
[0.988s] -- Using all available rosidl_typesupport_cpp: rosidl_typesupport_fastrtps_cpp;rosidl_typesupport_introspection_cpp
[1.190s] -- Found ament_lint_auto: 0.12.11 (/opt/ros/humble/share/ament_lint_auto/cmake)
[1.483s] -- Added test 'flake8' to check Python code syntax and style conventions
[1.485s] -- Added test 'lint_cmake' to check CMake code style
[1.487s] -- Added test 'pep257' to check Python code against some of the docstring style conventions in PEP 257
[1.493s] -- Added test 'xmllint' to check XML markup files
[1.497s] -- Configuring done
[1.524s] -- Generating done
[1.530s] -- Build files have been written to: /home/carpe-bleue/ros2_ws/build/serial_package
[1.612s] Invoked command in '/home/carpe-bleue/ros2_ws/build/serial_package' returned '0': CMAKE_PREFIX_PATH=/opt/ros/humble /usr/bin/cmake --build /home/carpe-bleue/ros2_ws/build/serial_package -- -j4 -l4
[1.728s] Invoking command in '/home/carpe-bleue/ros2_ws/build/serial_package': CMAKE_PREFIX_PATH=/opt/ros/humble /usr/bin/cmake --install /home/carpe-bleue/ros2_ws/build/serial_package
[1.754s] -- Install configuration: ""
[1.754s] -- Installing: /home/carpe-bleue/ros2_ws/install/serial_package/lib/serial_package/serial_node.py
[1.756s] -- Installing: /home/carpe-bleue/ros2_ws/install/serial_package/share/ament_index/resource_index/package_run_dependencies/serial_package
[1.757s] -- Installing: /home/carpe-bleue/ros2_ws/install/serial_package/share/ament_index/resource_index/parent_prefix_path/serial_package
[1.759s] -- Installing: /home/carpe-bleue/ros2_ws/install/serial_package/share/serial_package/environment/ament_prefix_path.sh
[1.760s] -- Installing: /home/carpe-bleue/ros2_ws/install/serial_package/share/serial_package/environment/ament_prefix_path.dsv
[1.762s] -- Installing: /home/carpe-bleue/ros2_ws/install/serial_package/share/serial_package/environment/path.sh
[1.763s] -- Installing: /home/carpe-bleue/ros2_ws/install/serial_package/share/serial_package/environment/path.dsv
[1.764s] -- Installing: /home/carpe-bleue/ros2_ws/install/serial_package/share/serial_package/local_setup.bash
[1.765s] -- Installing: /home/carpe-bleue/ros2_ws/install/serial_package/share/serial_package/local_setup.sh
[1.766s] -- Installing: /home/carpe-bleue/ros2_ws/install/serial_package/share/serial_package/local_setup.zsh
[1.767s] -- Installing: /home/carpe-bleue/ros2_ws/install/serial_package/share/serial_package/local_setup.dsv
[1.768s] -- Installing: /home/carpe-bleue/ros2_ws/install/serial_package/share/serial_package/package.dsv
[1.770s] -- Installing: /home/carpe-bleue/ros2_ws/install/serial_package/share/ament_index/resource_index/packages/serial_package
[1.771s] -- Installing: /home/carpe-bleue/ros2_ws/install/serial_package/share/serial_package/cmake/serial_packageConfig.cmake
[1.772s] -- Installing: /home/carpe-bleue/ros2_ws/install/serial_package/share/serial_package/cmake/serial_packageConfig-version.cmake
[1.773s] -- Installing: /home/carpe-bleue/ros2_ws/install/serial_package/share/serial_package/package.xml
[1.780s] Invoked command in '/home/carpe-bleue/ros2_ws/build/serial_package' returned '0': CMAKE_PREFIX_PATH=/opt/ros/humble /usr/bin/cmake --install /home/carpe-bleue/ros2_ws/build/serial_package
