[1.174s] Invoking command in '/home/carpe-bleue/ros2_ws/build/serial_package': CMAKE_PREFIX_PATH=${CMAKE_PREFIX_PATH}:/home/carpe-bleue/ros2_ws/install/lidar_vl53l1x_processing:/opt/ros/humble /usr/bin/cmake --build /home/carpe-bleue/ros2_ws/build/serial_package -- -j4 -l4
[1.662s] Invoked command in '/home/carpe-bleue/ros2_ws/build/serial_package' returned '0': CMAKE_PREFIX_PATH=${CMAKE_PREFIX_PATH}:/home/carpe-bleue/ros2_ws/install/lidar_vl53l1x_processing:/opt/ros/humble /usr/bin/cmake --build /home/carpe-bleue/ros2_ws/build/serial_package -- -j4 -l4
[1.799s] Invoking command in '/home/carpe-bleue/ros2_ws/build/serial_package': CMAKE_PREFIX_PATH=${CMAKE_PREFIX_PATH}:/home/carpe-bleue/ros2_ws/install/lidar_vl53l1x_processing:/opt/ros/humble /usr/bin/cmake --install /home/carpe-bleue/ros2_ws/build/serial_package
[1.827s] -- Install configuration: ""
[1.829s] -- Up-to-date: /home/carpe-bleue/ros2_ws/install/serial_package/lib/serial_package/serial_node.py
[1.830s] -- Up-to-date: /home/carpe-bleue/ros2_ws/install/serial_package/lib/serial_package/serial_node_2.py
[1.830s] -- Installing: /home/carpe-bleue/ros2_ws/install/serial_package/lib/serial_package/serial_node_3.py
[1.831s] -- Up-to-date: /home/carpe-bleue/ros2_ws/install/serial_package/lib/serial_package/serial_node_4.py
[1.831s] -- Up-to-date: /home/carpe-bleue/ros2_ws/install/serial_package/share/ament_index/resource_index/package_run_dependencies/serial_package
[1.833s] -- Up-to-date: /home/carpe-bleue/ros2_ws/install/serial_package/share/ament_index/resource_index/parent_prefix_path/serial_package
[1.834s] -- Up-to-date: /home/carpe-bleue/ros2_ws/install/serial_package/share/serial_package/environment/ament_prefix_path.sh
[1.834s] -- Up-to-date: /home/carpe-bleue/ros2_ws/install/serial_package/share/serial_package/environment/ament_prefix_path.dsv
[1.835s] -- Up-to-date: /home/carpe-bleue/ros2_ws/install/serial_package/share/serial_package/environment/path.sh
[1.835s] -- Up-to-date: /home/carpe-bleue/ros2_ws/install/serial_package/share/serial_package/environment/path.dsv
[1.836s] -- Up-to-date: /home/carpe-bleue/ros2_ws/install/serial_package/share/serial_package/local_setup.bash
[1.837s] -- Up-to-date: /home/carpe-bleue/ros2_ws/install/serial_package/share/serial_package/local_setup.sh
[1.837s] -- Up-to-date: /home/carpe-bleue/ros2_ws/install/serial_package/share/serial_package/local_setup.zsh
[1.837s] -- Up-to-date: /home/carpe-bleue/ros2_ws/install/serial_package/share/serial_package/local_setup.dsv
[1.838s] -- Installing: /home/carpe-bleue/ros2_ws/install/serial_package/share/serial_package/package.dsv
[1.839s] -- Up-to-date: /home/carpe-bleue/ros2_ws/install/serial_package/share/ament_index/resource_index/packages/serial_package
[1.841s] -- Up-to-date: /home/carpe-bleue/ros2_ws/install/serial_package/share/serial_package/cmake/serial_packageConfig.cmake
[1.841s] -- Up-to-date: /home/carpe-bleue/ros2_ws/install/serial_package/share/serial_package/cmake/serial_packageConfig-version.cmake
[1.842s] -- Up-to-date: /home/carpe-bleue/ros2_ws/install/serial_package/share/serial_package/package.xml
[1.854s] Invoked command in '/home/carpe-bleue/ros2_ws/build/serial_package' returned '0': CMAKE_PREFIX_PATH=${CMAKE_PREFIX_PATH}:/home/carpe-bleue/ros2_ws/install/lidar_vl53l1x_processing:/opt/ros/humble /usr/bin/cmake --install /home/carpe-bleue/ros2_ws/build/serial_package
