[0.063s] Invoking command in '/home/carpe-bleue/ros2_ws/build/serial_package': CMAKE_PREFIX_PATH=${CMAKE_PREFIX_PATH}:/opt/ros/humble /usr/bin/cmake --build /home/carpe-bleue/ros2_ws/build/serial_package -- -j4 -l4
[0.186s] -- Found ament_cmake: 1.3.10 (/opt/ros/humble/share/ament_cmake/cmake)
[0.846s] -- Found rclpy: 3.3.14 (/opt/ros/humble/share/rclpy/cmake)
[0.848s] -- Found sensor_msgs: 4.2.4 (/opt/ros/humble/share/sensor_msgs/cmake)
[1.023s] -- Found rosidl_generator_c: 3.1.5 (/opt/ros/humble/share/rosidl_generator_c/cmake)
[1.038s] -- Found rosidl_adapter: 3.1.5 (/opt/ros/humble/share/rosidl_adapter/cmake)
[1.072s] -- Found rosidl_generator_cpp: 3.1.5 (/opt/ros/humble/share/rosidl_generator_cpp/cmake)
[1.127s] -- Using all available rosidl_typesupport_c: rosidl_typesupport_fastrtps_c;rosidl_typesupport_introspection_c
[1.192s] -- Using all available rosidl_typesupport_cpp: rosidl_typesupport_fastrtps_cpp;rosidl_typesupport_introspection_cpp
[1.457s] -- Found ament_lint_auto: 0.12.11 (/opt/ros/humble/share/ament_lint_auto/cmake)
[1.787s] -- Added test 'flake8' to check Python code syntax and style conventions
[1.790s] -- Added test 'lint_cmake' to check CMake code style
[1.793s] -- Added test 'pep257' to check Python code against some of the docstring style conventions in PEP 257
[1.801s] -- Added test 'xmllint' to check XML markup files
[1.808s] -- Configuring done
[1.853s] -- Generating done
[1.861s] -- Build files have been written to: /home/carpe-bleue/ros2_ws/build/serial_package
[1.946s] Invoked command in '/home/carpe-bleue/ros2_ws/build/serial_package' returned '0': CMAKE_PREFIX_PATH=${CMAKE_PREFIX_PATH}:/opt/ros/humble /usr/bin/cmake --build /home/carpe-bleue/ros2_ws/build/serial_package -- -j4 -l4
[2.068s] Invoking command in '/home/carpe-bleue/ros2_ws/build/serial_package': CMAKE_PREFIX_PATH=${CMAKE_PREFIX_PATH}:/opt/ros/humble /usr/bin/cmake --install /home/carpe-bleue/ros2_ws/build/serial_package
[2.096s] -- Install configuration: ""
[2.096s] -- Up-to-date: /home/carpe-bleue/ros2_ws/install/serial_package/lib/serial_package/serial_node.py
[2.096s] -- Installing: /home/carpe-bleue/ros2_ws/install/serial_package/lib/serial_package/serial_node_2.py
[2.097s] -- Up-to-date: /home/carpe-bleue/ros2_ws/install/serial_package/share/ament_index/resource_index/package_run_dependencies/serial_package
[2.098s] -- Installing: /home/carpe-bleue/ros2_ws/install/serial_package/share/ament_index/resource_index/parent_prefix_path/serial_package
[2.100s] -- Up-to-date: /home/carpe-bleue/ros2_ws/install/serial_package/share/serial_package/environment/ament_prefix_path.sh
[2.100s] -- Installing: /home/carpe-bleue/ros2_ws/install/serial_package/share/serial_package/environment/ament_prefix_path.dsv
[2.101s] -- Up-to-date: /home/carpe-bleue/ros2_ws/install/serial_package/share/serial_package/environment/path.sh
[2.102s] -- Installing: /home/carpe-bleue/ros2_ws/install/serial_package/share/serial_package/environment/path.dsv
[2.103s] -- Up-to-date: /home/carpe-bleue/ros2_ws/install/serial_package/share/serial_package/local_setup.bash
[2.103s] -- Up-to-date: /home/carpe-bleue/ros2_ws/install/serial_package/share/serial_package/local_setup.sh
[2.104s] -- Up-to-date: /home/carpe-bleue/ros2_ws/install/serial_package/share/serial_package/local_setup.zsh
[2.105s] -- Installing: /home/carpe-bleue/ros2_ws/install/serial_package/share/serial_package/local_setup.dsv
[2.105s] -- Installing: /home/carpe-bleue/ros2_ws/install/serial_package/share/serial_package/package.dsv
[2.107s] -- Up-to-date: /home/carpe-bleue/ros2_ws/install/serial_package/share/ament_index/resource_index/packages/serial_package
[2.107s] -- Up-to-date: /home/carpe-bleue/ros2_ws/install/serial_package/share/serial_package/cmake/serial_packageConfig.cmake
[2.108s] -- Up-to-date: /home/carpe-bleue/ros2_ws/install/serial_package/share/serial_package/cmake/serial_packageConfig-version.cmake
[2.108s] -- Up-to-date: /home/carpe-bleue/ros2_ws/install/serial_package/share/serial_package/package.xml
[2.114s] Invoked command in '/home/carpe-bleue/ros2_ws/build/serial_package' returned '0': CMAKE_PREFIX_PATH=${CMAKE_PREFIX_PATH}:/opt/ros/humble /usr/bin/cmake --install /home/carpe-bleue/ros2_ws/build/serial_package
