[3.013s] Invoking command in '/home/carpe-bleue/ros2_ws/src/lidar_vl53l1x_processing': PYTHONPATH=/home/carpe-bleue/ros2_ws/build/lidar_vl53l1x_processing/prefix_override:/usr/lib/python3/dist-packages/colcon_core/task/python/colcon_distutils_commands:/home/carpe-bleue/ros2_ws/install/lidar_vl53l1x_processing/lib/python3.10/site-packages:${PYTHONPATH} /usr/bin/python3 -W ignore:setup.py install is deprecated setup.py egg_info --egg-base ../../build/lidar_vl53l1x_processing build --build-base /home/carpe-bleue/ros2_ws/build/lidar_vl53l1x_processing/build install --record /home/carpe-bleue/ros2_ws/build/lidar_vl53l1x_processing/install.log --single-version-externally-managed install_data
[4.055s] running egg_info
[4.057s] creating ../../build/lidar_vl53l1x_processing/lidar_vl53l1x_processing.egg-info
[4.058s] writing ../../build/lidar_vl53l1x_processing/lidar_vl53l1x_processing.egg-info/PKG-INFO
[4.059s] writing dependency_links to ../../build/lidar_vl53l1x_processing/lidar_vl53l1x_processing.egg-info/dependency_links.txt
[4.060s] writing entry points to ../../build/lidar_vl53l1x_processing/lidar_vl53l1x_processing.egg-info/entry_points.txt
[4.060s] writing requirements to ../../build/lidar_vl53l1x_processing/lidar_vl53l1x_processing.egg-info/requires.txt
[4.061s] writing top-level names to ../../build/lidar_vl53l1x_processing/lidar_vl53l1x_processing.egg-info/top_level.txt
[4.061s] writing manifest file '../../build/lidar_vl53l1x_processing/lidar_vl53l1x_processing.egg-info/SOURCES.txt'
[4.069s] reading manifest file '../../build/lidar_vl53l1x_processing/lidar_vl53l1x_processing.egg-info/SOURCES.txt'
[4.070s] adding license file 'LICENSE'
[4.072s] writing manifest file '../../build/lidar_vl53l1x_processing/lidar_vl53l1x_processing.egg-info/SOURCES.txt'
[4.073s] running build
[4.073s] running build_py
[4.074s] creating /home/carpe-bleue/ros2_ws/build/lidar_vl53l1x_processing/build
[4.074s] creating /home/carpe-bleue/ros2_ws/build/lidar_vl53l1x_processing/build/lib
[4.074s] creating /home/carpe-bleue/ros2_ws/build/lidar_vl53l1x_processing/build/lib/lidar_vl53l1x_processing
[4.075s] copying lidar_vl53l1x_processing/__init__.py -> /home/carpe-bleue/ros2_ws/build/lidar_vl53l1x_processing/build/lib/lidar_vl53l1x_processing
[4.075s] copying lidar_vl53l1x_processing/data_processing.py -> /home/carpe-bleue/ros2_ws/build/lidar_vl53l1x_processing/build/lib/lidar_vl53l1x_processing
[4.076s] running install
[4.077s] running install_lib
[4.080s] creating /home/carpe-bleue/ros2_ws/install/lidar_vl53l1x_processing/lib/python3.10/site-packages/lidar_vl53l1x_processing
[4.081s] copying /home/carpe-bleue/ros2_ws/build/lidar_vl53l1x_processing/build/lib/lidar_vl53l1x_processing/__init__.py -> /home/carpe-bleue/ros2_ws/install/lidar_vl53l1x_processing/lib/python3.10/site-packages/lidar_vl53l1x_processing
[4.082s] copying /home/carpe-bleue/ros2_ws/build/lidar_vl53l1x_processing/build/lib/lidar_vl53l1x_processing/data_processing.py -> /home/carpe-bleue/ros2_ws/install/lidar_vl53l1x_processing/lib/python3.10/site-packages/lidar_vl53l1x_processing
[4.084s] byte-compiling /home/carpe-bleue/ros2_ws/install/lidar_vl53l1x_processing/lib/python3.10/site-packages/lidar_vl53l1x_processing/__init__.py to __init__.cpython-310.pyc
[4.085s] byte-compiling /home/carpe-bleue/ros2_ws/install/lidar_vl53l1x_processing/lib/python3.10/site-packages/lidar_vl53l1x_processing/data_processing.py to data_processing.cpython-310.pyc
[4.089s] running install_data
[4.090s] creating /home/carpe-bleue/ros2_ws/install/lidar_vl53l1x_processing/share/ament_index
[4.090s] creating /home/carpe-bleue/ros2_ws/install/lidar_vl53l1x_processing/share/ament_index/resource_index
[4.091s] creating /home/carpe-bleue/ros2_ws/install/lidar_vl53l1x_processing/share/ament_index/resource_index/packages
[4.091s] copying resource/lidar_vl53l1x_processing -> /home/carpe-bleue/ros2_ws/install/lidar_vl53l1x_processing/share/ament_index/resource_index/packages
[4.091s] copying package.xml -> /home/carpe-bleue/ros2_ws/install/lidar_vl53l1x_processing/share/lidar_vl53l1x_processing
[4.092s] running install_egg_info
[4.099s] Copying ../../build/lidar_vl53l1x_processing/lidar_vl53l1x_processing.egg-info to /home/carpe-bleue/ros2_ws/install/lidar_vl53l1x_processing/lib/python3.10/site-packages/lidar_vl53l1x_processing-0.0.0-py3.10.egg-info
[4.104s] running install_scripts
[4.181s] Installing lidar_ensea script to /home/carpe-bleue/ros2_ws/install/lidar_vl53l1x_processing/lib/lidar_vl53l1x_processing
[4.183s] writing list of installed files to '/home/carpe-bleue/ros2_ws/build/lidar_vl53l1x_processing/install.log'
[4.297s] Invoked command in '/home/carpe-bleue/ros2_ws/src/lidar_vl53l1x_processing' returned '0': PYTHONPATH=/home/carpe-bleue/ros2_ws/build/lidar_vl53l1x_processing/prefix_override:/usr/lib/python3/dist-packages/colcon_core/task/python/colcon_distutils_commands:/home/carpe-bleue/ros2_ws/install/lidar_vl53l1x_processing/lib/python3.10/site-packages:${PYTHONPATH} /usr/bin/python3 -W ignore:setup.py install is deprecated setup.py egg_info --egg-base ../../build/lidar_vl53l1x_processing build --build-base /home/carpe-bleue/ros2_ws/build/lidar_vl53l1x_processing/build install --record /home/carpe-bleue/ros2_ws/build/lidar_vl53l1x_processing/install.log --single-version-externally-managed install_data
