[0.083s] Invoking command in '/home/carpe-bleue/ydlidar_ros2_ws/build/rviz_ogre_vendor': CMAKE_PREFIX_PATH=${CMAKE_PREFIX_PATH}:/home/carpe-bleue/ros2_ws/install/lidar_vl53l1x_processing:/opt/ros/humble /usr/bin/cmake /home/carpe-bleue/ydlidar_ros2_ws/src/rviz/rviz_ogre_vendor -DCMAKE_INSTALL_PREFIX=/home/carpe-bleue/ydlidar_ros2_ws/install/rviz_ogre_vendor
[0.132s] -- Found ament_cmake: 1.3.11 (/opt/ros/humble/share/ament_cmake/cmake)
[1.062s] [31mCMake Error at CMakeLists.txt:5 (find_package):
[1.063s]   By not providing "Findament_cmake_vendor_package.cmake" in
[1.064s]   CMAKE_MODULE_PATH this project has asked CMake to find a package
[1.065s]   configuration file provided by "ament_cmake_vendor_package", but CMake did
[1.066s]   not find one.
[1.067s] 
[1.067s]   Could not find a package configuration file provided by
[1.068s]   "ament_cmake_vendor_package" with any of the following names:
[1.069s] 
[1.069s]     ament_cmake_vendor_packageConfig.cmake
[1.070s]     ament_cmake_vendor_package-config.cmake
[1.071s] 
[1.074s]   Add the installation prefix of "ament_cmake_vendor_package" to
[1.076s]   CMAKE_PREFIX_PATH or set "ament_cmake_vendor_package_DIR" to a directory
[1.077s]   containing one of the above files.  If "ament_cmake_vendor_package"
[1.078s]   provides a separate development package or SDK, be sure it has been
[1.078s]   installed.
[1.078s] 
[1.080s] [0m
[1.080s] -- Configuring incomplete, errors occurred!
[1.083s] See also "/home/carpe-bleue/ydlidar_ros2_ws/build/rviz_ogre_vendor/CMakeFiles/CMakeOutput.log".
[1.105s] Invoked command in '/home/carpe-bleue/ydlidar_ros2_ws/build/rviz_ogre_vendor' returned '1': CMAKE_PREFIX_PATH=${CMAKE_PREFIX_PATH}:/home/carpe-bleue/ros2_ws/install/lidar_vl53l1x_processing:/opt/ros/humble /usr/bin/cmake /home/carpe-bleue/ydlidar_ros2_ws/src/rviz/rviz_ogre_vendor -DCMAKE_INSTALL_PREFIX=/home/carpe-bleue/ydlidar_ros2_ws/install/rviz_ogre_vendor
