[0.425s] DEBUG:colcon:Command line arguments: ['/usr/bin/colcon', 'build']
[0.425s] DEBUG:colcon:Parsed command line arguments: Namespace(log_base=None, log_level=None, verb_name='build', build_base='build', install_base='install', merge_install=False, symlink_install=False, test_result_base=None, continue_on_error=False, executor='parallel', parallel_workers=4, event_handlers=None, ignore_user_meta=False, metas=['./colcon.meta'], base_paths=['.'], packages_ignore=None, packages_ignore_regex=None, paths=None, packages_up_to=None, packages_up_to_regex=None, packages_above=None, packages_above_and_dependencies=None, packages_above_depth=None, packages_select_by_dep=None, packages_skip_by_dep=None, packages_skip_up_to=None, packages_select_build_failed=False, packages_skip_build_finished=False, packages_select_test_failures=False, packages_skip_test_passed=False, packages_select=None, packages_skip=None, packages_select_regex=None, packages_skip_regex=None, packages_start=None, packages_end=None, allow_overriding=[], cmake_args=None, cmake_target=None, cmake_target_skip_unavailable=False, cmake_clean_cache=False, cmake_clean_first=False, cmake_force_configure=False, ament_cmake_args=None, catkin_cmake_args=None, catkin_skip_building_tests=False, verb_parser=<colcon_defaults.argument_parser.defaults.DefaultArgumentsDecorator object at 0xffffae9701f0>, verb_extension=<colcon_core.verb.build.BuildVerb object at 0xffffaeaa4e20>, main=<bound method BuildVerb.main of <colcon_core.verb.build.BuildVerb object at 0xffffaeaa4e20>>)
[1.168s] Level 1:colcon.colcon_core.package_discovery:discover_packages(colcon_meta) check parameters
[1.168s] Level 1:colcon.colcon_core.package_discovery:discover_packages(recursive) check parameters
[1.168s] Level 1:colcon.colcon_core.package_discovery:discover_packages(ignore) check parameters
[1.168s] Level 1:colcon.colcon_core.package_discovery:discover_packages(path) check parameters
[1.168s] Level 1:colcon.colcon_core.package_discovery:discover_packages(colcon_meta) discover
[1.169s] Level 1:colcon.colcon_core.package_discovery:discover_packages(recursive) discover
[1.169s] INFO:colcon.colcon_core.package_discovery:Crawling recursively for packages in '/home/carpe-bleue/ros2_ws'
[1.169s] Level 1:colcon.colcon_core.package_identification:_identify(.) by extensions ['ignore', 'ignore_ament_install']
[1.170s] Level 1:colcon.colcon_core.package_identification:_identify(.) by extension 'ignore'
[1.170s] Level 1:colcon.colcon_core.package_identification:_identify(.) by extension 'ignore_ament_install'
[1.170s] Level 1:colcon.colcon_core.package_identification:_identify(.) by extensions ['colcon_pkg']
[1.170s] Level 1:colcon.colcon_core.package_identification:_identify(.) by extension 'colcon_pkg'
[1.170s] Level 1:colcon.colcon_core.package_identification:_identify(.) by extensions ['colcon_meta']
[1.170s] Level 1:colcon.colcon_core.package_identification:_identify(.) by extension 'colcon_meta'
[1.171s] Level 1:colcon.colcon_core.package_identification:_identify(.) by extensions ['ros']
[1.171s] Level 1:colcon.colcon_core.package_identification:_identify(.) by extension 'ros'
[1.218s] Level 1:colcon.colcon_core.package_identification:_identify(.) by extensions ['cmake', 'python']
[1.219s] Level 1:colcon.colcon_core.package_identification:_identify(.) by extension 'cmake'
[1.219s] Level 1:colcon.colcon_core.package_identification:_identify(.) by extension 'python'
[1.219s] Level 1:colcon.colcon_core.package_identification:_identify(.) by extensions ['python_setup_py']
[1.219s] Level 1:colcon.colcon_core.package_identification:_identify(.) by extension 'python_setup_py'
[1.220s] Level 1:colcon.colcon_core.package_identification:_identify(build) by extensions ['ignore', 'ignore_ament_install']
[1.220s] Level 1:colcon.colcon_core.package_identification:_identify(build) by extension 'ignore'
[1.220s] Level 1:colcon.colcon_core.package_identification:_identify(build) ignored
[1.221s] Level 1:colcon.colcon_core.package_identification:_identify(install) by extensions ['ignore', 'ignore_ament_install']
[1.221s] Level 1:colcon.colcon_core.package_identification:_identify(install) by extension 'ignore'
[1.221s] Level 1:colcon.colcon_core.package_identification:_identify(install) ignored
[1.222s] Level 1:colcon.colcon_core.package_identification:_identify(log) by extensions ['ignore', 'ignore_ament_install']
[1.222s] Level 1:colcon.colcon_core.package_identification:_identify(log) by extension 'ignore'
[1.222s] Level 1:colcon.colcon_core.package_identification:_identify(log) ignored
[1.223s] Level 1:colcon.colcon_core.package_identification:_identify(src) by extensions ['ignore', 'ignore_ament_install']
[1.223s] Level 1:colcon.colcon_core.package_identification:_identify(src) by extension 'ignore'
[1.223s] Level 1:colcon.colcon_core.package_identification:_identify(src) by extension 'ignore_ament_install'
[1.223s] Level 1:colcon.colcon_core.package_identification:_identify(src) by extensions ['colcon_pkg']
[1.223s] Level 1:colcon.colcon_core.package_identification:_identify(src) by extension 'colcon_pkg'
[1.224s] Level 1:colcon.colcon_core.package_identification:_identify(src) by extensions ['colcon_meta']
[1.224s] Level 1:colcon.colcon_core.package_identification:_identify(src) by extension 'colcon_meta'
[1.224s] Level 1:colcon.colcon_core.package_identification:_identify(src) by extensions ['ros']
[1.224s] Level 1:colcon.colcon_core.package_identification:_identify(src) by extension 'ros'
[1.224s] Level 1:colcon.colcon_core.package_identification:_identify(src) by extensions ['cmake', 'python']
[1.224s] Level 1:colcon.colcon_core.package_identification:_identify(src) by extension 'cmake'
[1.225s] Level 1:colcon.colcon_core.package_identification:_identify(src) by extension 'python'
[1.225s] Level 1:colcon.colcon_core.package_identification:_identify(src) by extensions ['python_setup_py']
[1.225s] Level 1:colcon.colcon_core.package_identification:_identify(src) by extension 'python_setup_py'
[1.225s] Level 1:colcon.colcon_core.package_identification:_identify(src/ros2_serial_example) by extensions ['ignore', 'ignore_ament_install']
[1.226s] Level 1:colcon.colcon_core.package_identification:_identify(src/ros2_serial_example) by extension 'ignore'
[1.226s] Level 1:colcon.colcon_core.package_identification:_identify(src/ros2_serial_example) by extension 'ignore_ament_install'
[1.226s] Level 1:colcon.colcon_core.package_identification:_identify(src/ros2_serial_example) by extensions ['colcon_pkg']
[1.226s] Level 1:colcon.colcon_core.package_identification:_identify(src/ros2_serial_example) by extension 'colcon_pkg'
[1.226s] Level 1:colcon.colcon_core.package_identification:_identify(src/ros2_serial_example) by extensions ['colcon_meta']
[1.226s] Level 1:colcon.colcon_core.package_identification:_identify(src/ros2_serial_example) by extension 'colcon_meta'
[1.227s] Level 1:colcon.colcon_core.package_identification:_identify(src/ros2_serial_example) by extensions ['ros']
[1.227s] Level 1:colcon.colcon_core.package_identification:_identify(src/ros2_serial_example) by extension 'ros'
[1.227s] Level 1:colcon.colcon_core.package_identification:_identify(src/ros2_serial_example) by extensions ['cmake', 'python']
[1.227s] Level 1:colcon.colcon_core.package_identification:_identify(src/ros2_serial_example) by extension 'cmake'
[1.227s] Level 1:colcon.colcon_core.package_identification:_identify(src/ros2_serial_example) by extension 'python'
[1.227s] Level 1:colcon.colcon_core.package_identification:_identify(src/ros2_serial_example) by extensions ['python_setup_py']
[1.228s] Level 1:colcon.colcon_core.package_identification:_identify(src/ros2_serial_example) by extension 'python_setup_py'
[1.228s] Level 1:colcon.colcon_core.package_identification:_identify(src/ros2_serial_example/microcontroller) by extensions ['ignore', 'ignore_ament_install']
[1.228s] Level 1:colcon.colcon_core.package_identification:_identify(src/ros2_serial_example/microcontroller) by extension 'ignore'
[1.229s] Level 1:colcon.colcon_core.package_identification:_identify(src/ros2_serial_example/microcontroller) ignored
[1.229s] Level 1:colcon.colcon_core.package_identification:_identify(src/ros2_serial_example/ros2_serial_example) by extensions ['ignore', 'ignore_ament_install']
[1.229s] Level 1:colcon.colcon_core.package_identification:_identify(src/ros2_serial_example/ros2_serial_example) by extension 'ignore'
[1.230s] Level 1:colcon.colcon_core.package_identification:_identify(src/ros2_serial_example/ros2_serial_example) by extension 'ignore_ament_install'
[1.230s] Level 1:colcon.colcon_core.package_identification:_identify(src/ros2_serial_example/ros2_serial_example) by extensions ['colcon_pkg']
[1.230s] Level 1:colcon.colcon_core.package_identification:_identify(src/ros2_serial_example/ros2_serial_example) by extension 'colcon_pkg'
[1.230s] Level 1:colcon.colcon_core.package_identification:_identify(src/ros2_serial_example/ros2_serial_example) by extensions ['colcon_meta']
[1.230s] Level 1:colcon.colcon_core.package_identification:_identify(src/ros2_serial_example/ros2_serial_example) by extension 'colcon_meta'
[1.230s] Level 1:colcon.colcon_core.package_identification:_identify(src/ros2_serial_example/ros2_serial_example) by extensions ['ros']
[1.231s] Level 1:colcon.colcon_core.package_identification:_identify(src/ros2_serial_example/ros2_serial_example) by extension 'ros'
[1.240s] DEBUG:colcon.colcon_core.package_identification:Package 'src/ros2_serial_example/ros2_serial_example' with type 'ros.ament_cmake' and name 'ros2_serial_example'
[1.241s] Level 1:colcon.colcon_core.package_identification:_identify(src/ros2_serial_example/ros2_serial_msgs) by extensions ['ignore', 'ignore_ament_install']
[1.241s] Level 1:colcon.colcon_core.package_identification:_identify(src/ros2_serial_example/ros2_serial_msgs) by extension 'ignore'
[1.241s] Level 1:colcon.colcon_core.package_identification:_identify(src/ros2_serial_example/ros2_serial_msgs) by extension 'ignore_ament_install'
[1.242s] Level 1:colcon.colcon_core.package_identification:_identify(src/ros2_serial_example/ros2_serial_msgs) by extensions ['colcon_pkg']
[1.242s] Level 1:colcon.colcon_core.package_identification:_identify(src/ros2_serial_example/ros2_serial_msgs) by extension 'colcon_pkg'
[1.242s] Level 1:colcon.colcon_core.package_identification:_identify(src/ros2_serial_example/ros2_serial_msgs) by extensions ['colcon_meta']
[1.242s] Level 1:colcon.colcon_core.package_identification:_identify(src/ros2_serial_example/ros2_serial_msgs) by extension 'colcon_meta'
[1.242s] Level 1:colcon.colcon_core.package_identification:_identify(src/ros2_serial_example/ros2_serial_msgs) by extensions ['ros']
[1.242s] Level 1:colcon.colcon_core.package_identification:_identify(src/ros2_serial_example/ros2_serial_msgs) by extension 'ros'
[1.245s] DEBUG:colcon.colcon_core.package_identification:Package 'src/ros2_serial_example/ros2_serial_msgs' with type 'ros.ament_cmake' and name 'ros2_serial_msgs'
[1.245s] Level 1:colcon.colcon_core.package_discovery:discover_packages(recursive) using defaults
[1.245s] Level 1:colcon.colcon_core.package_discovery:discover_packages(ignore) discover
[1.245s] Level 1:colcon.colcon_core.package_discovery:discover_packages(ignore) using defaults
[1.246s] Level 1:colcon.colcon_core.package_discovery:discover_packages(path) discover
[1.246s] Level 1:colcon.colcon_core.package_discovery:discover_packages(path) using defaults
[1.320s] Level 1:colcon.colcon_core.package_discovery:discover_packages(prefix_path) check parameters
[1.320s] Level 1:colcon.colcon_core.package_discovery:discover_packages(prefix_path) discover
[1.324s] WARNING:colcon.colcon_core.prefix_path.colcon:The path '/home/carpe-bleue/ros2/install' in the environment variable COLCON_PREFIX_PATH doesn't exist
[1.324s] WARNING:colcon.colcon_core.prefix_path.colcon:The path '/home/carpe-bleue/ros2_ws/src/uart_comm/install' in the environment variable COLCON_PREFIX_PATH doesn't exist
[1.328s] DEBUG:colcon.colcon_installed_package_information.package_discovery:Found 3 installed packages in /home/carpe-bleue/ros2_ws/install
[1.337s] DEBUG:colcon.colcon_installed_package_information.package_discovery:Found 270 installed packages in /opt/ros/humble
[1.343s] Level 1:colcon.colcon_core.package_discovery:discover_packages(prefix_path) using defaults
[1.546s] Level 5:colcon.colcon_core.verb:set package 'ros2_serial_msgs' build argument 'cmake_args' from command line to 'None'
[1.546s] Level 5:colcon.colcon_core.verb:set package 'ros2_serial_msgs' build argument 'cmake_target' from command line to 'None'
[1.546s] Level 5:colcon.colcon_core.verb:set package 'ros2_serial_msgs' build argument 'cmake_target_skip_unavailable' from command line to 'False'
[1.546s] Level 5:colcon.colcon_core.verb:set package 'ros2_serial_msgs' build argument 'cmake_clean_cache' from command line to 'False'
[1.547s] Level 5:colcon.colcon_core.verb:set package 'ros2_serial_msgs' build argument 'cmake_clean_first' from command line to 'False'
[1.547s] Level 5:colcon.colcon_core.verb:set package 'ros2_serial_msgs' build argument 'cmake_force_configure' from command line to 'False'
[1.547s] Level 5:colcon.colcon_core.verb:set package 'ros2_serial_msgs' build argument 'ament_cmake_args' from command line to 'None'
[1.547s] Level 5:colcon.colcon_core.verb:set package 'ros2_serial_msgs' build argument 'catkin_cmake_args' from command line to 'None'
[1.547s] Level 5:colcon.colcon_core.verb:set package 'ros2_serial_msgs' build argument 'catkin_skip_building_tests' from command line to 'False'
[1.547s] DEBUG:colcon.colcon_core.verb:Building package 'ros2_serial_msgs' with the following arguments: {'ament_cmake_args': None, 'build_base': '/home/carpe-bleue/ros2_ws/build/ros2_serial_msgs', 'catkin_cmake_args': None, 'catkin_skip_building_tests': False, 'cmake_args': None, 'cmake_clean_cache': False, 'cmake_clean_first': False, 'cmake_force_configure': False, 'cmake_target': None, 'cmake_target_skip_unavailable': False, 'install_base': '/home/carpe-bleue/ros2_ws/install/ros2_serial_msgs', 'merge_install': False, 'path': '/home/carpe-bleue/ros2_ws/src/ros2_serial_example/ros2_serial_msgs', 'symlink_install': False, 'test_result_base': None}
[1.549s] Level 5:colcon.colcon_core.verb:set package 'ros2_serial_example' build argument 'cmake_args' from command line to 'None'
[1.549s] Level 5:colcon.colcon_core.verb:set package 'ros2_serial_example' build argument 'cmake_target' from command line to 'None'
[1.549s] Level 5:colcon.colcon_core.verb:set package 'ros2_serial_example' build argument 'cmake_target_skip_unavailable' from command line to 'False'
[1.549s] Level 5:colcon.colcon_core.verb:set package 'ros2_serial_example' build argument 'cmake_clean_cache' from command line to 'False'
[1.549s] Level 5:colcon.colcon_core.verb:set package 'ros2_serial_example' build argument 'cmake_clean_first' from command line to 'False'
[1.549s] Level 5:colcon.colcon_core.verb:set package 'ros2_serial_example' build argument 'cmake_force_configure' from command line to 'False'
[1.549s] Level 5:colcon.colcon_core.verb:set package 'ros2_serial_example' build argument 'ament_cmake_args' from command line to 'None'
[1.549s] Level 5:colcon.colcon_core.verb:set package 'ros2_serial_example' build argument 'catkin_cmake_args' from command line to 'None'
[1.549s] Level 5:colcon.colcon_core.verb:set package 'ros2_serial_example' build argument 'catkin_skip_building_tests' from command line to 'False'
[1.550s] DEBUG:colcon.colcon_core.verb:Building package 'ros2_serial_example' with the following arguments: {'ament_cmake_args': None, 'build_base': '/home/carpe-bleue/ros2_ws/build/ros2_serial_example', 'catkin_cmake_args': None, 'catkin_skip_building_tests': False, 'cmake_args': None, 'cmake_clean_cache': False, 'cmake_clean_first': False, 'cmake_force_configure': False, 'cmake_target': None, 'cmake_target_skip_unavailable': False, 'install_base': '/home/carpe-bleue/ros2_ws/install/ros2_serial_example', 'merge_install': False, 'path': '/home/carpe-bleue/ros2_ws/src/ros2_serial_example/ros2_serial_example', 'symlink_install': False, 'test_result_base': None}
[1.550s] INFO:colcon.colcon_core.executor:Executing jobs using 'parallel' executor
[1.553s] DEBUG:colcon.colcon_parallel_executor.executor.parallel:run_until_complete
[1.554s] INFO:colcon.colcon_ros.task.ament_cmake.build:Building ROS package in '/home/carpe-bleue/ros2_ws/src/ros2_serial_example/ros2_serial_msgs' with build type 'ament_cmake'
[1.555s] INFO:colcon.colcon_cmake.task.cmake.build:Building CMake package in '/home/carpe-bleue/ros2_ws/src/ros2_serial_example/ros2_serial_msgs'
[1.563s] INFO:colcon.colcon_core.plugin_system:Skipping extension 'colcon_core.shell.bat': Not used on non-Windows systems
[1.564s] INFO:colcon.colcon_core.shell:Skip shell extension 'powershell' for command environment: Not usable outside of PowerShell
[1.564s] DEBUG:colcon.colcon_core.shell:Skip shell extension 'dsv' for command environment
[1.599s] DEBUG:colcon.colcon_core.event_handler.log_command:Invoking command in '/home/carpe-bleue/ros2_ws/build/ros2_serial_msgs': CMAKE_PREFIX_PATH=/opt/ros/humble /usr/bin/cmake /home/carpe-bleue/ros2_ws/src/ros2_serial_example/ros2_serial_msgs -DCMAKE_INSTALL_PREFIX=/home/carpe-bleue/ros2_ws/install/ros2_serial_msgs
[5.695s] DEBUG:colcon.colcon_core.event_handler.log_command:Invoked command in '/home/carpe-bleue/ros2_ws/build/ros2_serial_msgs' returned '0': CMAKE_PREFIX_PATH=/opt/ros/humble /usr/bin/cmake /home/carpe-bleue/ros2_ws/src/ros2_serial_example/ros2_serial_msgs -DCMAKE_INSTALL_PREFIX=/home/carpe-bleue/ros2_ws/install/ros2_serial_msgs
[5.705s] DEBUG:colcon.colcon_core.event_handler.log_command:Invoking command in '/home/carpe-bleue/ros2_ws/build/ros2_serial_msgs': CMAKE_PREFIX_PATH=/opt/ros/humble /usr/bin/cmake --build /home/carpe-bleue/ros2_ws/build/ros2_serial_msgs -- -j4 -l4
[7.328s] DEBUG:colcon.colcon_core.event_handler.log_command:Invoked command in '/home/carpe-bleue/ros2_ws/build/ros2_serial_msgs' returned '0': CMAKE_PREFIX_PATH=/opt/ros/humble /usr/bin/cmake --build /home/carpe-bleue/ros2_ws/build/ros2_serial_msgs -- -j4 -l4
[7.751s] DEBUG:colcon.colcon_core.event_handler.log_command:Invoking command in '/home/carpe-bleue/ros2_ws/build/ros2_serial_msgs': CMAKE_PREFIX_PATH=/opt/ros/humble /usr/bin/cmake --install /home/carpe-bleue/ros2_ws/build/ros2_serial_msgs
[8.018s] Level 1:colcon.colcon_core.environment:create_environment_scripts_only(ros2_serial_msgs)
[8.020s] DEBUG:colcon.colcon_core.event_handler.log_command:Invoked command in '/home/carpe-bleue/ros2_ws/build/ros2_serial_msgs' returned '0': CMAKE_PREFIX_PATH=/opt/ros/humble /usr/bin/cmake --install /home/carpe-bleue/ros2_ws/build/ros2_serial_msgs
[8.030s] Level 1:colcon.colcon_core.environment:checking '/home/carpe-bleue/ros2_ws/install/ros2_serial_msgs' for CMake module files
[8.035s] Level 1:colcon.colcon_core.environment:checking '/home/carpe-bleue/ros2_ws/install/ros2_serial_msgs' for CMake config files
[8.039s] Level 1:colcon.colcon_core.shell:create_environment_hook('ros2_serial_msgs', 'cmake_prefix_path')
[8.040s] INFO:colcon.colcon_core.shell:Creating environment hook '/home/carpe-bleue/ros2_ws/install/ros2_serial_msgs/share/ros2_serial_msgs/hook/cmake_prefix_path.ps1'
[8.043s] INFO:colcon.colcon_core.shell:Creating environment descriptor '/home/carpe-bleue/ros2_ws/install/ros2_serial_msgs/share/ros2_serial_msgs/hook/cmake_prefix_path.dsv'
[8.045s] INFO:colcon.colcon_core.shell:Creating environment hook '/home/carpe-bleue/ros2_ws/install/ros2_serial_msgs/share/ros2_serial_msgs/hook/cmake_prefix_path.sh'
[8.048s] Level 1:colcon.colcon_core.environment:checking '/home/carpe-bleue/ros2_ws/install/ros2_serial_msgs/lib'
[8.049s] Level 1:colcon.colcon_core.shell:create_environment_hook('ros2_serial_msgs', 'ld_library_path_lib')
[8.050s] INFO:colcon.colcon_core.shell:Creating environment hook '/home/carpe-bleue/ros2_ws/install/ros2_serial_msgs/share/ros2_serial_msgs/hook/ld_library_path_lib.ps1'
[8.052s] INFO:colcon.colcon_core.shell:Creating environment descriptor '/home/carpe-bleue/ros2_ws/install/ros2_serial_msgs/share/ros2_serial_msgs/hook/ld_library_path_lib.dsv'
[8.054s] INFO:colcon.colcon_core.shell:Creating environment hook '/home/carpe-bleue/ros2_ws/install/ros2_serial_msgs/share/ros2_serial_msgs/hook/ld_library_path_lib.sh'
[8.056s] Level 1:colcon.colcon_core.environment:checking '/home/carpe-bleue/ros2_ws/install/ros2_serial_msgs/bin'
[8.056s] Level 1:colcon.colcon_core.environment:checking '/home/carpe-bleue/ros2_ws/install/ros2_serial_msgs/lib/pkgconfig/ros2_serial_msgs.pc'
[8.057s] Level 1:colcon.colcon_core.environment:checking '/home/carpe-bleue/ros2_ws/install/ros2_serial_msgs/lib/python3.10/site-packages'
[8.058s] Level 1:colcon.colcon_core.environment:checking '/home/carpe-bleue/ros2_ws/install/ros2_serial_msgs/bin'
[8.059s] INFO:colcon.colcon_core.shell:Creating package script '/home/carpe-bleue/ros2_ws/install/ros2_serial_msgs/share/ros2_serial_msgs/package.ps1'
[8.063s] INFO:colcon.colcon_core.shell:Creating package descriptor '/home/carpe-bleue/ros2_ws/install/ros2_serial_msgs/share/ros2_serial_msgs/package.dsv'
[8.065s] INFO:colcon.colcon_core.shell:Creating package script '/home/carpe-bleue/ros2_ws/install/ros2_serial_msgs/share/ros2_serial_msgs/package.sh'
[8.068s] INFO:colcon.colcon_core.shell:Creating package script '/home/carpe-bleue/ros2_ws/install/ros2_serial_msgs/share/ros2_serial_msgs/package.bash'
[8.072s] INFO:colcon.colcon_core.shell:Creating package script '/home/carpe-bleue/ros2_ws/install/ros2_serial_msgs/share/ros2_serial_msgs/package.zsh'
[8.075s] Level 1:colcon.colcon_core.environment:create_file_with_runtime_dependencies(/home/carpe-bleue/ros2_ws/install/ros2_serial_msgs/share/colcon-core/packages/ros2_serial_msgs)
[8.447s] Level 1:colcon.colcon_core.environment:create_environment_scripts_only(ros2_serial_msgs)
[8.448s] Level 1:colcon.colcon_core.environment:checking '/home/carpe-bleue/ros2_ws/install/ros2_serial_msgs' for CMake module files
[8.454s] Level 1:colcon.colcon_core.environment:checking '/home/carpe-bleue/ros2_ws/install/ros2_serial_msgs' for CMake config files
[8.458s] Level 1:colcon.colcon_core.shell:create_environment_hook('ros2_serial_msgs', 'cmake_prefix_path')
[8.459s] INFO:colcon.colcon_core.shell:Creating environment hook '/home/carpe-bleue/ros2_ws/install/ros2_serial_msgs/share/ros2_serial_msgs/hook/cmake_prefix_path.ps1'
[8.461s] INFO:colcon.colcon_core.shell:Creating environment descriptor '/home/carpe-bleue/ros2_ws/install/ros2_serial_msgs/share/ros2_serial_msgs/hook/cmake_prefix_path.dsv'
[8.463s] INFO:colcon.colcon_core.shell:Creating environment hook '/home/carpe-bleue/ros2_ws/install/ros2_serial_msgs/share/ros2_serial_msgs/hook/cmake_prefix_path.sh'
[8.465s] Level 1:colcon.colcon_core.environment:checking '/home/carpe-bleue/ros2_ws/install/ros2_serial_msgs/lib'
[8.466s] Level 1:colcon.colcon_core.shell:create_environment_hook('ros2_serial_msgs', 'ld_library_path_lib')
[8.466s] INFO:colcon.colcon_core.shell:Creating environment hook '/home/carpe-bleue/ros2_ws/install/ros2_serial_msgs/share/ros2_serial_msgs/hook/ld_library_path_lib.ps1'
[8.468s] INFO:colcon.colcon_core.shell:Creating environment descriptor '/home/carpe-bleue/ros2_ws/install/ros2_serial_msgs/share/ros2_serial_msgs/hook/ld_library_path_lib.dsv'
[8.470s] INFO:colcon.colcon_core.shell:Creating environment hook '/home/carpe-bleue/ros2_ws/install/ros2_serial_msgs/share/ros2_serial_msgs/hook/ld_library_path_lib.sh'
[8.472s] Level 1:colcon.colcon_core.environment:checking '/home/carpe-bleue/ros2_ws/install/ros2_serial_msgs/bin'
[8.472s] Level 1:colcon.colcon_core.environment:checking '/home/carpe-bleue/ros2_ws/install/ros2_serial_msgs/lib/pkgconfig/ros2_serial_msgs.pc'
[8.473s] Level 1:colcon.colcon_core.environment:checking '/home/carpe-bleue/ros2_ws/install/ros2_serial_msgs/lib/python3.10/site-packages'
[8.474s] Level 1:colcon.colcon_core.environment:checking '/home/carpe-bleue/ros2_ws/install/ros2_serial_msgs/bin'
[8.475s] INFO:colcon.colcon_core.shell:Creating package script '/home/carpe-bleue/ros2_ws/install/ros2_serial_msgs/share/ros2_serial_msgs/package.ps1'
[8.478s] INFO:colcon.colcon_core.shell:Creating package descriptor '/home/carpe-bleue/ros2_ws/install/ros2_serial_msgs/share/ros2_serial_msgs/package.dsv'
[8.480s] INFO:colcon.colcon_core.shell:Creating package script '/home/carpe-bleue/ros2_ws/install/ros2_serial_msgs/share/ros2_serial_msgs/package.sh'
[8.482s] INFO:colcon.colcon_core.shell:Creating package script '/home/carpe-bleue/ros2_ws/install/ros2_serial_msgs/share/ros2_serial_msgs/package.bash'
[8.485s] INFO:colcon.colcon_core.shell:Creating package script '/home/carpe-bleue/ros2_ws/install/ros2_serial_msgs/share/ros2_serial_msgs/package.zsh'
[8.487s] Level 1:colcon.colcon_core.environment:create_file_with_runtime_dependencies(/home/carpe-bleue/ros2_ws/install/ros2_serial_msgs/share/colcon-core/packages/ros2_serial_msgs)
[8.488s] INFO:colcon.colcon_ros.task.ament_cmake.build:Building ROS package in '/home/carpe-bleue/ros2_ws/src/ros2_serial_example/ros2_serial_example' with build type 'ament_cmake'
[8.489s] INFO:colcon.colcon_cmake.task.cmake.build:Building CMake package in '/home/carpe-bleue/ros2_ws/src/ros2_serial_example/ros2_serial_example'
[8.490s] INFO:colcon.colcon_core.shell:Skip shell extension 'powershell' for command environment: Not usable outside of PowerShell
[8.490s] DEBUG:colcon.colcon_core.shell:Skip shell extension 'dsv' for command environment
[8.542s] DEBUG:colcon.colcon_core.event_handler.log_command:Invoking command in '/home/carpe-bleue/ros2_ws/build/ros2_serial_example': AMENT_PREFIX_PATH=/home/carpe-bleue/ros2_ws/install/ros2_serial_msgs:${AMENT_PREFIX_PATH} CMAKE_PREFIX_PATH=/home/carpe-bleue/ros2_ws/install/ros2_serial_msgs:/opt/ros/humble LD_LIBRARY_PATH=/home/carpe-bleue/ros2_ws/install/ros2_serial_msgs/lib:${LD_LIBRARY_PATH} PYTHONPATH=/home/carpe-bleue/ros2_ws/install/ros2_serial_msgs/local/lib/python3.10/dist-packages:${PYTHONPATH} /usr/bin/cmake /home/carpe-bleue/ros2_ws/src/ros2_serial_example/ros2_serial_example -DCMAKE_INSTALL_PREFIX=/home/carpe-bleue/ros2_ws/install/ros2_serial_example
[11.130s] DEBUG:colcon.colcon_core.event_handler.log_command:Invoked command in '/home/carpe-bleue/ros2_ws/build/ros2_serial_example' returned '1': AMENT_PREFIX_PATH=/home/carpe-bleue/ros2_ws/install/ros2_serial_msgs:${AMENT_PREFIX_PATH} CMAKE_PREFIX_PATH=/home/carpe-bleue/ros2_ws/install/ros2_serial_msgs:/opt/ros/humble LD_LIBRARY_PATH=/home/carpe-bleue/ros2_ws/install/ros2_serial_msgs/lib:${LD_LIBRARY_PATH} PYTHONPATH=/home/carpe-bleue/ros2_ws/install/ros2_serial_msgs/local/lib/python3.10/dist-packages:${PYTHONPATH} /usr/bin/cmake /home/carpe-bleue/ros2_ws/src/ros2_serial_example/ros2_serial_example -DCMAKE_INSTALL_PREFIX=/home/carpe-bleue/ros2_ws/install/ros2_serial_example
[11.174s] Level 1:colcon.colcon_core.environment:create_environment_scripts_only(ros2_serial_example)
[11.175s] Level 1:colcon.colcon_core.environment:checking '/home/carpe-bleue/ros2_ws/install/ros2_serial_example' for CMake module files
[11.177s] Level 1:colcon.colcon_core.environment:checking '/home/carpe-bleue/ros2_ws/install/ros2_serial_example' for CMake config files
[11.179s] Level 1:colcon.colcon_core.environment:checking '/home/carpe-bleue/ros2_ws/install/ros2_serial_example/bin'
[11.180s] Level 1:colcon.colcon_core.environment:checking '/home/carpe-bleue/ros2_ws/install/ros2_serial_example/lib/pkgconfig/ros2_serial_example.pc'
[11.181s] Level 1:colcon.colcon_core.environment:checking '/home/carpe-bleue/ros2_ws/install/ros2_serial_example/lib/python3.10/site-packages'
[11.182s] Level 1:colcon.colcon_core.environment:checking '/home/carpe-bleue/ros2_ws/install/ros2_serial_example/bin'
[11.184s] INFO:colcon.colcon_core.shell:Creating package script '/home/carpe-bleue/ros2_ws/install/ros2_serial_example/share/ros2_serial_example/package.ps1'
[11.186s] INFO:colcon.colcon_core.shell:Creating package descriptor '/home/carpe-bleue/ros2_ws/install/ros2_serial_example/share/ros2_serial_example/package.dsv'
[11.188s] INFO:colcon.colcon_core.shell:Creating package script '/home/carpe-bleue/ros2_ws/install/ros2_serial_example/share/ros2_serial_example/package.sh'
[11.190s] INFO:colcon.colcon_core.shell:Creating package script '/home/carpe-bleue/ros2_ws/install/ros2_serial_example/share/ros2_serial_example/package.bash'
[11.192s] INFO:colcon.colcon_core.shell:Creating package script '/home/carpe-bleue/ros2_ws/install/ros2_serial_example/share/ros2_serial_example/package.zsh'
[11.194s] Level 1:colcon.colcon_core.environment:create_file_with_runtime_dependencies(/home/carpe-bleue/ros2_ws/install/ros2_serial_example/share/colcon-core/packages/ros2_serial_example)
[11.205s] DEBUG:colcon.colcon_parallel_executor.executor.parallel:closing loop
[11.206s] DEBUG:colcon.colcon_parallel_executor.executor.parallel:loop closed
[11.206s] DEBUG:colcon.colcon_parallel_executor.executor.parallel:run_until_complete finished with '1'
[11.206s] DEBUG:colcon.colcon_core.event_reactor:joining thread
[11.231s] INFO:colcon.colcon_core.plugin_system:Skipping extension 'colcon_notification.desktop_notification.notify_send': Could not find 'notify-send'
[11.231s] INFO:colcon.colcon_core.plugin_system:Skipping extension 'colcon_notification.desktop_notification.terminal_notifier': Not used on non-Darwin systems
[11.232s] INFO:colcon.colcon_core.plugin_system:Skipping extension 'colcon_notification.desktop_notification.win32': Not used on non-Windows systems
[11.232s] INFO:colcon.colcon_notification.desktop_notification:Sending desktop notification using 'notify2'
[11.235s] DEBUG:colcon.colcon_notification.desktop_notification.notify2:Failed to initialize notify2: org.freedesktop.DBus.Error.ServiceUnknown: The name org.freedesktop.Notifications was not provided by any .service files
[11.235s] DEBUG:colcon.colcon_core.event_reactor:joined thread
[11.236s] INFO:colcon.colcon_core.shell:Creating prefix script '/home/carpe-bleue/ros2_ws/install/local_setup.ps1'
[11.240s] INFO:colcon.colcon_core.shell:Creating prefix util module '/home/carpe-bleue/ros2_ws/install/_local_setup_util_ps1.py'
[11.246s] INFO:colcon.colcon_core.shell:Creating prefix chain script '/home/carpe-bleue/ros2_ws/install/setup.ps1'
[11.250s] INFO:colcon.colcon_core.shell:Creating prefix script '/home/carpe-bleue/ros2_ws/install/local_setup.sh'
[11.253s] INFO:colcon.colcon_core.shell:Creating prefix util module '/home/carpe-bleue/ros2_ws/install/_local_setup_util_sh.py'
[11.256s] INFO:colcon.colcon_core.shell:Creating prefix chain script '/home/carpe-bleue/ros2_ws/install/setup.sh'
[11.260s] INFO:colcon.colcon_core.shell:Creating prefix script '/home/carpe-bleue/ros2_ws/install/local_setup.bash'
[11.262s] INFO:colcon.colcon_core.shell:Creating prefix chain script '/home/carpe-bleue/ros2_ws/install/setup.bash'
[11.266s] INFO:colcon.colcon_core.shell:Creating prefix script '/home/carpe-bleue/ros2_ws/install/local_setup.zsh'
[11.268s] INFO:colcon.colcon_core.shell:Creating prefix chain script '/home/carpe-bleue/ros2_ws/install/setup.zsh'
