[0.070s] Invoking command in '/home/carpe-bleue/ros2_ws/build/ydlidar_ros2_driver': CMAKE_PREFIX_PATH=/opt/ros/humble /usr/bin/cmake --build /home/carpe-bleue/ros2_ws/build/ydlidar_ros2_driver -- -j4 -l4
[0.174s] -- Found ament_cmake: 1.3.11 (/opt/ros/humble/share/ament_cmake/cmake)
[0.989s] -- Found rclcpp: 16.0.12 (/opt/ros/humble/share/rclcpp/cmake)
[1.215s] -- Found rosidl_generator_c: 3.1.6 (/opt/ros/humble/share/rosidl_generator_c/cmake)
[1.222s] -- Found rosidl_adapter: 3.1.6 (/opt/ros/humble/share/rosidl_adapter/cmake)
[1.251s] -- Found rosidl_generator_cpp: 3.1.6 (/opt/ros/humble/share/rosidl_generator_cpp/cmake)
[1.293s] -- Using all available rosidl_typesupport_c: rosidl_typesupport_fastrtps_c;rosidl_typesupport_introspection_c
[1.351s] -- Using all available rosidl_typesupport_cpp: rosidl_typesupport_fastrtps_cpp;rosidl_typesupport_introspection_cpp
[1.502s] -- Found rmw_implementation_cmake: 6.1.2 (/opt/ros/humble/share/rmw_implementation_cmake/cmake)
[1.508s] -- Found rmw_fastrtps_cpp: 6.2.7 (/opt/ros/humble/share/rmw_fastrtps_cpp/cmake)
[2.303s] -- Using RMW implementation 'rmw_fastrtps_cpp' as default
[2.529s] -- Found sensor_msgs: 4.8.0 (/opt/ros/humble/share/sensor_msgs/cmake)
[2.667s] -- Found visualization_msgs: 4.8.0 (/opt/ros/humble/share/visualization_msgs/cmake)
[2.753s] -- Found std_srvs: 4.8.0 (/opt/ros/humble/share/std_srvs/cmake)
[2.827s] -- Found ament_lint_auto: 0.12.12 (/opt/ros/humble/share/ament_lint_auto/cmake)
[3.197s] -- Added test 'copyright' to check source files copyright and LICENSE
[3.219s] -- Added test 'cppcheck' to perform static code analysis on C / C++ code
[3.220s] -- Configured cppcheck include dirs: /home/carpe-bleue/ros2_ws/src/ydlidar_ros2_driver/src
[3.220s] -- Configured cppcheck exclude dirs and/or files: 
[3.241s] -- Added test 'cpplint' to check C / C++ code against the Google style
[3.242s] -- Configured cpplint exclude dirs and/or files: 
[3.245s] -- Added test 'flake8' to check Python code syntax and style conventions
[3.251s] -- Added test 'lint_cmake' to check CMake code style
[3.255s] -- Added test 'pep257' to check Python code against some of the docstring style conventions in PEP 257
[3.275s] -- Added test 'uncrustify' to check C / C++ code style
[3.275s] -- Configured uncrustify additional arguments: 
[3.279s] -- Added test 'xmllint' to check XML markup files
[3.284s] -- Configuring done
[3.374s] -- Generating done
[3.404s] -- Build files have been written to: /home/carpe-bleue/ros2_ws/build/ydlidar_ros2_driver
[3.511s] [35m[1mConsolidate compiler generated dependencies of target ydlidar_ros2_driver_node[0m
[3.513s] [35m[1mConsolidate compiler generated dependencies of target ydlidar_ros2_driver_client[0m
[3.608s] [ 50%] [32mBuilding CXX object CMakeFiles/ydlidar_ros2_driver_client.dir/src/ydlidar_ros2_driver_client.cpp.o[0m
[3.609s] [ 50%] [32mBuilding CXX object CMakeFiles/ydlidar_ros2_driver_node.dir/src/ydlidar_ros2_driver_node.cpp.o[0m
[26.349s] [ 75%] [32m[1mLinking CXX executable ydlidar_ros2_driver_node[0m
[28.078s] [ 75%] Built target ydlidar_ros2_driver_node
[41.063s] [100%] [32m[1mLinking CXX executable ydlidar_ros2_driver_client[0m
[42.938s] [100%] Built target ydlidar_ros2_driver_client
