[0.088s] Invoking command in '/home/carpe-bleue/ros2_ws/build/serial_package': CMAKE_PREFIX_PATH=${CMAKE_PREFIX_PATH}:/home/carpe-bleue/ros2_ws/install/lidar_vl53l1x_processing:/opt/ros/humble /usr/bin/cmake --build /home/carpe-bleue/ros2_ws/build/serial_package -- -j4 -l4
[0.420s] [ 50%] Built target OdometryNode
[0.473s] [100%] Built target UART_Node
[0.536s] Invoked command in '/home/carpe-bleue/ros2_ws/build/serial_package' returned '0': CMAKE_PREFIX_PATH=${CMAKE_PREFIX_PATH}:/home/carpe-bleue/ros2_ws/install/lidar_vl53l1x_processing:/opt/ros/humble /usr/bin/cmake --build /home/carpe-bleue/ros2_ws/build/serial_package -- -j4 -l4
[0.599s] Invoking command in '/home/carpe-bleue/ros2_ws/build/serial_package': CMAKE_PREFIX_PATH=${CMAKE_PREFIX_PATH}:/home/carpe-bleue/ros2_ws/install/lidar_vl53l1x_processing:/opt/ros/humble /usr/bin/cmake --install /home/carpe-bleue/ros2_ws/build/serial_package
[0.672s] -- Install configuration: ""
[0.674s] -- Execute custom install script
[0.676s] -- Up-to-date symlink: /home/carpe-bleue/ros2_ws/install/serial_package/lib/serial_package/UART_Node
[0.677s] -- Up-to-date symlink: /home/carpe-bleue/ros2_ws/install/serial_package/lib/serial_package/OdometryNode
[0.679s] -- Up-to-date symlink: /home/carpe-bleue/ros2_ws/install/serial_package/lib/serial_package/serial_node.py
[0.684s] -- Up-to-date symlink: /home/carpe-bleue/ros2_ws/install/serial_package/lib/serial_package/serial_node_2.py
[0.685s] -- Up-to-date symlink: /home/carpe-bleue/ros2_ws/install/serial_package/lib/serial_package/serial_node_3.py
[0.686s] -- Up-to-date symlink: /home/carpe-bleue/ros2_ws/install/serial_package/lib/serial_package/serial_node_4.py
[0.690s] -- Up-to-date symlink: /home/carpe-bleue/ros2_ws/install/serial_package/lib/serial_package/serial_node_5.py
[0.702s] -- Up-to-date symlink: /home/carpe-bleue/ros2_ws/install/serial_package/lib/serial_package/serial_node_6.py
[0.703s] -- Up-to-date symlink: /home/carpe-bleue/ros2_ws/install/serial_package/lib/serial_package/test_uart.py
[0.704s] -- Up-to-date symlink: /home/carpe-bleue/ros2_ws/install/serial_package/lib/serial_package/test_uart_lidar.py
[0.705s] -- Up-to-date symlink: /home/carpe-bleue/ros2_ws/install/serial_package/lib/serial_package/test_uart_lidar2.py
[0.705s] -- Up-to-date symlink: /home/carpe-bleue/ros2_ws/install/serial_package/lib/serial_package/robot_control_node.py
[0.707s] -- Up-to-date symlink: /home/carpe-bleue/ros2_ws/install/serial_package/lib/serial_package/robot_control_node_2.py
[0.707s] -- Up-to-date symlink: /home/carpe-bleue/ros2_ws/install/serial_package/lib/serial_package/robot_control_node_3.py
[0.709s] -- Up-to-date symlink: /home/carpe-bleue/ros2_ws/install/serial_package/lib/serial_package/robot_control_node_4.py
[0.710s] -- Up-to-date symlink: /home/carpe-bleue/ros2_ws/install/serial_package/lib/serial_package/robot_control_node_5.py
[0.711s] -- Up-to-date symlink: /home/carpe-bleue/ros2_ws/install/serial_package/lib/serial_package/robot_control_node_6.py
[0.713s] -- Up-to-date symlink: /home/carpe-bleue/ros2_ws/install/serial_package/lib/serial_package/robot_control_node_7.py
[0.713s] -- Up-to-date symlink: /home/carpe-bleue/ros2_ws/install/serial_package/lib/serial_package/keyboard_control.py
[0.714s] -- Up-to-date symlink: /home/carpe-bleue/ros2_ws/install/serial_package/lib/serial_package/screen_reader.py
[0.715s] -- Up-to-date symlink: /home/carpe-bleue/ros2_ws/install/serial_package/lib/serial_package/bagfile_stm32.py
[0.718s] -- Up-to-date symlink: /home/carpe-bleue/ros2_ws/install/serial_package/lib/serial_package/launch_serial_lidar.py
[0.719s] -- Up-to-date symlink: /home/carpe-bleue/ros2_ws/install/serial_package/lib/serial_package/launch_robot.py
[0.721s] -- Up-to-date symlink: /home/carpe-bleue/ros2_ws/install/serial_package/lib/serial_package/keyboard_test.py
[0.726s] -- Up-to-date symlink: /home/carpe-bleue/ros2_ws/install/serial_package/lib/serial_package/keyboard_test_2.py
[0.727s] -- Up-to-date symlink: /home/carpe-bleue/ros2_ws/install/serial_package/lib/serial_package/tirette_node.py
[0.745s] -- Up-to-date symlink: /home/carpe-bleue/ros2_ws/install/serial_package/lib/serial_package/keyboard_lidar_free.py
[0.745s] -- Up-to-date symlink: /home/carpe-bleue/ros2_ws/install/serial_package/lib/serial_package/bag_listener.py
[0.747s] [31mCMake Error at ament_cmake_symlink_install/ament_cmake_symlink_install.cmake:204 (message):
[0.748s]   ament_cmake_symlink_install_programs() can't find
[0.749s]   '/home/carpe-bleue/ros2_ws/src/serial_package/src/tirette.py'
[0.749s] Call Stack (most recent call first):
[0.750s]   ament_cmake_symlink_install/ament_cmake_symlink_install.cmake:317 (ament_cmake_symlink_install_programs)
[0.750s]   cmake_install.cmake:46 (include)
[0.751s] 
[0.751s] [0m
[0.776s] Invoked command in '/home/carpe-bleue/ros2_ws/build/serial_package' returned '1': CMAKE_PREFIX_PATH=${CMAKE_PREFIX_PATH}:/home/carpe-bleue/ros2_ws/install/lidar_vl53l1x_processing:/opt/ros/humble /usr/bin/cmake --install /home/carpe-bleue/ros2_ws/build/serial_package
