[0.048s] Invoking command in '/home/carpe-bleue/ros2_ws/build/serial_package': CMAKE_PREFIX_PATH=${CMAKE_PREFIX_PATH}:/opt/ros/humble /usr/bin/cmake --build /home/carpe-bleue/ros2_ws/build/serial_package -- -j4 -l4
[0.168s] -- Found ament_cmake: 1.3.10 (/opt/ros/humble/share/ament_cmake/cmake)
[0.784s] -- Found rclpy: 3.3.14 (/opt/ros/humble/share/rclpy/cmake)
[0.785s] -- Found sensor_msgs: 4.2.4 (/opt/ros/humble/share/sensor_msgs/cmake)
[0.964s] -- Found rosidl_generator_c: 3.1.5 (/opt/ros/humble/share/rosidl_generator_c/cmake)
[0.978s] -- Found rosidl_adapter: 3.1.5 (/opt/ros/humble/share/rosidl_adapter/cmake)
[1.013s] -- Found rosidl_generator_cpp: 3.1.5 (/opt/ros/humble/share/rosidl_generator_cpp/cmake)
[1.066s] -- Using all available rosidl_typesupport_c: rosidl_typesupport_fastrtps_c;rosidl_typesupport_introspection_c
[1.133s] -- Using all available rosidl_typesupport_cpp: rosidl_typesupport_fastrtps_cpp;rosidl_typesupport_introspection_cpp
[1.398s] -- Found ament_lint_auto: 0.12.11 (/opt/ros/humble/share/ament_lint_auto/cmake)
[1.724s] -- Added test 'flake8' to check Python code syntax and style conventions
[1.727s] -- Added test 'lint_cmake' to check CMake code style
[1.729s] -- Added test 'pep257' to check Python code against some of the docstring style conventions in PEP 257
[1.736s] -- Added test 'xmllint' to check XML markup files
[1.743s] -- Configuring done
[1.789s] -- Generating done
[1.798s] -- Build files have been written to: /home/carpe-bleue/ros2_ws/build/serial_package
[1.884s] Invoked command in '/home/carpe-bleue/ros2_ws/build/serial_package' returned '0': CMAKE_PREFIX_PATH=${CMAKE_PREFIX_PATH}:/opt/ros/humble /usr/bin/cmake --build /home/carpe-bleue/ros2_ws/build/serial_package -- -j4 -l4
[2.044s] Invoking command in '/home/carpe-bleue/ros2_ws/build/serial_package': CMAKE_PREFIX_PATH=${CMAKE_PREFIX_PATH}:/opt/ros/humble /usr/bin/cmake --install /home/carpe-bleue/ros2_ws/build/serial_package
[2.071s] -- Install configuration: ""
[2.072s] -- Up-to-date: /home/carpe-bleue/ros2_ws/install/serial_package/lib/serial_package/serial_node.py
[2.072s] -- Up-to-date: /home/carpe-bleue/ros2_ws/install/serial_package/lib/serial_package/serial_node_2.py
[2.072s] -- Installing: /home/carpe-bleue/ros2_ws/install/serial_package/lib/serial_package/serial_node_3.py
[2.073s] -- Up-to-date: /home/carpe-bleue/ros2_ws/install/serial_package/share/ament_index/resource_index/package_run_dependencies/serial_package
[2.074s] -- Installing: /home/carpe-bleue/ros2_ws/install/serial_package/share/ament_index/resource_index/parent_prefix_path/serial_package
[2.075s] -- Up-to-date: /home/carpe-bleue/ros2_ws/install/serial_package/share/serial_package/environment/ament_prefix_path.sh
[2.075s] -- Installing: /home/carpe-bleue/ros2_ws/install/serial_package/share/serial_package/environment/ament_prefix_path.dsv
[2.077s] -- Up-to-date: /home/carpe-bleue/ros2_ws/install/serial_package/share/serial_package/environment/path.sh
[2.077s] -- Installing: /home/carpe-bleue/ros2_ws/install/serial_package/share/serial_package/environment/path.dsv
[2.078s] -- Up-to-date: /home/carpe-bleue/ros2_ws/install/serial_package/share/serial_package/local_setup.bash
[2.079s] -- Up-to-date: /home/carpe-bleue/ros2_ws/install/serial_package/share/serial_package/local_setup.sh
[2.079s] -- Up-to-date: /home/carpe-bleue/ros2_ws/install/serial_package/share/serial_package/local_setup.zsh
[2.079s] -- Installing: /home/carpe-bleue/ros2_ws/install/serial_package/share/serial_package/local_setup.dsv
[2.081s] -- Installing: /home/carpe-bleue/ros2_ws/install/serial_package/share/serial_package/package.dsv
[2.082s] -- Up-to-date: /home/carpe-bleue/ros2_ws/install/serial_package/share/ament_index/resource_index/packages/serial_package
[2.082s] -- Up-to-date: /home/carpe-bleue/ros2_ws/install/serial_package/share/serial_package/cmake/serial_packageConfig.cmake
[2.083s] -- Up-to-date: /home/carpe-bleue/ros2_ws/install/serial_package/share/serial_package/cmake/serial_packageConfig-version.cmake
[2.083s] -- Up-to-date: /home/carpe-bleue/ros2_ws/install/serial_package/share/serial_package/package.xml
[2.089s] Invoked command in '/home/carpe-bleue/ros2_ws/build/serial_package' returned '0': CMAKE_PREFIX_PATH=${CMAKE_PREFIX_PATH}:/opt/ros/humble /usr/bin/cmake --install /home/carpe-bleue/ros2_ws/build/serial_package
