[0.046s] Invoking command in '/home/carpe-bleue/ros2_ws/build/uart_comm_pkg': CMAKE_PREFIX_PATH=/opt/ros/humble /usr/bin/cmake /home/carpe-bleue/ros2_ws/src/uart_comm_pkg -DCMAKE_INSTALL_PREFIX=/home/carpe-bleue/ros2_ws/install/uart_comm_pkg
[0.292s] -- The C compiler identification is GNU 11.4.0
[0.537s] -- The CXX compiler identification is GNU 11.4.0
[0.567s] -- Detecting C compiler ABI info
[0.869s] -- Detecting C compiler ABI info - done
[0.897s] -- Check for working C compiler: /usr/bin/cc - skipped
[0.898s] -- Detecting C compile features
[0.900s] -- Detecting C compile features - done
[0.910s] -- Detecting CXX compiler ABI info
[1.244s] -- Detecting CXX compiler ABI info - done
[1.271s] -- Check for working CXX compiler: /usr/bin/c++ - skipped
[1.272s] -- Detecting CXX compile features
[1.274s] -- Detecting CXX compile features - done
[1.297s] -- Found ament_cmake: 1.3.10 (/opt/ros/humble/share/ament_cmake/cmake)
[1.988s] -- Found Python3: /usr/bin/python3 (found version "3.10.12") found components: Interpreter 
[2.490s] -- Found rclcpp: 16.0.10 (/opt/ros/humble/share/rclcpp/cmake)
[2.786s] -- Found rosidl_generator_c: 3.1.5 (/opt/ros/humble/share/rosidl_generator_c/cmake)
[2.825s] -- Found rosidl_adapter: 3.1.5 (/opt/ros/humble/share/rosidl_adapter/cmake)
[2.877s] -- Found rosidl_generator_cpp: 3.1.5 (/opt/ros/humble/share/rosidl_generator_cpp/cmake)
[2.944s] -- Using all available rosidl_typesupport_c: rosidl_typesupport_fastrtps_c;rosidl_typesupport_introspection_c
[3.036s] -- Using all available rosidl_typesupport_cpp: rosidl_typesupport_fastrtps_cpp;rosidl_typesupport_introspection_cpp
[3.292s] -- Found rmw_implementation_cmake: 6.1.2 (/opt/ros/humble/share/rmw_implementation_cmake/cmake)
[3.311s] -- Found rmw_fastrtps_cpp: 6.2.7 (/opt/ros/humble/share/rmw_fastrtps_cpp/cmake)
[3.817s] -- Found OpenSSL: /usr/lib/aarch64-linux-gnu/libcrypto.so (found version "3.0.2")  
[4.024s] -- Found FastRTPS: /opt/ros/humble/include  
[4.355s] -- Using RMW implementation 'rmw_fastrtps_cpp' as default
[4.418s] -- Looking for pthread.h
[4.731s] -- Looking for pthread.h - found
[4.733s] -- Performing Test CMAKE_HAVE_LIBC_PTHREAD
[5.049s] -- Performing Test CMAKE_HAVE_LIBC_PTHREAD - Success
[5.054s] -- Found Threads: TRUE  
[5.412s] [31mCMake Error at CMakeLists.txt:12 (find_package):
[5.412s]   By not providing "FindSerial.cmake" in CMAKE_MODULE_PATH this project has
[5.412s]   asked CMake to find a package configuration file provided by "Serial", but
[5.413s]   CMake did not find one.
[5.413s] 
[5.413s]   Could not find a package configuration file provided by "Serial" with any
[5.414s]   of the following names:
[5.414s] 
[5.414s]     SerialConfig.cmake
[5.415s]     serial-config.cmake
[5.415s] 
[5.415s]   Add the installation prefix of "Serial" to CMAKE_PREFIX_PATH or set
[5.416s]   "Serial_DIR" to a directory containing one of the above files.  If "Serial"
[5.416s]   provides a separate development package or SDK, be sure it has been
[5.416s]   installed.
[5.417s] 
[5.418s] [0m
[5.419s] -- Configuring incomplete, errors occurred!
[5.420s] See also "/home/carpe-bleue/ros2_ws/build/uart_comm_pkg/CMakeFiles/CMakeOutput.log".
[5.444s] Invoked command in '/home/carpe-bleue/ros2_ws/build/uart_comm_pkg' returned '1': CMAKE_PREFIX_PATH=/opt/ros/humble /usr/bin/cmake /home/carpe-bleue/ros2_ws/src/uart_comm_pkg -DCMAKE_INSTALL_PREFIX=/home/carpe-bleue/ros2_ws/install/uart_comm_pkg
