[0.091s] Invoking command in '/home/carpe-bleue/ydlidar_ros2_ws/build/rviz_ogre_vendor': CMAKE_PREFIX_PATH=${CMAKE_PREFIX_PATH}:/home/carpe-bleue/ros2_ws/install/lidar_vl53l1x_processing:/opt/ros/humble /usr/bin/cmake /home/carpe-bleue/ydlidar_ros2_ws/src/rviz/rviz_ogre_vendor -DCMAKE_INSTALL_PREFIX=/home/carpe-bleue/ydlidar_ros2_ws/install/rviz_ogre_vendor
[0.137s] -- Found ament_cmake: 1.3.11 (/opt/ros/humble/share/ament_cmake/cmake)
[1.100s] [31mCMake Error at CMakeLists.txt:5 (find_package):
[1.100s]   By not providing "Findament_cmake_vendor_package.cmake" in
[1.101s]   CMAKE_MODULE_PATH this project has asked CMake to find a package
[1.101s]   configuration file provided by "ament_cmake_vendor_package", but CMake did
[1.102s]   not find one.
[1.103s] 
[1.104s]   Could not find a package configuration file provided by
[1.104s]   "ament_cmake_vendor_package" with any of the following names:
[1.105s] 
[1.106s]     ament_cmake_vendor_packageConfig.cmake
[1.107s]     ament_cmake_vendor_package-config.cmake
[1.107s] 
[1.108s]   Add the installation prefix of "ament_cmake_vendor_package" to
[1.109s]   CMAKE_PREFIX_PATH or set "ament_cmake_vendor_package_DIR" to a directory
[1.111s]   containing one of the above files.  If "ament_cmake_vendor_package"
[1.112s]   provides a separate development package or SDK, be sure it has been
[1.113s]   installed.
[1.114s] 
[1.115s] [0m
[1.118s] -- Configuring incomplete, errors occurred!
[1.120s] See also "/home/carpe-bleue/ydlidar_ros2_ws/build/rviz_ogre_vendor/CMakeFiles/CMakeOutput.log".
[1.133s] Invoked command in '/home/carpe-bleue/ydlidar_ros2_ws/build/rviz_ogre_vendor' returned '1': CMAKE_PREFIX_PATH=${CMAKE_PREFIX_PATH}:/home/carpe-bleue/ros2_ws/install/lidar_vl53l1x_processing:/opt/ros/humble /usr/bin/cmake /home/carpe-bleue/ydlidar_ros2_ws/src/rviz/rviz_ogre_vendor -DCMAKE_INSTALL_PREFIX=/home/carpe-bleue/ydlidar_ros2_ws/install/rviz_ogre_vendor
