[0.044s] Invoking command in '/home/carpe-bleue/ros2_ws/build/uart_comm_pkg': CMAKE_PREFIX_PATH=${CMAKE_PREFIX_PATH}:/home/carpe-bleue/ros2/install/uart_comm:/home/carpe-bleue/ros2/install/examples_rclcpp_minimal_client:/home/carpe-bleue/ros2/install/examples_rclcpp_minimal_action_server:/home/carpe-bleue/ros2/install/examples_rclcpp_minimal_action_client:/home/carpe-bleue/ros2/install/examples_rclcpp_cbg_executor:/home/carpe-bleue/ros2/install/examples_rclcpp_async_client:/home/carpe-bleue/ros2/install/CFR_pkg:/opt/ros/humble /usr/bin/cmake /home/carpe-bleue/ros2_ws/src/uart_comm_pkg -DCMAKE_INSTALL_PREFIX=/home/carpe-bleue/ros2_ws/install/uart_comm_pkg
[0.094s] -- Found ament_cmake: 1.3.10 (/opt/ros/humble/share/ament_cmake/cmake)
[0.630s] -- Found rclcpp: 16.0.10 (/opt/ros/humble/share/rclcpp/cmake)
[0.773s] -- Found rosidl_generator_c: 3.1.5 (/opt/ros/humble/share/rosidl_generator_c/cmake)
[0.783s] -- Found rosidl_adapter: 3.1.5 (/opt/ros/humble/share/rosidl_adapter/cmake)
[0.806s] -- Found rosidl_generator_cpp: 3.1.5 (/opt/ros/humble/share/rosidl_generator_cpp/cmake)
[0.843s] -- Using all available rosidl_typesupport_c: rosidl_typesupport_fastrtps_c;rosidl_typesupport_introspection_c
[0.891s] -- Using all available rosidl_typesupport_cpp: rosidl_typesupport_fastrtps_cpp;rosidl_typesupport_introspection_cpp
[1.013s] -- Found rmw_implementation_cmake: 6.1.2 (/opt/ros/humble/share/rmw_implementation_cmake/cmake)
[1.019s] -- Found rmw_fastrtps_cpp: 6.2.7 (/opt/ros/humble/share/rmw_fastrtps_cpp/cmake)
[1.740s] -- Using RMW implementation 'rmw_fastrtps_cpp' as default
[2.039s] [31mCMake Error at CMakeLists.txt:14 (find_package):
[2.040s]   By not providing "FindSerial.cmake" in CMAKE_MODULE_PATH this project has
[2.040s]   asked CMake to find a package configuration file provided by "Serial", but
[2.041s]   CMake did not find one.
[2.041s] 
[2.041s]   Could not find a package configuration file provided by "Serial" with any
[2.041s]   of the following names:
[2.042s] 
[2.042s]     SerialConfig.cmake
[2.042s]     serial-config.cmake
[2.043s] 
[2.043s]   Add the installation prefix of "Serial" to CMAKE_PREFIX_PATH or set
[2.043s]   "Serial_DIR" to a directory containing one of the above files.  If "Serial"
[2.044s]   provides a separate development package or SDK, be sure it has been
[2.044s]   installed.
[2.045s] 
[2.047s] [0m
[2.047s] -- Configuring incomplete, errors occurred!
[2.048s] See also "/home/carpe-bleue/ros2_ws/build/uart_comm_pkg/CMakeFiles/CMakeOutput.log".
[2.063s] Invoked command in '/home/carpe-bleue/ros2_ws/build/uart_comm_pkg' returned '1': CMAKE_PREFIX_PATH=${CMAKE_PREFIX_PATH}:/home/carpe-bleue/ros2/install/uart_comm:/home/carpe-bleue/ros2/install/examples_rclcpp_minimal_client:/home/carpe-bleue/ros2/install/examples_rclcpp_minimal_action_server:/home/carpe-bleue/ros2/install/examples_rclcpp_minimal_action_client:/home/carpe-bleue/ros2/install/examples_rclcpp_cbg_executor:/home/carpe-bleue/ros2/install/examples_rclcpp_async_client:/home/carpe-bleue/ros2/install/CFR_pkg:/opt/ros/humble /usr/bin/cmake /home/carpe-bleue/ros2_ws/src/uart_comm_pkg -DCMAKE_INSTALL_PREFIX=/home/carpe-bleue/ros2_ws/install/uart_comm_pkg
