[0.095s] Invoking command in '/home/carpe-bleue/ros2_ws/build/ydlidar_sdk': /usr/bin/cmake --build /home/carpe-bleue/ros2_ws/build/ydlidar_sdk -- -j4 -l4
[0.473s] [ 41%] Built target ydlidar_sdk
[0.716s] [ 45%] Built target gs_ota
[0.761s] [ 49%] Built target gs_test
[0.799s] [ 52%] Built target et_test
[0.799s] [ 56%] Built target gs_test2
[0.849s] [ 60%] Built target scl_test
[0.889s] [ 64%] Built target sdm_test
[0.895s] [ 68%] Built target tea_test
[0.902s] [ 72%] Built target sdm18_test
[1.018s] [ 76%] Built target tmini_test
[1.021s] [ 80%] Built target tia_test
[1.051s] [ 84%] Built target tof_test
[1.077s] [ 88%] Built target tri_and_gs_test
[1.160s] [ 92%] Built target tri_test
[1.184s] [ 96%] Built target lidar_c_api_test
[1.193s] [100%] Built target tri_restart
[1.237s] Invoked command in '/home/carpe-bleue/ros2_ws/build/ydlidar_sdk' returned '0': /usr/bin/cmake --build /home/carpe-bleue/ros2_ws/build/ydlidar_sdk -- -j4 -l4
[1.245s] Invoking command in '/home/carpe-bleue/ros2_ws/build/ydlidar_sdk': /usr/bin/cmake --install /home/carpe-bleue/ros2_ws/build/ydlidar_sdk
[1.271s] -- Install configuration: ""
[1.272s] -- Up-to-date: /home/carpe-bleue/ros2_ws/install/ydlidar_sdk/include/core/base/datatype.h
[1.272s] -- Up-to-date: /home/carpe-bleue/ros2_ws/install/ydlidar_sdk/include/core/base/locker.h
[1.273s] -- Up-to-date: /home/carpe-bleue/ros2_ws/install/ydlidar_sdk/include/core/base/thread.h
[1.274s] -- Up-to-date: /home/carpe-bleue/ros2_ws/install/ydlidar_sdk/include/core/base/timer.h
[1.274s] -- Up-to-date: /home/carpe-bleue/ros2_ws/install/ydlidar_sdk/include/core/base/typedef.h
[1.275s] -- Up-to-date: /home/carpe-bleue/ros2_ws/install/ydlidar_sdk/include/core/base/utils.h
[1.276s] -- Up-to-date: /home/carpe-bleue/ros2_ws/install/ydlidar_sdk/include/core/base/v8stdint.h
[1.276s] -- Up-to-date: /home/carpe-bleue/ros2_ws/install/ydlidar_sdk/include/core/base/ydlidar.h
[1.277s] -- Up-to-date: /home/carpe-bleue/ros2_ws/install/ydlidar_sdk/include/core/common/ChannelDevice.h
[1.277s] -- Up-to-date: /home/carpe-bleue/ros2_ws/install/ydlidar_sdk/include/core/common/DriverInterface.h
[1.278s] -- Up-to-date: /home/carpe-bleue/ros2_ws/install/ydlidar_sdk/include/core/common/ydlidar_datatype.h
[1.278s] -- Up-to-date: /home/carpe-bleue/ros2_ws/install/ydlidar_sdk/include/core/common/ydlidar_def.h
[1.279s] -- Up-to-date: /home/carpe-bleue/ros2_ws/install/ydlidar_sdk/include/core/common/ydlidar_help.h
[1.279s] -- Up-to-date: /home/carpe-bleue/ros2_ws/install/ydlidar_sdk/include/core/common/ydlidar_protocol.h
[1.280s] -- Up-to-date: /home/carpe-bleue/ros2_ws/install/ydlidar_sdk/include/core/json/cJSON.h
[1.280s] -- Up-to-date: /home/carpe-bleue/ros2_ws/install/ydlidar_sdk/include/core/math/angles.h
[1.281s] -- Up-to-date: /home/carpe-bleue/ros2_ws/install/ydlidar_sdk/include/core/network/ActiveSocket.h
[1.281s] -- Up-to-date: /home/carpe-bleue/ros2_ws/install/ydlidar_sdk/include/core/network/PassiveSocket.h
[1.282s] -- Up-to-date: /home/carpe-bleue/ros2_ws/install/ydlidar_sdk/include/core/network/SimpleSocket.h
[1.282s] -- Up-to-date: /home/carpe-bleue/ros2_ws/install/ydlidar_sdk/include/core/network/StatTimer.h
[1.283s] -- Up-to-date: /home/carpe-bleue/ros2_ws/install/ydlidar_sdk/include/core/serial/common.h
[1.284s] -- Up-to-date: /home/carpe-bleue/ros2_ws/install/ydlidar_sdk/include/core/serial/serial.h
[1.284s] -- Up-to-date: /home/carpe-bleue/ros2_ws/install/ydlidar_sdk/include/core/serial/impl/unix/lock.h
[1.285s] -- Up-to-date: /home/carpe-bleue/ros2_ws/install/ydlidar_sdk/include/core/serial/impl/unix/unix.h
[1.285s] -- Up-to-date: /home/carpe-bleue/ros2_ws/install/ydlidar_sdk/include/core/serial/impl/unix/unix_serial.h
[1.286s] -- Up-to-date: /home/carpe-bleue/ros2_ws/install/ydlidar_sdk/include/src/CYdLidar.h
[1.286s] -- Up-to-date: /home/carpe-bleue/ros2_ws/install/ydlidar_sdk/include/src/DTSLidarDriver.h
[1.287s] -- Up-to-date: /home/carpe-bleue/ros2_ws/install/ydlidar_sdk/include/src/ETLidarDriver.h
[1.287s] -- Up-to-date: /home/carpe-bleue/ros2_ws/install/ydlidar_sdk/include/src/GSLidarDriver.h
[1.288s] -- Up-to-date: /home/carpe-bleue/ros2_ws/install/ydlidar_sdk/include/src/SDMLidarDriver.h
[1.288s] -- Up-to-date: /home/carpe-bleue/ros2_ws/install/ydlidar_sdk/include/src/TiaLidarDriver.h
[1.289s] -- Up-to-date: /home/carpe-bleue/ros2_ws/install/ydlidar_sdk/include/src/YDlidarDriver.h
[1.289s] -- Up-to-date: /home/carpe-bleue/ros2_ws/install/ydlidar_sdk/include/src/ydlidar_sdk.h
[1.290s] -- Up-to-date: /home/carpe-bleue/ros2_ws/install/ydlidar_sdk/include/src/filters/FilterInterface.h
[1.291s] -- Up-to-date: /home/carpe-bleue/ros2_ws/install/ydlidar_sdk/include/src/filters/NoiseFilter.h
[1.291s] -- Up-to-date: /home/carpe-bleue/ros2_ws/install/ydlidar_sdk/include/src/filters/StrongLightFilter.h
[1.292s] -- Up-to-date: /home/carpe-bleue/ros2_ws/install/ydlidar_sdk/include/ydlidar_config.h
[1.292s] -- Up-to-date: /home/carpe-bleue/ros2_ws/install/ydlidar_sdk/lib/libydlidar_sdk.a
[1.293s] -- Up-to-date: /home/carpe-bleue/ros2_ws/install/ydlidar_sdk/lib/pkgconfig/YDLIDAR_SDK.pc
[1.294s] -- Up-to-date: /home/carpe-bleue/ros2_ws/install/ydlidar_sdk/lib/cmake/ydlidar_sdk/ydlidar_sdkConfig.cmake
[1.294s] -- Up-to-date: /home/carpe-bleue/ros2_ws/install/ydlidar_sdk/lib/cmake/ydlidar_sdk/ydlidar_sdkTargets.cmake
[1.295s] -- Up-to-date: /home/carpe-bleue/ros2_ws/install/ydlidar_sdk/lib/cmake/ydlidar_sdk/ydlidar_sdkConfigVersion.cmake
[1.295s] -- Up-to-date: /home/carpe-bleue/ros2_ws/install/ydlidar_sdk/share/YDLIDAR_SDK/FindYDLIDAR_SDK.cmake
[1.296s] -- Up-to-date: /home/carpe-bleue/ros2_ws/install/ydlidar_sdk/share/YDLIDAR_SDK
[1.296s] -- Up-to-date: /home/carpe-bleue/ros2_ws/install/ydlidar_sdk/share/YDLIDAR_SDK/PkgConfig.pc.in
[1.297s] -- Up-to-date: /home/carpe-bleue/ros2_ws/install/ydlidar_sdk/share/YDLIDAR_SDK/PackageConfigVersion.cmake.in
[1.297s] -- Up-to-date: /home/carpe-bleue/ros2_ws/install/ydlidar_sdk/share/YDLIDAR_SDK/install_package.cmake
[1.298s] -- Up-to-date: /home/carpe-bleue/ros2_ws/install/ydlidar_sdk/share/YDLIDAR_SDK/script_show_final_summary.cmake
[1.298s] -- Up-to-date: /home/carpe-bleue/ros2_ws/install/ydlidar_sdk/share/YDLIDAR_SDK/PackageConfig.cmake.in
[1.299s] -- Up-to-date: /home/carpe-bleue/ros2_ws/install/ydlidar_sdk/share/YDLIDAR_SDK/FindPackage.cmake.in
[1.299s] -- Up-to-date: /home/carpe-bleue/ros2_ws/install/ydlidar_sdk/share/YDLIDAR_SDK/cmake_uninstall.cmake.in
[1.300s] -- Up-to-date: /home/carpe-bleue/ros2_ws/install/ydlidar_sdk/share/YDLIDAR_SDK/common
[1.300s] -- Up-to-date: /home/carpe-bleue/ros2_ws/install/ydlidar_sdk/share/YDLIDAR_SDK/common/ydlidar_parse.cmake
[1.301s] -- Up-to-date: /home/carpe-bleue/ros2_ws/install/ydlidar_sdk/share/YDLIDAR_SDK/common/ydlidar_base.cmake
[1.301s] -- Up-to-date: /home/carpe-bleue/ros2_ws/install/ydlidar_sdk/share/YDLIDAR_SDK/LICENSE.txt
[1.302s] -- Up-to-date: /home/carpe-bleue/ros2_ws/install/ydlidar_sdk/share/YDLIDAR_SDK/README.md
[1.302s] -- Up-to-date: /home/carpe-bleue/ros2_ws/install/ydlidar_sdk/share/YDLIDAR_SDK/doc
[1.303s] -- Up-to-date: /home/carpe-bleue/ros2_ws/install/ydlidar_sdk/share/YDLIDAR_SDK/doc/YDLidar-SDK-Communication-Protocol.md
[1.303s] -- Up-to-date: /home/carpe-bleue/ros2_ws/install/ydlidar_sdk/share/YDLIDAR_SDK/doc/Diagram.md
[1.304s] -- Up-to-date: /home/carpe-bleue/ros2_ws/install/ydlidar_sdk/share/YDLIDAR_SDK/doc/YDLidar_SDK_Communication_Protocol.pdf
[1.304s] -- Up-to-date: /home/carpe-bleue/ros2_ws/install/ydlidar_sdk/share/YDLIDAR_SDK/doc/Tutorials.md
[1.305s] -- Up-to-date: /home/carpe-bleue/ros2_ws/install/ydlidar_sdk/share/YDLIDAR_SDK/doc/YDLidar-SDK-Communication-Protocol.html
[1.305s] -- Up-to-date: /home/carpe-bleue/ros2_ws/install/ydlidar_sdk/share/YDLIDAR_SDK/doc/FAQs
[1.306s] -- Up-to-date: /home/carpe-bleue/ros2_ws/install/ydlidar_sdk/share/YDLIDAR_SDK/doc/FAQs/Software_FAQs_cn.md
[1.307s] -- Up-to-date: /home/carpe-bleue/ros2_ws/install/ydlidar_sdk/share/YDLIDAR_SDK/doc/FAQs/Hardware_FAQs.md
[1.307s] -- Up-to-date: /home/carpe-bleue/ros2_ws/install/ydlidar_sdk/share/YDLIDAR_SDK/doc/FAQs/General_FAQs.md
[1.308s] -- Up-to-date: /home/carpe-bleue/ros2_ws/install/ydlidar_sdk/share/YDLIDAR_SDK/doc/FAQs/README.md
[1.308s] -- Up-to-date: /home/carpe-bleue/ros2_ws/install/ydlidar_sdk/share/YDLIDAR_SDK/doc/FAQs/General_FAQs_cn.md
[1.309s] -- Up-to-date: /home/carpe-bleue/ros2_ws/install/ydlidar_sdk/share/YDLIDAR_SDK/doc/FAQs/Hardware_FAQs_cn.md
[1.309s] -- Up-to-date: /home/carpe-bleue/ros2_ws/install/ydlidar_sdk/share/YDLIDAR_SDK/doc/FAQs/Software_FAQs.md
[1.310s] -- Up-to-date: /home/carpe-bleue/ros2_ws/install/ydlidar_sdk/share/YDLIDAR_SDK/doc/howto
[1.310s] -- Up-to-date: /home/carpe-bleue/ros2_ws/install/ydlidar_sdk/share/YDLIDAR_SDK/doc/howto/how_to_build_and_debug_using_vscode.md
[1.310s] -- Up-to-date: /home/carpe-bleue/ros2_ws/install/ydlidar_sdk/share/YDLIDAR_SDK/doc/howto/how_to_create_a_csharp_project.md
[1.311s] -- Up-to-date: /home/carpe-bleue/ros2_ws/install/ydlidar_sdk/share/YDLIDAR_SDK/doc/howto/how_to_gerenrate_vs_project_by_cmake.md
[1.311s] -- Up-to-date: /home/carpe-bleue/ros2_ws/install/ydlidar_sdk/share/YDLIDAR_SDK/doc/howto/README.md
[1.311s] -- Up-to-date: /home/carpe-bleue/ros2_ws/install/ydlidar_sdk/share/YDLIDAR_SDK/doc/howto/how_to_build_and_install.md
[1.312s] -- Up-to-date: /home/carpe-bleue/ros2_ws/install/ydlidar_sdk/share/YDLIDAR_SDK/doc/howto/how_to_solve_slow_pull_from_cn.md
[1.312s] -- Up-to-date: /home/carpe-bleue/ros2_ws/install/ydlidar_sdk/share/YDLIDAR_SDK/doc/howto/how_to_create_a_udev_rules.md
[1.313s] -- Up-to-date: /home/carpe-bleue/ros2_ws/install/ydlidar_sdk/share/YDLIDAR_SDK/doc/howto/images
[1.313s] -- Up-to-date: /home/carpe-bleue/ros2_ws/install/ydlidar_sdk/share/YDLIDAR_SDK/doc/howto/images/ydlidar_lidar_monitor.png
[1.313s] -- Up-to-date: /home/carpe-bleue/ros2_ws/install/ydlidar_sdk/share/YDLIDAR_SDK/doc/howto/images/sequence.png
[1.314s] -- Up-to-date: /home/carpe-bleue/ros2_ws/install/ydlidar_sdk/share/YDLIDAR_SDK/doc/howto/images/csharp_exception.png
[1.314s] -- Up-to-date: /home/carpe-bleue/ros2_ws/install/ydlidar_sdk/share/YDLIDAR_SDK/doc/howto/images/cpack.png
[1.314s] -- Up-to-date: /home/carpe-bleue/ros2_ws/install/ydlidar_sdk/share/YDLIDAR_SDK/doc/howto/images/vscode
[1.315s] -- Up-to-date: /home/carpe-bleue/ros2_ws/install/ydlidar_sdk/share/YDLIDAR_SDK/doc/howto/images/vscode/run_tasks.jpg
[1.315s] -- Up-to-date: /home/carpe-bleue/ros2_ws/install/ydlidar_sdk/share/YDLIDAR_SDK/doc/howto/images/vscode/tasks.png
[1.315s] -- Up-to-date: /home/carpe-bleue/ros2_ws/install/ydlidar_sdk/share/YDLIDAR_SDK/doc/howto/images/csharp_project.png
[1.316s] -- Up-to-date: /home/carpe-bleue/ros2_ws/install/ydlidar_sdk/share/YDLIDAR_SDK/doc/howto/images/ttyUSB0.png
[1.316s] -- Up-to-date: /home/carpe-bleue/ros2_ws/install/ydlidar_sdk/share/YDLIDAR_SDK/doc/howto/images/ttyUSB1.png
[1.317s] -- Up-to-date: /home/carpe-bleue/ros2_ws/install/ydlidar_sdk/share/YDLIDAR_SDK/doc/howto/images/csharp_running.png
[1.317s] -- Up-to-date: /home/carpe-bleue/ros2_ws/install/ydlidar_sdk/share/YDLIDAR_SDK/doc/howto/images/sdk_init.png
[1.317s] -- Up-to-date: /home/carpe-bleue/ros2_ws/install/ydlidar_sdk/share/YDLIDAR_SDK/doc/howto/images/csharp_library.png
[1.318s] -- Up-to-date: /home/carpe-bleue/ros2_ws/install/ydlidar_sdk/share/YDLIDAR_SDK/doc/howto/images/sdk_scanning.png
[1.318s] -- Up-to-date: /home/carpe-bleue/ros2_ws/install/ydlidar_sdk/share/YDLIDAR_SDK/doc/howto/images/csharp_build.png
[1.319s] -- Up-to-date: /home/carpe-bleue/ros2_ws/install/ydlidar_sdk/share/YDLIDAR_SDK/doc/howto/how_to_create_a_pull.md
[1.319s] -- Up-to-date: /home/carpe-bleue/ros2_ws/install/ydlidar_sdk/share/YDLIDAR_SDK/doc/YDLIDAR_SDK_API_for_Developers.md
[1.320s] -- Up-to-date: /home/carpe-bleue/ros2_ws/install/ydlidar_sdk/share/YDLIDAR_SDK/doc/tutorials
[1.320s] -- Up-to-date: /home/carpe-bleue/ros2_ws/install/ydlidar_sdk/share/YDLIDAR_SDK/doc/tutorials/writing_lidar_tutorial_c.md
[1.320s] -- Up-to-date: /home/carpe-bleue/ros2_ws/install/ydlidar_sdk/share/YDLIDAR_SDK/doc/tutorials/writing_lidar_tutorial_python.md
[1.321s] -- Up-to-date: /home/carpe-bleue/ros2_ws/install/ydlidar_sdk/share/YDLIDAR_SDK/doc/tutorials/writing_lidar_tutorial_c++.md
[1.321s] -- Up-to-date: /home/carpe-bleue/ros2_ws/install/ydlidar_sdk/share/YDLIDAR_SDK/doc/tutorials/examine_the_simple_lidar_tutorial.md
[1.322s] -- Up-to-date: /home/carpe-bleue/ros2_ws/install/ydlidar_sdk/share/YDLIDAR_SDK/doc/tutorials/writing_lidar_network_adapter_tutorial_c++.md
[1.322s] -- Up-to-date: /home/carpe-bleue/ros2_ws/install/ydlidar_sdk/share/YDLIDAR_SDK/doc/README.md
[1.323s] -- Up-to-date: /home/carpe-bleue/ros2_ws/install/ydlidar_sdk/share/YDLIDAR_SDK/doc/YDLidar-SDK-Communication-Protocol.pdf
[1.323s] -- Up-to-date: /home/carpe-bleue/ros2_ws/install/ydlidar_sdk/share/YDLIDAR_SDK/doc/quickstart
[1.323s] -- Up-to-date: /home/carpe-bleue/ros2_ws/install/ydlidar_sdk/share/YDLIDAR_SDK/doc/quickstart/ydlidar_sdk_software_installation_guide.md
[1.324s] -- Up-to-date: /home/carpe-bleue/ros2_ws/install/ydlidar_sdk/share/YDLIDAR_SDK/doc/quickstart/README.md
[1.324s] -- Up-to-date: /home/carpe-bleue/ros2_ws/install/ydlidar_sdk/share/YDLIDAR_SDK/doc/images
[1.325s] -- Up-to-date: /home/carpe-bleue/ros2_ws/install/ydlidar_sdk/share/YDLIDAR_SDK/doc/images/EAI.png
[1.325s] -- Up-to-date: /home/carpe-bleue/ros2_ws/install/ydlidar_sdk/share/YDLIDAR_SDK/doc/images/sequence.png
[1.325s] -- Up-to-date: /home/carpe-bleue/ros2_ws/install/ydlidar_sdk/share/YDLIDAR_SDK/doc/images/angle_q2.png
[1.326s] -- Up-to-date: /home/carpe-bleue/ros2_ws/install/ydlidar_sdk/share/YDLIDAR_SDK/doc/images/YDLidar.jpg
[1.326s] -- Up-to-date: /home/carpe-bleue/ros2_ws/install/ydlidar_sdk/share/YDLIDAR_SDK/doc/images/sdk_architecture.png
[1.327s] -- Up-to-date: /home/carpe-bleue/ros2_ws/install/ydlidar_sdk/share/YDLIDAR_SDK/doc/images/frame_intensity.png
[1.327s] -- Up-to-date: /home/carpe-bleue/ros2_ws/install/ydlidar_sdk/share/YDLIDAR_SDK/doc/images/FlowChart.png
[1.327s] -- Up-to-date: /home/carpe-bleue/ros2_ws/install/ydlidar_sdk/share/YDLIDAR_SDK/doc/images/communication_mechanism.png
[1.328s] -- Up-to-date: /home/carpe-bleue/ros2_ws/install/ydlidar_sdk/share/YDLIDAR_SDK/doc/images/system_workflow.png
[1.328s] -- Up-to-date: /home/carpe-bleue/ros2_ws/install/ydlidar_sdk/share/YDLIDAR_SDK/doc/images/frame.png
[1.329s] -- Up-to-date: /home/carpe-bleue/ros2_ws/install/ydlidar_sdk/share/YDLIDAR_SDK/doc/images/sdk_init.png
[1.329s] -- Up-to-date: /home/carpe-bleue/ros2_ws/install/ydlidar_sdk/share/YDLIDAR_SDK/doc/images/sdk_scanning.png
[1.329s] -- Up-to-date: /home/carpe-bleue/ros2_ws/install/ydlidar_sdk/share/YDLIDAR_SDK/doc/images/YDLidar.png
[1.330s] -- Up-to-date: /home/carpe-bleue/ros2_ws/install/ydlidar_sdk/share/YDLIDAR_SDK/doc/SDK.pdf
[1.330s] -- Up-to-date: /home/carpe-bleue/ros2_ws/install/ydlidar_sdk/share/YDLIDAR_SDK/doc/Dataset.md
[1.331s] -- Up-to-date: /home/carpe-bleue/ros2_ws/install/ydlidar_sdk/startup/initenv.sh
[1.331s] -- Up-to-date: /home/carpe-bleue/ros2_ws/install/ydlidar_sdk/bin/et_test
[1.332s] -- Up-to-date: /home/carpe-bleue/ros2_ws/install/ydlidar_sdk/bin/gs_ota
[1.332s] -- Up-to-date: /home/carpe-bleue/ros2_ws/install/ydlidar_sdk/bin/gs_test
[1.332s] -- Up-to-date: /home/carpe-bleue/ros2_ws/install/ydlidar_sdk/bin/gs_test2
[1.333s] -- Up-to-date: /home/carpe-bleue/ros2_ws/install/ydlidar_sdk/bin/scl_test
[1.333s] -- Up-to-date: /home/carpe-bleue/ros2_ws/install/ydlidar_sdk/bin/sdm18_test
[1.333s] -- Up-to-date: /home/carpe-bleue/ros2_ws/install/ydlidar_sdk/bin/sdm_test
[1.334s] -- Up-to-date: /home/carpe-bleue/ros2_ws/install/ydlidar_sdk/bin/tea_test
[1.334s] -- Up-to-date: /home/carpe-bleue/ros2_ws/install/ydlidar_sdk/bin/tia_test
[1.335s] -- Up-to-date: /home/carpe-bleue/ros2_ws/install/ydlidar_sdk/bin/tmini_test
[1.335s] -- Up-to-date: /home/carpe-bleue/ros2_ws/install/ydlidar_sdk/bin/tof_test
[1.336s] -- Up-to-date: /home/carpe-bleue/ros2_ws/install/ydlidar_sdk/bin/tri_and_gs_test
[1.336s] -- Up-to-date: /home/carpe-bleue/ros2_ws/install/ydlidar_sdk/bin/tri_restart
[1.337s] -- Up-to-date: /home/carpe-bleue/ros2_ws/install/ydlidar_sdk/bin/tri_test
[1.337s] -- Up-to-date: /home/carpe-bleue/ros2_ws/install/ydlidar_sdk/bin/lidar_c_api_test
[1.343s] Invoked command in '/home/carpe-bleue/ros2_ws/build/ydlidar_sdk' returned '0': /usr/bin/cmake --install /home/carpe-bleue/ros2_ws/build/ydlidar_sdk
