[  3%] Built target ros2_serial_msgs__cpp
[35m[1mConsolidate compiler generated dependencies of target ros2_serial_msgs__rosidl_generator_c[0m
[35m[1mConsolidate compiler generated dependencies of target ros2_serial_msgs__rosidl_typesupport_cpp[0m
[ 12%] Built target ros2_serial_msgs__rosidl_generator_c
[35m[1mConsolidate compiler generated dependencies of target ros2_serial_msgs__rosidl_typesupport_fastrtps_cpp[0m
[ 12%] Built target ament_cmake_python_copy_ros2_serial_msgs
[35m[1mConsolidate compiler generated dependencies of target ros2_serial_msgs__rosidl_typesupport_introspection_cpp[0m
[ 22%] Built target ros2_serial_msgs__rosidl_typesupport_cpp
[ 32%] Built target ros2_serial_msgs__rosidl_typesupport_fastrtps_cpp
[35m[1mConsolidate compiler generated dependencies of target ros2_serial_msgs__rosidl_typesupport_fastrtps_c[0m
[35m[1mConsolidate compiler generated dependencies of target ros2_serial_msgs__rosidl_typesupport_c[0m
[35m[1mConsolidate compiler generated dependencies of target ros2_serial_msgs__rosidl_typesupport_introspection_c[0m
[ 41%] Built target ros2_serial_msgs__rosidl_typesupport_introspection_cpp
[ 51%] Built target ros2_serial_msgs__rosidl_typesupport_fastrtps_c
[ 61%] Built target ros2_serial_msgs__rosidl_typesupport_introspection_c
[ 70%] Built target ros2_serial_msgs__rosidl_typesupport_c
[ 70%] Built target ros2_serial_msgs
[ 74%] Built target ros2_serial_msgs__py
[35m[1mConsolidate compiler generated dependencies of target ros2_serial_msgs__rosidl_generator_py[0m
[ 80%] Built target ros2_serial_msgs__rosidl_generator_py
[35m[1mConsolidate compiler generated dependencies of target ros2_serial_msgs__rosidl_typesupport_fastrtps_c__pyext[0m
[35m[1mConsolidate compiler generated dependencies of target ros2_serial_msgs__rosidl_typesupport_c__pyext[0m
[35m[1mConsolidate compiler generated dependencies of target ros2_serial_msgs__rosidl_typesupport_introspection_c__pyext[0m
[ 87%] Built target ros2_serial_msgs__rosidl_typesupport_fastrtps_c__pyext
[ 93%] Built target ros2_serial_msgs__rosidl_typesupport_introspection_c__pyext
[100%] Built target ros2_serial_msgs__rosidl_typesupport_c__pyext
running egg_info
writing ros2_serial_msgs.egg-info/PKG-INFO
writing dependency_links to ros2_serial_msgs.egg-info/dependency_links.txt
writing top-level names to ros2_serial_msgs.egg-info/top_level.txt
reading manifest file 'ros2_serial_msgs.egg-info/SOURCES.txt'
writing manifest file 'ros2_serial_msgs.egg-info/SOURCES.txt'
[100%] Built target ament_cmake_python_build_ros2_serial_msgs_egg
