[0.105s] Invoking command in '/home/carpe-bleue/ros2_ws/build/serial_package': CMAKE_PREFIX_PATH=${CMAKE_PREFIX_PATH}:/home/carpe-bleue/ros2_ws/install/lidar_vl53l1x_processing:/opt/ros/humble /usr/bin/cmake --build /home/carpe-bleue/ros2_ws/build/serial_package -- -j4 -l4
[0.449s] [ 50%] Built target UART_Node
[0.477s] [100%] Built target OdometryNode
[0.537s] Invoked command in '/home/carpe-bleue/ros2_ws/build/serial_package' returned '0': CMAKE_PREFIX_PATH=${CMAKE_PREFIX_PATH}:/home/carpe-bleue/ros2_ws/install/lidar_vl53l1x_processing:/opt/ros/humble /usr/bin/cmake --build /home/carpe-bleue/ros2_ws/build/serial_package -- -j4 -l4
[0.604s] Invoking command in '/home/carpe-bleue/ros2_ws/build/serial_package': CMAKE_PREFIX_PATH=${CMAKE_PREFIX_PATH}:/home/carpe-bleue/ros2_ws/install/lidar_vl53l1x_processing:/opt/ros/humble /usr/bin/cmake --install /home/carpe-bleue/ros2_ws/build/serial_package
[0.655s] -- Install configuration: ""
[0.656s] -- Execute custom install script
[0.657s] -- Up-to-date symlink: /home/carpe-bleue/ros2_ws/install/serial_package/lib/serial_package/UART_Node
[0.657s] -- Up-to-date symlink: /home/carpe-bleue/ros2_ws/install/serial_package/lib/serial_package/OdometryNode
[0.658s] -- Up-to-date symlink: /home/carpe-bleue/ros2_ws/install/serial_package/lib/serial_package/serial_node.py
[0.659s] -- Up-to-date symlink: /home/carpe-bleue/ros2_ws/install/serial_package/lib/serial_package/serial_node_2.py
[0.660s] -- Up-to-date symlink: /home/carpe-bleue/ros2_ws/install/serial_package/lib/serial_package/serial_node_3.py
[0.671s] -- Up-to-date symlink: /home/carpe-bleue/ros2_ws/install/serial_package/lib/serial_package/serial_node_4.py
[0.672s] -- Up-to-date symlink: /home/carpe-bleue/ros2_ws/install/serial_package/lib/serial_package/serial_node_5.py
[0.673s] -- Up-to-date symlink: /home/carpe-bleue/ros2_ws/install/serial_package/lib/serial_package/serial_node_6.py
[0.673s] -- Up-to-date symlink: /home/carpe-bleue/ros2_ws/install/serial_package/lib/serial_package/test_uart.py
[0.676s] -- Up-to-date symlink: /home/carpe-bleue/ros2_ws/install/serial_package/lib/serial_package/test_uart_lidar.py
[0.676s] -- Up-to-date symlink: /home/carpe-bleue/ros2_ws/install/serial_package/lib/serial_package/test_uart_lidar2.py
[0.679s] -- Up-to-date symlink: /home/carpe-bleue/ros2_ws/install/serial_package/lib/serial_package/robot_control_node.py
[0.680s] -- Up-to-date symlink: /home/carpe-bleue/ros2_ws/install/serial_package/lib/serial_package/robot_control_node_2.py
[0.681s] -- Up-to-date symlink: /home/carpe-bleue/ros2_ws/install/serial_package/lib/serial_package/robot_control_node_3.py
[0.683s] -- Up-to-date symlink: /home/carpe-bleue/ros2_ws/install/serial_package/lib/serial_package/robot_control_node_4.py
[0.684s] -- Up-to-date symlink: /home/carpe-bleue/ros2_ws/install/serial_package/lib/serial_package/robot_control_node_5.py
[0.687s] -- Up-to-date symlink: /home/carpe-bleue/ros2_ws/install/serial_package/lib/serial_package/robot_control_node_6.py
[0.690s] -- Up-to-date symlink: /home/carpe-bleue/ros2_ws/install/serial_package/lib/serial_package/robot_control_node_7.py
[0.691s] -- Up-to-date symlink: /home/carpe-bleue/ros2_ws/install/serial_package/lib/serial_package/keyboard_control.py
[0.694s] -- Up-to-date symlink: /home/carpe-bleue/ros2_ws/install/serial_package/lib/serial_package/screen_reader.py
[0.696s] -- Up-to-date symlink: /home/carpe-bleue/ros2_ws/install/serial_package/lib/serial_package/bagfile_stm32.py
[0.698s] -- Up-to-date symlink: /home/carpe-bleue/ros2_ws/install/serial_package/lib/serial_package/launch_serial_lidar.py
[0.700s] -- Up-to-date symlink: /home/carpe-bleue/ros2_ws/install/serial_package/lib/serial_package/launch_robot.py
[0.703s] -- Up-to-date symlink: /home/carpe-bleue/ros2_ws/install/serial_package/lib/serial_package/keyboard_test.py
[0.705s] -- Up-to-date symlink: /home/carpe-bleue/ros2_ws/install/serial_package/lib/serial_package/keyboard_test_2.py
[0.708s] -- Up-to-date symlink: /home/carpe-bleue/ros2_ws/install/serial_package/lib/serial_package/tirette_node.py
[0.713s] -- Up-to-date symlink: /home/carpe-bleue/ros2_ws/install/serial_package/lib/serial_package/keyboard_lidar_free.py
[0.721s] -- Up-to-date symlink: /home/carpe-bleue/ros2_ws/install/serial_package/lib/serial_package/bag_listener.py
[0.724s] -- Up-to-date symlink: /home/carpe-bleue/ros2_ws/install/serial_package/lib/serial_package/tirette.py
[0.778s] -- Up-to-date symlink: /home/carpe-bleue/ros2_ws/install/serial_package/lib/serial_package/bag_player_node.py
[0.784s] -- Up-to-date symlink: /home/carpe-bleue/ros2_ws/install/serial_package/lib/serial_package/control_keyboard.py
[0.799s] -- Up-to-date symlink: /home/carpe-bleue/ros2_ws/install/serial_package/share/serial_package/launch/OdometryNode.launch.py
[0.800s] -- Up-to-date symlink: /home/carpe-bleue/ros2_ws/install/serial_package/share/serial_package/launch/UART_Node.launch.py
[0.800s] -- Up-to-date symlink: /home/carpe-bleue/ros2_ws/install/serial_package/share/serial_package/launch/bag_launch.launch.py
[0.801s] -- Up-to-date symlink: /home/carpe-bleue/ros2_ws/install/serial_package/share/serial_package/launch/combined_launch.py
[0.802s] -- Up-to-date symlink: /home/carpe-bleue/ros2_ws/install/serial_package/share/serial_package/launch/launch_robot.py
[0.802s] -- Up-to-date symlink: /home/carpe-bleue/ros2_ws/install/serial_package/share/serial_package/launch/launch_serial_lidar.py
[0.804s] -- Up-to-date symlink: /home/carpe-bleue/ros2_ws/install/serial_package/share/serial_package/bags/3/3_0.db3
[0.829s] -- Up-to-date symlink: /home/carpe-bleue/ros2_ws/install/serial_package/share/serial_package/bags/3/metadata.yaml
[0.830s] -- Up-to-date symlink: /home/carpe-bleue/ros2_ws/install/serial_package/share/serial_package/bags/4/4_0.db3
[0.830s] -- Up-to-date symlink: /home/carpe-bleue/ros2_ws/install/serial_package/share/serial_package/bags/4/metadata.yaml
[0.831s] -- Up-to-date symlink: /home/carpe-bleue/ros2_ws/install/serial_package/share/serial_package/bags/5/5_0.db3
[0.831s] -- Up-to-date symlink: /home/carpe-bleue/ros2_ws/install/serial_package/share/serial_package/bags/5/metadata.yaml
[0.832s] -- Up-to-date symlink: /home/carpe-bleue/ros2_ws/install/serial_package/share/serial_package/bags/file0/file0_0.db3
[0.832s] -- Up-to-date symlink: /home/carpe-bleue/ros2_ws/install/serial_package/share/serial_package/bags/file0/metadata.yaml
[0.833s] -- Up-to-date symlink: /home/carpe-bleue/ros2_ws/install/serial_package/share/serial_package/bags/file2/file2_0.db3
[0.836s] -- Up-to-date symlink: /home/carpe-bleue/ros2_ws/install/serial_package/share/serial_package/bags/file2/metadata.yaml
[0.837s] -- Up-to-date symlink: /home/carpe-bleue/ros2_ws/install/serial_package/share/ament_index/resource_index/package_run_dependencies/serial_package
[0.840s] -- Up-to-date symlink: /home/carpe-bleue/ros2_ws/install/serial_package/share/ament_index/resource_index/parent_prefix_path/serial_package
[0.840s] -- Up-to-date symlink: /home/carpe-bleue/ros2_ws/install/serial_package/share/serial_package/environment/ament_prefix_path.sh
[0.841s] -- Up-to-date symlink: /home/carpe-bleue/ros2_ws/install/serial_package/share/serial_package/environment/ament_prefix_path.dsv
[0.848s] -- Up-to-date symlink: /home/carpe-bleue/ros2_ws/install/serial_package/share/serial_package/environment/path.sh
[0.849s] -- Up-to-date symlink: /home/carpe-bleue/ros2_ws/install/serial_package/share/serial_package/environment/path.dsv
[0.849s] -- Up-to-date symlink: /home/carpe-bleue/ros2_ws/install/serial_package/share/serial_package/local_setup.bash
[0.859s] -- Up-to-date symlink: /home/carpe-bleue/ros2_ws/install/serial_package/share/serial_package/local_setup.sh
[0.860s] -- Up-to-date symlink: /home/carpe-bleue/ros2_ws/install/serial_package/share/serial_package/local_setup.zsh
[0.862s] -- Up-to-date symlink: /home/carpe-bleue/ros2_ws/install/serial_package/share/serial_package/local_setup.dsv
[0.877s] -- Symlinking: /home/carpe-bleue/ros2_ws/install/serial_package/share/serial_package/package.dsv
[0.979s] -- Up-to-date symlink: /home/carpe-bleue/ros2_ws/install/serial_package/share/ament_index/resource_index/packages/serial_package
[0.980s] -- Up-to-date symlink: /home/carpe-bleue/ros2_ws/install/serial_package/share/serial_package/cmake/serial_packageConfig.cmake
[0.983s] -- Up-to-date symlink: /home/carpe-bleue/ros2_ws/install/serial_package/share/serial_package/cmake/serial_packageConfig-version.cmake
[0.984s] -- Up-to-date symlink: /home/carpe-bleue/ros2_ws/install/serial_package/share/serial_package/package.xml
[1.013s] Invoked command in '/home/carpe-bleue/ros2_ws/build/serial_package' returned '0': CMAKE_PREFIX_PATH=${CMAKE_PREFIX_PATH}:/home/carpe-bleue/ros2_ws/install/lidar_vl53l1x_processing:/opt/ros/humble /usr/bin/cmake --install /home/carpe-bleue/ros2_ws/build/serial_package
