[0.034s] Invoking command in '/home/carpe-bleue/ros2_ws/build/uart_comm_pkg': /usr/bin/cmake /home/carpe-bleue/ros2_ws/src/uart_comm_pkg -DCMAKE_INSTALL_PREFIX=/home/carpe-bleue/ros2_ws/install/uart_comm_pkg
[0.085s] -- Found ament_cmake: 1.3.10 (/opt/ros/humble/share/ament_cmake/cmake)
[0.622s] -- Found rclcpp: 16.0.10 (/opt/ros/humble/share/rclcpp/cmake)
[0.764s] -- Found rosidl_generator_c: 3.1.5 (/opt/ros/humble/share/rosidl_generator_c/cmake)
[0.774s] -- Found rosidl_adapter: 3.1.5 (/opt/ros/humble/share/rosidl_adapter/cmake)
[0.797s] -- Found rosidl_generator_cpp: 3.1.5 (/opt/ros/humble/share/rosidl_generator_cpp/cmake)
[0.833s] [31mCMake Error at /opt/ros/humble/share/rosidl_typesupport_c/cmake/get_used_typesupports.cmake:35 (message):
[0.834s]   No 'rosidl_typesupport_c' found
[0.834s] Call Stack (most recent call first):
[0.834s]   /opt/ros/humble/share/rosidl_typesupport_c/cmake/rosidl_typesupport_c-extras.cmake:8 (get_used_typesupports)
[0.835s]   /opt/ros/humble/share/rosidl_typesupport_c/cmake/rosidl_typesupport_cConfig.cmake:41 (include)
[0.835s]   /opt/ros/humble/share/builtin_interfaces/cmake/ament_cmake_export_dependencies-extras.cmake:21 (find_package)
[0.835s]   /opt/ros/humble/share/builtin_interfaces/cmake/builtin_interfacesConfig.cmake:41 (include)
[0.836s]   /opt/ros/humble/share/libstatistics_collector/cmake/ament_cmake_export_dependencies-extras.cmake:21 (find_package)
[0.836s]   /opt/ros/humble/share/libstatistics_collector/cmake/libstatistics_collectorConfig.cmake:41 (include)
[0.836s]   /opt/ros/humble/share/rclcpp/cmake/ament_cmake_export_dependencies-extras.cmake:21 (find_package)
[0.837s]   /opt/ros/humble/share/rclcpp/cmake/rclcppConfig.cmake:41 (include)
[0.837s]   CMakeLists.txt:12 (find_package)
[0.838s] 
[0.838s] [0m
[0.839s] -- Configuring incomplete, errors occurred!
[0.840s] See also "/home/carpe-bleue/ros2_ws/build/uart_comm_pkg/CMakeFiles/CMakeOutput.log".
[0.849s] Invoked command in '/home/carpe-bleue/ros2_ws/build/uart_comm_pkg' returned '1': /usr/bin/cmake /home/carpe-bleue/ros2_ws/src/uart_comm_pkg -DCMAKE_INSTALL_PREFIX=/home/carpe-bleue/ros2_ws/install/uart_comm_pkg
