[0.071s] Invoking command in '/home/carpe-bleue/ros2_ws/build/ydlidar_ros2_driver': CMAKE_PREFIX_PATH=/opt/ros/humble /usr/bin/cmake --build /home/carpe-bleue/ros2_ws/build/ydlidar_ros2_driver -- -j4 -l4
[0.171s] -- Found ament_cmake: 1.3.11 (/opt/ros/humble/share/ament_cmake/cmake)
[1.006s] -- Found rclcpp: 16.0.12 (/opt/ros/humble/share/rclcpp/cmake)
[1.200s] -- Found rosidl_generator_c: 3.1.6 (/opt/ros/humble/share/rosidl_generator_c/cmake)
[1.214s] -- Found rosidl_adapter: 3.1.6 (/opt/ros/humble/share/rosidl_adapter/cmake)
[1.245s] -- Found rosidl_generator_cpp: 3.1.6 (/opt/ros/humble/share/rosidl_generator_cpp/cmake)
[1.295s] -- Using all available rosidl_typesupport_c: rosidl_typesupport_fastrtps_c;rosidl_typesupport_introspection_c
[1.366s] -- Using all available rosidl_typesupport_cpp: rosidl_typesupport_fastrtps_cpp;rosidl_typesupport_introspection_cpp
[1.553s] -- Found rmw_implementation_cmake: 6.1.2 (/opt/ros/humble/share/rmw_implementation_cmake/cmake)
[1.562s] -- Found rmw_fastrtps_cpp: 6.2.7 (/opt/ros/humble/share/rmw_fastrtps_cpp/cmake)
[2.795s] -- Using RMW implementation 'rmw_fastrtps_cpp' as default
[3.211s] -- Found sensor_msgs: 4.8.0 (/opt/ros/humble/share/sensor_msgs/cmake)
[3.417s] -- Found visualization_msgs: 4.8.0 (/opt/ros/humble/share/visualization_msgs/cmake)
[3.552s] -- Found std_srvs: 4.8.0 (/opt/ros/humble/share/std_srvs/cmake)
[3.927s] -- Configuring incomplete, errors occurred!
[3.928s] See also "/home/carpe-bleue/ros2_ws/build/ydlidar_ros2_driver/CMakeFiles/CMakeOutput.log".
[3.929s] [31mCMake Error at CMakeLists.txt:22 (find_package):
[3.929s]   By not providing "Findydlidar_sdk.cmake" in CMAKE_MODULE_PATH this project
[3.930s]   has asked CMake to find a package configuration file provided by
[3.931s]   "ydlidar_sdk", but CMake did not find one.
[3.931s] 
[3.932s]   Could not find a package configuration file provided by "ydlidar_sdk" with
[3.933s]   any of the following names:
[3.933s] 
[3.952s]     ydlidar_sdkConfig.cmake
[3.953s]     ydlidar_sdk-config.cmake
[3.962s] 
[3.963s]   Add the installation prefix of "ydlidar_sdk" to CMAKE_PREFIX_PATH or set
[3.964s]   "ydlidar_sdk_DIR" to a directory containing one of the above files.  If
[3.965s]   "ydlidar_sdk" provides a separate development package or SDK, be sure it
[3.966s]   has been installed.
[3.967s] 
[3.968s] [0m
[3.986s] gmake: *** [Makefile:308: cmake_check_build_system] Error 1
[3.987s] Invoked command in '/home/carpe-bleue/ros2_ws/build/ydlidar_ros2_driver' returned '2': CMAKE_PREFIX_PATH=/opt/ros/humble /usr/bin/cmake --build /home/carpe-bleue/ros2_ws/build/ydlidar_ros2_driver -- -j4 -l4
