[0.110s] Invoking command in '/home/carpe-bleue/ros2_ws/build/serial_package': CMAKE_PREFIX_PATH=${CMAKE_PREFIX_PATH}:/home/carpe-bleue/ros2_ws/install/lidar_vl53l1x_processing:/opt/ros/humble /usr/bin/cmake --build /home/carpe-bleue/ros2_ws/build/serial_package -- -j4 -l4
[0.236s] -- Found ament_cmake: 1.3.11 (/opt/ros/humble/share/ament_cmake/cmake)
[1.238s] -- Override CMake install command with custom implementation using symlinks instead of copying resources
[1.315s] -- Found rclpy: 3.3.16 (/opt/ros/humble/share/rclpy/cmake)
[1.318s] -- Found sensor_msgs: 4.8.0 (/opt/ros/humble/share/sensor_msgs/cmake)
[1.512s] -- Found rosidl_generator_c: 3.1.6 (/opt/ros/humble/share/rosidl_generator_c/cmake)
[1.526s] -- Found rosidl_adapter: 3.1.6 (/opt/ros/humble/share/rosidl_adapter/cmake)
[1.593s] -- Found rosidl_generator_cpp: 3.1.6 (/opt/ros/humble/share/rosidl_generator_cpp/cmake)
[1.669s] -- Using all available rosidl_typesupport_c: rosidl_typesupport_fastrtps_c;rosidl_typesupport_introspection_c
[1.672s] -- Using all available rosidl_typesupport_cpp: rosidl_typesupport_fastrtps_cpp;rosidl_typesupport_introspection_cpp
[1.949s] -- Found rclcpp: 16.0.12 (/opt/ros/humble/share/rclcpp/cmake)
[2.045s] -- Found rmw_implementation_cmake: 6.1.2 (/opt/ros/humble/share/rmw_implementation_cmake/cmake)
[2.051s] -- Found rmw_fastrtps_cpp: 6.2.7 (/opt/ros/humble/share/rmw_fastrtps_cpp/cmake)
[2.858s] -- Using RMW implementation 'rmw_fastrtps_cpp' as default
[3.041s] [31mCMake Error at /opt/ros/humble/share/ament_cmake_core/cmake/symlink_install/ament_cmake_symlink_install_programs.cmake:39 (_install):
[3.041s]   _install PROGRAMS given unknown argument "src/bag_player_node.py".
[3.042s] Call Stack (most recent call first):
[3.042s]   /opt/ros/humble/share/ament_cmake_core/cmake/symlink_install/install.cmake:34 (ament_cmake_symlink_install_programs)
[3.043s]   CMakeLists.txt:45 (install)
[3.043s] 
[3.044s] [0m
[3.044s] -- Found ament_lint_auto: 0.12.12 (/opt/ros/humble/share/ament_lint_auto/cmake)
[3.418s] -- Added test 'cppcheck' to perform static code analysis on C / C++ code
[3.419s] -- Configured cppcheck include dirs: 
[3.420s] -- Configured cppcheck exclude dirs and/or files: 
[3.426s] -- Added test 'flake8' to check Python code syntax and style conventions
[3.437s] -- Added test 'lint_cmake' to check CMake code style
[3.444s] -- Added test 'pep257' to check Python code against some of the docstring style conventions in PEP 257
[3.491s] -- Added test 'uncrustify' to check C / C++ code style
[3.491s] -- Configured uncrustify additional arguments: 
[3.498s] -- Added test 'xmllint' to check XML markup files
[3.504s] -- Configuring incomplete, errors occurred!
[3.504s] See also "/home/carpe-bleue/ros2_ws/build/serial_package/CMakeFiles/CMakeOutput.log".
[3.534s] gmake: *** [Makefile:308: cmake_check_build_system] Error 1
[3.540s] Invoked command in '/home/carpe-bleue/ros2_ws/build/serial_package' returned '2': CMAKE_PREFIX_PATH=${CMAKE_PREFIX_PATH}:/home/carpe-bleue/ros2_ws/install/lidar_vl53l1x_processing:/opt/ros/humble /usr/bin/cmake --build /home/carpe-bleue/ros2_ws/build/serial_package -- -j4 -l4
