[0.104s] Invoking command in '/home/carpe-bleue/ros2_ws/build/ydlidar_ros2_driver': CMAKE_PREFIX_PATH=${CMAKE_PREFIX_PATH}:/home/carpe-bleue/ros2_ws/install/lidar_vl53l1x_processing:/opt/ros/humble /usr/bin/cmake --build /home/carpe-bleue/ros2_ws/build/ydlidar_ros2_driver -- -j4 -l4
[0.783s] [ 50%] Built target ydlidar_ros2_driver_client
[0.840s] [100%] Built target ydlidar_ros2_driver_node
[0.973s] Invoked command in '/home/carpe-bleue/ros2_ws/build/ydlidar_ros2_driver' returned '0': CMAKE_PREFIX_PATH=${CMAKE_PREFIX_PATH}:/home/carpe-bleue/ros2_ws/install/lidar_vl53l1x_processing:/opt/ros/humble /usr/bin/cmake --build /home/carpe-bleue/ros2_ws/build/ydlidar_ros2_driver -- -j4 -l4
[0.999s] Invoking command in '/home/carpe-bleue/ros2_ws/build/ydlidar_ros2_driver': CMAKE_PREFIX_PATH=${CMAKE_PREFIX_PATH}:/home/carpe-bleue/ros2_ws/install/lidar_vl53l1x_processing:/opt/ros/humble /usr/bin/cmake --install /home/carpe-bleue/ros2_ws/build/ydlidar_ros2_driver
[1.088s] -- Install configuration: ""
[1.094s] -- Up-to-date: /home/carpe-bleue/ros2_ws/install/ydlidar_ros2_driver/lib/ydlidar_ros2_driver/safety_node.py
[1.098s] -- Up-to-date: /home/carpe-bleue/ros2_ws/install/ydlidar_ros2_driver/lib/ydlidar_ros2_driver/ydlidar_ros2_driver_node
[1.108s] -- Up-to-date: /home/carpe-bleue/ros2_ws/install/ydlidar_ros2_driver/lib/ydlidar_ros2_driver/ydlidar_ros2_driver_client
[1.122s] -- Up-to-date: /home/carpe-bleue/ros2_ws/install/ydlidar_ros2_driver/share/ydlidar_ros2_driver/launch
[1.123s] -- Up-to-date: /home/carpe-bleue/ros2_ws/install/ydlidar_ros2_driver/share/ydlidar_ros2_driver/launch/ydlidar.py
[1.126s] -- Up-to-date: /home/carpe-bleue/ros2_ws/install/ydlidar_ros2_driver/share/ydlidar_ros2_driver/launch/ydlidar_launch_view.py
[1.137s] -- Up-to-date: /home/carpe-bleue/ros2_ws/install/ydlidar_ros2_driver/share/ydlidar_ros2_driver/launch/ydlidar_launch.py
[1.138s] -- Up-to-date: /home/carpe-bleue/ros2_ws/install/ydlidar_ros2_driver/share/ydlidar_ros2_driver/params
[1.139s] -- Up-to-date: /home/carpe-bleue/ros2_ws/install/ydlidar_ros2_driver/share/ydlidar_ros2_driver/params/TminiPro.yaml
[1.140s] -- Up-to-date: /home/carpe-bleue/ros2_ws/install/ydlidar_ros2_driver/share/ydlidar_ros2_driver/params/X2.yaml
[1.141s] -- Up-to-date: /home/carpe-bleue/ros2_ws/install/ydlidar_ros2_driver/share/ydlidar_ros2_driver/params/GS2.yaml
[1.141s] -- Up-to-date: /home/carpe-bleue/ros2_ws/install/ydlidar_ros2_driver/share/ydlidar_ros2_driver/params/G2.yaml
[1.146s] -- Up-to-date: /home/carpe-bleue/ros2_ws/install/ydlidar_ros2_driver/share/ydlidar_ros2_driver/params/X4.yaml
[1.147s] -- Up-to-date: /home/carpe-bleue/ros2_ws/install/ydlidar_ros2_driver/share/ydlidar_ros2_driver/params/G1.yaml
[1.147s] -- Up-to-date: /home/carpe-bleue/ros2_ws/install/ydlidar_ros2_driver/share/ydlidar_ros2_driver/params/.X4.yaml.swp
[1.148s] -- Up-to-date: /home/carpe-bleue/ros2_ws/install/ydlidar_ros2_driver/share/ydlidar_ros2_driver/params/TG.yaml
[1.148s] -- Up-to-date: /home/carpe-bleue/ros2_ws/install/ydlidar_ros2_driver/share/ydlidar_ros2_driver/params/ydlidar.yaml
[1.149s] -- Up-to-date: /home/carpe-bleue/ros2_ws/install/ydlidar_ros2_driver/share/ydlidar_ros2_driver/params/TEA.yaml
[1.150s] -- Up-to-date: /home/carpe-bleue/ros2_ws/install/ydlidar_ros2_driver/share/ydlidar_ros2_driver/params/X4-Pro.yaml
[1.150s] -- Up-to-date: /home/carpe-bleue/ros2_ws/install/ydlidar_ros2_driver/share/ydlidar_ros2_driver/params/G6.yaml
[1.151s] -- Up-to-date: /home/carpe-bleue/ros2_ws/install/ydlidar_ros2_driver/share/ydlidar_ros2_driver/startup
[1.151s] -- Up-to-date: /home/carpe-bleue/ros2_ws/install/ydlidar_ros2_driver/share/ydlidar_ros2_driver/startup/initenv.sh
[1.153s] -- Up-to-date: /home/carpe-bleue/ros2_ws/install/ydlidar_ros2_driver/share/ydlidar_ros2_driver/config
[1.154s] -- Up-to-date: /home/carpe-bleue/ros2_ws/install/ydlidar_ros2_driver/share/ydlidar_ros2_driver/config/ydlidar.rviz
[1.155s] -- Up-to-date: /home/carpe-bleue/ros2_ws/install/ydlidar_ros2_driver/share/ament_index/resource_index/package_run_dependencies/ydlidar_ros2_driver
[1.157s] -- Up-to-date: /home/carpe-bleue/ros2_ws/install/ydlidar_ros2_driver/share/ament_index/resource_index/parent_prefix_path/ydlidar_ros2_driver
[1.157s] -- Up-to-date: /home/carpe-bleue/ros2_ws/install/ydlidar_ros2_driver/share/ydlidar_ros2_driver/environment/ament_prefix_path.sh
[1.158s] -- Up-to-date: /home/carpe-bleue/ros2_ws/install/ydlidar_ros2_driver/share/ydlidar_ros2_driver/environment/ament_prefix_path.dsv
[1.178s] -- Up-to-date: /home/carpe-bleue/ros2_ws/install/ydlidar_ros2_driver/share/ydlidar_ros2_driver/environment/path.sh
[1.193s] -- Up-to-date: /home/carpe-bleue/ros2_ws/install/ydlidar_ros2_driver/share/ydlidar_ros2_driver/environment/path.dsv
[1.200s] -- Up-to-date: /home/carpe-bleue/ros2_ws/install/ydlidar_ros2_driver/share/ydlidar_ros2_driver/local_setup.bash
[1.201s] -- Up-to-date: /home/carpe-bleue/ros2_ws/install/ydlidar_ros2_driver/share/ydlidar_ros2_driver/local_setup.sh
[1.201s] -- Up-to-date: /home/carpe-bleue/ros2_ws/install/ydlidar_ros2_driver/share/ydlidar_ros2_driver/local_setup.zsh
[1.202s] -- Up-to-date: /home/carpe-bleue/ros2_ws/install/ydlidar_ros2_driver/share/ydlidar_ros2_driver/local_setup.dsv
[1.202s] -- Installing: /home/carpe-bleue/ros2_ws/install/ydlidar_ros2_driver/share/ydlidar_ros2_driver/package.dsv
[1.203s] -- Up-to-date: /home/carpe-bleue/ros2_ws/install/ydlidar_ros2_driver/share/ament_index/resource_index/packages/ydlidar_ros2_driver
[1.203s] -- Up-to-date: /home/carpe-bleue/ros2_ws/install/ydlidar_ros2_driver/share/ydlidar_ros2_driver/cmake/ydlidar_ros2_driverConfig.cmake
[1.204s] -- Up-to-date: /home/carpe-bleue/ros2_ws/install/ydlidar_ros2_driver/share/ydlidar_ros2_driver/cmake/ydlidar_ros2_driverConfig-version.cmake
[1.204s] -- Up-to-date: /home/carpe-bleue/ros2_ws/install/ydlidar_ros2_driver/share/ydlidar_ros2_driver/package.xml
[1.206s] Invoked command in '/home/carpe-bleue/ros2_ws/build/ydlidar_ros2_driver' returned '0': CMAKE_PREFIX_PATH=${CMAKE_PREFIX_PATH}:/home/carpe-bleue/ros2_ws/install/lidar_vl53l1x_processing:/opt/ros/humble /usr/bin/cmake --install /home/carpe-bleue/ros2_ws/build/ydlidar_ros2_driver
