[0.054s] Invoking command in '/home/carpe-bleue/ros2_ws/build/ydlidar_ros2_driver': CMAKE_PREFIX_PATH=/opt/ros/humble /usr/bin/cmake --build /home/carpe-bleue/ros2_ws/build/ydlidar_ros2_driver -- -j4 -l4
[0.148s] -- Found ament_cmake: 1.3.11 (/opt/ros/humble/share/ament_cmake/cmake)
[0.770s] -- Found rclcpp: 16.0.12 (/opt/ros/humble/share/rclcpp/cmake)
[0.918s] -- Found rosidl_generator_c: 3.1.6 (/opt/ros/humble/share/rosidl_generator_c/cmake)
[0.928s] -- Found rosidl_adapter: 3.1.6 (/opt/ros/humble/share/rosidl_adapter/cmake)
[0.951s] -- Found rosidl_generator_cpp: 3.1.6 (/opt/ros/humble/share/rosidl_generator_cpp/cmake)
[0.989s] -- Using all available rosidl_typesupport_c: rosidl_typesupport_fastrtps_c;rosidl_typesupport_introspection_c
[1.038s] -- Using all available rosidl_typesupport_cpp: rosidl_typesupport_fastrtps_cpp;rosidl_typesupport_introspection_cpp
[1.165s] -- Found rmw_implementation_cmake: 6.1.2 (/opt/ros/humble/share/rmw_implementation_cmake/cmake)
[1.170s] -- Found rmw_fastrtps_cpp: 6.2.7 (/opt/ros/humble/share/rmw_fastrtps_cpp/cmake)
[1.895s] -- Using RMW implementation 'rmw_fastrtps_cpp' as default
[2.077s] -- Found sensor_msgs: 4.8.0 (/opt/ros/humble/share/sensor_msgs/cmake)
[2.189s] -- Found visualization_msgs: 4.8.0 (/opt/ros/humble/share/visualization_msgs/cmake)
[2.266s] -- Found std_srvs: 4.8.0 (/opt/ros/humble/share/std_srvs/cmake)
[2.432s] [31mCMake Error at CMakeLists.txt:22 (find_package):
[2.432s]   By not providing "Findydlidar_sdk.cmake" in CMAKE_MODULE_PATH this project
[2.433s]   has asked CMake to find a package configuration file provided by
[2.433s]   "ydlidar_sdk", but CMake did not find one.
[2.434s] 
[2.434s]   Could not find a package configuration file provided by "ydlidar_sdk" with
[2.435s]   any of the following names:
[2.435s] 
[2.436s]     ydlidar_sdkConfig.cmake
[2.436s]     ydlidar_sdk-config.cmake
[2.437s] 
[2.437s]   Add the installation prefix of "ydlidar_sdk" to CMAKE_PREFIX_PATH or set
[2.438s]   "ydlidar_sdk_DIR" to a directory containing one of the above files.  If
[2.439s]   "ydlidar_sdk" provides a separate development package or SDK, be sure it
[2.441s]   has been installed.
[2.442s] 
[2.442s] [0m
[2.443s] -- Configuring incomplete, errors occurred!
[2.444s] See also "/home/carpe-bleue/ros2_ws/build/ydlidar_ros2_driver/CMakeFiles/CMakeOutput.log".
[2.463s] gmake: *** [Makefile:308: cmake_check_build_system] Error 1
[2.470s] Invoked command in '/home/carpe-bleue/ros2_ws/build/ydlidar_ros2_driver' returned '2': CMAKE_PREFIX_PATH=/opt/ros/humble /usr/bin/cmake --build /home/carpe-bleue/ros2_ws/build/ydlidar_ros2_driver -- -j4 -l4
