[  3%] [34m[1mGenerating C code for ROS interfaces[0m
[  6%] [34m[1mGenerating C++ code for ROS interfaces[0m
[  6%] Built target ament_cmake_python_copy_ros2_serial_msgs
running egg_info
creating ros2_serial_msgs.egg-info
writing ros2_serial_msgs.egg-info/PKG-INFO
writing dependency_links to ros2_serial_msgs.egg-info/dependency_links.txt
writing top-level names to ros2_serial_msgs.egg-info/top_level.txt
writing manifest file 'ros2_serial_msgs.egg-info/SOURCES.txt'
reading manifest file 'ros2_serial_msgs.egg-info/SOURCES.txt'
writing manifest file 'ros2_serial_msgs.egg-info/SOURCES.txt'
[  6%] Built target ros2_serial_msgs__cpp
[  6%] Built target ament_cmake_python_build_ros2_serial_msgs_egg
[  9%] [34m[1mGenerating C++ type support dispatch for ROS interfaces[0m
[ 12%] [34m[1mGenerating C++ type support for eProsima Fast-RTPS[0m
[ 16%] [32mBuilding C object CMakeFiles/ros2_serial_msgs__rosidl_generator_c.dir/rosidl_generator_c/ros2_serial_msgs/msg/detail/serial_mapping__functions.c.o[0m
[ 19%] [34m[1mGenerating C++ introspection for ROS interfaces[0m
[ 22%] [32m[1mLinking C shared library libros2_serial_msgs__rosidl_generator_c.so[0m
[ 22%] Built target ros2_serial_msgs__rosidl_generator_c
[ 25%] [34m[1mGenerating C type support for eProsima Fast-RTPS[0m
[ 29%] [32mBuilding CXX object CMakeFiles/ros2_serial_msgs__rosidl_typesupport_cpp.dir/rosidl_typesupport_cpp/ros2_serial_msgs/msg/serial_mapping__type_support.cpp.o[0m
[ 32%] [32mBuilding CXX object CMakeFiles/ros2_serial_msgs__rosidl_typesupport_fastrtps_cpp.dir/rosidl_typesupport_fastrtps_cpp/ros2_serial_msgs/msg/detail/dds_fastrtps/serial_mapping__type_support.cpp.o[0m
[ 35%] [32mBuilding CXX object CMakeFiles/ros2_serial_msgs__rosidl_typesupport_introspection_cpp.dir/rosidl_typesupport_introspection_cpp/ros2_serial_msgs/msg/detail/serial_mapping__type_support.cpp.o[0m
[ 38%] [32mBuilding CXX object CMakeFiles/ros2_serial_msgs__rosidl_typesupport_fastrtps_c.dir/rosidl_typesupport_fastrtps_c/ros2_serial_msgs/msg/detail/serial_mapping__type_support_c.cpp.o[0m
[ 41%] [32m[1mLinking CXX shared library libros2_serial_msgs__rosidl_typesupport_cpp.so[0m
[ 41%] Built target ros2_serial_msgs__rosidl_typesupport_cpp
[ 45%] [34m[1mGenerating C introspection for ROS interfaces[0m
[ 48%] [32m[1mLinking CXX shared library libros2_serial_msgs__rosidl_typesupport_introspection_cpp.so[0m
[ 51%] [32m[1mLinking CXX shared library libros2_serial_msgs__rosidl_typesupport_fastrtps_c.so[0m
[ 54%] [32m[1mLinking CXX shared library libros2_serial_msgs__rosidl_typesupport_fastrtps_cpp.so[0m
[ 54%] Built target ros2_serial_msgs__rosidl_typesupport_introspection_cpp
[ 58%] [34m[1mGenerating C type support dispatch for ROS interfaces[0m
[ 58%] Built target ros2_serial_msgs__rosidl_typesupport_fastrtps_c
[ 58%] Built target ros2_serial_msgs__rosidl_typesupport_fastrtps_cpp
[ 61%] [32mBuilding C object CMakeFiles/ros2_serial_msgs__rosidl_typesupport_introspection_c.dir/rosidl_typesupport_introspection_c/ros2_serial_msgs/msg/detail/serial_mapping__type_support.c.o[0m
[ 64%] [32m[1mLinking C shared library libros2_serial_msgs__rosidl_typesupport_introspection_c.so[0m
[ 64%] Built target ros2_serial_msgs__rosidl_typesupport_introspection_c
[ 67%] [32mBuilding CXX object CMakeFiles/ros2_serial_msgs__rosidl_typesupport_c.dir/rosidl_typesupport_c/ros2_serial_msgs/msg/serial_mapping__type_support.cpp.o[0m
[ 70%] [32m[1mLinking CXX shared library libros2_serial_msgs__rosidl_typesupport_c.so[0m
[ 70%] Built target ros2_serial_msgs__rosidl_typesupport_c
[ 70%] Built target ros2_serial_msgs
[ 74%] [34m[1mGenerating Python code for ROS interfaces[0m
[ 74%] Built target ros2_serial_msgs__py
[ 77%] [32mBuilding C object CMakeFiles/ros2_serial_msgs__rosidl_generator_py.dir/rosidl_generator_py/ros2_serial_msgs/msg/_serial_mapping_s.c.o[0m
[ 80%] [32m[1mLinking C shared library rosidl_generator_py/ros2_serial_msgs/libros2_serial_msgs__rosidl_generator_py.so[0m
[ 80%] Built target ros2_serial_msgs__rosidl_generator_py
[ 83%] [32mBuilding C object CMakeFiles/ros2_serial_msgs__rosidl_typesupport_fastrtps_c__pyext.dir/rosidl_generator_py/ros2_serial_msgs/_ros2_serial_msgs_s.ep.rosidl_typesupport_fastrtps_c.c.o[0m
[ 87%] [32mBuilding C object CMakeFiles/ros2_serial_msgs__rosidl_typesupport_introspection_c__pyext.dir/rosidl_generator_py/ros2_serial_msgs/_ros2_serial_msgs_s.ep.rosidl_typesupport_introspection_c.c.o[0m
[ 90%] [32mBuilding C object CMakeFiles/ros2_serial_msgs__rosidl_typesupport_c__pyext.dir/rosidl_generator_py/ros2_serial_msgs/_ros2_serial_msgs_s.ep.rosidl_typesupport_c.c.o[0m
[ 93%] [32m[1mLinking C shared library rosidl_generator_py/ros2_serial_msgs/ros2_serial_msgs_s__rosidl_typesupport_c.cpython-310-aarch64-linux-gnu.so[0m
[ 96%] [32m[1mLinking C shared library rosidl_generator_py/ros2_serial_msgs/ros2_serial_msgs_s__rosidl_typesupport_introspection_c.cpython-310-aarch64-linux-gnu.so[0m
[100%] [32m[1mLinking C shared library rosidl_generator_py/ros2_serial_msgs/ros2_serial_msgs_s__rosidl_typesupport_fastrtps_c.cpython-310-aarch64-linux-gnu.so[0m
[100%] Built target ros2_serial_msgs__rosidl_typesupport_c__pyext
[100%] Built target ros2_serial_msgs__rosidl_typesupport_introspection_c__pyext
[100%] Built target ros2_serial_msgs__rosidl_typesupport_fastrtps_c__pyext
