[0.065s] Invoking command in '/home/carpe-bleue/ros2_ws/build/ros2_serial_msgs': CMAKE_PREFIX_PATH=/opt/ros/humble /usr/bin/cmake --build /home/carpe-bleue/ros2_ws/build/ros2_serial_msgs -- -j4 -l4
[0.230s] [  3%] [34m[1mGenerating C code for ROS interfaces[0m
[0.291s] [  6%] [34m[1mGenerating C++ code for ROS interfaces[0m
[0.322s] [  6%] Built target ament_cmake_python_copy_ros2_serial_msgs
[1.992s] running egg_info
[1.996s] creating ros2_serial_msgs.egg-info
[1.997s] writing ros2_serial_msgs.egg-info/PKG-INFO
[2.000s] writing dependency_links to ros2_serial_msgs.egg-info/dependency_links.txt
[2.001s] writing top-level names to ros2_serial_msgs.egg-info/top_level.txt
[2.003s] writing manifest file 'ros2_serial_msgs.egg-info/SOURCES.txt'
[2.015s] reading manifest file 'ros2_serial_msgs.egg-info/SOURCES.txt'
[2.019s] writing manifest file 'ros2_serial_msgs.egg-info/SOURCES.txt'
[2.153s] [  6%] Built target ros2_serial_msgs__cpp
[2.184s] [  6%] Built target ament_cmake_python_build_ros2_serial_msgs_egg
[2.209s] [  9%] [34m[1mGenerating C++ type support dispatch for ROS interfaces[0m
[2.216s] [ 12%] [34m[1mGenerating C++ type support for eProsima Fast-RTPS[0m
[2.239s] [ 16%] [32mBuilding C object CMakeFiles/ros2_serial_msgs__rosidl_generator_c.dir/rosidl_generator_c/ros2_serial_msgs/msg/detail/serial_mapping__functions.c.o[0m
[2.259s] [ 19%] [34m[1mGenerating C++ introspection for ROS interfaces[0m
[2.694s] [ 22%] [32m[1mLinking C shared library libros2_serial_msgs__rosidl_generator_c.so[0m
[3.061s] [ 22%] Built target ros2_serial_msgs__rosidl_generator_c
[3.110s] [ 25%] [34m[1mGenerating C type support for eProsima Fast-RTPS[0m
[3.950s] [ 29%] [32mBuilding CXX object CMakeFiles/ros2_serial_msgs__rosidl_typesupport_cpp.dir/rosidl_typesupport_cpp/ros2_serial_msgs/msg/serial_mapping__type_support.cpp.o[0m
[4.086s] [ 32%] [32mBuilding CXX object CMakeFiles/ros2_serial_msgs__rosidl_typesupport_fastrtps_cpp.dir/rosidl_typesupport_fastrtps_cpp/ros2_serial_msgs/msg/detail/dds_fastrtps/serial_mapping__type_support.cpp.o[0m
[4.149s] [ 35%] [32mBuilding CXX object CMakeFiles/ros2_serial_msgs__rosidl_typesupport_introspection_cpp.dir/rosidl_typesupport_introspection_cpp/ros2_serial_msgs/msg/detail/serial_mapping__type_support.cpp.o[0m
[4.890s] [ 38%] [32mBuilding CXX object CMakeFiles/ros2_serial_msgs__rosidl_typesupport_fastrtps_c.dir/rosidl_typesupport_fastrtps_c/ros2_serial_msgs/msg/detail/serial_mapping__type_support_c.cpp.o[0m
[5.614s] [ 41%] [32m[1mLinking CXX shared library libros2_serial_msgs__rosidl_typesupport_cpp.so[0m
[5.833s] [ 41%] Built target ros2_serial_msgs__rosidl_typesupport_cpp
[5.892s] [ 45%] [34m[1mGenerating C introspection for ROS interfaces[0m
[7.123s] [ 48%] [32m[1mLinking CXX shared library libros2_serial_msgs__rosidl_typesupport_introspection_cpp.so[0m
[7.182s] [ 51%] [32m[1mLinking CXX shared library libros2_serial_msgs__rosidl_typesupport_fastrtps_c.so[0m
[7.331s] [ 54%] [32m[1mLinking CXX shared library libros2_serial_msgs__rosidl_typesupport_fastrtps_cpp.so[0m
[7.530s] [ 54%] Built target ros2_serial_msgs__rosidl_typesupport_introspection_cpp
[7.580s] [ 58%] [34m[1mGenerating C type support dispatch for ROS interfaces[0m
[7.584s] [ 58%] Built target ros2_serial_msgs__rosidl_typesupport_fastrtps_c
[7.753s] [ 58%] Built target ros2_serial_msgs__rosidl_typesupport_fastrtps_cpp
[7.840s] [ 61%] [32mBuilding C object CMakeFiles/ros2_serial_msgs__rosidl_typesupport_introspection_c.dir/rosidl_typesupport_introspection_c/ros2_serial_msgs/msg/detail/serial_mapping__type_support.c.o[0m
[8.056s] [ 64%] [32m[1mLinking C shared library libros2_serial_msgs__rosidl_typesupport_introspection_c.so[0m
[8.175s] [ 64%] Built target ros2_serial_msgs__rosidl_typesupport_introspection_c
[8.919s] [ 67%] [32mBuilding CXX object CMakeFiles/ros2_serial_msgs__rosidl_typesupport_c.dir/rosidl_typesupport_c/ros2_serial_msgs/msg/serial_mapping__type_support.cpp.o[0m
[9.065s] [ 70%] [32m[1mLinking CXX shared library libros2_serial_msgs__rosidl_typesupport_c.so[0m
[9.218s] [ 70%] Built target ros2_serial_msgs__rosidl_typesupport_c
[9.299s] [ 70%] Built target ros2_serial_msgs
[9.379s] [ 74%] [34m[1mGenerating Python code for ROS interfaces[0m
[11.210s] [ 74%] Built target ros2_serial_msgs__py
[11.288s] [ 77%] [32mBuilding C object CMakeFiles/ros2_serial_msgs__rosidl_generator_py.dir/rosidl_generator_py/ros2_serial_msgs/msg/_serial_mapping_s.c.o[0m
[11.905s] [ 80%] [32m[1mLinking C shared library rosidl_generator_py/ros2_serial_msgs/libros2_serial_msgs__rosidl_generator_py.so[0m
[12.075s] [ 80%] Built target ros2_serial_msgs__rosidl_generator_py
[12.163s] [ 83%] [32mBuilding C object CMakeFiles/ros2_serial_msgs__rosidl_typesupport_fastrtps_c__pyext.dir/rosidl_generator_py/ros2_serial_msgs/_ros2_serial_msgs_s.ep.rosidl_typesupport_fastrtps_c.c.o[0m
[12.165s] [ 87%] [32mBuilding C object CMakeFiles/ros2_serial_msgs__rosidl_typesupport_introspection_c__pyext.dir/rosidl_generator_py/ros2_serial_msgs/_ros2_serial_msgs_s.ep.rosidl_typesupport_introspection_c.c.o[0m
[12.168s] [ 90%] [32mBuilding C object CMakeFiles/ros2_serial_msgs__rosidl_typesupport_c__pyext.dir/rosidl_generator_py/ros2_serial_msgs/_ros2_serial_msgs_s.ep.rosidl_typesupport_c.c.o[0m
[12.599s] [ 93%] [32m[1mLinking C shared library rosidl_generator_py/ros2_serial_msgs/ros2_serial_msgs_s__rosidl_typesupport_c.cpython-310-aarch64-linux-gnu.so[0m
[12.621s] [ 96%] [32m[1mLinking C shared library rosidl_generator_py/ros2_serial_msgs/ros2_serial_msgs_s__rosidl_typesupport_introspection_c.cpython-310-aarch64-linux-gnu.so[0m
[12.659s] [100%] [32m[1mLinking C shared library rosidl_generator_py/ros2_serial_msgs/ros2_serial_msgs_s__rosidl_typesupport_fastrtps_c.cpython-310-aarch64-linux-gnu.so[0m
[12.767s] [100%] Built target ros2_serial_msgs__rosidl_typesupport_c__pyext
[12.791s] [100%] Built target ros2_serial_msgs__rosidl_typesupport_introspection_c__pyext
[12.834s] [100%] Built target ros2_serial_msgs__rosidl_typesupport_fastrtps_c__pyext
