[0.429s] DEBUG:colcon:Command line arguments: ['/usr/bin/colcon', 'build']
[0.430s] DEBUG:colcon:Parsed command line arguments: Namespace(log_base=None, log_level=None, verb_name='build', build_base='build', install_base='install', merge_install=False, symlink_install=False, test_result_base=None, continue_on_error=False, executor='parallel', parallel_workers=4, event_handlers=None, ignore_user_meta=False, metas=['./colcon.meta'], base_paths=['.'], packages_ignore=None, packages_ignore_regex=None, paths=None, packages_up_to=None, packages_up_to_regex=None, packages_above=None, packages_above_and_dependencies=None, packages_above_depth=None, packages_select_by_dep=None, packages_skip_by_dep=None, packages_skip_up_to=None, packages_select_build_failed=False, packages_skip_build_finished=False, packages_select_test_failures=False, packages_skip_test_passed=False, packages_select=None, packages_skip=None, packages_select_regex=None, packages_skip_regex=None, packages_start=None, packages_end=None, allow_overriding=[], cmake_args=None, cmake_target=None, cmake_target_skip_unavailable=False, cmake_clean_cache=False, cmake_clean_first=False, cmake_force_configure=False, ament_cmake_args=None, catkin_cmake_args=None, catkin_skip_building_tests=False, verb_parser=<colcon_defaults.argument_parser.defaults.DefaultArgumentsDecorator object at 0xffffabff7490>, verb_extension=<colcon_core.verb.build.BuildVerb object at 0xffffabff7040>, main=<bound method BuildVerb.main of <colcon_core.verb.build.BuildVerb object at 0xffffabff7040>>)
[1.209s] Level 1:colcon.colcon_core.package_discovery:discover_packages(colcon_meta) check parameters
[1.210s] Level 1:colcon.colcon_core.package_discovery:discover_packages(recursive) check parameters
[1.210s] Level 1:colcon.colcon_core.package_discovery:discover_packages(ignore) check parameters
[1.210s] Level 1:colcon.colcon_core.package_discovery:discover_packages(path) check parameters
[1.210s] Level 1:colcon.colcon_core.package_discovery:discover_packages(colcon_meta) discover
[1.210s] Level 1:colcon.colcon_core.package_discovery:discover_packages(recursive) discover
[1.210s] INFO:colcon.colcon_core.package_discovery:Crawling recursively for packages in '/home/carpe-bleue/ros2_ws'
[1.211s] Level 1:colcon.colcon_core.package_identification:_identify(.) by extensions ['ignore', 'ignore_ament_install']
[1.211s] Level 1:colcon.colcon_core.package_identification:_identify(.) by extension 'ignore'
[1.211s] Level 1:colcon.colcon_core.package_identification:_identify(.) by extension 'ignore_ament_install'
[1.211s] Level 1:colcon.colcon_core.package_identification:_identify(.) by extensions ['colcon_pkg']
[1.212s] Level 1:colcon.colcon_core.package_identification:_identify(.) by extension 'colcon_pkg'
[1.212s] Level 1:colcon.colcon_core.package_identification:_identify(.) by extensions ['colcon_meta']
[1.212s] Level 1:colcon.colcon_core.package_identification:_identify(.) by extension 'colcon_meta'
[1.212s] Level 1:colcon.colcon_core.package_identification:_identify(.) by extensions ['ros']
[1.212s] Level 1:colcon.colcon_core.package_identification:_identify(.) by extension 'ros'
[1.259s] Level 1:colcon.colcon_core.package_identification:_identify(.) by extensions ['cmake', 'python']
[1.259s] Level 1:colcon.colcon_core.package_identification:_identify(.) by extension 'cmake'
[1.259s] Level 1:colcon.colcon_core.package_identification:_identify(.) by extension 'python'
[1.259s] Level 1:colcon.colcon_core.package_identification:_identify(.) by extensions ['python_setup_py']
[1.259s] Level 1:colcon.colcon_core.package_identification:_identify(.) by extension 'python_setup_py'
[1.260s] Level 1:colcon.colcon_core.package_identification:_identify(build) by extensions ['ignore', 'ignore_ament_install']
[1.260s] Level 1:colcon.colcon_core.package_identification:_identify(build) by extension 'ignore'
[1.261s] Level 1:colcon.colcon_core.package_identification:_identify(build) ignored
[1.261s] Level 1:colcon.colcon_core.package_identification:_identify(install) by extensions ['ignore', 'ignore_ament_install']
[1.261s] Level 1:colcon.colcon_core.package_identification:_identify(install) by extension 'ignore'
[1.262s] Level 1:colcon.colcon_core.package_identification:_identify(install) ignored
[1.264s] Level 1:colcon.colcon_core.package_identification:_identify(log) by extensions ['ignore', 'ignore_ament_install']
[1.265s] Level 1:colcon.colcon_core.package_identification:_identify(log) by extension 'ignore'
[1.265s] Level 1:colcon.colcon_core.package_identification:_identify(log) ignored
[1.265s] Level 1:colcon.colcon_core.package_identification:_identify(src) by extensions ['ignore', 'ignore_ament_install']
[1.265s] Level 1:colcon.colcon_core.package_identification:_identify(src) by extension 'ignore'
[1.266s] Level 1:colcon.colcon_core.package_identification:_identify(src) by extension 'ignore_ament_install'
[1.266s] Level 1:colcon.colcon_core.package_identification:_identify(src) by extensions ['colcon_pkg']
[1.266s] Level 1:colcon.colcon_core.package_identification:_identify(src) by extension 'colcon_pkg'
[1.266s] Level 1:colcon.colcon_core.package_identification:_identify(src) by extensions ['colcon_meta']
[1.266s] Level 1:colcon.colcon_core.package_identification:_identify(src) by extension 'colcon_meta'
[1.266s] Level 1:colcon.colcon_core.package_identification:_identify(src) by extensions ['ros']
[1.267s] Level 1:colcon.colcon_core.package_identification:_identify(src) by extension 'ros'
[1.267s] Level 1:colcon.colcon_core.package_identification:_identify(src) by extensions ['cmake', 'python']
[1.267s] Level 1:colcon.colcon_core.package_identification:_identify(src) by extension 'cmake'
[1.267s] Level 1:colcon.colcon_core.package_identification:_identify(src) by extension 'python'
[1.267s] Level 1:colcon.colcon_core.package_identification:_identify(src) by extensions ['python_setup_py']
[1.267s] Level 1:colcon.colcon_core.package_identification:_identify(src) by extension 'python_setup_py'
[1.268s] Level 1:colcon.colcon_core.package_identification:_identify(src/serial_package) by extensions ['ignore', 'ignore_ament_install']
[1.268s] Level 1:colcon.colcon_core.package_identification:_identify(src/serial_package) by extension 'ignore'
[1.268s] Level 1:colcon.colcon_core.package_identification:_identify(src/serial_package) by extension 'ignore_ament_install'
[1.269s] Level 1:colcon.colcon_core.package_identification:_identify(src/serial_package) by extensions ['colcon_pkg']
[1.269s] Level 1:colcon.colcon_core.package_identification:_identify(src/serial_package) by extension 'colcon_pkg'
[1.269s] Level 1:colcon.colcon_core.package_identification:_identify(src/serial_package) by extensions ['colcon_meta']
[1.269s] Level 1:colcon.colcon_core.package_identification:_identify(src/serial_package) by extension 'colcon_meta'
[1.269s] Level 1:colcon.colcon_core.package_identification:_identify(src/serial_package) by extensions ['ros']
[1.269s] Level 1:colcon.colcon_core.package_identification:_identify(src/serial_package) by extension 'ros'
[1.278s] DEBUG:colcon.colcon_core.package_identification:Package 'src/serial_package' with type 'ros.ament_cmake' and name 'serial_package'
[1.279s] Level 1:colcon.colcon_core.package_identification:_identify(src/ydlidar_ros2_driver) by extensions ['ignore', 'ignore_ament_install']
[1.279s] Level 1:colcon.colcon_core.package_identification:_identify(src/ydlidar_ros2_driver) by extension 'ignore'
[1.279s] Level 1:colcon.colcon_core.package_identification:_identify(src/ydlidar_ros2_driver) by extension 'ignore_ament_install'
[1.279s] Level 1:colcon.colcon_core.package_identification:_identify(src/ydlidar_ros2_driver) by extensions ['colcon_pkg']
[1.279s] Level 1:colcon.colcon_core.package_identification:_identify(src/ydlidar_ros2_driver) by extension 'colcon_pkg'
[1.280s] Level 1:colcon.colcon_core.package_identification:_identify(src/ydlidar_ros2_driver) by extensions ['colcon_meta']
[1.280s] Level 1:colcon.colcon_core.package_identification:_identify(src/ydlidar_ros2_driver) by extension 'colcon_meta'
[1.280s] Level 1:colcon.colcon_core.package_identification:_identify(src/ydlidar_ros2_driver) by extensions ['ros']
[1.280s] Level 1:colcon.colcon_core.package_identification:_identify(src/ydlidar_ros2_driver) by extension 'ros'
[1.283s] DEBUG:colcon.colcon_core.package_identification:Package 'src/ydlidar_ros2_driver' with type 'ros.ament_cmake' and name 'ydlidar_ros2_driver'
[1.283s] Level 1:colcon.colcon_core.package_discovery:discover_packages(recursive) using defaults
[1.283s] Level 1:colcon.colcon_core.package_discovery:discover_packages(ignore) discover
[1.283s] Level 1:colcon.colcon_core.package_discovery:discover_packages(ignore) using defaults
[1.283s] Level 1:colcon.colcon_core.package_discovery:discover_packages(path) discover
[1.283s] Level 1:colcon.colcon_core.package_discovery:discover_packages(path) using defaults
[1.358s] Level 1:colcon.colcon_core.package_discovery:discover_packages(prefix_path) check parameters
[1.358s] Level 1:colcon.colcon_core.package_discovery:discover_packages(prefix_path) discover
[1.369s] DEBUG:colcon.colcon_installed_package_information.package_discovery:Found 9 installed packages in /home/carpe-bleue/ros2_ws/install
[1.372s] DEBUG:colcon.colcon_installed_package_information.package_discovery:Found 3 installed packages in /home/carpe-bleue/ydlidar_ros2_ws/install
[1.381s] DEBUG:colcon.colcon_installed_package_information.package_discovery:Found 271 installed packages in /opt/ros/humble
[1.428s] Level 1:colcon.colcon_core.package_discovery:discover_packages(prefix_path) using defaults
[1.592s] Level 5:colcon.colcon_core.verb:set package 'serial_package' build argument 'cmake_args' from command line to 'None'
[1.592s] Level 5:colcon.colcon_core.verb:set package 'serial_package' build argument 'cmake_target' from command line to 'None'
[1.592s] Level 5:colcon.colcon_core.verb:set package 'serial_package' build argument 'cmake_target_skip_unavailable' from command line to 'False'
[1.592s] Level 5:colcon.colcon_core.verb:set package 'serial_package' build argument 'cmake_clean_cache' from command line to 'False'
[1.593s] Level 5:colcon.colcon_core.verb:set package 'serial_package' build argument 'cmake_clean_first' from command line to 'False'
[1.593s] Level 5:colcon.colcon_core.verb:set package 'serial_package' build argument 'cmake_force_configure' from command line to 'False'
[1.593s] Level 5:colcon.colcon_core.verb:set package 'serial_package' build argument 'ament_cmake_args' from command line to 'None'
[1.593s] Level 5:colcon.colcon_core.verb:set package 'serial_package' build argument 'catkin_cmake_args' from command line to 'None'
[1.593s] Level 5:colcon.colcon_core.verb:set package 'serial_package' build argument 'catkin_skip_building_tests' from command line to 'False'
[1.593s] DEBUG:colcon.colcon_core.verb:Building package 'serial_package' with the following arguments: {'ament_cmake_args': None, 'build_base': '/home/carpe-bleue/ros2_ws/build/serial_package', 'catkin_cmake_args': None, 'catkin_skip_building_tests': False, 'cmake_args': None, 'cmake_clean_cache': False, 'cmake_clean_first': False, 'cmake_force_configure': False, 'cmake_target': None, 'cmake_target_skip_unavailable': False, 'install_base': '/home/carpe-bleue/ros2_ws/install/serial_package', 'merge_install': False, 'path': '/home/carpe-bleue/ros2_ws/src/serial_package', 'symlink_install': False, 'test_result_base': None}
[1.595s] Level 5:colcon.colcon_core.verb:set package 'ydlidar_ros2_driver' build argument 'cmake_args' from command line to 'None'
[1.595s] Level 5:colcon.colcon_core.verb:set package 'ydlidar_ros2_driver' build argument 'cmake_target' from command line to 'None'
[1.595s] Level 5:colcon.colcon_core.verb:set package 'ydlidar_ros2_driver' build argument 'cmake_target_skip_unavailable' from command line to 'False'
[1.595s] Level 5:colcon.colcon_core.verb:set package 'ydlidar_ros2_driver' build argument 'cmake_clean_cache' from command line to 'False'
[1.595s] Level 5:colcon.colcon_core.verb:set package 'ydlidar_ros2_driver' build argument 'cmake_clean_first' from command line to 'False'
[1.595s] Level 5:colcon.colcon_core.verb:set package 'ydlidar_ros2_driver' build argument 'cmake_force_configure' from command line to 'False'
[1.595s] Level 5:colcon.colcon_core.verb:set package 'ydlidar_ros2_driver' build argument 'ament_cmake_args' from command line to 'None'
[1.595s] Level 5:colcon.colcon_core.verb:set package 'ydlidar_ros2_driver' build argument 'catkin_cmake_args' from command line to 'None'
[1.595s] Level 5:colcon.colcon_core.verb:set package 'ydlidar_ros2_driver' build argument 'catkin_skip_building_tests' from command line to 'False'
[1.596s] DEBUG:colcon.colcon_core.verb:Building package 'ydlidar_ros2_driver' with the following arguments: {'ament_cmake_args': None, 'build_base': '/home/carpe-bleue/ros2_ws/build/ydlidar_ros2_driver', 'catkin_cmake_args': None, 'catkin_skip_building_tests': False, 'cmake_args': None, 'cmake_clean_cache': False, 'cmake_clean_first': False, 'cmake_force_configure': False, 'cmake_target': None, 'cmake_target_skip_unavailable': False, 'install_base': '/home/carpe-bleue/ros2_ws/install/ydlidar_ros2_driver', 'merge_install': False, 'path': '/home/carpe-bleue/ros2_ws/src/ydlidar_ros2_driver', 'symlink_install': False, 'test_result_base': None}
[1.596s] INFO:colcon.colcon_core.executor:Executing jobs using 'parallel' executor
[1.599s] DEBUG:colcon.colcon_parallel_executor.executor.parallel:run_until_complete
[1.600s] INFO:colcon.colcon_ros.task.ament_cmake.build:Building ROS package in '/home/carpe-bleue/ros2_ws/src/serial_package' with build type 'ament_cmake'
[1.601s] INFO:colcon.colcon_cmake.task.cmake.build:Building CMake package in '/home/carpe-bleue/ros2_ws/src/serial_package'
[1.609s] INFO:colcon.colcon_core.plugin_system:Skipping extension 'colcon_core.shell.bat': Not used on non-Windows systems
[1.610s] INFO:colcon.colcon_core.shell:Skip shell extension 'powershell' for command environment: Not usable outside of PowerShell
[1.610s] DEBUG:colcon.colcon_core.shell:Skip shell extension 'dsv' for command environment
[1.633s] INFO:colcon.colcon_ros.task.ament_cmake.build:Building ROS package in '/home/carpe-bleue/ros2_ws/src/ydlidar_ros2_driver' with build type 'ament_cmake'
[1.634s] INFO:colcon.colcon_cmake.task.cmake.build:Building CMake package in '/home/carpe-bleue/ros2_ws/src/ydlidar_ros2_driver'
[1.635s] INFO:colcon.colcon_core.shell:Skip shell extension 'powershell' for command environment: Not usable outside of PowerShell
[1.636s] DEBUG:colcon.colcon_core.shell:Skip shell extension 'dsv' for command environment
[1.674s] DEBUG:colcon.colcon_core.event_handler.log_command:Invoking command in '/home/carpe-bleue/ros2_ws/build/serial_package': CMAKE_PREFIX_PATH=${CMAKE_PREFIX_PATH}:/home/carpe-bleue/ros2_ws/install/lidar_vl53l1x_processing:/opt/ros/humble /usr/bin/cmake --build /home/carpe-bleue/ros2_ws/build/serial_package -- -j4 -l4
[1.703s] DEBUG:colcon.colcon_core.event_handler.log_command:Invoking command in '/home/carpe-bleue/ros2_ws/build/ydlidar_ros2_driver': CMAKE_PREFIX_PATH=${CMAKE_PREFIX_PATH}:/home/carpe-bleue/ros2_ws/install/lidar_vl53l1x_processing:/opt/ros/humble /usr/bin/cmake --build /home/carpe-bleue/ros2_ws/build/ydlidar_ros2_driver -- -j4 -l4
[1.841s] DEBUG:colcon.colcon_core.event_handler.log_command:Invoked command in '/home/carpe-bleue/ros2_ws/build/serial_package' returned '0': CMAKE_PREFIX_PATH=${CMAKE_PREFIX_PATH}:/home/carpe-bleue/ros2_ws/install/lidar_vl53l1x_processing:/opt/ros/humble /usr/bin/cmake --build /home/carpe-bleue/ros2_ws/build/serial_package -- -j4 -l4
[1.881s] DEBUG:colcon.colcon_core.event_handler.log_command:Invoking command in '/home/carpe-bleue/ros2_ws/build/serial_package': CMAKE_PREFIX_PATH=${CMAKE_PREFIX_PATH}:/home/carpe-bleue/ros2_ws/install/lidar_vl53l1x_processing:/opt/ros/humble /usr/bin/cmake --install /home/carpe-bleue/ros2_ws/build/serial_package
[1.980s] Level 1:colcon.colcon_core.environment:create_environment_scripts_only(serial_package)
[1.982s] DEBUG:colcon.colcon_core.event_handler.log_command:Invoked command in '/home/carpe-bleue/ros2_ws/build/serial_package' returned '0': CMAKE_PREFIX_PATH=${CMAKE_PREFIX_PATH}:/home/carpe-bleue/ros2_ws/install/lidar_vl53l1x_processing:/opt/ros/humble /usr/bin/cmake --install /home/carpe-bleue/ros2_ws/build/serial_package
[1.994s] Level 1:colcon.colcon_core.environment:checking '/home/carpe-bleue/ros2_ws/install/serial_package' for CMake module files
[1.998s] Level 1:colcon.colcon_core.environment:checking '/home/carpe-bleue/ros2_ws/install/serial_package' for CMake config files
[2.000s] Level 1:colcon.colcon_core.shell:create_environment_hook('serial_package', 'cmake_prefix_path')
[2.001s] INFO:colcon.colcon_core.shell:Creating environment hook '/home/carpe-bleue/ros2_ws/install/serial_package/share/serial_package/hook/cmake_prefix_path.ps1'
[2.004s] INFO:colcon.colcon_core.shell:Creating environment descriptor '/home/carpe-bleue/ros2_ws/install/serial_package/share/serial_package/hook/cmake_prefix_path.dsv'
[2.007s] INFO:colcon.colcon_core.shell:Creating environment hook '/home/carpe-bleue/ros2_ws/install/serial_package/share/serial_package/hook/cmake_prefix_path.sh'
[2.010s] Level 1:colcon.colcon_core.environment:checking '/home/carpe-bleue/ros2_ws/install/serial_package/lib'
[2.011s] Level 1:colcon.colcon_core.environment:checking '/home/carpe-bleue/ros2_ws/install/serial_package/bin'
[2.012s] Level 1:colcon.colcon_core.environment:checking '/home/carpe-bleue/ros2_ws/install/serial_package/lib/pkgconfig/serial_package.pc'
[2.013s] Level 1:colcon.colcon_core.environment:checking '/home/carpe-bleue/ros2_ws/install/serial_package/lib/python3.10/site-packages'
[2.014s] Level 1:colcon.colcon_core.environment:checking '/home/carpe-bleue/ros2_ws/install/serial_package/bin'
[2.015s] INFO:colcon.colcon_core.shell:Creating package script '/home/carpe-bleue/ros2_ws/install/serial_package/share/serial_package/package.ps1'
[2.018s] INFO:colcon.colcon_core.shell:Creating package descriptor '/home/carpe-bleue/ros2_ws/install/serial_package/share/serial_package/package.dsv'
[2.021s] INFO:colcon.colcon_core.shell:Creating package script '/home/carpe-bleue/ros2_ws/install/serial_package/share/serial_package/package.sh'
[2.024s] INFO:colcon.colcon_core.shell:Creating package script '/home/carpe-bleue/ros2_ws/install/serial_package/share/serial_package/package.bash'
[2.028s] INFO:colcon.colcon_core.shell:Creating package script '/home/carpe-bleue/ros2_ws/install/serial_package/share/serial_package/package.zsh'
[2.031s] Level 1:colcon.colcon_core.environment:create_file_with_runtime_dependencies(/home/carpe-bleue/ros2_ws/install/serial_package/share/colcon-core/packages/serial_package)
[2.033s] Level 1:colcon.colcon_core.environment:create_environment_scripts_only(serial_package)
[2.034s] Level 1:colcon.colcon_core.environment:checking '/home/carpe-bleue/ros2_ws/install/serial_package' for CMake module files
[2.037s] Level 1:colcon.colcon_core.environment:checking '/home/carpe-bleue/ros2_ws/install/serial_package' for CMake config files
[2.039s] Level 1:colcon.colcon_core.shell:create_environment_hook('serial_package', 'cmake_prefix_path')
[2.040s] INFO:colcon.colcon_core.shell:Creating environment hook '/home/carpe-bleue/ros2_ws/install/serial_package/share/serial_package/hook/cmake_prefix_path.ps1'
[2.042s] INFO:colcon.colcon_core.shell:Creating environment descriptor '/home/carpe-bleue/ros2_ws/install/serial_package/share/serial_package/hook/cmake_prefix_path.dsv'
[2.044s] INFO:colcon.colcon_core.shell:Creating environment hook '/home/carpe-bleue/ros2_ws/install/serial_package/share/serial_package/hook/cmake_prefix_path.sh'
[2.047s] Level 1:colcon.colcon_core.environment:checking '/home/carpe-bleue/ros2_ws/install/serial_package/lib'
[2.047s] Level 1:colcon.colcon_core.environment:checking '/home/carpe-bleue/ros2_ws/install/serial_package/bin'
[2.047s] Level 1:colcon.colcon_core.environment:checking '/home/carpe-bleue/ros2_ws/install/serial_package/lib/pkgconfig/serial_package.pc'
[2.048s] Level 1:colcon.colcon_core.environment:checking '/home/carpe-bleue/ros2_ws/install/serial_package/lib/python3.10/site-packages'
[2.049s] Level 1:colcon.colcon_core.environment:checking '/home/carpe-bleue/ros2_ws/install/serial_package/bin'
[2.050s] INFO:colcon.colcon_core.shell:Creating package script '/home/carpe-bleue/ros2_ws/install/serial_package/share/serial_package/package.ps1'
[2.053s] INFO:colcon.colcon_core.shell:Creating package descriptor '/home/carpe-bleue/ros2_ws/install/serial_package/share/serial_package/package.dsv'
[2.055s] INFO:colcon.colcon_core.shell:Creating package script '/home/carpe-bleue/ros2_ws/install/serial_package/share/serial_package/package.sh'
[2.057s] INFO:colcon.colcon_core.shell:Creating package script '/home/carpe-bleue/ros2_ws/install/serial_package/share/serial_package/package.bash'
[2.060s] INFO:colcon.colcon_core.shell:Creating package script '/home/carpe-bleue/ros2_ws/install/serial_package/share/serial_package/package.zsh'
[2.062s] Level 1:colcon.colcon_core.environment:create_file_with_runtime_dependencies(/home/carpe-bleue/ros2_ws/install/serial_package/share/colcon-core/packages/serial_package)
[2.067s] DEBUG:colcon.colcon_core.event_handler.log_command:Invoked command in '/home/carpe-bleue/ros2_ws/build/ydlidar_ros2_driver' returned '0': CMAKE_PREFIX_PATH=${CMAKE_PREFIX_PATH}:/home/carpe-bleue/ros2_ws/install/lidar_vl53l1x_processing:/opt/ros/humble /usr/bin/cmake --build /home/carpe-bleue/ros2_ws/build/ydlidar_ros2_driver -- -j4 -l4
[2.076s] DEBUG:colcon.colcon_core.event_handler.log_command:Invoking command in '/home/carpe-bleue/ros2_ws/build/ydlidar_ros2_driver': CMAKE_PREFIX_PATH=${CMAKE_PREFIX_PATH}:/home/carpe-bleue/ros2_ws/install/lidar_vl53l1x_processing:/opt/ros/humble /usr/bin/cmake --install /home/carpe-bleue/ros2_ws/build/ydlidar_ros2_driver
[2.123s] Level 1:colcon.colcon_core.environment:create_environment_scripts_only(ydlidar_ros2_driver)
[2.124s] Level 1:colcon.colcon_core.environment:checking '/home/carpe-bleue/ros2_ws/install/ydlidar_ros2_driver' for CMake module files
[2.126s] DEBUG:colcon.colcon_core.event_handler.log_command:Invoked command in '/home/carpe-bleue/ros2_ws/build/ydlidar_ros2_driver' returned '0': CMAKE_PREFIX_PATH=${CMAKE_PREFIX_PATH}:/home/carpe-bleue/ros2_ws/install/lidar_vl53l1x_processing:/opt/ros/humble /usr/bin/cmake --install /home/carpe-bleue/ros2_ws/build/ydlidar_ros2_driver
[2.128s] Level 1:colcon.colcon_core.environment:checking '/home/carpe-bleue/ros2_ws/install/ydlidar_ros2_driver' for CMake config files
[2.130s] Level 1:colcon.colcon_core.shell:create_environment_hook('ydlidar_ros2_driver', 'cmake_prefix_path')
[2.130s] INFO:colcon.colcon_core.shell:Creating environment hook '/home/carpe-bleue/ros2_ws/install/ydlidar_ros2_driver/share/ydlidar_ros2_driver/hook/cmake_prefix_path.ps1'
[2.132s] INFO:colcon.colcon_core.shell:Creating environment descriptor '/home/carpe-bleue/ros2_ws/install/ydlidar_ros2_driver/share/ydlidar_ros2_driver/hook/cmake_prefix_path.dsv'
[2.134s] INFO:colcon.colcon_core.shell:Creating environment hook '/home/carpe-bleue/ros2_ws/install/ydlidar_ros2_driver/share/ydlidar_ros2_driver/hook/cmake_prefix_path.sh'
[2.137s] Level 1:colcon.colcon_core.environment:checking '/home/carpe-bleue/ros2_ws/install/ydlidar_ros2_driver/lib'
[2.138s] Level 1:colcon.colcon_core.environment:checking '/home/carpe-bleue/ros2_ws/install/ydlidar_ros2_driver/bin'
[2.138s] Level 1:colcon.colcon_core.environment:checking '/home/carpe-bleue/ros2_ws/install/ydlidar_ros2_driver/lib/pkgconfig/ydlidar_ros2_driver.pc'
[2.139s] Level 1:colcon.colcon_core.environment:checking '/home/carpe-bleue/ros2_ws/install/ydlidar_ros2_driver/lib/python3.10/site-packages'
[2.140s] Level 1:colcon.colcon_core.environment:checking '/home/carpe-bleue/ros2_ws/install/ydlidar_ros2_driver/bin'
[2.141s] INFO:colcon.colcon_core.shell:Creating package script '/home/carpe-bleue/ros2_ws/install/ydlidar_ros2_driver/share/ydlidar_ros2_driver/package.ps1'
[2.144s] INFO:colcon.colcon_core.shell:Creating package descriptor '/home/carpe-bleue/ros2_ws/install/ydlidar_ros2_driver/share/ydlidar_ros2_driver/package.dsv'
[2.146s] INFO:colcon.colcon_core.shell:Creating package script '/home/carpe-bleue/ros2_ws/install/ydlidar_ros2_driver/share/ydlidar_ros2_driver/package.sh'
[2.148s] INFO:colcon.colcon_core.shell:Creating package script '/home/carpe-bleue/ros2_ws/install/ydlidar_ros2_driver/share/ydlidar_ros2_driver/package.bash'
[2.150s] INFO:colcon.colcon_core.shell:Creating package script '/home/carpe-bleue/ros2_ws/install/ydlidar_ros2_driver/share/ydlidar_ros2_driver/package.zsh'
[2.152s] Level 1:colcon.colcon_core.environment:create_file_with_runtime_dependencies(/home/carpe-bleue/ros2_ws/install/ydlidar_ros2_driver/share/colcon-core/packages/ydlidar_ros2_driver)
[2.155s] Level 1:colcon.colcon_core.environment:create_environment_scripts_only(ydlidar_ros2_driver)
[2.156s] Level 1:colcon.colcon_core.environment:checking '/home/carpe-bleue/ros2_ws/install/ydlidar_ros2_driver' for CMake module files
[2.159s] Level 1:colcon.colcon_core.environment:checking '/home/carpe-bleue/ros2_ws/install/ydlidar_ros2_driver' for CMake config files
[2.160s] Level 1:colcon.colcon_core.shell:create_environment_hook('ydlidar_ros2_driver', 'cmake_prefix_path')
[2.161s] INFO:colcon.colcon_core.shell:Creating environment hook '/home/carpe-bleue/ros2_ws/install/ydlidar_ros2_driver/share/ydlidar_ros2_driver/hook/cmake_prefix_path.ps1'
[2.163s] INFO:colcon.colcon_core.shell:Creating environment descriptor '/home/carpe-bleue/ros2_ws/install/ydlidar_ros2_driver/share/ydlidar_ros2_driver/hook/cmake_prefix_path.dsv'
[2.165s] INFO:colcon.colcon_core.shell:Creating environment hook '/home/carpe-bleue/ros2_ws/install/ydlidar_ros2_driver/share/ydlidar_ros2_driver/hook/cmake_prefix_path.sh'
[2.167s] Level 1:colcon.colcon_core.environment:checking '/home/carpe-bleue/ros2_ws/install/ydlidar_ros2_driver/lib'
[2.168s] Level 1:colcon.colcon_core.environment:checking '/home/carpe-bleue/ros2_ws/install/ydlidar_ros2_driver/bin'
[2.168s] Level 1:colcon.colcon_core.environment:checking '/home/carpe-bleue/ros2_ws/install/ydlidar_ros2_driver/lib/pkgconfig/ydlidar_ros2_driver.pc'
[2.169s] Level 1:colcon.colcon_core.environment:checking '/home/carpe-bleue/ros2_ws/install/ydlidar_ros2_driver/lib/python3.10/site-packages'
[2.170s] Level 1:colcon.colcon_core.environment:checking '/home/carpe-bleue/ros2_ws/install/ydlidar_ros2_driver/bin'
[2.171s] INFO:colcon.colcon_core.shell:Creating package script '/home/carpe-bleue/ros2_ws/install/ydlidar_ros2_driver/share/ydlidar_ros2_driver/package.ps1'
[2.173s] INFO:colcon.colcon_core.shell:Creating package descriptor '/home/carpe-bleue/ros2_ws/install/ydlidar_ros2_driver/share/ydlidar_ros2_driver/package.dsv'
[2.175s] INFO:colcon.colcon_core.shell:Creating package script '/home/carpe-bleue/ros2_ws/install/ydlidar_ros2_driver/share/ydlidar_ros2_driver/package.sh'
[2.178s] INFO:colcon.colcon_core.shell:Creating package script '/home/carpe-bleue/ros2_ws/install/ydlidar_ros2_driver/share/ydlidar_ros2_driver/package.bash'
[2.180s] INFO:colcon.colcon_core.shell:Creating package script '/home/carpe-bleue/ros2_ws/install/ydlidar_ros2_driver/share/ydlidar_ros2_driver/package.zsh'
[2.182s] Level 1:colcon.colcon_core.environment:create_file_with_runtime_dependencies(/home/carpe-bleue/ros2_ws/install/ydlidar_ros2_driver/share/colcon-core/packages/ydlidar_ros2_driver)
[2.183s] DEBUG:colcon.colcon_parallel_executor.executor.parallel:closing loop
[2.184s] DEBUG:colcon.colcon_parallel_executor.executor.parallel:loop closed
[2.184s] DEBUG:colcon.colcon_parallel_executor.executor.parallel:run_until_complete finished with '0'
[2.185s] DEBUG:colcon.colcon_core.event_reactor:joining thread
[2.207s] INFO:colcon.colcon_core.plugin_system:Skipping extension 'colcon_notification.desktop_notification.terminal_notifier': Not used on non-Darwin systems
[2.207s] INFO:colcon.colcon_core.plugin_system:Skipping extension 'colcon_notification.desktop_notification.win32': Not used on non-Windows systems
[2.207s] INFO:colcon.colcon_notification.desktop_notification:Sending desktop notification using 'notify2'
[27.216s] DEBUG:colcon.colcon_notification.desktop_notification.notify2:Failed to initialize notify2: org.freedesktop.DBus.Error.NoReply: Did not receive a reply. Possible causes include: the remote application did not send a reply, the message bus security policy blocked the reply, the reply timeout expired, or the network connection was broken.
[27.217s] DEBUG:colcon.colcon_core.event_reactor:joined thread
[27.219s] INFO:colcon.colcon_core.shell:Creating prefix script '/home/carpe-bleue/ros2_ws/install/local_setup.ps1'
[27.227s] INFO:colcon.colcon_core.shell:Creating prefix util module '/home/carpe-bleue/ros2_ws/install/_local_setup_util_ps1.py'
[27.234s] INFO:colcon.colcon_core.shell:Creating prefix chain script '/home/carpe-bleue/ros2_ws/install/setup.ps1'
[27.240s] INFO:colcon.colcon_core.shell:Creating prefix script '/home/carpe-bleue/ros2_ws/install/local_setup.sh'
[27.243s] INFO:colcon.colcon_core.shell:Creating prefix util module '/home/carpe-bleue/ros2_ws/install/_local_setup_util_sh.py'
[27.245s] INFO:colcon.colcon_core.shell:Creating prefix chain script '/home/carpe-bleue/ros2_ws/install/setup.sh'
[27.252s] INFO:colcon.colcon_core.shell:Creating prefix script '/home/carpe-bleue/ros2_ws/install/local_setup.bash'
[27.254s] INFO:colcon.colcon_core.shell:Creating prefix chain script '/home/carpe-bleue/ros2_ws/install/setup.bash'
[27.260s] INFO:colcon.colcon_core.shell:Creating prefix script '/home/carpe-bleue/ros2_ws/install/local_setup.zsh'
[27.262s] INFO:colcon.colcon_core.shell:Creating prefix chain script '/home/carpe-bleue/ros2_ws/install/setup.zsh'
