[0.118s] Invoking command in '/home/carpe-bleue/ros2_ws/build/serial_package': CMAKE_PREFIX_PATH=${CMAKE_PREFIX_PATH}:/home/carpe-bleue/ros2_ws/install/lidar_vl53l1x_processing:/opt/ros/humble /usr/bin/cmake --build /home/carpe-bleue/ros2_ws/build/serial_package -- -j4 -l4
[0.473s] [ 50%] Built target UART_Node
[0.503s] [100%] Built target OdometryNode
[0.566s] Invoked command in '/home/carpe-bleue/ros2_ws/build/serial_package' returned '0': CMAKE_PREFIX_PATH=${CMAKE_PREFIX_PATH}:/home/carpe-bleue/ros2_ws/install/lidar_vl53l1x_processing:/opt/ros/humble /usr/bin/cmake --build /home/carpe-bleue/ros2_ws/build/serial_package -- -j4 -l4
[0.656s] Invoking command in '/home/carpe-bleue/ros2_ws/build/serial_package': CMAKE_PREFIX_PATH=${CMAKE_PREFIX_PATH}:/home/carpe-bleue/ros2_ws/install/lidar_vl53l1x_processing:/opt/ros/humble /usr/bin/cmake --install /home/carpe-bleue/ros2_ws/build/serial_package
[0.717s] -- Install configuration: ""
[0.720s] -- Execute custom install script
[0.721s] -- Up-to-date symlink: /home/carpe-bleue/ros2_ws/install/serial_package/lib/serial_package/UART_Node
[0.722s] -- Up-to-date symlink: /home/carpe-bleue/ros2_ws/install/serial_package/lib/serial_package/OdometryNode
[0.723s] -- Up-to-date symlink: /home/carpe-bleue/ros2_ws/install/serial_package/lib/serial_package/screen_reader.py
[0.723s] -- Up-to-date symlink: /home/carpe-bleue/ros2_ws/install/serial_package/lib/serial_package/bag_player_node.py
[0.724s] -- Up-to-date symlink: /home/carpe-bleue/ros2_ws/install/serial_package/lib/serial_package/bag_listener.py
[0.725s] -- Up-to-date symlink: /home/carpe-bleue/ros2_ws/install/serial_package/lib/serial_package/serial_node.py
[0.725s] -- Up-to-date symlink: /home/carpe-bleue/ros2_ws/install/serial_package/lib/serial_package/serial_node_2.py
[0.726s] -- Up-to-date symlink: /home/carpe-bleue/ros2_ws/install/serial_package/lib/serial_package/serial_node_3.py
[0.739s] -- Up-to-date symlink: /home/carpe-bleue/ros2_ws/install/serial_package/lib/serial_package/serial_node_4.py
[0.741s] -- Up-to-date symlink: /home/carpe-bleue/ros2_ws/install/serial_package/lib/serial_package/serial_node_5.py
[0.744s] -- Up-to-date symlink: /home/carpe-bleue/ros2_ws/install/serial_package/lib/serial_package/serial_node_6.py
[0.747s] -- Up-to-date symlink: /home/carpe-bleue/ros2_ws/install/serial_package/lib/serial_package/test_uart.py
[0.750s] -- Up-to-date symlink: /home/carpe-bleue/ros2_ws/install/serial_package/lib/serial_package/test_uart_lidar.py
[0.758s] -- Up-to-date symlink: /home/carpe-bleue/ros2_ws/install/serial_package/lib/serial_package/test_uart_lidar2.py
[0.760s] -- Up-to-date symlink: /home/carpe-bleue/ros2_ws/install/serial_package/lib/serial_package/robot_control_node.py
[0.763s] -- Up-to-date symlink: /home/carpe-bleue/ros2_ws/install/serial_package/lib/serial_package/robot_control_node_2.py
[0.766s] -- Up-to-date symlink: /home/carpe-bleue/ros2_ws/install/serial_package/lib/serial_package/robot_control_node_3.py
[0.769s] -- Up-to-date symlink: /home/carpe-bleue/ros2_ws/install/serial_package/lib/serial_package/robot_control_node_4.py
[0.807s] -- Up-to-date symlink: /home/carpe-bleue/ros2_ws/install/serial_package/lib/serial_package/robot_control_node_5.py
[0.808s] -- Up-to-date symlink: /home/carpe-bleue/ros2_ws/install/serial_package/lib/serial_package/robot_control_node_6.py
[0.808s] -- Up-to-date symlink: /home/carpe-bleue/ros2_ws/install/serial_package/lib/serial_package/robot_control_node_7.py
[0.809s] -- Up-to-date symlink: /home/carpe-bleue/ros2_ws/install/serial_package/lib/serial_package/keyboard_control.py
[0.810s] -- Up-to-date symlink: /home/carpe-bleue/ros2_ws/install/serial_package/lib/serial_package/bagfile_stm32.py
[0.867s] -- Up-to-date symlink: /home/carpe-bleue/ros2_ws/install/serial_package/lib/serial_package/launch_serial_lidar.py
[0.868s] -- Up-to-date symlink: /home/carpe-bleue/ros2_ws/install/serial_package/lib/serial_package/launch_robot.py
[0.868s] -- Up-to-date symlink: /home/carpe-bleue/ros2_ws/install/serial_package/lib/serial_package/keyboard_test.py
[0.869s] -- Up-to-date symlink: /home/carpe-bleue/ros2_ws/install/serial_package/lib/serial_package/keyboard_test_2.py
[0.886s] -- Up-to-date symlink: /home/carpe-bleue/ros2_ws/install/serial_package/lib/serial_package/keyboard_lidar_free.py
[0.897s] -- Up-to-date symlink: /home/carpe-bleue/ros2_ws/install/serial_package/lib/serial_package/bag_listener_2.py
[0.897s] -- Up-to-date symlink: /home/carpe-bleue/ros2_ws/install/serial_package/lib/serial_package/control_keyboard.py
[0.898s] -- Up-to-date symlink: /home/carpe-bleue/ros2_ws/install/serial_package/lib/serial_package/bag_playback.py
[0.903s] -- Up-to-date symlink: /home/carpe-bleue/ros2_ws/install/serial_package/share/serial_package/launch/OdometryNode.launch.py
[0.904s] -- Up-to-date symlink: /home/carpe-bleue/ros2_ws/install/serial_package/share/serial_package/launch/UART_Node.launch.py
[0.905s] -- Up-to-date symlink: /home/carpe-bleue/ros2_ws/install/serial_package/share/serial_package/launch/bag_launch.launch.py
[0.906s] -- Up-to-date symlink: /home/carpe-bleue/ros2_ws/install/serial_package/share/serial_package/launch/combined_launch.py
[0.906s] -- Up-to-date symlink: /home/carpe-bleue/ros2_ws/install/serial_package/share/serial_package/launch/launch_robot.py
[0.908s] -- Up-to-date symlink: /home/carpe-bleue/ros2_ws/install/serial_package/share/serial_package/launch/launch_serial_lidar.py
[0.909s] -- Up-to-date symlink: /home/carpe-bleue/ros2_ws/install/serial_package/share/serial_package/bags/0/0_0.db3
[0.909s] -- Up-to-date symlink: /home/carpe-bleue/ros2_ws/install/serial_package/share/serial_package/bags/0/metadata.yaml
[0.910s] -- Up-to-date symlink: /home/carpe-bleue/ros2_ws/install/serial_package/share/serial_package/bags/1/1_0.db3
[0.910s] -- Up-to-date symlink: /home/carpe-bleue/ros2_ws/install/serial_package/share/serial_package/bags/1/metadata.yaml
[0.910s] -- Up-to-date symlink: /home/carpe-bleue/ros2_ws/install/serial_package/share/serial_package/bags/3/3_0.db3
[0.911s] -- Up-to-date symlink: /home/carpe-bleue/ros2_ws/install/serial_package/share/serial_package/bags/3/metadata.yaml
[0.912s] -- Up-to-date symlink: /home/carpe-bleue/ros2_ws/install/serial_package/share/serial_package/bags/4/4_0.db3
[0.913s] -- Up-to-date symlink: /home/carpe-bleue/ros2_ws/install/serial_package/share/serial_package/bags/4/metadata.yaml
[0.913s] -- Up-to-date symlink: /home/carpe-bleue/ros2_ws/install/serial_package/share/serial_package/bags/5/5_0.db3
[0.914s] -- Up-to-date symlink: /home/carpe-bleue/ros2_ws/install/serial_package/share/serial_package/bags/5/metadata.yaml
[0.914s] -- Up-to-date symlink: /home/carpe-bleue/ros2_ws/install/serial_package/share/ament_index/resource_index/package_run_dependencies/serial_package
[0.914s] -- Up-to-date symlink: /home/carpe-bleue/ros2_ws/install/serial_package/share/ament_index/resource_index/parent_prefix_path/serial_package
[0.927s] -- Up-to-date symlink: /home/carpe-bleue/ros2_ws/install/serial_package/share/serial_package/environment/ament_prefix_path.sh
[0.943s] -- Up-to-date symlink: /home/carpe-bleue/ros2_ws/install/serial_package/share/serial_package/environment/ament_prefix_path.dsv
[0.944s] -- Up-to-date symlink: /home/carpe-bleue/ros2_ws/install/serial_package/share/serial_package/environment/path.sh
[0.944s] -- Up-to-date symlink: /home/carpe-bleue/ros2_ws/install/serial_package/share/serial_package/environment/path.dsv
[0.945s] -- Up-to-date symlink: /home/carpe-bleue/ros2_ws/install/serial_package/share/serial_package/local_setup.bash
[0.946s] -- Up-to-date symlink: /home/carpe-bleue/ros2_ws/install/serial_package/share/serial_package/local_setup.sh
[0.946s] -- Up-to-date symlink: /home/carpe-bleue/ros2_ws/install/serial_package/share/serial_package/local_setup.zsh
[0.947s] -- Up-to-date symlink: /home/carpe-bleue/ros2_ws/install/serial_package/share/serial_package/local_setup.dsv
[0.948s] -- Symlinking: /home/carpe-bleue/ros2_ws/install/serial_package/share/serial_package/package.dsv
[0.994s] -- Up-to-date symlink: /home/carpe-bleue/ros2_ws/install/serial_package/share/ament_index/resource_index/packages/serial_package
[0.997s] -- Up-to-date symlink: /home/carpe-bleue/ros2_ws/install/serial_package/share/serial_package/cmake/serial_packageConfig.cmake
[0.999s] -- Up-to-date symlink: /home/carpe-bleue/ros2_ws/install/serial_package/share/serial_package/cmake/serial_packageConfig-version.cmake
[1.001s] -- Up-to-date symlink: /home/carpe-bleue/ros2_ws/install/serial_package/share/serial_package/package.xml
[1.002s] -- Up-to-date: /home/carpe-bleue/ros2_ws/install/serial_package/lib/serial_package/tirette
[1.004s] -- Up-to-date: /home/carpe-bleue/ros2_ws/install/serial_package/lib/serial_package/bag_player_node
[1.006s] -- Up-to-date: /home/carpe-bleue/ros2_ws/install/serial_package/lib/serial_package/bag_listener
[1.118s] Invoked command in '/home/carpe-bleue/ros2_ws/build/serial_package' returned '0': CMAKE_PREFIX_PATH=${CMAKE_PREFIX_PATH}:/home/carpe-bleue/ros2_ws/install/lidar_vl53l1x_processing:/opt/ros/humble /usr/bin/cmake --install /home/carpe-bleue/ros2_ws/build/serial_package
